<?xml version="1.0" encoding="utf-8"?>
<TestRun id="86d0d684-e5d2-40c8-a944-79e4ce96ee11" name="sietg@CODESEAL 2026-09-09 19:20:18" runUser="CODESEAL\sietg" xmlns="http://microsoft.com/schemas/VisualStudio/TeamTest/2010">
  <Times creation="2026-09-09T19:20:18.6337641+08:00" queuing="2026-09-09T19:20:18.6337645+08:00" start="2026-09-09T19:20:13.6885009+08:00" finish="2026-09-09T19:20:19.5653135+08:00" />
  <TestSettings name="default" id="08f65bd4-9ef7-42e2-93f2-47025b71220f">
    <Deployment runDeploymentRoot="sietg_CODESEAL_2026-09-09_19_20_18" />
  </TestSettings>
  <Results>
    <UnitTestResult executionId="f170cf21-5272-4722-8579-bc6e79fec7da" testId="f31970e4-7682-77e8-5414-dab169862750" testName="SpatialCycle_RejectsEntireUpdateBeforeAnyPositionWrite" computerName="CODESEAL" duration="00:00:00.0071540" startTime="2026-09-09T19:20:19.4624981+08:00" endTime="2026-09-09T19:20:19.4696510+08:00" testType="13cdc9d9-ddb5-4fa4-a97d-d965ccfc6d4b" outcome="Passed" testListId="8c84fa94-04c1-424b-9868-57a2d4851a1d" relativeResultsDirectory="f170cf21-5272-4722-8579-bc6e79fec7da" />
    <UnitTestResult executionId="c642dd06-cc1a-4a96-adf5-53d564ba08ac" testId="eb1fef2b-24e4-164b-2168-ed606e69e0b6" testName="MovingAssemblies_ReportScalingAndAllocations(5000,1)" computerName="CODESEAL" duration="00:00:00.0546030" startTime="2026-09-09T19:20:17.5194389+08:00" endTime="2026-09-09T19:20:17.5740396+08:00" testType="13cdc9d9-ddb5-4fa4-a97d-d965ccfc6d4b" outcome="Passed" testListId="8c84fa94-04c1-424b-9868-57a2d4851a1d" relativeResultsDirectory="c642dd06-cc1a-4a96-adf5-53d564ba08ac" />
    <UnitTestResult executionId="e39a600c-05de-4126-9140-8dd9b49a7567" testId="cfbc86d6-2a5d-0280-4ff5-21e4145cc2fd" testName="MovingAssemblies_ReportScalingAndAllocations(1000,32)" computerName="CODESEAL" duration="00:00:00.0309240" startTime="2026-09-09T19:20:17.3992059+08:00" endTime="2026-09-09T19:20:17.4301277+08:00" testType="13cdc9d9-ddb5-4fa4-a97d-d965ccfc6d4b" outcome="Passed" testListId="8c84fa94-04c1-424b-9868-57a2d4851a1d" relativeResultsDirectory="e39a600c-05de-4126-9140-8dd9b49a7567" />
    <UnitTestResult executionId="0797cf1f-c042-4b32-b670-c70a35f2a291" testId="e68ef58a-4f34-a032-5590-81b586ce5d77" testName="MovingAssemblies_ReportScalingAndAllocations(1000,128)" computerName="CODESEAL" duration="00:00:00.0892400" startTime="2026-09-09T19:20:17.4301733+08:00" endTime="2026-09-09T19:20:17.5194096+08:00" testType="13cdc9d9-ddb5-4fa4-a97d-d965ccfc6d4b" outcome="Passed" testListId="8c84fa94-04c1-424b-9868-57a2d4851a1d" relativeResultsDirectory="0797cf1f-c042-4b32-b670-c70a35f2a291" />
    <UnitTestResult executionId="1e8436ac-b325-43db-923e-6d97946aa992" testId="cfc1d2d0-6447-b0f2-b878-f9f2a5804b34" testName="ReparentedChain_ReordersEvenWhenEntityIterationOrderIsUnchanged" computerName="CODESEAL" duration="00:00:00.0125310" startTime="2026-09-09T19:20:19.4499359+08:00" endTime="2026-09-09T19:20:19.4624661+08:00" testType="13cdc9d9-ddb5-4fa4-a97d-d965ccfc6d4b" outcome="Passed" testListId="8c84fa94-04c1-424b-9868-57a2d4851a1d" relativeResultsDirectory="1e8436ac-b325-43db-923e-6d97946aa992" />
    <UnitTestResult executionId="2beb3afb-cd2f-4358-8cdf-691679bab95d" testId="49062796-9a0b-c738-243a-f0f8f89e9c29" testName="MovingAssemblies_ReportScalingAndAllocations(10000,32)" computerName="CODESEAL" duration="00:00:00.3131310" startTime="2026-09-09T19:20:18.2610752+08:00" endTime="2026-09-09T19:20:18.5741924+08:00" testType="13cdc9d9-ddb5-4fa4-a97d-d965ccfc6d4b" outcome="Passed" testListId="8c84fa94-04c1-424b-9868-57a2d4851a1d" relativeResultsDirectory="2beb3afb-cd2f-4358-8cdf-691679bab95d" />
    <UnitTestResult executionId="432734eb-d031-41e0-9f03-8cf4c9998173" testId="126cb0b1-84ba-8377-63b0-2d5b37c44904" testName="MovingAssemblies_ReportScalingAndAllocations(1000,1)" computerName="CODESEAL" duration="00:00:00.0338220" startTime="2026-09-09T19:20:17.3653531+08:00" endTime="2026-09-09T19:20:17.3991731+08:00" testType="13cdc9d9-ddb5-4fa4-a97d-d965ccfc6d4b" outcome="Passed" testListId="8c84fa94-04c1-424b-9868-57a2d4851a1d" relativeResultsDirectory="432734eb-d031-41e0-9f03-8cf4c9998173" />
    <UnitTestResult executionId="026c789a-bd55-4b60-b3c2-8493894a1cae" testId="6558a83d-f3d6-7095-a9aa-3174acebd916" testName="MovingAssemblies_ReportScalingAndAllocations(10000,128)" computerName="CODESEAL" duration="00:00:00.8705590" startTime="2026-09-09T19:20:18.5742280+08:00" endTime="2026-09-09T19:20:19.4447492+08:00" testType="13cdc9d9-ddb5-4fa4-a97d-d965ccfc6d4b" outcome="Passed" testListId="8c84fa94-04c1-424b-9868-57a2d4851a1d" relativeResultsDirectory="026c789a-bd55-4b60-b3c2-8493894a1cae" />
    <UnitTestResult executionId="444ac1c6-6b9e-4016-b71d-d8ad6d71c3e7" testId="1af890c6-34a0-2374-6fff-e6db542057dc" testName="MovingAssemblies_ReportScalingAndAllocations(5000,32)" computerName="CODESEAL" duration="00:00:00.1507699" startTime="2026-09-09T19:20:17.5740589+08:00" endTime="2026-09-09T19:20:17.7248220+08:00" testType="13cdc9d9-ddb5-4fa4-a97d-d965ccfc6d4b" outcome="Passed" testListId="8c84fa94-04c1-424b-9868-57a2d4851a1d" relativeResultsDirectory="444ac1c6-6b9e-4016-b71d-d8ad6d71c3e7" />
    <UnitTestResult executionId="ff6b9445-81cc-4335-8ec7-686ab4f2aded" testId="0933dc2c-43ed-4367-77a2-bdc064f6018d" testName="MovingAssemblies_ReportScalingAndAllocations(10000,1)" computerName="CODESEAL" duration="00:00:00.0817750" startTime="2026-09-09T19:20:18.1792732+08:00" endTime="2026-09-09T19:20:18.2610443+08:00" testType="13cdc9d9-ddb5-4fa4-a97d-d965ccfc6d4b" outcome="Passed" testListId="8c84fa94-04c1-424b-9868-57a2d4851a1d" relativeResultsDirectory="ff6b9445-81cc-4335-8ec7-686ab4f2aded" />
    <UnitTestResult executionId="9f35f1c2-bf78-45bf-a8e6-a8f36fc0da02" testId="1400c965-ba09-f3b4-5a67-fd63bd91b053" testName="LogicalAncestors_DoNotBecomeSpatialDependencies" computerName="CODESEAL" duration="00:00:00.3293080" startTime="2026-09-09T19:20:17.0320394+08:00" endTime="2026-09-09T19:20:17.3611566+08:00" testType="13cdc9d9-ddb5-4fa4-a97d-d965ccfc6d4b" outcome="Failed" testListId="8c84fa94-04c1-424b-9868-57a2d4851a1d" relativeResultsDirectory="9f35f1c2-bf78-45bf-a8e6-a8f36fc0da02">
      <Output>
        <ErrorInfo>
          <Message>  Assert.That(system.LastMaxDepth, Is.Zero)&#xD;
  Expected: 0&#xD;
  But was:  1&#xD;
</Message>
          <StackTrace>   at Ludots.Tests.GAS.AttachmentPositionScaleTests.LogicalAncestors_DoNotBecomeSpatialDependencies() in C:\001_AI\Ludots-entity-attachment-motion-contract\src\Tests\GasTests\Effect\AttachmentPositionScaleTests.cs:line 32&#xD;

1)    at Ludots.Tests.GAS.AttachmentPositionScaleTests.&lt;&gt;c__DisplayClass0_0.&lt;LogicalAncestors_DoNotBecomeSpatialDependencies&gt;b__0() in C:\001_AI\Ludots-entity-attachment-motion-contract\src\Tests\GasTests\Effect\AttachmentPositionScaleTests.cs:line 37&#xD;
   at NUnit.Framework.Assert.Multiple(TestDelegate testDelegate)&#xD;
   at Ludots.Tests.GAS.AttachmentPositionScaleTests.LogicalAncestors_DoNotBecomeSpatialDependencies() in C:\001_AI\Ludots-entity-attachment-motion-contract\src\Tests\GasTests\Effect\AttachmentPositionScaleTests.cs:line 32&#xD;

</StackTrace>
        </ErrorInfo>
      </Output>
    </UnitTestResult>
    <UnitTestResult executionId="3db12727-8cb0-45b7-b359-e22020dd1314" testId="80a8673f-af98-f35b-ddfe-68dfc6ce1cbd" testName="MovingAssemblies_ReportScalingAndAllocations(5000,128)" computerName="CODESEAL" duration="00:00:00.4544040" startTime="2026-09-09T19:20:17.7248551+08:00" endTime="2026-09-09T19:20:18.1792386+08:00" testType="13cdc9d9-ddb5-4fa4-a97d-d965ccfc6d4b" outcome="Passed" testListId="8c84fa94-04c1-424b-9868-57a2d4851a1d" relativeResultsDirectory="3db12727-8cb0-45b7-b359-e22020dd1314" />
  </Results>
  <TestDefinitions>
    <UnitTest name="MovingAssemblies_ReportScalingAndAllocations(10000,1)" storage="c:\001_ai\ludots-entity-attachment-motion-contract\src\tests\gastests\bin\release\net9.0\gastests.dll" id="0933dc2c-43ed-4367-77a2-bdc064f6018d">
      <Execution id="ff6b9445-81cc-4335-8ec7-686ab4f2aded" />
      <TestMethod codeBase="C:\001_AI\Ludots-entity-attachment-motion-contract\src\Tests\GasTests\bin\Release\net9.0\GasTests.dll" adapterTypeName="executor://nunit3testexecutor/" className="Ludots.Tests.GAS.AttachmentPositionScaleTests" name="MovingAssemblies_ReportScalingAndAllocations(10000,1)" />
    </UnitTest>
    <UnitTest name="MovingAssemblies_ReportScalingAndAllocations(1000,1)" storage="c:\001_ai\ludots-entity-attachment-motion-contract\src\tests\gastests\bin\release\net9.0\gastests.dll" id="126cb0b1-84ba-8377-63b0-2d5b37c44904">
      <Execution id="432734eb-d031-41e0-9f03-8cf4c9998173" />
      <TestMethod codeBase="C:\001_AI\Ludots-entity-attachment-motion-contract\src\Tests\GasTests\bin\Release\net9.0\GasTests.dll" adapterTypeName="executor://nunit3testexecutor/" className="Ludots.Tests.GAS.AttachmentPositionScaleTests" name="MovingAssemblies_ReportScalingAndAllocations(1000,1)" />
    </UnitTest>
    <UnitTest name="MovingAssemblies_ReportScalingAndAllocations(10000,128)" storage="c:\001_ai\ludots-entity-attachment-motion-contract\src\tests\gastests\bin\release\net9.0\gastests.dll" id="6558a83d-f3d6-7095-a9aa-3174acebd916">
      <Execution id="026c789a-bd55-4b60-b3c2-8493894a1cae" />
      <TestMethod codeBase="C:\001_AI\Ludots-entity-attachment-motion-contract\src\Tests\GasTests\bin\Release\net9.0\GasTests.dll" adapterTypeName="executor://nunit3testexecutor/" className="Ludots.Tests.GAS.AttachmentPositionScaleTests" name="MovingAssemblies_ReportScalingAndAllocations(10000,128)" />
    </UnitTest>
    <UnitTest name="LogicalAncestors_DoNotBecomeSpatialDependencies" storage="c:\001_ai\ludots-entity-attachment-motion-contract\src\tests\gastests\bin\release\net9.0\gastests.dll" id="1400c965-ba09-f3b4-5a67-fd63bd91b053">
      <Execution id="9f35f1c2-bf78-45bf-a8e6-a8f36fc0da02" />
      <TestMethod codeBase="C:\001_AI\Ludots-entity-attachment-motion-contract\src\Tests\GasTests\bin\Release\net9.0\GasTests.dll" adapterTypeName="executor://nunit3testexecutor/" className="Ludots.Tests.GAS.AttachmentPositionScaleTests" name="LogicalAncestors_DoNotBecomeSpatialDependencies" />
    </UnitTest>
    <UnitTest name="MovingAssemblies_ReportScalingAndAllocations(10000,32)" storage="c:\001_ai\ludots-entity-attachment-motion-contract\src\tests\gastests\bin\release\net9.0\gastests.dll" id="49062796-9a0b-c738-243a-f0f8f89e9c29">
      <Execution id="2beb3afb-cd2f-4358-8cdf-691679bab95d" />
      <TestMethod codeBase="C:\001_AI\Ludots-entity-attachment-motion-contract\src\Tests\GasTests\bin\Release\net9.0\GasTests.dll" adapterTypeName="executor://nunit3testexecutor/" className="Ludots.Tests.GAS.AttachmentPositionScaleTests" name="MovingAssemblies_ReportScalingAndAllocations(10000,32)" />
    </UnitTest>
    <UnitTest name="MovingAssemblies_ReportScalingAndAllocations(5000,1)" storage="c:\001_ai\ludots-entity-attachment-motion-contract\src\tests\gastests\bin\release\net9.0\gastests.dll" id="eb1fef2b-24e4-164b-2168-ed606e69e0b6">
      <Execution id="c642dd06-cc1a-4a96-adf5-53d564ba08ac" />
      <TestMethod codeBase="C:\001_AI\Ludots-entity-attachment-motion-contract\src\Tests\GasTests\bin\Release\net9.0\GasTests.dll" adapterTypeName="executor://nunit3testexecutor/" className="Ludots.Tests.GAS.AttachmentPositionScaleTests" name="MovingAssemblies_ReportScalingAndAllocations(5000,1)" />
    </UnitTest>
    <UnitTest name="MovingAssemblies_ReportScalingAndAllocations(1000,32)" storage="c:\001_ai\ludots-entity-attachment-motion-contract\src\tests\gastests\bin\release\net9.0\gastests.dll" id="cfbc86d6-2a5d-0280-4ff5-21e4145cc2fd">
      <Execution id="e39a600c-05de-4126-9140-8dd9b49a7567" />
      <TestMethod codeBase="C:\001_AI\Ludots-entity-attachment-motion-contract\src\Tests\GasTests\bin\Release\net9.0\GasTests.dll" adapterTypeName="executor://nunit3testexecutor/" className="Ludots.Tests.GAS.AttachmentPositionScaleTests" name="MovingAssemblies_ReportScalingAndAllocations(1000,32)" />
    </UnitTest>
    <UnitTest name="MovingAssemblies_ReportScalingAndAllocations(1000,128)" storage="c:\001_ai\ludots-entity-attachment-motion-contract\src\tests\gastests\bin\release\net9.0\gastests.dll" id="e68ef58a-4f34-a032-5590-81b586ce5d77">
      <Execution id="0797cf1f-c042-4b32-b670-c70a35f2a291" />
      <TestMethod codeBase="C:\001_AI\Ludots-entity-attachment-motion-contract\src\Tests\GasTests\bin\Release\net9.0\GasTests.dll" adapterTypeName="executor://nunit3testexecutor/" className="Ludots.Tests.GAS.AttachmentPositionScaleTests" name="MovingAssemblies_ReportScalingAndAllocations(1000,128)" />
    </UnitTest>
    <UnitTest name="MovingAssemblies_ReportScalingAndAllocations(5000,32)" storage="c:\001_ai\ludots-entity-attachment-motion-contract\src\tests\gastests\bin\release\net9.0\gastests.dll" id="1af890c6-34a0-2374-6fff-e6db542057dc">
      <Execution id="444ac1c6-6b9e-4016-b71d-d8ad6d71c3e7" />
      <TestMethod codeBase="C:\001_AI\Ludots-entity-attachment-motion-contract\src\Tests\GasTests\bin\Release\net9.0\GasTests.dll" adapterTypeName="executor://nunit3testexecutor/" className="Ludots.Tests.GAS.AttachmentPositionScaleTests" name="MovingAssemblies_ReportScalingAndAllocations(5000,32)" />
    </UnitTest>
    <UnitTest name="SpatialCycle_RejectsEntireUpdateBeforeAnyPositionWrite" storage="c:\001_ai\ludots-entity-attachment-motion-contract\src\tests\gastests\bin\release\net9.0\gastests.dll" id="f31970e4-7682-77e8-5414-dab169862750">
      <Execution id="f170cf21-5272-4722-8579-bc6e79fec7da" />
      <TestMethod codeBase="C:\001_AI\Ludots-entity-attachment-motion-contract\src\Tests\GasTests\bin\Release\net9.0\GasTests.dll" adapterTypeName="executor://nunit3testexecutor/" className="Ludots.Tests.GAS.AttachmentPositionScaleTests" name="SpatialCycle_RejectsEntireUpdateBeforeAnyPositionWrite" />
    </UnitTest>
    <UnitTest name="ReparentedChain_ReordersEvenWhenEntityIterationOrderIsUnchanged" storage="c:\001_ai\ludots-entity-attachment-motion-contract\src\tests\gastests\bin\release\net9.0\gastests.dll" id="cfc1d2d0-6447-b0f2-b878-f9f2a5804b34">
      <Execution id="1e8436ac-b325-43db-923e-6d97946aa992" />
      <TestMethod codeBase="C:\001_AI\Ludots-entity-attachment-motion-contract\src\Tests\GasTests\bin\Release\net9.0\GasTests.dll" adapterTypeName="executor://nunit3testexecutor/" className="Ludots.Tests.GAS.AttachmentPositionScaleTests" name="ReparentedChain_ReordersEvenWhenEntityIterationOrderIsUnchanged" />
    </UnitTest>
    <UnitTest name="MovingAssemblies_ReportScalingAndAllocations(5000,128)" storage="c:\001_ai\ludots-entity-attachment-motion-contract\src\tests\gastests\bin\release\net9.0\gastests.dll" id="80a8673f-af98-f35b-ddfe-68dfc6ce1cbd">
      <Execution id="3db12727-8cb0-45b7-b359-e22020dd1314" />
      <TestMethod codeBase="C:\001_AI\Ludots-entity-attachment-motion-contract\src\Tests\GasTests\bin\Release\net9.0\GasTests.dll" adapterTypeName="executor://nunit3testexecutor/" className="Ludots.Tests.GAS.AttachmentPositionScaleTests" name="MovingAssemblies_ReportScalingAndAllocations(5000,128)" />
    </UnitTest>
  </TestDefinitions>
  <TestEntries>
    <TestEntry testId="f31970e4-7682-77e8-5414-dab169862750" executionId="f170cf21-5272-4722-8579-bc6e79fec7da" testListId="8c84fa94-04c1-424b-9868-57a2d4851a1d" />
    <TestEntry testId="eb1fef2b-24e4-164b-2168-ed606e69e0b6" executionId="c642dd06-cc1a-4a96-adf5-53d564ba08ac" testListId="8c84fa94-04c1-424b-9868-57a2d4851a1d" />
    <TestEntry testId="cfbc86d6-2a5d-0280-4ff5-21e4145cc2fd" executionId="e39a600c-05de-4126-9140-8dd9b49a7567" testListId="8c84fa94-04c1-424b-9868-57a2d4851a1d" />
    <TestEntry testId="e68ef58a-4f34-a032-5590-81b586ce5d77" executionId="0797cf1f-c042-4b32-b670-c70a35f2a291" testListId="8c84fa94-04c1-424b-9868-57a2d4851a1d" />
    <TestEntry testId="cfc1d2d0-6447-b0f2-b878-f9f2a5804b34" executionId="1e8436ac-b325-43db-923e-6d97946aa992" testListId="8c84fa94-04c1-424b-9868-57a2d4851a1d" />
    <TestEntry testId="49062796-9a0b-c738-243a-f0f8f89e9c29" executionId="2beb3afb-cd2f-4358-8cdf-691679bab95d" testListId="8c84fa94-04c1-424b-9868-57a2d4851a1d" />
    <TestEntry testId="126cb0b1-84ba-8377-63b0-2d5b37c44904" executionId="432734eb-d031-41e0-9f03-8cf4c9998173" testListId="8c84fa94-04c1-424b-9868-57a2d4851a1d" />
    <TestEntry testId="6558a83d-f3d6-7095-a9aa-3174acebd916" executionId="026c789a-bd55-4b60-b3c2-8493894a1cae" testListId="8c84fa94-04c1-424b-9868-57a2d4851a1d" />
    <TestEntry testId="1af890c6-34a0-2374-6fff-e6db542057dc" executionId="444ac1c6-6b9e-4016-b71d-d8ad6d71c3e7" testListId="8c84fa94-04c1-424b-9868-57a2d4851a1d" />
    <TestEntry testId="0933dc2c-43ed-4367-77a2-bdc064f6018d" executionId="ff6b9445-81cc-4335-8ec7-686ab4f2aded" testListId="8c84fa94-04c1-424b-9868-57a2d4851a1d" />
    <TestEntry testId="1400c965-ba09-f3b4-5a67-fd63bd91b053" executionId="9f35f1c2-bf78-45bf-a8e6-a8f36fc0da02" testListId="8c84fa94-04c1-424b-9868-57a2d4851a1d" />
    <TestEntry testId="80a8673f-af98-f35b-ddfe-68dfc6ce1cbd" executionId="3db12727-8cb0-45b7-b359-e22020dd1314" testListId="8c84fa94-04c1-424b-9868-57a2d4851a1d" />
  </TestEntries>
  <TestLists>
    <TestList name="列表中未列出的结果" id="8c84fa94-04c1-424b-9868-57a2d4851a1d" />
    <TestList name="所有已加载的结果" id="19431567-8539-422a-85d7-44ee4e166bda" />
  </TestLists>
  <ResultSummary outcome="Failed">
    <Counters total="12" executed="12" passed="11" failed="1" error="0" timeout="0" aborted="0" inconclusive="0" passedButRunAborted="0" notRunnable="0" notExecuted="0" disconnected="0" warning="0" completed="0" inProgress="0" pending="0" />
    <Output>
      <StdOut>NUnit Adapter 4.6.0.0: Test execution started&#xD;
Running selected tests in C:\001_AI\Ludots-entity-attachment-motion-contract\src\Tests\GasTests\bin\Release\net9.0\GasTests.dll&#xD;
   NUnit3TestExecutor discovered 12 of 12 NUnit test cases using Current Discovery mode, Non-Explicit run&#xD;
count,chain_length,median_ms,p95_ms,allocated_bytes&#xD;
1000,1,0.134500,0.142300,0&#xD;
&#xD;
count,chain_length,median_ms,p95_ms,allocated_bytes&#xD;
1000,32,0.642400,0.692300,0&#xD;
&#xD;
count,chain_length,median_ms,p95_ms,allocated_bytes&#xD;
1000,128,1.364700,2.201900,0&#xD;
&#xD;
count,chain_length,median_ms,p95_ms,allocated_bytes&#xD;
5000,1,0.348600,0.455100,0&#xD;
&#xD;
count,chain_length,median_ms,p95_ms,allocated_bytes&#xD;
5000,32,3.010200,3.532800,0&#xD;
&#xD;
count,chain_length,median_ms,p95_ms,allocated_bytes&#xD;
5000,128,6.976000,11.042700,0&#xD;
&#xD;
count,chain_length,median_ms,p95_ms,allocated_bytes&#xD;
10000,1,0.843200,1.377000,0&#xD;
&#xD;
count,chain_length,median_ms,p95_ms,allocated_bytes&#xD;
10000,32,6.332500,7.160700,0&#xD;
&#xD;
count,chain_length,median_ms,p95_ms,allocated_bytes&#xD;
10000,128,14.221000,23.464200,0&#xD;
&#xD;
NUnit Adapter 4.6.0.0: Test execution complete&#xD;
</StdOut>
    </Output>
  </ResultSummary>
</TestRun>