<?xml version="1.0" encoding="utf-8"?>
<TestRun id="4decb56a-4ec7-4449-91c0-09b71966c0e0" name="sietg@CODESEAL 2026-09-09 19:25:21" runUser="CODESEAL\sietg" xmlns="http://microsoft.com/schemas/VisualStudio/TeamTest/2010">
  <Times creation="2026-09-09T19:25:21.6034741+08:00" queuing="2026-09-09T19:25:21.6034744+08:00" start="2026-09-09T19:25:19.9818335+08:00" finish="2026-09-09T19:25:21.6098345+08:00" />
  <TestSettings name="default" id="aa48e8ba-fa56-4143-845a-9100267818ec">
    <Deployment runDeploymentRoot="sietg_CODESEAL_2026-09-09_19_25_21" />
  </TestSettings>
  <Results>
    <UnitTestResult executionId="bc902050-87bf-4f5e-8efb-b180974f7dc4" testId="cfbc86d6-2a5d-0280-4ff5-21e4145cc2fd" testName="MovingAssemblies_ReportScalingAndAllocations(1000,32)" computerName="CODESEAL" duration="00:00:00.0046920" startTime="2026-09-09T19:25:21.2509232+08:00" endTime="2026-09-09T19:25:21.2556144+08:00" testType="13cdc9d9-ddb5-4fa4-a97d-d965ccfc6d4b" outcome="Passed" testListId="8c84fa94-04c1-424b-9868-57a2d4851a1d" relativeResultsDirectory="bc902050-87bf-4f5e-8efb-b180974f7dc4" />
    <UnitTestResult executionId="5ba76992-a445-4358-8995-5993866a452c" testId="6558a83d-f3d6-7095-a9aa-3174acebd916" testName="MovingAssemblies_ReportScalingAndAllocations(10000,128)" computerName="CODESEAL" duration="00:00:00.0454090" startTime="2026-09-09T19:25:21.4243941+08:00" endTime="2026-09-09T19:25:21.4698015+08:00" testType="13cdc9d9-ddb5-4fa4-a97d-d965ccfc6d4b" outcome="Passed" testListId="8c84fa94-04c1-424b-9868-57a2d4851a1d" relativeResultsDirectory="5ba76992-a445-4358-8995-5993866a452c" />
    <UnitTestResult executionId="c251d301-e40d-4806-b0cd-34efa61e010d" testId="e68ef58a-4f34-a032-5590-81b586ce5d77" testName="MovingAssemblies_ReportScalingAndAllocations(1000,128)" computerName="CODESEAL" duration="00:00:00.0065340" startTime="2026-09-09T19:25:21.2556349+08:00" endTime="2026-09-09T19:25:21.2621682+08:00" testType="13cdc9d9-ddb5-4fa4-a97d-d965ccfc6d4b" outcome="Passed" testListId="8c84fa94-04c1-424b-9868-57a2d4851a1d" relativeResultsDirectory="c251d301-e40d-4806-b0cd-34efa61e010d" />
    <UnitTestResult executionId="5c14f492-8382-4ed4-a5c3-55d405188dbf" testId="80a8673f-af98-f35b-ddfe-68dfc6ce1cbd" testName="MovingAssemblies_ReportScalingAndAllocations(5000,128)" computerName="CODESEAL" duration="00:00:00.0239960" startTime="2026-09-09T19:25:21.3244359+08:00" endTime="2026-09-09T19:25:21.3484310+08:00" testType="13cdc9d9-ddb5-4fa4-a97d-d965ccfc6d4b" outcome="Passed" testListId="8c84fa94-04c1-424b-9868-57a2d4851a1d" relativeResultsDirectory="5c14f492-8382-4ed4-a5c3-55d405188dbf" />
    <UnitTestResult executionId="4cdce913-c760-4c1c-b0bc-a7baac927720" testId="126cb0b1-84ba-8377-63b0-2d5b37c44904" testName="MovingAssemblies_ReportScalingAndAllocations(1000,1)" computerName="CODESEAL" duration="00:00:00.0987949" startTime="2026-09-09T19:25:21.1500521+08:00" endTime="2026-09-09T19:25:21.2487585+08:00" testType="13cdc9d9-ddb5-4fa4-a97d-d965ccfc6d4b" outcome="Passed" testListId="8c84fa94-04c1-424b-9868-57a2d4851a1d" relativeResultsDirectory="4cdce913-c760-4c1c-b0bc-a7baac927720" />
    <UnitTestResult executionId="71ff4754-c582-4d11-8b3b-a2f609e73872" testId="49062796-9a0b-c738-243a-f0f8f89e9c29" testName="MovingAssemblies_ReportScalingAndAllocations(10000,32)" computerName="CODESEAL" duration="00:00:00.0344200" startTime="2026-09-09T19:25:21.3899596+08:00" endTime="2026-09-09T19:25:21.4243774+08:00" testType="13cdc9d9-ddb5-4fa4-a97d-d965ccfc6d4b" outcome="Passed" testListId="8c84fa94-04c1-424b-9868-57a2d4851a1d" relativeResultsDirectory="71ff4754-c582-4d11-8b3b-a2f609e73872" />
    <UnitTestResult executionId="60152432-642b-48c7-8aae-4f23da649bb0" testId="1af890c6-34a0-2374-6fff-e6db542057dc" testName="MovingAssemblies_ReportScalingAndAllocations(5000,32)" computerName="CODESEAL" duration="00:00:00.0174689" startTime="2026-09-09T19:25:21.3069470+08:00" endTime="2026-09-09T19:25:21.3244146+08:00" testType="13cdc9d9-ddb5-4fa4-a97d-d965ccfc6d4b" outcome="Passed" testListId="8c84fa94-04c1-424b-9868-57a2d4851a1d" relativeResultsDirectory="60152432-642b-48c7-8aae-4f23da649bb0" />
    <UnitTestResult executionId="b119e296-35b6-4405-b077-0ac3679393c2" testId="0933dc2c-43ed-4367-77a2-bdc064f6018d" testName="MovingAssemblies_ReportScalingAndAllocations(10000,1)" computerName="CODESEAL" duration="00:00:00.0414830" startTime="2026-09-09T19:25:21.3484520+08:00" endTime="2026-09-09T19:25:21.3899332+08:00" testType="13cdc9d9-ddb5-4fa4-a97d-d965ccfc6d4b" outcome="Passed" testListId="8c84fa94-04c1-424b-9868-57a2d4851a1d" relativeResultsDirectory="b119e296-35b6-4405-b077-0ac3679393c2" />
    <UnitTestResult executionId="e494613d-efe5-4e37-9050-8d5d76195439" testId="eb1fef2b-24e4-164b-2168-ed606e69e0b6" testName="MovingAssemblies_ReportScalingAndAllocations(5000,1)" computerName="CODESEAL" duration="00:00:00.0447520" startTime="2026-09-09T19:25:21.2621807+08:00" endTime="2026-09-09T19:25:21.3069305+08:00" testType="13cdc9d9-ddb5-4fa4-a97d-d965ccfc6d4b" outcome="Passed" testListId="8c84fa94-04c1-424b-9868-57a2d4851a1d" relativeResultsDirectory="e494613d-efe5-4e37-9050-8d5d76195439" />
  </Results>
  <TestDefinitions>
    <UnitTest name="MovingAssemblies_ReportScalingAndAllocations(5000,32)" storage="c:\001_ai\ludots-entity-attachment-motion-contract\src\tests\gastests\bin\release\net9.0\gastests.dll" id="1af890c6-34a0-2374-6fff-e6db542057dc">
      <Execution id="60152432-642b-48c7-8aae-4f23da649bb0" />
      <TestMethod codeBase="C:\001_AI\Ludots-entity-attachment-motion-contract\src\Tests\GasTests\bin\Release\net9.0\GasTests.dll" adapterTypeName="executor://nunit3testexecutor/" className="Ludots.Tests.GAS.AttachmentPositionScaleTests" name="MovingAssemblies_ReportScalingAndAllocations(5000,32)" />
    </UnitTest>
    <UnitTest name="MovingAssemblies_ReportScalingAndAllocations(10000,32)" storage="c:\001_ai\ludots-entity-attachment-motion-contract\src\tests\gastests\bin\release\net9.0\gastests.dll" id="49062796-9a0b-c738-243a-f0f8f89e9c29">
      <Execution id="71ff4754-c582-4d11-8b3b-a2f609e73872" />
      <TestMethod codeBase="C:\001_AI\Ludots-entity-attachment-motion-contract\src\Tests\GasTests\bin\Release\net9.0\GasTests.dll" adapterTypeName="executor://nunit3testexecutor/" className="Ludots.Tests.GAS.AttachmentPositionScaleTests" name="MovingAssemblies_ReportScalingAndAllocations(10000,32)" />
    </UnitTest>
    <UnitTest name="MovingAssemblies_ReportScalingAndAllocations(5000,1)" storage="c:\001_ai\ludots-entity-attachment-motion-contract\src\tests\gastests\bin\release\net9.0\gastests.dll" id="eb1fef2b-24e4-164b-2168-ed606e69e0b6">
      <Execution id="e494613d-efe5-4e37-9050-8d5d76195439" />
      <TestMethod codeBase="C:\001_AI\Ludots-entity-attachment-motion-contract\src\Tests\GasTests\bin\Release\net9.0\GasTests.dll" adapterTypeName="executor://nunit3testexecutor/" className="Ludots.Tests.GAS.AttachmentPositionScaleTests" name="MovingAssemblies_ReportScalingAndAllocations(5000,1)" />
    </UnitTest>
    <UnitTest name="MovingAssemblies_ReportScalingAndAllocations(5000,128)" storage="c:\001_ai\ludots-entity-attachment-motion-contract\src\tests\gastests\bin\release\net9.0\gastests.dll" id="80a8673f-af98-f35b-ddfe-68dfc6ce1cbd">
      <Execution id="5c14f492-8382-4ed4-a5c3-55d405188dbf" />
      <TestMethod codeBase="C:\001_AI\Ludots-entity-attachment-motion-contract\src\Tests\GasTests\bin\Release\net9.0\GasTests.dll" adapterTypeName="executor://nunit3testexecutor/" className="Ludots.Tests.GAS.AttachmentPositionScaleTests" name="MovingAssemblies_ReportScalingAndAllocations(5000,128)" />
    </UnitTest>
    <UnitTest name="MovingAssemblies_ReportScalingAndAllocations(10000,128)" storage="c:\001_ai\ludots-entity-attachment-motion-contract\src\tests\gastests\bin\release\net9.0\gastests.dll" id="6558a83d-f3d6-7095-a9aa-3174acebd916">
      <Execution id="5ba76992-a445-4358-8995-5993866a452c" />
      <TestMethod codeBase="C:\001_AI\Ludots-entity-attachment-motion-contract\src\Tests\GasTests\bin\Release\net9.0\GasTests.dll" adapterTypeName="executor://nunit3testexecutor/" className="Ludots.Tests.GAS.AttachmentPositionScaleTests" name="MovingAssemblies_ReportScalingAndAllocations(10000,128)" />
    </UnitTest>
    <UnitTest name="MovingAssemblies_ReportScalingAndAllocations(1000,128)" storage="c:\001_ai\ludots-entity-attachment-motion-contract\src\tests\gastests\bin\release\net9.0\gastests.dll" id="e68ef58a-4f34-a032-5590-81b586ce5d77">
      <Execution id="c251d301-e40d-4806-b0cd-34efa61e010d" />
      <TestMethod codeBase="C:\001_AI\Ludots-entity-attachment-motion-contract\src\Tests\GasTests\bin\Release\net9.0\GasTests.dll" adapterTypeName="executor://nunit3testexecutor/" className="Ludots.Tests.GAS.AttachmentPositionScaleTests" name="MovingAssemblies_ReportScalingAndAllocations(1000,128)" />
    </UnitTest>
    <UnitTest name="MovingAssemblies_ReportScalingAndAllocations(10000,1)" storage="c:\001_ai\ludots-entity-attachment-motion-contract\src\tests\gastests\bin\release\net9.0\gastests.dll" id="0933dc2c-43ed-4367-77a2-bdc064f6018d">
      <Execution id="b119e296-35b6-4405-b077-0ac3679393c2" />
      <TestMethod codeBase="C:\001_AI\Ludots-entity-attachment-motion-contract\src\Tests\GasTests\bin\Release\net9.0\GasTests.dll" adapterTypeName="executor://nunit3testexecutor/" className="Ludots.Tests.GAS.AttachmentPositionScaleTests" name="MovingAssemblies_ReportScalingAndAllocations(10000,1)" />
    </UnitTest>
    <UnitTest name="MovingAssemblies_ReportScalingAndAllocations(1000,32)" storage="c:\001_ai\ludots-entity-attachment-motion-contract\src\tests\gastests\bin\release\net9.0\gastests.dll" id="cfbc86d6-2a5d-0280-4ff5-21e4145cc2fd">
      <Execution id="bc902050-87bf-4f5e-8efb-b180974f7dc4" />
      <TestMethod codeBase="C:\001_AI\Ludots-entity-attachment-motion-contract\src\Tests\GasTests\bin\Release\net9.0\GasTests.dll" adapterTypeName="executor://nunit3testexecutor/" className="Ludots.Tests.GAS.AttachmentPositionScaleTests" name="MovingAssemblies_ReportScalingAndAllocations(1000,32)" />
    </UnitTest>
    <UnitTest name="MovingAssemblies_ReportScalingAndAllocations(1000,1)" storage="c:\001_ai\ludots-entity-attachment-motion-contract\src\tests\gastests\bin\release\net9.0\gastests.dll" id="126cb0b1-84ba-8377-63b0-2d5b37c44904">
      <Execution id="4cdce913-c760-4c1c-b0bc-a7baac927720" />
      <TestMethod codeBase="C:\001_AI\Ludots-entity-attachment-motion-contract\src\Tests\GasTests\bin\Release\net9.0\GasTests.dll" adapterTypeName="executor://nunit3testexecutor/" className="Ludots.Tests.GAS.AttachmentPositionScaleTests" name="MovingAssemblies_ReportScalingAndAllocations(1000,1)" />
    </UnitTest>
  </TestDefinitions>
  <TestEntries>
    <TestEntry testId="cfbc86d6-2a5d-0280-4ff5-21e4145cc2fd" executionId="bc902050-87bf-4f5e-8efb-b180974f7dc4" testListId="8c84fa94-04c1-424b-9868-57a2d4851a1d" />
    <TestEntry testId="6558a83d-f3d6-7095-a9aa-3174acebd916" executionId="5ba76992-a445-4358-8995-5993866a452c" testListId="8c84fa94-04c1-424b-9868-57a2d4851a1d" />
    <TestEntry testId="e68ef58a-4f34-a032-5590-81b586ce5d77" executionId="c251d301-e40d-4806-b0cd-34efa61e010d" testListId="8c84fa94-04c1-424b-9868-57a2d4851a1d" />
    <TestEntry testId="80a8673f-af98-f35b-ddfe-68dfc6ce1cbd" executionId="5c14f492-8382-4ed4-a5c3-55d405188dbf" testListId="8c84fa94-04c1-424b-9868-57a2d4851a1d" />
    <TestEntry testId="126cb0b1-84ba-8377-63b0-2d5b37c44904" executionId="4cdce913-c760-4c1c-b0bc-a7baac927720" testListId="8c84fa94-04c1-424b-9868-57a2d4851a1d" />
    <TestEntry testId="49062796-9a0b-c738-243a-f0f8f89e9c29" executionId="71ff4754-c582-4d11-8b3b-a2f609e73872" testListId="8c84fa94-04c1-424b-9868-57a2d4851a1d" />
    <TestEntry testId="1af890c6-34a0-2374-6fff-e6db542057dc" executionId="60152432-642b-48c7-8aae-4f23da649bb0" testListId="8c84fa94-04c1-424b-9868-57a2d4851a1d" />
    <TestEntry testId="0933dc2c-43ed-4367-77a2-bdc064f6018d" executionId="b119e296-35b6-4405-b077-0ac3679393c2" testListId="8c84fa94-04c1-424b-9868-57a2d4851a1d" />
    <TestEntry testId="eb1fef2b-24e4-164b-2168-ed606e69e0b6" executionId="e494613d-efe5-4e37-9050-8d5d76195439" testListId="8c84fa94-04c1-424b-9868-57a2d4851a1d" />
  </TestEntries>
  <TestLists>
    <TestList name="列表中未列出的结果" id="8c84fa94-04c1-424b-9868-57a2d4851a1d" />
    <TestList name="所有已加载的结果" id="19431567-8539-422a-85d7-44ee4e166bda" />
  </TestLists>
  <ResultSummary outcome="Completed">
    <Counters total="9" executed="9" passed="9" failed="0" error="0" timeout="0" aborted="0" inconclusive="0" passedButRunAborted="0" notRunnable="0" notExecuted="0" disconnected="0" warning="0" completed="0" inProgress="0" pending="0" />
    <Output>
      <StdOut>NUnit Adapter 4.6.0.0: Test execution started&#xD;
Running selected tests in C:\001_AI\Ludots-entity-attachment-motion-contract\src\Tests\GasTests\bin\Release\net9.0\GasTests.dll&#xD;
   NUnit3TestExecutor discovered 9 of 9 NUnit test cases using Current Discovery mode, Non-Explicit run&#xD;
count,chain_length,median_ms,p95_ms,allocated_bytes&#xD;
1000,1,0.046700,0.047000,0&#xD;
&#xD;
count,chain_length,median_ms,p95_ms,allocated_bytes&#xD;
1000,32,0.048700,0.050100,0&#xD;
&#xD;
count,chain_length,median_ms,p95_ms,allocated_bytes&#xD;
1000,128,0.057100,0.059100,0&#xD;
&#xD;
count,chain_length,median_ms,p95_ms,allocated_bytes&#xD;
5000,1,0.264400,0.284100,0&#xD;
&#xD;
count,chain_length,median_ms,p95_ms,allocated_bytes&#xD;
5000,32,0.249300,0.266700,0&#xD;
&#xD;
count,chain_length,median_ms,p95_ms,allocated_bytes&#xD;
5000,128,0.241300,0.250300,0&#xD;
&#xD;
count,chain_length,median_ms,p95_ms,allocated_bytes&#xD;
10000,1,0.470900,0.484100,0&#xD;
&#xD;
count,chain_length,median_ms,p95_ms,allocated_bytes&#xD;
10000,32,0.480700,0.504200,0&#xD;
&#xD;
count,chain_length,median_ms,p95_ms,allocated_bytes&#xD;
10000,128,0.490500,0.498800,0&#xD;
&#xD;
NUnit Adapter 4.6.0.0: Test execution complete&#xD;
</StdOut>
    </Output>
  </ResultSummary>
</TestRun>