<?xml version="1.0" encoding="utf-8"?>
<TestRun id="2ced1549-9fac-44ff-896c-64b2e9e1264e" name="sietg@CODESEAL 2026-09-09 18:53:44" runUser="CODESEAL\sietg" xmlns="http://microsoft.com/schemas/VisualStudio/TeamTest/2010">
  <Times creation="2026-09-09T18:53:44.5861540+08:00" queuing="2026-09-09T18:53:44.5861550+08:00" start="2026-09-09T18:53:40.0072101+08:00" finish="2026-09-09T18:54:20.0663119+08:00" />
  <TestSettings name="default" id="8ce89d8c-5833-41e4-aac6-a612db6ccefa">
    <Deployment runDeploymentRoot="sietg_CODESEAL_2026-09-09_18_53_44" />
  </TestSettings>
  <Results>
    <UnitTestResult executionId="91333c6e-b5e0-41c6-a4a0-ef5dde8731ab" testId="1123a0a6-9a7a-324c-d2ca-d22aebd83e40" testName="SyncAndBehavior_Scale(5000,3,False,0)" computerName="CODESEAL" duration="00:00:00.2028069" startTime="2026-09-09T18:54:06.8994760+08:00" endTime="2026-09-09T18:54:07.1022731+08:00" testType="13cdc9d9-ddb5-4fa4-a97d-d965ccfc6d4b" outcome="Passed" testListId="8c84fa94-04c1-424b-9868-57a2d4851a1d" relativeResultsDirectory="91333c6e-b5e0-41c6-a4a0-ef5dde8731ab">
      <Output>
        <StdOut>5000,3,False,0,0.343800,0.521500,0.000600,0.001600,0</StdOut>
      </Output>
    </UnitTestResult>
    <UnitTestResult executionId="a040d3d0-3937-472b-9c4d-e744ddf4a2a0" testId="07413c48-a384-0834-9a90-de019a2df7d2" testName="SyncAndBehavior_Scale(10000,3,False,0)" computerName="CODESEAL" duration="00:00:00.4324280" startTime="2026-09-09T18:54:11.3182017+08:00" endTime="2026-09-09T18:54:11.7506096+08:00" testType="13cdc9d9-ddb5-4fa4-a97d-d965ccfc6d4b" outcome="Passed" testListId="8c84fa94-04c1-424b-9868-57a2d4851a1d" relativeResultsDirectory="a040d3d0-3937-472b-9c4d-e744ddf4a2a0">
      <Output>
        <StdOut>10000,3,False,0,1.157000,1.269500,0.001000,0.002800,0</StdOut>
      </Output>
    </UnitTestResult>
    <UnitTestResult executionId="f143c8fc-aa71-4231-9e91-7ef46baa5f4e" testId="92fada6a-a9c9-7bd0-deac-f7b5ee1ee7aa" testName="ParameterChanges_VisitOnlyActiveConsumers(10000,True,False,True)" computerName="CODESEAL" duration="00:00:00.7068070" startTime="2026-09-09T18:54:03.8458649+08:00" endTime="2026-09-09T18:54:04.5526399+08:00" testType="13cdc9d9-ddb5-4fa4-a97d-d965ccfc6d4b" outcome="Passed" testListId="8c84fa94-04c1-424b-9868-57a2d4851a1d" relativeResultsDirectory="f143c8fc-aa71-4231-9e91-7ef46baa5f4e">
      <Output>
        <StdOut>10000,True,False,True,3.068600,3.241000,0,0,0</StdOut>
      </Output>
    </UnitTestResult>
    <UnitTestResult executionId="a019c8be-5a8f-4f0e-b81e-24bc958bef12" testId="30db5d66-5d75-b1a4-673d-2a2f5b239e61" testName="SyncAndBehavior_Scale(1000,3,True,1)" computerName="CODESEAL" duration="00:00:00.0954810" startTime="2026-09-09T18:54:06.1925191+08:00" endTime="2026-09-09T18:54:06.2879956+08:00" testType="13cdc9d9-ddb5-4fa4-a97d-d965ccfc6d4b" outcome="Passed" testListId="8c84fa94-04c1-424b-9868-57a2d4851a1d" relativeResultsDirectory="a019c8be-5a8f-4f0e-b81e-24bc958bef12">
      <Output>
        <StdOut>1000,3,True,1,0.064300,0.077800,0.000300,0.000500,0</StdOut>
      </Output>
    </UnitTestResult>
    <UnitTestResult executionId="1b94be9e-3e92-412e-8b8c-7b584ef47e82" testId="6a59e0fb-1869-903f-363b-00b16846c8e2" testName="ParameterChanges_VisitOnlyActiveConsumers(10000,True,True,False)" computerName="CODESEAL" duration="00:00:00.6298800" startTime="2026-09-09T18:54:04.5527041+08:00" endTime="2026-09-09T18:54:05.1825552+08:00" testType="13cdc9d9-ddb5-4fa4-a97d-d965ccfc6d4b" outcome="Passed" testListId="8c84fa94-04c1-424b-9868-57a2d4851a1d" relativeResultsDirectory="1b94be9e-3e92-412e-8b8c-7b584ef47e82">
      <Output>
        <StdOut>10000,True,True,False,1.710300,2.867500,0,0,0</StdOut>
      </Output>
    </UnitTestResult>
    <UnitTestResult executionId="cd2fb725-1059-40a2-8987-686ac3171566" testId="6378b943-c315-bd61-1ae6-33b07c968e45" testName="ParameterChanges_VisitOnlyActiveConsumers(1000,True,True,False)" computerName="CODESEAL" duration="00:00:00.0672590" startTime="2026-09-09T18:53:44.4203607+08:00" endTime="2026-09-09T18:53:44.4876163+08:00" testType="13cdc9d9-ddb5-4fa4-a97d-d965ccfc6d4b" outcome="Passed" testListId="8c84fa94-04c1-424b-9868-57a2d4851a1d" relativeResultsDirectory="cd2fb725-1059-40a2-8987-686ac3171566">
      <Output>
        <StdOut>1000,True,True,False,0.301000,0.347600,0,0,0</StdOut>
      </Output>
    </UnitTestResult>
    <UnitTestResult executionId="bb94064a-931e-43ef-89c5-e7af52a538fe" testId="3a5851f1-e2cf-8bb4-f545-a1d1e908ed77" testName="SyncAndBehavior_Scale(1000,0,False,-1)" computerName="CODESEAL" duration="00:00:00.0309860" startTime="2026-09-09T18:54:05.9457977+08:00" endTime="2026-09-09T18:54:05.9767821+08:00" testType="13cdc9d9-ddb5-4fa4-a97d-d965ccfc6d4b" outcome="Passed" testListId="8c84fa94-04c1-424b-9868-57a2d4851a1d" relativeResultsDirectory="bb94064a-931e-43ef-89c5-e7af52a538fe">
      <Output>
        <StdOut>1000,0,False,1000,0.278600,0.315800,0.000600,0.000900,0</StdOut>
      </Output>
    </UnitTestResult>
    <UnitTestResult executionId="2b489d7f-3cd2-4c48-9fa4-5b4115f091e3" testId="e9fc44a7-5c54-273f-3ff0-11535d3fefd5" testName="ParameterChanges_VisitOnlyActiveConsumers(1000,False,True,True)" computerName="CODESEAL" duration="00:00:00.2788460" startTime="2026-09-09T18:53:43.9953139+08:00" endTime="2026-09-09T18:53:44.2741464+08:00" testType="13cdc9d9-ddb5-4fa4-a97d-d965ccfc6d4b" outcome="Passed" testListId="8c84fa94-04c1-424b-9868-57a2d4851a1d" relativeResultsDirectory="2b489d7f-3cd2-4c48-9fa4-5b4115f091e3">
      <Output>
        <StdOut>1000,False,True,True,2.438800,2.596400,0,1000,6000</StdOut>
      </Output>
    </UnitTestResult>
    <UnitTestResult executionId="3237c5bf-6b87-4708-b056-c9feb91e130b" testId="6c91a9c2-4ab4-e245-f4d9-ee0f9192b324" testName="ParameterChanges_VisitOnlyActiveConsumers(1000,True,False,False)" computerName="CODESEAL" duration="00:00:00.0748019" startTime="2026-09-09T18:53:44.2742102+08:00" endTime="2026-09-09T18:53:44.3490083+08:00" testType="13cdc9d9-ddb5-4fa4-a97d-d965ccfc6d4b" outcome="Passed" testListId="8c84fa94-04c1-424b-9868-57a2d4851a1d" relativeResultsDirectory="3237c5bf-6b87-4708-b056-c9feb91e130b">
      <Output>
        <StdOut>1000,True,False,False,0.302600,0.323800,0,0,0</StdOut>
      </Output>
    </UnitTestResult>
    <UnitTestResult executionId="83df718b-4759-42cb-91fe-0fce331c341a" testId="eac2afb8-5fe1-4f56-d915-8c9c724a1dd5" testName="SyncAndBehavior_Scale(1000,3,True,-1)" computerName="CODESEAL" duration="00:00:00.2737890" startTime="2026-09-09T18:54:06.2880627+08:00" endTime="2026-09-09T18:54:06.5618385+08:00" testType="13cdc9d9-ddb5-4fa4-a97d-d965ccfc6d4b" outcome="Passed" testListId="8c84fa94-04c1-424b-9868-57a2d4851a1d" relativeResultsDirectory="83df718b-4759-42cb-91fe-0fce331c341a">
      <Output>
        <StdOut>1000,3,True,1000,1.659200,2.328600,0.002400,0.006400,0</StdOut>
      </Output>
    </UnitTestResult>
    <UnitTestResult executionId="0b4a2961-de36-48e6-9628-c9424ebfbd64" testId="2a9edada-7157-ad3b-e64c-57e90dc90880" testName="ParameterChanges_VisitOnlyActiveConsumers(5000,True,False,False)" computerName="CODESEAL" duration="00:00:00.2821740" startTime="2026-09-09T18:53:49.3156808+08:00" endTime="2026-09-09T18:53:49.5978416+08:00" testType="13cdc9d9-ddb5-4fa4-a97d-d965ccfc6d4b" outcome="Passed" testListId="8c84fa94-04c1-424b-9868-57a2d4851a1d" relativeResultsDirectory="0b4a2961-de36-48e6-9628-c9424ebfbd64">
      <Output>
        <StdOut>5000,True,False,False,0.896300,1.418700,0,0,0</StdOut>
      </Output>
    </UnitTestResult>
    <UnitTestResult executionId="2748e598-ed9b-481b-95c9-8759617ce98e" testId="9d156268-417d-4041-24d5-40e101d036ea" testName="ParameterChanges_VisitOnlyActiveConsumers(1000,False,True,False)" computerName="CODESEAL" duration="00:00:00.1965069" startTime="2026-09-09T18:53:43.7987286+08:00" endTime="2026-09-09T18:53:43.9952265+08:00" testType="13cdc9d9-ddb5-4fa4-a97d-d965ccfc6d4b" outcome="Passed" testListId="8c84fa94-04c1-424b-9868-57a2d4851a1d" relativeResultsDirectory="2748e598-ed9b-481b-95c9-8759617ce98e">
      <Output>
        <StdOut>1000,False,True,False,0.327900,0.375000,0,0,6000</StdOut>
      </Output>
    </UnitTestResult>
    <UnitTestResult executionId="c8f3d9cd-a661-44e4-8251-8dab0ee5eb26" testId="16b446ae-eace-4e46-de44-3a185e2f92ed" testName="SyncAndBehavior_Scale(5000,3,True,1)" computerName="CODESEAL" duration="00:00:00.6729690" startTime="2026-09-09T18:54:08.0860567+08:00" endTime="2026-09-09T18:54:08.7589954+08:00" testType="13cdc9d9-ddb5-4fa4-a97d-d965ccfc6d4b" outcome="Passed" testListId="8c84fa94-04c1-424b-9868-57a2d4851a1d" relativeResultsDirectory="c8f3d9cd-a661-44e4-8251-8dab0ee5eb26">
      <Output>
        <StdOut>5000,3,True,1,0.343700,0.593200,0.000600,0.001200,0</StdOut>
      </Output>
    </UnitTestResult>
    <UnitTestResult executionId="b6065b88-d45d-4da5-b416-c144df8b648d" testId="3ace592b-3dc4-6f1c-d181-207fcac90b89" testName="ParameterChanges_VisitOnlyActiveConsumers(1000,True,True,True)" computerName="CODESEAL" duration="00:00:00.0629300" startTime="2026-09-09T18:53:44.4876719+08:00" endTime="2026-09-09T18:53:44.5505977+08:00" testType="13cdc9d9-ddb5-4fa4-a97d-d965ccfc6d4b" outcome="Passed" testListId="8c84fa94-04c1-424b-9868-57a2d4851a1d" relativeResultsDirectory="b6065b88-d45d-4da5-b416-c144df8b648d">
      <Output>
        <StdOut>1000,True,True,True,0.179400,0.373200,0,0,0</StdOut>
      </Output>
    </UnitTestResult>
    <UnitTestResult executionId="f6ee4939-fe5e-4a2d-a67c-df53273e37d9" testId="f09c9b74-16d2-55c7-f502-1f7b196911b1" testName="ParameterChanges_VisitOnlyActiveConsumers(5000,True,False,True)" computerName="CODESEAL" duration="00:00:00.3176190" startTime="2026-09-09T18:53:49.5979014+08:00" endTime="2026-09-09T18:53:49.9155054+08:00" testType="13cdc9d9-ddb5-4fa4-a97d-d965ccfc6d4b" outcome="Passed" testListId="8c84fa94-04c1-424b-9868-57a2d4851a1d" relativeResultsDirectory="f6ee4939-fe5e-4a2d-a67c-df53273e37d9">
      <Output>
        <StdOut>5000,True,False,True,0.863400,1.569200,0,0,0</StdOut>
      </Output>
    </UnitTestResult>
    <UnitTestResult executionId="f8929a0c-3e86-4e2e-8cbd-2422cc405f47" testId="f52c4223-5afd-02e3-5c06-acc21583df5b" testName="SyncAndBehavior_Scale(1000,0,False,0)" computerName="CODESEAL" duration="00:00:00.1150840" startTime="2026-09-09T18:54:05.8101113+08:00" endTime="2026-09-09T18:54:05.9251889+08:00" testType="13cdc9d9-ddb5-4fa4-a97d-d965ccfc6d4b" outcome="Passed" testListId="8c84fa94-04c1-424b-9868-57a2d4851a1d" relativeResultsDirectory="f8929a0c-3e86-4e2e-8cbd-2422cc405f47">
      <Output>
        <StdOut>1000,0,False,0,0.053100,0.058300,0.000300,0.000300,0</StdOut>
      </Output>
    </UnitTestResult>
    <UnitTestResult executionId="d771dbaa-59e7-4e0d-9c43-7ed81527a9f6" testId="8c63e780-9edd-91a1-b031-3145a6a2a02b" testName="ParameterChanges_VisitOnlyActiveConsumers(5000,False,True,False)" computerName="CODESEAL" duration="00:00:00.4345440" startTime="2026-09-09T18:53:46.7049375+08:00" endTime="2026-09-09T18:53:47.1394620+08:00" testType="13cdc9d9-ddb5-4fa4-a97d-d965ccfc6d4b" outcome="Passed" testListId="8c84fa94-04c1-424b-9868-57a2d4851a1d" relativeResultsDirectory="d771dbaa-59e7-4e0d-9c43-7ed81527a9f6">
      <Output>
        <StdOut>5000,False,True,False,1.751500,1.864200,0,0,30000</StdOut>
      </Output>
    </UnitTestResult>
    <UnitTestResult executionId="3eed9c8c-b8e8-4db0-96a3-c8b0b01c6c2b" testId="e40bcbed-67a6-9728-7c19-ffb22894f16a" testName="ParameterChanges_VisitOnlyActiveConsumers(10000,True,True,True)" computerName="CODESEAL" duration="00:00:00.6186720" startTime="2026-09-09T18:54:05.1826416+08:00" endTime="2026-09-09T18:54:05.8012853+08:00" testType="13cdc9d9-ddb5-4fa4-a97d-d965ccfc6d4b" outcome="Passed" testListId="8c84fa94-04c1-424b-9868-57a2d4851a1d" relativeResultsDirectory="3eed9c8c-b8e8-4db0-96a3-c8b0b01c6c2b">
      <Output>
        <StdOut>10000,True,True,True,1.860300,3.103700,0,0,0</StdOut>
      </Output>
    </UnitTestResult>
    <UnitTestResult executionId="5a8addfc-dadf-4d77-8a04-a1bff692b629" testId="d89f4d76-065b-61f0-c382-a20a20b5e300" testName="SyncAndBehavior_Scale(10000,3,True,1)" computerName="CODESEAL" duration="00:00:01.4803370" startTime="2026-09-09T18:54:14.2984528+08:00" endTime="2026-09-09T18:54:15.7787249+08:00" testType="13cdc9d9-ddb5-4fa4-a97d-d965ccfc6d4b" outcome="Passed" testListId="8c84fa94-04c1-424b-9868-57a2d4851a1d" relativeResultsDirectory="5a8addfc-dadf-4d77-8a04-a1bff692b629">
      <Output>
        <StdOut>10000,3,True,1,1.169900,1.331800,0.001400,0.002800,0</StdOut>
      </Output>
    </UnitTestResult>
    <UnitTestResult executionId="4e3abb8e-247c-4316-9f76-a74bb65b8b52" testId="b76413e5-0eb7-210d-e41e-1ee01cfb01a6" testName="SyncAndBehavior_Scale(5000,0,False,1)" computerName="CODESEAL" duration="00:00:00.0606460" startTime="2026-09-09T18:54:06.6287707+08:00" endTime="2026-09-09T18:54:06.6894128+08:00" testType="13cdc9d9-ddb5-4fa4-a97d-d965ccfc6d4b" outcome="Passed" testListId="8c84fa94-04c1-424b-9868-57a2d4851a1d" relativeResultsDirectory="4e3abb8e-247c-4316-9f76-a74bb65b8b52">
      <Output>
        <StdOut>5000,0,False,1,0.286200,0.510400,0.000500,0.001300,0</StdOut>
      </Output>
    </UnitTestResult>
    <UnitTestResult executionId="749e9af1-ce39-4173-9da4-1eb0b0a0d5d2" testId="320d7f2e-e395-9074-3419-850ad3f41913" testName="ParameterChanges_VisitOnlyActiveConsumers(10000,False,True,False)" computerName="CODESEAL" duration="00:00:01.2895790" startTime="2026-09-09T18:53:56.5108354+08:00" endTime="2026-09-09T18:53:57.8003562+08:00" testType="13cdc9d9-ddb5-4fa4-a97d-d965ccfc6d4b" outcome="Passed" testListId="8c84fa94-04c1-424b-9868-57a2d4851a1d" relativeResultsDirectory="749e9af1-ce39-4173-9da4-1eb0b0a0d5d2">
      <Output>
        <StdOut>10000,False,True,False,3.612600,4.335500,0,0,60000</StdOut>
      </Output>
    </UnitTestResult>
    <UnitTestResult executionId="2b5b0387-6dac-44b9-957e-773204eef001" testId="4e628128-5651-15b5-a8fe-9df0bc093cf2" testName="SyncAndBehavior_Scale(1000,3,False,-1)" computerName="CODESEAL" duration="00:00:00.0479240" startTime="2026-09-09T18:54:06.0526180+08:00" endTime="2026-09-09T18:54:06.1005385+08:00" testType="13cdc9d9-ddb5-4fa4-a97d-d965ccfc6d4b" outcome="Passed" testListId="8c84fa94-04c1-424b-9868-57a2d4851a1d" relativeResultsDirectory="2b5b0387-6dac-44b9-957e-773204eef001">
      <Output>
        <StdOut>1000,3,False,1000,0.315400,0.341900,0.000800,0.002700,0</StdOut>
      </Output>
    </UnitTestResult>
    <UnitTestResult executionId="6c593f38-8916-41d7-bcde-c74f15f65e89" testId="30f8ba4a-5004-3a3a-4c9e-1a8e3c69f20a" testName="SyncAndBehavior_Scale(10000,0,False,0)" computerName="CODESEAL" duration="00:00:00.1409970" startTime="2026-09-09T18:54:10.6040598+08:00" endTime="2026-09-09T18:54:10.7450487+08:00" testType="13cdc9d9-ddb5-4fa4-a97d-d965ccfc6d4b" outcome="Passed" testListId="8c84fa94-04c1-424b-9868-57a2d4851a1d" relativeResultsDirectory="6c593f38-8916-41d7-bcde-c74f15f65e89">
      <Output>
        <StdOut>10000,0,False,0,1.019300,1.041800,0.000900,0.004600,0</StdOut>
      </Output>
    </UnitTestResult>
    <UnitTestResult executionId="1c5d864c-4c18-489c-9651-6225fcdc8e6f" testId="8e5884b4-2050-c324-3161-fcd924aeffff" testName="SyncAndBehavior_Scale(5000,0,False,-1)" computerName="CODESEAL" duration="00:00:00.2099540" startTime="2026-09-09T18:54:06.6894722+08:00" endTime="2026-09-09T18:54:06.8994158+08:00" testType="13cdc9d9-ddb5-4fa4-a97d-d965ccfc6d4b" outcome="Passed" testListId="8c84fa94-04c1-424b-9868-57a2d4851a1d" relativeResultsDirectory="1c5d864c-4c18-489c-9651-6225fcdc8e6f">
      <Output>
        <StdOut>5000,0,False,5000,1.556300,1.584000,0.001300,0.004700,0</StdOut>
      </Output>
    </UnitTestResult>
    <UnitTestResult executionId="96af00f0-8a9c-44c5-8a43-e8a8a27b33c5" testId="7ed8fc48-b2d2-5acf-25b8-e09fc3e026fb" testName="SyncAndBehavior_Scale(1000,3,False,0)" computerName="CODESEAL" duration="00:00:00.0410919" startTime="2026-09-09T18:54:05.9768274+08:00" endTime="2026-09-09T18:54:06.0179162+08:00" testType="13cdc9d9-ddb5-4fa4-a97d-d965ccfc6d4b" outcome="Passed" testListId="8c84fa94-04c1-424b-9868-57a2d4851a1d" relativeResultsDirectory="96af00f0-8a9c-44c5-8a43-e8a8a27b33c5">
      <Output>
        <StdOut>1000,3,False,0,0.061400,0.100700,0.000300,0.001100,0</StdOut>
      </Output>
    </UnitTestResult>
    <UnitTestResult executionId="6ce87374-cd3c-4321-92d6-a56021dae06e" testId="dcc01cac-a5d6-aaa1-7526-eed252ff7b1b" testName="SyncAndBehavior_Scale(5000,3,False,1)" computerName="CODESEAL" duration="00:00:00.1820610" startTime="2026-09-09T18:54:07.1023541+08:00" endTime="2026-09-09T18:54:07.2844066+08:00" testType="13cdc9d9-ddb5-4fa4-a97d-d965ccfc6d4b" outcome="Passed" testListId="8c84fa94-04c1-424b-9868-57a2d4851a1d" relativeResultsDirectory="6ce87374-cd3c-4321-92d6-a56021dae06e">
      <Output>
        <StdOut>5000,3,False,1,0.351300,0.581100,0.000600,0.001600,0</StdOut>
      </Output>
    </UnitTestResult>
    <UnitTestResult executionId="a2ae0fdf-c0b6-4839-b4db-a6c1c452f76d" testId="5579ae99-17ce-6c50-c6e9-99c143261f15" testName="ParameterChanges_VisitOnlyActiveConsumers(10000,False,False,False)" computerName="CODESEAL" duration="00:00:00.8506330" startTime="2026-09-09T18:53:50.5817117+08:00" endTime="2026-09-09T18:53:51.4323066+08:00" testType="13cdc9d9-ddb5-4fa4-a97d-d965ccfc6d4b" outcome="Passed" testListId="8c84fa94-04c1-424b-9868-57a2d4851a1d" relativeResultsDirectory="a2ae0fdf-c0b6-4839-b4db-a6c1c452f76d">
      <Output>
        <StdOut>10000,False,False,False,3.568500,3.918100,0,0,60000</StdOut>
      </Output>
    </UnitTestResult>
    <UnitTestResult executionId="0461db80-8d20-4a8c-aa50-9692707000e0" testId="5fbcce72-d72a-6289-bf1f-76204764091b" testName="ParameterChanges_VisitOnlyActiveConsumers(5000,False,False,True)" computerName="CODESEAL" duration="00:00:01.6975260" startTime="2026-09-09T18:53:45.0074228+08:00" endTime="2026-09-09T18:53:46.7048748+08:00" testType="13cdc9d9-ddb5-4fa4-a97d-d965ccfc6d4b" outcome="Passed" testListId="8c84fa94-04c1-424b-9868-57a2d4851a1d" relativeResultsDirectory="0461db80-8d20-4a8c-aa50-9692707000e0">
      <Output>
        <StdOut>5000,False,False,True,14.961700,23.499900,0,5000,30000</StdOut>
      </Output>
    </UnitTestResult>
    <UnitTestResult executionId="716477b8-5d0d-4ea0-84a8-3fe850e5bba7" testId="17ebb53f-395c-7ffa-81a2-e4c7321558df" testName="SyncAndBehavior_Scale(10000,3,True,-1)" computerName="CODESEAL" duration="00:00:04.0676400" startTime="2026-09-09T18:54:15.7787831+08:00" endTime="2026-09-09T18:54:19.8462451+08:00" testType="13cdc9d9-ddb5-4fa4-a97d-d965ccfc6d4b" outcome="Passed" testListId="8c84fa94-04c1-424b-9868-57a2d4851a1d" relativeResultsDirectory="716477b8-5d0d-4ea0-84a8-3fe850e5bba7">
      <Output>
        <StdOut>10000,3,True,10000,29.090900,35.987100,0.012500,0.021600,0</StdOut>
      </Output>
    </UnitTestResult>
    <UnitTestResult executionId="4be68572-5c66-4a1b-9a24-8e1b70c2cdf1" testId="50c070db-bbf0-8ba2-d86c-35c556b7a39a" testName="ParameterChanges_VisitOnlyActiveConsumers(10000,True,False,False)" computerName="CODESEAL" duration="00:00:00.7851860" startTime="2026-09-09T18:54:03.0606292+08:00" endTime="2026-09-09T18:54:03.8457790+08:00" testType="13cdc9d9-ddb5-4fa4-a97d-d965ccfc6d4b" outcome="Passed" testListId="8c84fa94-04c1-424b-9868-57a2d4851a1d" relativeResultsDirectory="4be68572-5c66-4a1b-9a24-8e1b70c2cdf1">
      <Output>
        <StdOut>10000,True,False,False,2.222100,3.528900,0,0,0</StdOut>
      </Output>
    </UnitTestResult>
    <UnitTestResult executionId="eaa8d9b9-9ea4-4e38-9185-425c0cb42074" testId="77289aca-54a3-5fda-b973-959e8ee17d67" testName="ParameterChanges_VisitOnlyActiveConsumers(10000,False,False,True)" computerName="CODESEAL" duration="00:00:05.0786070" startTime="2026-09-09T18:53:51.4323666+08:00" endTime="2026-09-09T18:53:56.5107506+08:00" testType="13cdc9d9-ddb5-4fa4-a97d-d965ccfc6d4b" outcome="Passed" testListId="8c84fa94-04c1-424b-9868-57a2d4851a1d" relativeResultsDirectory="eaa8d9b9-9ea4-4e38-9185-425c0cb42074">
      <Output>
        <StdOut>10000,False,False,True,44.149400,72.679000,0,10000,60000</StdOut>
      </Output>
    </UnitTestResult>
    <UnitTestResult executionId="2f0aae9a-cbc2-4598-b2da-5b73fc6f0692" testId="c4f43b36-f033-690c-4fa5-4a80de3f9e5f" testName="SyncAndBehavior_Scale(1000,3,True,0)" computerName="CODESEAL" duration="00:00:00.0918740" startTime="2026-09-09T18:54:06.1005917+08:00" endTime="2026-09-09T18:54:06.1924611+08:00" testType="13cdc9d9-ddb5-4fa4-a97d-d965ccfc6d4b" outcome="Passed" testListId="8c84fa94-04c1-424b-9868-57a2d4851a1d" relativeResultsDirectory="2f0aae9a-cbc2-4598-b2da-5b73fc6f0692">
      <Output>
        <StdOut>1000,3,True,0,0.062700,0.069000,0.000300,0.000400,0</StdOut>
      </Output>
    </UnitTestResult>
    <UnitTestResult executionId="3c956430-ab65-4b8c-b3bc-37c448e325d9" testId="82251c8e-c21e-cee1-7427-eca171684c9f" testName="SyncAndBehavior_Scale(5000,3,True,-1)" computerName="CODESEAL" duration="00:00:01.8449810" startTime="2026-09-09T18:54:08.7590749+08:00" endTime="2026-09-09T18:54:10.6039741+08:00" testType="13cdc9d9-ddb5-4fa4-a97d-d965ccfc6d4b" outcome="Passed" testListId="8c84fa94-04c1-424b-9868-57a2d4851a1d" relativeResultsDirectory="3c956430-ab65-4b8c-b3bc-37c448e325d9">
      <Output>
        <StdOut>5000,3,True,5000,12.459200,16.995700,0.007700,0.015900,0</StdOut>
      </Output>
    </UnitTestResult>
    <UnitTestResult executionId="7246e5be-9fa6-4474-bc47-bd977abd4996" testId="599fe81e-d9fd-4a03-1b98-995aa15a695a" testName="ParameterChanges_VisitOnlyActiveConsumers(10000,False,True,True)" computerName="CODESEAL" duration="00:00:05.2603540" startTime="2026-09-09T18:53:57.8004467+08:00" endTime="2026-09-09T18:54:03.0605708+08:00" testType="13cdc9d9-ddb5-4fa4-a97d-d965ccfc6d4b" outcome="Passed" testListId="8c84fa94-04c1-424b-9868-57a2d4851a1d" relativeResultsDirectory="7246e5be-9fa6-4474-bc47-bd977abd4996">
      <Output>
        <StdOut>10000,False,True,True,45.588700,57.187200,0,10000,60000</StdOut>
      </Output>
    </UnitTestResult>
    <UnitTestResult executionId="8dd20964-f12c-44e4-a0c2-ad10ac132e2a" testId="5d1d4a0e-b558-fb5d-694b-5be2552a077c" testName="SyncAndBehavior_Scale(10000,0,False,-1)" computerName="CODESEAL" duration="00:00:00.4100110" startTime="2026-09-09T18:54:10.9081538+08:00" endTime="2026-09-09T18:54:11.3181459+08:00" testType="13cdc9d9-ddb5-4fa4-a97d-d965ccfc6d4b" outcome="Passed" testListId="8c84fa94-04c1-424b-9868-57a2d4851a1d" relativeResultsDirectory="8dd20964-f12c-44e4-a0c2-ad10ac132e2a">
      <Output>
        <StdOut>10000,0,False,10000,3.053700,3.145900,0.001100,0.004200,0</StdOut>
      </Output>
    </UnitTestResult>
    <UnitTestResult executionId="1e7cbe36-423f-4c8d-be9b-d4e0c40944c6" testId="7214272f-dca0-92d1-960a-8e60216047b2" testName="SyncAndBehavior_Scale(5000,3,True,0)" computerName="CODESEAL" duration="00:00:00.5295120" startTime="2026-09-09T18:54:07.5564852+08:00" endTime="2026-09-09T18:54:08.0859726+08:00" testType="13cdc9d9-ddb5-4fa4-a97d-d965ccfc6d4b" outcome="Passed" testListId="8c84fa94-04c1-424b-9868-57a2d4851a1d" relativeResultsDirectory="1e7cbe36-423f-4c8d-be9b-d4e0c40944c6">
      <Output>
        <StdOut>5000,3,True,0,0.617900,0.705100,0.001400,0.005800,0</StdOut>
      </Output>
    </UnitTestResult>
    <UnitTestResult executionId="18258f95-1ee7-477c-b818-efecc56b8a84" testId="ee446543-05e9-4d30-c66d-6872d52cde90" testName="SyncAndBehavior_Scale(10000,3,False,-1)" computerName="CODESEAL" duration="00:00:00.6128650" startTime="2026-09-09T18:54:12.1309612+08:00" endTime="2026-09-09T18:54:12.7437984+08:00" testType="13cdc9d9-ddb5-4fa4-a97d-d965ccfc6d4b" outcome="Passed" testListId="8c84fa94-04c1-424b-9868-57a2d4851a1d" relativeResultsDirectory="18258f95-1ee7-477c-b818-efecc56b8a84">
      <Output>
        <StdOut>10000,3,False,10000,3.268500,3.424300,0.001400,0.005000,0</StdOut>
      </Output>
    </UnitTestResult>
    <UnitTestResult executionId="5ed9e712-ddba-490c-a5b8-c22fcf952f15" testId="10d06f02-31de-cebf-26cf-ebb2b980e672" testName="SyncAndBehavior_Scale(5000,0,False,0)" computerName="CODESEAL" duration="00:00:00.0667940" startTime="2026-09-09T18:54:06.5619215+08:00" endTime="2026-09-09T18:54:06.6287120+08:00" testType="13cdc9d9-ddb5-4fa4-a97d-d965ccfc6d4b" outcome="Passed" testListId="8c84fa94-04c1-424b-9868-57a2d4851a1d" relativeResultsDirectory="5ed9e712-ddba-490c-a5b8-c22fcf952f15">
      <Output>
        <StdOut>5000,0,False,0,0.457600,0.479100,0.000900,0.003800,0</StdOut>
      </Output>
    </UnitTestResult>
    <UnitTestResult executionId="38db3434-8f19-4cdb-b768-6c60eccaca5c" testId="03130235-7215-fe03-455d-05e0f5a39ce9" testName="ParameterChanges_VisitOnlyActiveConsumers(5000,False,True,True)" computerName="CODESEAL" duration="00:00:02.1761560" startTime="2026-09-09T18:53:47.1395585+08:00" endTime="2026-09-09T18:53:49.3156182+08:00" testType="13cdc9d9-ddb5-4fa4-a97d-d965ccfc6d4b" outcome="Passed" testListId="8c84fa94-04c1-424b-9868-57a2d4851a1d" relativeResultsDirectory="38db3434-8f19-4cdb-b768-6c60eccaca5c">
      <Output>
        <StdOut>5000,False,True,True,18.985000,28.055800,0,5000,30000</StdOut>
      </Output>
    </UnitTestResult>
    <UnitTestResult executionId="c65dd887-0a73-4452-ad38-94b185ad2201" testId="b9d8693e-d6d4-1e44-af07-7d8888f57ae2" testName="ParameterChanges_VisitOnlyActiveConsumers(1000,False,False,True)" computerName="CODESEAL" duration="00:00:00.2846940" startTime="2026-09-09T18:53:43.5139360+08:00" endTime="2026-09-09T18:53:43.7986161+08:00" testType="13cdc9d9-ddb5-4fa4-a97d-d965ccfc6d4b" outcome="Passed" testListId="8c84fa94-04c1-424b-9868-57a2d4851a1d" relativeResultsDirectory="c65dd887-0a73-4452-ad38-94b185ad2201">
      <Output>
        <StdOut>1000,False,False,True,2.291600,2.459100,0,1000,6000</StdOut>
      </Output>
    </UnitTestResult>
    <UnitTestResult executionId="59b0d257-1e18-4c45-adc5-ba20eb5e432c" testId="d3f2dffa-2334-8d87-edba-dd8e144827d0" testName="SyncAndBehavior_Scale(1000,3,False,1)" computerName="CODESEAL" duration="00:00:00.0345830" startTime="2026-09-09T18:54:06.0179778+08:00" endTime="2026-09-09T18:54:06.0525580+08:00" testType="13cdc9d9-ddb5-4fa4-a97d-d965ccfc6d4b" outcome="Passed" testListId="8c84fa94-04c1-424b-9868-57a2d4851a1d" relativeResultsDirectory="59b0d257-1e18-4c45-adc5-ba20eb5e432c">
      <Output>
        <StdOut>1000,3,False,1,0.094900,0.100700,0.000500,0.000600,0</StdOut>
      </Output>
    </UnitTestResult>
    <UnitTestResult executionId="7f204b78-a1d1-496f-8c89-6629cd41b0ee" testId="3295b3c9-a688-47d4-1db7-69da2a464331" testName="ParameterChanges_VisitOnlyActiveConsumers(1000,True,False,True)" computerName="CODESEAL" duration="00:00:00.0711760" startTime="2026-09-09T18:53:44.3490904+08:00" endTime="2026-09-09T18:53:44.4202616+08:00" testType="13cdc9d9-ddb5-4fa4-a97d-d965ccfc6d4b" outcome="Passed" testListId="8c84fa94-04c1-424b-9868-57a2d4851a1d" relativeResultsDirectory="7f204b78-a1d1-496f-8c89-6629cd41b0ee">
      <Output>
        <StdOut>1000,True,False,True,0.313900,0.341200,0,0,0</StdOut>
      </Output>
    </UnitTestResult>
    <UnitTestResult executionId="273d7ad7-d515-44a2-a20d-dafadfe60272" testId="4ddd7984-bd16-151d-aac5-3bb0a9fed6c6" testName="SyncAndBehavior_Scale(10000,3,False,1)" computerName="CODESEAL" duration="00:00:00.3802340" startTime="2026-09-09T18:54:11.7506725+08:00" endTime="2026-09-09T18:54:12.1308886+08:00" testType="13cdc9d9-ddb5-4fa4-a97d-d965ccfc6d4b" outcome="Passed" testListId="8c84fa94-04c1-424b-9868-57a2d4851a1d" relativeResultsDirectory="273d7ad7-d515-44a2-a20d-dafadfe60272">
      <Output>
        <StdOut>10000,3,False,1,0.896400,1.188400,0.001100,0.003500,0</StdOut>
      </Output>
    </UnitTestResult>
    <UnitTestResult executionId="07b6c277-2fc6-4588-a154-390ee6091037" testId="7f8cda25-ed15-29ae-b82f-85ec5e4a1d81" testName="ParameterChanges_VisitOnlyActiveConsumers(5000,True,True,True)" computerName="CODESEAL" duration="00:00:00.3670930" startTime="2026-09-09T18:53:50.2145799+08:00" endTime="2026-09-09T18:53:50.5816564+08:00" testType="13cdc9d9-ddb5-4fa4-a97d-d965ccfc6d4b" outcome="Passed" testListId="8c84fa94-04c1-424b-9868-57a2d4851a1d" relativeResultsDirectory="07b6c277-2fc6-4588-a154-390ee6091037">
      <Output>
        <StdOut>5000,True,True,True,1.449700,1.606500,0,0,0</StdOut>
      </Output>
    </UnitTestResult>
    <UnitTestResult executionId="64089789-f4fc-4d5d-b855-a1f59b23b7fd" testId="d3f086f3-390d-807d-5511-4f838de3e7af" testName="SyncAndBehavior_Scale(5000,3,False,-1)" computerName="CODESEAL" duration="00:00:00.2719690" startTime="2026-09-09T18:54:07.2844684+08:00" endTime="2026-09-09T18:54:07.5564251+08:00" testType="13cdc9d9-ddb5-4fa4-a97d-d965ccfc6d4b" outcome="Passed" testListId="8c84fa94-04c1-424b-9868-57a2d4851a1d" relativeResultsDirectory="64089789-f4fc-4d5d-b855-a1f59b23b7fd">
      <Output>
        <StdOut>5000,3,False,5000,1.501300,1.648900,0.001000,0.004200,0</StdOut>
      </Output>
    </UnitTestResult>
    <UnitTestResult executionId="fcec3aa3-1734-4a58-a8b7-2296e708535c" testId="5bb3325f-db6f-a716-5661-0d08ce8c3919" testName="SyncAndBehavior_Scale(10000,3,True,0)" computerName="CODESEAL" duration="00:00:01.5546080" startTime="2026-09-09T18:54:12.7438521+08:00" endTime="2026-09-09T18:54:14.2983911+08:00" testType="13cdc9d9-ddb5-4fa4-a97d-d965ccfc6d4b" outcome="Passed" testListId="8c84fa94-04c1-424b-9868-57a2d4851a1d" relativeResultsDirectory="fcec3aa3-1734-4a58-a8b7-2296e708535c">
      <Output>
        <StdOut>10000,3,True,0,1.227300,1.409300,0.001100,0.002200,0</StdOut>
      </Output>
    </UnitTestResult>
    <UnitTestResult executionId="3839b8e9-7135-4250-a26d-cb4b8a5135e0" testId="960e77e7-65e6-3907-b3ad-340467cc8c0c" testName="ParameterChanges_VisitOnlyActiveConsumers(5000,False,False,False)" computerName="CODESEAL" duration="00:00:00.4567140" startTime="2026-09-09T18:53:44.5506696+08:00" endTime="2026-09-09T18:53:45.0073633+08:00" testType="13cdc9d9-ddb5-4fa4-a97d-d965ccfc6d4b" outcome="Passed" testListId="8c84fa94-04c1-424b-9868-57a2d4851a1d" relativeResultsDirectory="3839b8e9-7135-4250-a26d-cb4b8a5135e0">
      <Output>
        <StdOut>5000,False,False,False,1.763000,1.872700,0,0,30000</StdOut>
      </Output>
    </UnitTestResult>
    <UnitTestResult executionId="825d2f0b-3fea-4534-ab7e-cb1df08308f2" testId="abf4272e-e822-b3c2-f8f2-e21c1f8f7e54" testName="SyncAndBehavior_Scale(1000,0,False,1)" computerName="CODESEAL" duration="00:00:00.0204900" startTime="2026-09-09T18:54:05.9252542+08:00" endTime="2026-09-09T18:54:05.9457425+08:00" testType="13cdc9d9-ddb5-4fa4-a97d-d965ccfc6d4b" outcome="Passed" testListId="8c84fa94-04c1-424b-9868-57a2d4851a1d" relativeResultsDirectory="825d2f0b-3fea-4534-ab7e-cb1df08308f2">
      <Output>
        <StdOut>1000,0,False,1,0.054600,0.081600,0.000300,0.000500,0</StdOut>
      </Output>
    </UnitTestResult>
    <UnitTestResult executionId="2f95515a-6575-4dfc-9f1a-b85b67e890d9" testId="afb5dec9-bf93-0c57-3fe7-1b78dedb83ca" testName="SyncAndBehavior_Scale(10000,0,False,1)" computerName="CODESEAL" duration="00:00:00.1629420" startTime="2026-09-09T18:54:10.7451333+08:00" endTime="2026-09-09T18:54:10.9080668+08:00" testType="13cdc9d9-ddb5-4fa4-a97d-d965ccfc6d4b" outcome="Passed" testListId="8c84fa94-04c1-424b-9868-57a2d4851a1d" relativeResultsDirectory="2f95515a-6575-4dfc-9f1a-b85b67e890d9">
      <Output>
        <StdOut>10000,0,False,1,0.683000,1.763400,0.000800,0.006200,0</StdOut>
      </Output>
    </UnitTestResult>
    <UnitTestResult executionId="276421b1-3958-4704-849c-4f02558f9982" testId="a8a035d7-67a7-1804-45e3-802d4a3efefd" testName="ParameterChanges_VisitOnlyActiveConsumers(5000,True,True,False)" computerName="CODESEAL" duration="00:00:00.2989470" startTime="2026-09-09T18:53:49.9155890+08:00" endTime="2026-09-09T18:53:50.2145221+08:00" testType="13cdc9d9-ddb5-4fa4-a97d-d965ccfc6d4b" outcome="Passed" testListId="8c84fa94-04c1-424b-9868-57a2d4851a1d" relativeResultsDirectory="276421b1-3958-4704-849c-4f02558f9982">
      <Output>
        <StdOut>5000,True,True,False,0.861100,1.469500,0,0,0</StdOut>
      </Output>
    </UnitTestResult>
    <UnitTestResult executionId="e94188b3-9571-486c-87dd-086bb034c8c3" testId="419ac476-91c1-e72c-c9b1-13c43d26533d" testName="ParameterChanges_VisitOnlyActiveConsumers(1000,False,False,False)" computerName="CODESEAL" duration="00:00:00.8368250" startTime="2026-09-09T18:53:42.6706957+08:00" endTime="2026-09-09T18:53:43.5072325+08:00" testType="13cdc9d9-ddb5-4fa4-a97d-d965ccfc6d4b" outcome="Passed" testListId="8c84fa94-04c1-424b-9868-57a2d4851a1d" relativeResultsDirectory="e94188b3-9571-486c-87dd-086bb034c8c3">
      <Output>
        <StdOut>1000,False,False,False,0.337600,0.375800,0,0,6000</StdOut>
      </Output>
    </UnitTestResult>
  </Results>
  <TestDefinitions>
    <UnitTest name="ParameterChanges_VisitOnlyActiveConsumers(1000,True,True,False)" storage="c:\001_ai\ludots-presenter-attachment-benchmark-baseline\src\tests\presentationtests\bin\release\net9.0\presentationtests.dll" id="6378b943-c315-bd61-1ae6-33b07c968e45">
      <Execution id="cd2fb725-1059-40a2-8987-686ac3171566" />
      <TestMethod codeBase="C:\001_AI\Ludots-presenter-attachment-benchmark-baseline\src\Tests\PresentationTests\bin\Release\net9.0\PresentationTests.dll" adapterTypeName="executor://nunit3testexecutor/" className="Ludots.Tests.Presentation.PresenterAttachmentScaleTests" name="ParameterChanges_VisitOnlyActiveConsumers(1000,True,True,False)" />
    </UnitTest>
    <UnitTest name="SyncAndBehavior_Scale(1000,0,False,1)" storage="c:\001_ai\ludots-presenter-attachment-benchmark-baseline\src\tests\presentationtests\bin\release\net9.0\presentationtests.dll" id="abf4272e-e822-b3c2-f8f2-e21c1f8f7e54">
      <Execution id="825d2f0b-3fea-4534-ab7e-cb1df08308f2" />
      <TestMethod codeBase="C:\001_AI\Ludots-presenter-attachment-benchmark-baseline\src\Tests\PresentationTests\bin\Release\net9.0\PresentationTests.dll" adapterTypeName="executor://nunit3testexecutor/" className="Ludots.Tests.Presentation.PresenterAttachmentScaleTests" name="SyncAndBehavior_Scale(1000,0,False,1)" />
    </UnitTest>
    <UnitTest name="SyncAndBehavior_Scale(5000,0,False,1)" storage="c:\001_ai\ludots-presenter-attachment-benchmark-baseline\src\tests\presentationtests\bin\release\net9.0\presentationtests.dll" id="b76413e5-0eb7-210d-e41e-1ee01cfb01a6">
      <Execution id="4e3abb8e-247c-4316-9f76-a74bb65b8b52" />
      <TestMethod codeBase="C:\001_AI\Ludots-presenter-attachment-benchmark-baseline\src\Tests\PresentationTests\bin\Release\net9.0\PresentationTests.dll" adapterTypeName="executor://nunit3testexecutor/" className="Ludots.Tests.Presentation.PresenterAttachmentScaleTests" name="SyncAndBehavior_Scale(5000,0,False,1)" />
    </UnitTest>
    <UnitTest name="SyncAndBehavior_Scale(5000,0,False,0)" storage="c:\001_ai\ludots-presenter-attachment-benchmark-baseline\src\tests\presentationtests\bin\release\net9.0\presentationtests.dll" id="10d06f02-31de-cebf-26cf-ebb2b980e672">
      <Execution id="5ed9e712-ddba-490c-a5b8-c22fcf952f15" />
      <TestMethod codeBase="C:\001_AI\Ludots-presenter-attachment-benchmark-baseline\src\Tests\PresentationTests\bin\Release\net9.0\PresentationTests.dll" adapterTypeName="executor://nunit3testexecutor/" className="Ludots.Tests.Presentation.PresenterAttachmentScaleTests" name="SyncAndBehavior_Scale(5000,0,False,0)" />
    </UnitTest>
    <UnitTest name="ParameterChanges_VisitOnlyActiveConsumers(5000,False,True,True)" storage="c:\001_ai\ludots-presenter-attachment-benchmark-baseline\src\tests\presentationtests\bin\release\net9.0\presentationtests.dll" id="03130235-7215-fe03-455d-05e0f5a39ce9">
      <Execution id="38db3434-8f19-4cdb-b768-6c60eccaca5c" />
      <TestMethod codeBase="C:\001_AI\Ludots-presenter-attachment-benchmark-baseline\src\Tests\PresentationTests\bin\Release\net9.0\PresentationTests.dll" adapterTypeName="executor://nunit3testexecutor/" className="Ludots.Tests.Presentation.PresenterAttachmentScaleTests" name="ParameterChanges_VisitOnlyActiveConsumers(5000,False,True,True)" />
    </UnitTest>
    <UnitTest name="SyncAndBehavior_Scale(10000,3,False,0)" storage="c:\001_ai\ludots-presenter-attachment-benchmark-baseline\src\tests\presentationtests\bin\release\net9.0\presentationtests.dll" id="07413c48-a384-0834-9a90-de019a2df7d2">
      <Execution id="a040d3d0-3937-472b-9c4d-e744ddf4a2a0" />
      <TestMethod codeBase="C:\001_AI\Ludots-presenter-attachment-benchmark-baseline\src\Tests\PresentationTests\bin\Release\net9.0\PresentationTests.dll" adapterTypeName="executor://nunit3testexecutor/" className="Ludots.Tests.Presentation.PresenterAttachmentScaleTests" name="SyncAndBehavior_Scale(10000,3,False,0)" />
    </UnitTest>
    <UnitTest name="ParameterChanges_VisitOnlyActiveConsumers(5000,False,False,False)" storage="c:\001_ai\ludots-presenter-attachment-benchmark-baseline\src\tests\presentationtests\bin\release\net9.0\presentationtests.dll" id="960e77e7-65e6-3907-b3ad-340467cc8c0c">
      <Execution id="3839b8e9-7135-4250-a26d-cb4b8a5135e0" />
      <TestMethod codeBase="C:\001_AI\Ludots-presenter-attachment-benchmark-baseline\src\Tests\PresentationTests\bin\Release\net9.0\PresentationTests.dll" adapterTypeName="executor://nunit3testexecutor/" className="Ludots.Tests.Presentation.PresenterAttachmentScaleTests" name="ParameterChanges_VisitOnlyActiveConsumers(5000,False,False,False)" />
    </UnitTest>
    <UnitTest name="ParameterChanges_VisitOnlyActiveConsumers(1000,True,True,True)" storage="c:\001_ai\ludots-presenter-attachment-benchmark-baseline\src\tests\presentationtests\bin\release\net9.0\presentationtests.dll" id="3ace592b-3dc4-6f1c-d181-207fcac90b89">
      <Execution id="b6065b88-d45d-4da5-b416-c144df8b648d" />
      <TestMethod codeBase="C:\001_AI\Ludots-presenter-attachment-benchmark-baseline\src\Tests\PresentationTests\bin\Release\net9.0\PresentationTests.dll" adapterTypeName="executor://nunit3testexecutor/" className="Ludots.Tests.Presentation.PresenterAttachmentScaleTests" name="ParameterChanges_VisitOnlyActiveConsumers(1000,True,True,True)" />
    </UnitTest>
    <UnitTest name="ParameterChanges_VisitOnlyActiveConsumers(1000,True,False,False)" storage="c:\001_ai\ludots-presenter-attachment-benchmark-baseline\src\tests\presentationtests\bin\release\net9.0\presentationtests.dll" id="6c91a9c2-4ab4-e245-f4d9-ee0f9192b324">
      <Execution id="3237c5bf-6b87-4708-b056-c9feb91e130b" />
      <TestMethod codeBase="C:\001_AI\Ludots-presenter-attachment-benchmark-baseline\src\Tests\PresentationTests\bin\Release\net9.0\PresentationTests.dll" adapterTypeName="executor://nunit3testexecutor/" className="Ludots.Tests.Presentation.PresenterAttachmentScaleTests" name="ParameterChanges_VisitOnlyActiveConsumers(1000,True,False,False)" />
    </UnitTest>
    <UnitTest name="ParameterChanges_VisitOnlyActiveConsumers(1000,False,False,True)" storage="c:\001_ai\ludots-presenter-attachment-benchmark-baseline\src\tests\presentationtests\bin\release\net9.0\presentationtests.dll" id="b9d8693e-d6d4-1e44-af07-7d8888f57ae2">
      <Execution id="c65dd887-0a73-4452-ad38-94b185ad2201" />
      <TestMethod codeBase="C:\001_AI\Ludots-presenter-attachment-benchmark-baseline\src\Tests\PresentationTests\bin\Release\net9.0\PresentationTests.dll" adapterTypeName="executor://nunit3testexecutor/" className="Ludots.Tests.Presentation.PresenterAttachmentScaleTests" name="ParameterChanges_VisitOnlyActiveConsumers(1000,False,False,True)" />
    </UnitTest>
    <UnitTest name="SyncAndBehavior_Scale(5000,3,True,1)" storage="c:\001_ai\ludots-presenter-attachment-benchmark-baseline\src\tests\presentationtests\bin\release\net9.0\presentationtests.dll" id="16b446ae-eace-4e46-de44-3a185e2f92ed">
      <Execution id="c8f3d9cd-a661-44e4-8251-8dab0ee5eb26" />
      <TestMethod codeBase="C:\001_AI\Ludots-presenter-attachment-benchmark-baseline\src\Tests\PresentationTests\bin\Release\net9.0\PresentationTests.dll" adapterTypeName="executor://nunit3testexecutor/" className="Ludots.Tests.Presentation.PresenterAttachmentScaleTests" name="SyncAndBehavior_Scale(5000,3,True,1)" />
    </UnitTest>
    <UnitTest name="SyncAndBehavior_Scale(1000,3,True,0)" storage="c:\001_ai\ludots-presenter-attachment-benchmark-baseline\src\tests\presentationtests\bin\release\net9.0\presentationtests.dll" id="c4f43b36-f033-690c-4fa5-4a80de3f9e5f">
      <Execution id="2f0aae9a-cbc2-4598-b2da-5b73fc6f0692" />
      <TestMethod codeBase="C:\001_AI\Ludots-presenter-attachment-benchmark-baseline\src\Tests\PresentationTests\bin\Release\net9.0\PresentationTests.dll" adapterTypeName="executor://nunit3testexecutor/" className="Ludots.Tests.Presentation.PresenterAttachmentScaleTests" name="SyncAndBehavior_Scale(1000,3,True,0)" />
    </UnitTest>
    <UnitTest name="SyncAndBehavior_Scale(1000,3,False,1)" storage="c:\001_ai\ludots-presenter-attachment-benchmark-baseline\src\tests\presentationtests\bin\release\net9.0\presentationtests.dll" id="d3f2dffa-2334-8d87-edba-dd8e144827d0">
      <Execution id="59b0d257-1e18-4c45-adc5-ba20eb5e432c" />
      <TestMethod codeBase="C:\001_AI\Ludots-presenter-attachment-benchmark-baseline\src\Tests\PresentationTests\bin\Release\net9.0\PresentationTests.dll" adapterTypeName="executor://nunit3testexecutor/" className="Ludots.Tests.Presentation.PresenterAttachmentScaleTests" name="SyncAndBehavior_Scale(1000,3,False,1)" />
    </UnitTest>
    <UnitTest name="ParameterChanges_VisitOnlyActiveConsumers(10000,True,True,True)" storage="c:\001_ai\ludots-presenter-attachment-benchmark-baseline\src\tests\presentationtests\bin\release\net9.0\presentationtests.dll" id="e40bcbed-67a6-9728-7c19-ffb22894f16a">
      <Execution id="3eed9c8c-b8e8-4db0-96a3-c8b0b01c6c2b" />
      <TestMethod codeBase="C:\001_AI\Ludots-presenter-attachment-benchmark-baseline\src\Tests\PresentationTests\bin\Release\net9.0\PresentationTests.dll" adapterTypeName="executor://nunit3testexecutor/" className="Ludots.Tests.Presentation.PresenterAttachmentScaleTests" name="ParameterChanges_VisitOnlyActiveConsumers(10000,True,True,True)" />
    </UnitTest>
    <UnitTest name="SyncAndBehavior_Scale(10000,3,True,-1)" storage="c:\001_ai\ludots-presenter-attachment-benchmark-baseline\src\tests\presentationtests\bin\release\net9.0\presentationtests.dll" id="17ebb53f-395c-7ffa-81a2-e4c7321558df">
      <Execution id="716477b8-5d0d-4ea0-84a8-3fe850e5bba7" />
      <TestMethod codeBase="C:\001_AI\Ludots-presenter-attachment-benchmark-baseline\src\Tests\PresentationTests\bin\Release\net9.0\PresentationTests.dll" adapterTypeName="executor://nunit3testexecutor/" className="Ludots.Tests.Presentation.PresenterAttachmentScaleTests" name="SyncAndBehavior_Scale(10000,3,True,-1)" />
    </UnitTest>
    <UnitTest name="SyncAndBehavior_Scale(1000,3,False,0)" storage="c:\001_ai\ludots-presenter-attachment-benchmark-baseline\src\tests\presentationtests\bin\release\net9.0\presentationtests.dll" id="7ed8fc48-b2d2-5acf-25b8-e09fc3e026fb">
      <Execution id="96af00f0-8a9c-44c5-8a43-e8a8a27b33c5" />
      <TestMethod codeBase="C:\001_AI\Ludots-presenter-attachment-benchmark-baseline\src\Tests\PresentationTests\bin\Release\net9.0\PresentationTests.dll" adapterTypeName="executor://nunit3testexecutor/" className="Ludots.Tests.Presentation.PresenterAttachmentScaleTests" name="SyncAndBehavior_Scale(1000,3,False,0)" />
    </UnitTest>
    <UnitTest name="ParameterChanges_VisitOnlyActiveConsumers(5000,False,True,False)" storage="c:\001_ai\ludots-presenter-attachment-benchmark-baseline\src\tests\presentationtests\bin\release\net9.0\presentationtests.dll" id="8c63e780-9edd-91a1-b031-3145a6a2a02b">
      <Execution id="d771dbaa-59e7-4e0d-9c43-7ed81527a9f6" />
      <TestMethod codeBase="C:\001_AI\Ludots-presenter-attachment-benchmark-baseline\src\Tests\PresentationTests\bin\Release\net9.0\PresentationTests.dll" adapterTypeName="executor://nunit3testexecutor/" className="Ludots.Tests.Presentation.PresenterAttachmentScaleTests" name="ParameterChanges_VisitOnlyActiveConsumers(5000,False,True,False)" />
    </UnitTest>
    <UnitTest name="ParameterChanges_VisitOnlyActiveConsumers(5000,True,False,True)" storage="c:\001_ai\ludots-presenter-attachment-benchmark-baseline\src\tests\presentationtests\bin\release\net9.0\presentationtests.dll" id="f09c9b74-16d2-55c7-f502-1f7b196911b1">
      <Execution id="f6ee4939-fe5e-4a2d-a67c-df53273e37d9" />
      <TestMethod codeBase="C:\001_AI\Ludots-presenter-attachment-benchmark-baseline\src\Tests\PresentationTests\bin\Release\net9.0\PresentationTests.dll" adapterTypeName="executor://nunit3testexecutor/" className="Ludots.Tests.Presentation.PresenterAttachmentScaleTests" name="ParameterChanges_VisitOnlyActiveConsumers(5000,True,False,True)" />
    </UnitTest>
    <UnitTest name="ParameterChanges_VisitOnlyActiveConsumers(1000,False,True,True)" storage="c:\001_ai\ludots-presenter-attachment-benchmark-baseline\src\tests\presentationtests\bin\release\net9.0\presentationtests.dll" id="e9fc44a7-5c54-273f-3ff0-11535d3fefd5">
      <Execution id="2b489d7f-3cd2-4c48-9fa4-5b4115f091e3" />
      <TestMethod codeBase="C:\001_AI\Ludots-presenter-attachment-benchmark-baseline\src\Tests\PresentationTests\bin\Release\net9.0\PresentationTests.dll" adapterTypeName="executor://nunit3testexecutor/" className="Ludots.Tests.Presentation.PresenterAttachmentScaleTests" name="ParameterChanges_VisitOnlyActiveConsumers(1000,False,True,True)" />
    </UnitTest>
    <UnitTest name="SyncAndBehavior_Scale(1000,0,False,0)" storage="c:\001_ai\ludots-presenter-attachment-benchmark-baseline\src\tests\presentationtests\bin\release\net9.0\presentationtests.dll" id="f52c4223-5afd-02e3-5c06-acc21583df5b">
      <Execution id="f8929a0c-3e86-4e2e-8cbd-2422cc405f47" />
      <TestMethod codeBase="C:\001_AI\Ludots-presenter-attachment-benchmark-baseline\src\Tests\PresentationTests\bin\Release\net9.0\PresentationTests.dll" adapterTypeName="executor://nunit3testexecutor/" className="Ludots.Tests.Presentation.PresenterAttachmentScaleTests" name="SyncAndBehavior_Scale(1000,0,False,0)" />
    </UnitTest>
    <UnitTest name="SyncAndBehavior_Scale(5000,0,False,-1)" storage="c:\001_ai\ludots-presenter-attachment-benchmark-baseline\src\tests\presentationtests\bin\release\net9.0\presentationtests.dll" id="8e5884b4-2050-c324-3161-fcd924aeffff">
      <Execution id="1c5d864c-4c18-489c-9651-6225fcdc8e6f" />
      <TestMethod codeBase="C:\001_AI\Ludots-presenter-attachment-benchmark-baseline\src\Tests\PresentationTests\bin\Release\net9.0\PresentationTests.dll" adapterTypeName="executor://nunit3testexecutor/" className="Ludots.Tests.Presentation.PresenterAttachmentScaleTests" name="SyncAndBehavior_Scale(5000,0,False,-1)" />
    </UnitTest>
    <UnitTest name="SyncAndBehavior_Scale(5000,3,True,0)" storage="c:\001_ai\ludots-presenter-attachment-benchmark-baseline\src\tests\presentationtests\bin\release\net9.0\presentationtests.dll" id="7214272f-dca0-92d1-960a-8e60216047b2">
      <Execution id="1e7cbe36-423f-4c8d-be9b-d4e0c40944c6" />
      <TestMethod codeBase="C:\001_AI\Ludots-presenter-attachment-benchmark-baseline\src\Tests\PresentationTests\bin\Release\net9.0\PresentationTests.dll" adapterTypeName="executor://nunit3testexecutor/" className="Ludots.Tests.Presentation.PresenterAttachmentScaleTests" name="SyncAndBehavior_Scale(5000,3,True,0)" />
    </UnitTest>
    <UnitTest name="SyncAndBehavior_Scale(10000,3,True,1)" storage="c:\001_ai\ludots-presenter-attachment-benchmark-baseline\src\tests\presentationtests\bin\release\net9.0\presentationtests.dll" id="d89f4d76-065b-61f0-c382-a20a20b5e300">
      <Execution id="5a8addfc-dadf-4d77-8a04-a1bff692b629" />
      <TestMethod codeBase="C:\001_AI\Ludots-presenter-attachment-benchmark-baseline\src\Tests\PresentationTests\bin\Release\net9.0\PresentationTests.dll" adapterTypeName="executor://nunit3testexecutor/" className="Ludots.Tests.Presentation.PresenterAttachmentScaleTests" name="SyncAndBehavior_Scale(10000,3,True,1)" />
    </UnitTest>
    <UnitTest name="ParameterChanges_VisitOnlyActiveConsumers(10000,False,True,False)" storage="c:\001_ai\ludots-presenter-attachment-benchmark-baseline\src\tests\presentationtests\bin\release\net9.0\presentationtests.dll" id="320d7f2e-e395-9074-3419-850ad3f41913">
      <Execution id="749e9af1-ce39-4173-9da4-1eb0b0a0d5d2" />
      <TestMethod codeBase="C:\001_AI\Ludots-presenter-attachment-benchmark-baseline\src\Tests\PresentationTests\bin\Release\net9.0\PresentationTests.dll" adapterTypeName="executor://nunit3testexecutor/" className="Ludots.Tests.Presentation.PresenterAttachmentScaleTests" name="ParameterChanges_VisitOnlyActiveConsumers(10000,False,True,False)" />
    </UnitTest>
    <UnitTest name="SyncAndBehavior_Scale(10000,3,False,-1)" storage="c:\001_ai\ludots-presenter-attachment-benchmark-baseline\src\tests\presentationtests\bin\release\net9.0\presentationtests.dll" id="ee446543-05e9-4d30-c66d-6872d52cde90">
      <Execution id="18258f95-1ee7-477c-b818-efecc56b8a84" />
      <TestMethod codeBase="C:\001_AI\Ludots-presenter-attachment-benchmark-baseline\src\Tests\PresentationTests\bin\Release\net9.0\PresentationTests.dll" adapterTypeName="executor://nunit3testexecutor/" className="Ludots.Tests.Presentation.PresenterAttachmentScaleTests" name="SyncAndBehavior_Scale(10000,3,False,-1)" />
    </UnitTest>
    <UnitTest name="SyncAndBehavior_Scale(10000,0,False,-1)" storage="c:\001_ai\ludots-presenter-attachment-benchmark-baseline\src\tests\presentationtests\bin\release\net9.0\presentationtests.dll" id="5d1d4a0e-b558-fb5d-694b-5be2552a077c">
      <Execution id="8dd20964-f12c-44e4-a0c2-ad10ac132e2a" />
      <TestMethod codeBase="C:\001_AI\Ludots-presenter-attachment-benchmark-baseline\src\Tests\PresentationTests\bin\Release\net9.0\PresentationTests.dll" adapterTypeName="executor://nunit3testexecutor/" className="Ludots.Tests.Presentation.PresenterAttachmentScaleTests" name="SyncAndBehavior_Scale(10000,0,False,-1)" />
    </UnitTest>
    <UnitTest name="ParameterChanges_VisitOnlyActiveConsumers(1000,False,True,False)" storage="c:\001_ai\ludots-presenter-attachment-benchmark-baseline\src\tests\presentationtests\bin\release\net9.0\presentationtests.dll" id="9d156268-417d-4041-24d5-40e101d036ea">
      <Execution id="2748e598-ed9b-481b-95c9-8759617ce98e" />
      <TestMethod codeBase="C:\001_AI\Ludots-presenter-attachment-benchmark-baseline\src\Tests\PresentationTests\bin\Release\net9.0\PresentationTests.dll" adapterTypeName="executor://nunit3testexecutor/" className="Ludots.Tests.Presentation.PresenterAttachmentScaleTests" name="ParameterChanges_VisitOnlyActiveConsumers(1000,False,True,False)" />
    </UnitTest>
    <UnitTest name="ParameterChanges_VisitOnlyActiveConsumers(10000,True,False,False)" storage="c:\001_ai\ludots-presenter-attachment-benchmark-baseline\src\tests\presentationtests\bin\release\net9.0\presentationtests.dll" id="50c070db-bbf0-8ba2-d86c-35c556b7a39a">
      <Execution id="4be68572-5c66-4a1b-9a24-8e1b70c2cdf1" />
      <TestMethod codeBase="C:\001_AI\Ludots-presenter-attachment-benchmark-baseline\src\Tests\PresentationTests\bin\Release\net9.0\PresentationTests.dll" adapterTypeName="executor://nunit3testexecutor/" className="Ludots.Tests.Presentation.PresenterAttachmentScaleTests" name="ParameterChanges_VisitOnlyActiveConsumers(10000,True,False,False)" />
    </UnitTest>
    <UnitTest name="SyncAndBehavior_Scale(5000,3,False,1)" storage="c:\001_ai\ludots-presenter-attachment-benchmark-baseline\src\tests\presentationtests\bin\release\net9.0\presentationtests.dll" id="dcc01cac-a5d6-aaa1-7526-eed252ff7b1b">
      <Execution id="6ce87374-cd3c-4321-92d6-a56021dae06e" />
      <TestMethod codeBase="C:\001_AI\Ludots-presenter-attachment-benchmark-baseline\src\Tests\PresentationTests\bin\Release\net9.0\PresentationTests.dll" adapterTypeName="executor://nunit3testexecutor/" className="Ludots.Tests.Presentation.PresenterAttachmentScaleTests" name="SyncAndBehavior_Scale(5000,3,False,1)" />
    </UnitTest>
    <UnitTest name="SyncAndBehavior_Scale(10000,3,True,0)" storage="c:\001_ai\ludots-presenter-attachment-benchmark-baseline\src\tests\presentationtests\bin\release\net9.0\presentationtests.dll" id="5bb3325f-db6f-a716-5661-0d08ce8c3919">
      <Execution id="fcec3aa3-1734-4a58-a8b7-2296e708535c" />
      <TestMethod codeBase="C:\001_AI\Ludots-presenter-attachment-benchmark-baseline\src\Tests\PresentationTests\bin\Release\net9.0\PresentationTests.dll" adapterTypeName="executor://nunit3testexecutor/" className="Ludots.Tests.Presentation.PresenterAttachmentScaleTests" name="SyncAndBehavior_Scale(10000,3,True,0)" />
    </UnitTest>
    <UnitTest name="ParameterChanges_VisitOnlyActiveConsumers(10000,True,False,True)" storage="c:\001_ai\ludots-presenter-attachment-benchmark-baseline\src\tests\presentationtests\bin\release\net9.0\presentationtests.dll" id="92fada6a-a9c9-7bd0-deac-f7b5ee1ee7aa">
      <Execution id="f143c8fc-aa71-4231-9e91-7ef46baa5f4e" />
      <TestMethod codeBase="C:\001_AI\Ludots-presenter-attachment-benchmark-baseline\src\Tests\PresentationTests\bin\Release\net9.0\PresentationTests.dll" adapterTypeName="executor://nunit3testexecutor/" className="Ludots.Tests.Presentation.PresenterAttachmentScaleTests" name="ParameterChanges_VisitOnlyActiveConsumers(10000,True,False,True)" />
    </UnitTest>
    <UnitTest name="ParameterChanges_VisitOnlyActiveConsumers(10000,True,True,False)" storage="c:\001_ai\ludots-presenter-attachment-benchmark-baseline\src\tests\presentationtests\bin\release\net9.0\presentationtests.dll" id="6a59e0fb-1869-903f-363b-00b16846c8e2">
      <Execution id="1b94be9e-3e92-412e-8b8c-7b584ef47e82" />
      <TestMethod codeBase="C:\001_AI\Ludots-presenter-attachment-benchmark-baseline\src\Tests\PresentationTests\bin\Release\net9.0\PresentationTests.dll" adapterTypeName="executor://nunit3testexecutor/" className="Ludots.Tests.Presentation.PresenterAttachmentScaleTests" name="ParameterChanges_VisitOnlyActiveConsumers(10000,True,True,False)" />
    </UnitTest>
    <UnitTest name="SyncAndBehavior_Scale(1000,3,True,1)" storage="c:\001_ai\ludots-presenter-attachment-benchmark-baseline\src\tests\presentationtests\bin\release\net9.0\presentationtests.dll" id="30db5d66-5d75-b1a4-673d-2a2f5b239e61">
      <Execution id="a019c8be-5a8f-4f0e-b81e-24bc958bef12" />
      <TestMethod codeBase="C:\001_AI\Ludots-presenter-attachment-benchmark-baseline\src\Tests\PresentationTests\bin\Release\net9.0\PresentationTests.dll" adapterTypeName="executor://nunit3testexecutor/" className="Ludots.Tests.Presentation.PresenterAttachmentScaleTests" name="SyncAndBehavior_Scale(1000,3,True,1)" />
    </UnitTest>
    <UnitTest name="SyncAndBehavior_Scale(10000,0,False,1)" storage="c:\001_ai\ludots-presenter-attachment-benchmark-baseline\src\tests\presentationtests\bin\release\net9.0\presentationtests.dll" id="afb5dec9-bf93-0c57-3fe7-1b78dedb83ca">
      <Execution id="2f95515a-6575-4dfc-9f1a-b85b67e890d9" />
      <TestMethod codeBase="C:\001_AI\Ludots-presenter-attachment-benchmark-baseline\src\Tests\PresentationTests\bin\Release\net9.0\PresentationTests.dll" adapterTypeName="executor://nunit3testexecutor/" className="Ludots.Tests.Presentation.PresenterAttachmentScaleTests" name="SyncAndBehavior_Scale(10000,0,False,1)" />
    </UnitTest>
    <UnitTest name="SyncAndBehavior_Scale(1000,3,False,-1)" storage="c:\001_ai\ludots-presenter-attachment-benchmark-baseline\src\tests\presentationtests\bin\release\net9.0\presentationtests.dll" id="4e628128-5651-15b5-a8fe-9df0bc093cf2">
      <Execution id="2b5b0387-6dac-44b9-957e-773204eef001" />
      <TestMethod codeBase="C:\001_AI\Ludots-presenter-attachment-benchmark-baseline\src\Tests\PresentationTests\bin\Release\net9.0\PresentationTests.dll" adapterTypeName="executor://nunit3testexecutor/" className="Ludots.Tests.Presentation.PresenterAttachmentScaleTests" name="SyncAndBehavior_Scale(1000,3,False,-1)" />
    </UnitTest>
    <UnitTest name="ParameterChanges_VisitOnlyActiveConsumers(5000,True,False,False)" storage="c:\001_ai\ludots-presenter-attachment-benchmark-baseline\src\tests\presentationtests\bin\release\net9.0\presentationtests.dll" id="2a9edada-7157-ad3b-e64c-57e90dc90880">
      <Execution id="0b4a2961-de36-48e6-9628-c9424ebfbd64" />
      <TestMethod codeBase="C:\001_AI\Ludots-presenter-attachment-benchmark-baseline\src\Tests\PresentationTests\bin\Release\net9.0\PresentationTests.dll" adapterTypeName="executor://nunit3testexecutor/" className="Ludots.Tests.Presentation.PresenterAttachmentScaleTests" name="ParameterChanges_VisitOnlyActiveConsumers(5000,True,False,False)" />
    </UnitTest>
    <UnitTest name="SyncAndBehavior_Scale(1000,0,False,-1)" storage="c:\001_ai\ludots-presenter-attachment-benchmark-baseline\src\tests\presentationtests\bin\release\net9.0\presentationtests.dll" id="3a5851f1-e2cf-8bb4-f545-a1d1e908ed77">
      <Execution id="bb94064a-931e-43ef-89c5-e7af52a538fe" />
      <TestMethod codeBase="C:\001_AI\Ludots-presenter-attachment-benchmark-baseline\src\Tests\PresentationTests\bin\Release\net9.0\PresentationTests.dll" adapterTypeName="executor://nunit3testexecutor/" className="Ludots.Tests.Presentation.PresenterAttachmentScaleTests" name="SyncAndBehavior_Scale(1000,0,False,-1)" />
    </UnitTest>
    <UnitTest name="ParameterChanges_VisitOnlyActiveConsumers(5000,True,True,False)" storage="c:\001_ai\ludots-presenter-attachment-benchmark-baseline\src\tests\presentationtests\bin\release\net9.0\presentationtests.dll" id="a8a035d7-67a7-1804-45e3-802d4a3efefd">
      <Execution id="276421b1-3958-4704-849c-4f02558f9982" />
      <TestMethod codeBase="C:\001_AI\Ludots-presenter-attachment-benchmark-baseline\src\Tests\PresentationTests\bin\Release\net9.0\PresentationTests.dll" adapterTypeName="executor://nunit3testexecutor/" className="Ludots.Tests.Presentation.PresenterAttachmentScaleTests" name="ParameterChanges_VisitOnlyActiveConsumers(5000,True,True,False)" />
    </UnitTest>
    <UnitTest name="ParameterChanges_VisitOnlyActiveConsumers(5000,True,True,True)" storage="c:\001_ai\ludots-presenter-attachment-benchmark-baseline\src\tests\presentationtests\bin\release\net9.0\presentationtests.dll" id="7f8cda25-ed15-29ae-b82f-85ec5e4a1d81">
      <Execution id="07b6c277-2fc6-4588-a154-390ee6091037" />
      <TestMethod codeBase="C:\001_AI\Ludots-presenter-attachment-benchmark-baseline\src\Tests\PresentationTests\bin\Release\net9.0\PresentationTests.dll" adapterTypeName="executor://nunit3testexecutor/" className="Ludots.Tests.Presentation.PresenterAttachmentScaleTests" name="ParameterChanges_VisitOnlyActiveConsumers(5000,True,True,True)" />
    </UnitTest>
    <UnitTest name="ParameterChanges_VisitOnlyActiveConsumers(10000,False,True,True)" storage="c:\001_ai\ludots-presenter-attachment-benchmark-baseline\src\tests\presentationtests\bin\release\net9.0\presentationtests.dll" id="599fe81e-d9fd-4a03-1b98-995aa15a695a">
      <Execution id="7246e5be-9fa6-4474-bc47-bd977abd4996" />
      <TestMethod codeBase="C:\001_AI\Ludots-presenter-attachment-benchmark-baseline\src\Tests\PresentationTests\bin\Release\net9.0\PresentationTests.dll" adapterTypeName="executor://nunit3testexecutor/" className="Ludots.Tests.Presentation.PresenterAttachmentScaleTests" name="ParameterChanges_VisitOnlyActiveConsumers(10000,False,True,True)" />
    </UnitTest>
    <UnitTest name="SyncAndBehavior_Scale(5000,3,False,-1)" storage="c:\001_ai\ludots-presenter-attachment-benchmark-baseline\src\tests\presentationtests\bin\release\net9.0\presentationtests.dll" id="d3f086f3-390d-807d-5511-4f838de3e7af">
      <Execution id="64089789-f4fc-4d5d-b855-a1f59b23b7fd" />
      <TestMethod codeBase="C:\001_AI\Ludots-presenter-attachment-benchmark-baseline\src\Tests\PresentationTests\bin\Release\net9.0\PresentationTests.dll" adapterTypeName="executor://nunit3testexecutor/" className="Ludots.Tests.Presentation.PresenterAttachmentScaleTests" name="SyncAndBehavior_Scale(5000,3,False,-1)" />
    </UnitTest>
    <UnitTest name="SyncAndBehavior_Scale(10000,3,False,1)" storage="c:\001_ai\ludots-presenter-attachment-benchmark-baseline\src\tests\presentationtests\bin\release\net9.0\presentationtests.dll" id="4ddd7984-bd16-151d-aac5-3bb0a9fed6c6">
      <Execution id="273d7ad7-d515-44a2-a20d-dafadfe60272" />
      <TestMethod codeBase="C:\001_AI\Ludots-presenter-attachment-benchmark-baseline\src\Tests\PresentationTests\bin\Release\net9.0\PresentationTests.dll" adapterTypeName="executor://nunit3testexecutor/" className="Ludots.Tests.Presentation.PresenterAttachmentScaleTests" name="SyncAndBehavior_Scale(10000,3,False,1)" />
    </UnitTest>
    <UnitTest name="SyncAndBehavior_Scale(1000,3,True,-1)" storage="c:\001_ai\ludots-presenter-attachment-benchmark-baseline\src\tests\presentationtests\bin\release\net9.0\presentationtests.dll" id="eac2afb8-5fe1-4f56-d915-8c9c724a1dd5">
      <Execution id="83df718b-4759-42cb-91fe-0fce331c341a" />
      <TestMethod codeBase="C:\001_AI\Ludots-presenter-attachment-benchmark-baseline\src\Tests\PresentationTests\bin\Release\net9.0\PresentationTests.dll" adapterTypeName="executor://nunit3testexecutor/" className="Ludots.Tests.Presentation.PresenterAttachmentScaleTests" name="SyncAndBehavior_Scale(1000,3,True,-1)" />
    </UnitTest>
    <UnitTest name="ParameterChanges_VisitOnlyActiveConsumers(1000,True,False,True)" storage="c:\001_ai\ludots-presenter-attachment-benchmark-baseline\src\tests\presentationtests\bin\release\net9.0\presentationtests.dll" id="3295b3c9-a688-47d4-1db7-69da2a464331">
      <Execution id="7f204b78-a1d1-496f-8c89-6629cd41b0ee" />
      <TestMethod codeBase="C:\001_AI\Ludots-presenter-attachment-benchmark-baseline\src\Tests\PresentationTests\bin\Release\net9.0\PresentationTests.dll" adapterTypeName="executor://nunit3testexecutor/" className="Ludots.Tests.Presentation.PresenterAttachmentScaleTests" name="ParameterChanges_VisitOnlyActiveConsumers(1000,True,False,True)" />
    </UnitTest>
    <UnitTest name="SyncAndBehavior_Scale(10000,0,False,0)" storage="c:\001_ai\ludots-presenter-attachment-benchmark-baseline\src\tests\presentationtests\bin\release\net9.0\presentationtests.dll" id="30f8ba4a-5004-3a3a-4c9e-1a8e3c69f20a">
      <Execution id="6c593f38-8916-41d7-bcde-c74f15f65e89" />
      <TestMethod codeBase="C:\001_AI\Ludots-presenter-attachment-benchmark-baseline\src\Tests\PresentationTests\bin\Release\net9.0\PresentationTests.dll" adapterTypeName="executor://nunit3testexecutor/" className="Ludots.Tests.Presentation.PresenterAttachmentScaleTests" name="SyncAndBehavior_Scale(10000,0,False,0)" />
    </UnitTest>
    <UnitTest name="SyncAndBehavior_Scale(5000,3,False,0)" storage="c:\001_ai\ludots-presenter-attachment-benchmark-baseline\src\tests\presentationtests\bin\release\net9.0\presentationtests.dll" id="1123a0a6-9a7a-324c-d2ca-d22aebd83e40">
      <Execution id="91333c6e-b5e0-41c6-a4a0-ef5dde8731ab" />
      <TestMethod codeBase="C:\001_AI\Ludots-presenter-attachment-benchmark-baseline\src\Tests\PresentationTests\bin\Release\net9.0\PresentationTests.dll" adapterTypeName="executor://nunit3testexecutor/" className="Ludots.Tests.Presentation.PresenterAttachmentScaleTests" name="SyncAndBehavior_Scale(5000,3,False,0)" />
    </UnitTest>
    <UnitTest name="ParameterChanges_VisitOnlyActiveConsumers(10000,False,False,True)" storage="c:\001_ai\ludots-presenter-attachment-benchmark-baseline\src\tests\presentationtests\bin\release\net9.0\presentationtests.dll" id="77289aca-54a3-5fda-b973-959e8ee17d67">
      <Execution id="eaa8d9b9-9ea4-4e38-9185-425c0cb42074" />
      <TestMethod codeBase="C:\001_AI\Ludots-presenter-attachment-benchmark-baseline\src\Tests\PresentationTests\bin\Release\net9.0\PresentationTests.dll" adapterTypeName="executor://nunit3testexecutor/" className="Ludots.Tests.Presentation.PresenterAttachmentScaleTests" name="ParameterChanges_VisitOnlyActiveConsumers(10000,False,False,True)" />
    </UnitTest>
    <UnitTest name="ParameterChanges_VisitOnlyActiveConsumers(1000,False,False,False)" storage="c:\001_ai\ludots-presenter-attachment-benchmark-baseline\src\tests\presentationtests\bin\release\net9.0\presentationtests.dll" id="419ac476-91c1-e72c-c9b1-13c43d26533d">
      <Execution id="e94188b3-9571-486c-87dd-086bb034c8c3" />
      <TestMethod codeBase="C:\001_AI\Ludots-presenter-attachment-benchmark-baseline\src\Tests\PresentationTests\bin\Release\net9.0\PresentationTests.dll" adapterTypeName="executor://nunit3testexecutor/" className="Ludots.Tests.Presentation.PresenterAttachmentScaleTests" name="ParameterChanges_VisitOnlyActiveConsumers(1000,False,False,False)" />
    </UnitTest>
    <UnitTest name="ParameterChanges_VisitOnlyActiveConsumers(5000,False,False,True)" storage="c:\001_ai\ludots-presenter-attachment-benchmark-baseline\src\tests\presentationtests\bin\release\net9.0\presentationtests.dll" id="5fbcce72-d72a-6289-bf1f-76204764091b">
      <Execution id="0461db80-8d20-4a8c-aa50-9692707000e0" />
      <TestMethod codeBase="C:\001_AI\Ludots-presenter-attachment-benchmark-baseline\src\Tests\PresentationTests\bin\Release\net9.0\PresentationTests.dll" adapterTypeName="executor://nunit3testexecutor/" className="Ludots.Tests.Presentation.PresenterAttachmentScaleTests" name="ParameterChanges_VisitOnlyActiveConsumers(5000,False,False,True)" />
    </UnitTest>
    <UnitTest name="SyncAndBehavior_Scale(5000,3,True,-1)" storage="c:\001_ai\ludots-presenter-attachment-benchmark-baseline\src\tests\presentationtests\bin\release\net9.0\presentationtests.dll" id="82251c8e-c21e-cee1-7427-eca171684c9f">
      <Execution id="3c956430-ab65-4b8c-b3bc-37c448e325d9" />
      <TestMethod codeBase="C:\001_AI\Ludots-presenter-attachment-benchmark-baseline\src\Tests\PresentationTests\bin\Release\net9.0\PresentationTests.dll" adapterTypeName="executor://nunit3testexecutor/" className="Ludots.Tests.Presentation.PresenterAttachmentScaleTests" name="SyncAndBehavior_Scale(5000,3,True,-1)" />
    </UnitTest>
    <UnitTest name="ParameterChanges_VisitOnlyActiveConsumers(10000,False,False,False)" storage="c:\001_ai\ludots-presenter-attachment-benchmark-baseline\src\tests\presentationtests\bin\release\net9.0\presentationtests.dll" id="5579ae99-17ce-6c50-c6e9-99c143261f15">
      <Execution id="a2ae0fdf-c0b6-4839-b4db-a6c1c452f76d" />
      <TestMethod codeBase="C:\001_AI\Ludots-presenter-attachment-benchmark-baseline\src\Tests\PresentationTests\bin\Release\net9.0\PresentationTests.dll" adapterTypeName="executor://nunit3testexecutor/" className="Ludots.Tests.Presentation.PresenterAttachmentScaleTests" name="ParameterChanges_VisitOnlyActiveConsumers(10000,False,False,False)" />
    </UnitTest>
  </TestDefinitions>
  <TestEntries>
    <TestEntry testId="1123a0a6-9a7a-324c-d2ca-d22aebd83e40" executionId="91333c6e-b5e0-41c6-a4a0-ef5dde8731ab" testListId="8c84fa94-04c1-424b-9868-57a2d4851a1d" />
    <TestEntry testId="07413c48-a384-0834-9a90-de019a2df7d2" executionId="a040d3d0-3937-472b-9c4d-e744ddf4a2a0" testListId="8c84fa94-04c1-424b-9868-57a2d4851a1d" />
    <TestEntry testId="92fada6a-a9c9-7bd0-deac-f7b5ee1ee7aa" executionId="f143c8fc-aa71-4231-9e91-7ef46baa5f4e" testListId="8c84fa94-04c1-424b-9868-57a2d4851a1d" />
    <TestEntry testId="30db5d66-5d75-b1a4-673d-2a2f5b239e61" executionId="a019c8be-5a8f-4f0e-b81e-24bc958bef12" testListId="8c84fa94-04c1-424b-9868-57a2d4851a1d" />
    <TestEntry testId="6a59e0fb-1869-903f-363b-00b16846c8e2" executionId="1b94be9e-3e92-412e-8b8c-7b584ef47e82" testListId="8c84fa94-04c1-424b-9868-57a2d4851a1d" />
    <TestEntry testId="6378b943-c315-bd61-1ae6-33b07c968e45" executionId="cd2fb725-1059-40a2-8987-686ac3171566" testListId="8c84fa94-04c1-424b-9868-57a2d4851a1d" />
    <TestEntry testId="3a5851f1-e2cf-8bb4-f545-a1d1e908ed77" executionId="bb94064a-931e-43ef-89c5-e7af52a538fe" testListId="8c84fa94-04c1-424b-9868-57a2d4851a1d" />
    <TestEntry testId="e9fc44a7-5c54-273f-3ff0-11535d3fefd5" executionId="2b489d7f-3cd2-4c48-9fa4-5b4115f091e3" testListId="8c84fa94-04c1-424b-9868-57a2d4851a1d" />
    <TestEntry testId="6c91a9c2-4ab4-e245-f4d9-ee0f9192b324" executionId="3237c5bf-6b87-4708-b056-c9feb91e130b" testListId="8c84fa94-04c1-424b-9868-57a2d4851a1d" />
    <TestEntry testId="eac2afb8-5fe1-4f56-d915-8c9c724a1dd5" executionId="83df718b-4759-42cb-91fe-0fce331c341a" testListId="8c84fa94-04c1-424b-9868-57a2d4851a1d" />
    <TestEntry testId="2a9edada-7157-ad3b-e64c-57e90dc90880" executionId="0b4a2961-de36-48e6-9628-c9424ebfbd64" testListId="8c84fa94-04c1-424b-9868-57a2d4851a1d" />
    <TestEntry testId="9d156268-417d-4041-24d5-40e101d036ea" executionId="2748e598-ed9b-481b-95c9-8759617ce98e" testListId="8c84fa94-04c1-424b-9868-57a2d4851a1d" />
    <TestEntry testId="16b446ae-eace-4e46-de44-3a185e2f92ed" executionId="c8f3d9cd-a661-44e4-8251-8dab0ee5eb26" testListId="8c84fa94-04c1-424b-9868-57a2d4851a1d" />
    <TestEntry testId="3ace592b-3dc4-6f1c-d181-207fcac90b89" executionId="b6065b88-d45d-4da5-b416-c144df8b648d" testListId="8c84fa94-04c1-424b-9868-57a2d4851a1d" />
    <TestEntry testId="f09c9b74-16d2-55c7-f502-1f7b196911b1" executionId="f6ee4939-fe5e-4a2d-a67c-df53273e37d9" testListId="8c84fa94-04c1-424b-9868-57a2d4851a1d" />
    <TestEntry testId="f52c4223-5afd-02e3-5c06-acc21583df5b" executionId="f8929a0c-3e86-4e2e-8cbd-2422cc405f47" testListId="8c84fa94-04c1-424b-9868-57a2d4851a1d" />
    <TestEntry testId="8c63e780-9edd-91a1-b031-3145a6a2a02b" executionId="d771dbaa-59e7-4e0d-9c43-7ed81527a9f6" testListId="8c84fa94-04c1-424b-9868-57a2d4851a1d" />
    <TestEntry testId="e40bcbed-67a6-9728-7c19-ffb22894f16a" executionId="3eed9c8c-b8e8-4db0-96a3-c8b0b01c6c2b" testListId="8c84fa94-04c1-424b-9868-57a2d4851a1d" />
    <TestEntry testId="d89f4d76-065b-61f0-c382-a20a20b5e300" executionId="5a8addfc-dadf-4d77-8a04-a1bff692b629" testListId="8c84fa94-04c1-424b-9868-57a2d4851a1d" />
    <TestEntry testId="b76413e5-0eb7-210d-e41e-1ee01cfb01a6" executionId="4e3abb8e-247c-4316-9f76-a74bb65b8b52" testListId="8c84fa94-04c1-424b-9868-57a2d4851a1d" />
    <TestEntry testId="320d7f2e-e395-9074-3419-850ad3f41913" executionId="749e9af1-ce39-4173-9da4-1eb0b0a0d5d2" testListId="8c84fa94-04c1-424b-9868-57a2d4851a1d" />
    <TestEntry testId="4e628128-5651-15b5-a8fe-9df0bc093cf2" executionId="2b5b0387-6dac-44b9-957e-773204eef001" testListId="8c84fa94-04c1-424b-9868-57a2d4851a1d" />
    <TestEntry testId="30f8ba4a-5004-3a3a-4c9e-1a8e3c69f20a" executionId="6c593f38-8916-41d7-bcde-c74f15f65e89" testListId="8c84fa94-04c1-424b-9868-57a2d4851a1d" />
    <TestEntry testId="8e5884b4-2050-c324-3161-fcd924aeffff" executionId="1c5d864c-4c18-489c-9651-6225fcdc8e6f" testListId="8c84fa94-04c1-424b-9868-57a2d4851a1d" />
    <TestEntry testId="7ed8fc48-b2d2-5acf-25b8-e09fc3e026fb" executionId="96af00f0-8a9c-44c5-8a43-e8a8a27b33c5" testListId="8c84fa94-04c1-424b-9868-57a2d4851a1d" />
    <TestEntry testId="dcc01cac-a5d6-aaa1-7526-eed252ff7b1b" executionId="6ce87374-cd3c-4321-92d6-a56021dae06e" testListId="8c84fa94-04c1-424b-9868-57a2d4851a1d" />
    <TestEntry testId="5579ae99-17ce-6c50-c6e9-99c143261f15" executionId="a2ae0fdf-c0b6-4839-b4db-a6c1c452f76d" testListId="8c84fa94-04c1-424b-9868-57a2d4851a1d" />
    <TestEntry testId="5fbcce72-d72a-6289-bf1f-76204764091b" executionId="0461db80-8d20-4a8c-aa50-9692707000e0" testListId="8c84fa94-04c1-424b-9868-57a2d4851a1d" />
    <TestEntry testId="17ebb53f-395c-7ffa-81a2-e4c7321558df" executionId="716477b8-5d0d-4ea0-84a8-3fe850e5bba7" testListId="8c84fa94-04c1-424b-9868-57a2d4851a1d" />
    <TestEntry testId="50c070db-bbf0-8ba2-d86c-35c556b7a39a" executionId="4be68572-5c66-4a1b-9a24-8e1b70c2cdf1" testListId="8c84fa94-04c1-424b-9868-57a2d4851a1d" />
    <TestEntry testId="77289aca-54a3-5fda-b973-959e8ee17d67" executionId="eaa8d9b9-9ea4-4e38-9185-425c0cb42074" testListId="8c84fa94-04c1-424b-9868-57a2d4851a1d" />
    <TestEntry testId="c4f43b36-f033-690c-4fa5-4a80de3f9e5f" executionId="2f0aae9a-cbc2-4598-b2da-5b73fc6f0692" testListId="8c84fa94-04c1-424b-9868-57a2d4851a1d" />
    <TestEntry testId="82251c8e-c21e-cee1-7427-eca171684c9f" executionId="3c956430-ab65-4b8c-b3bc-37c448e325d9" testListId="8c84fa94-04c1-424b-9868-57a2d4851a1d" />
    <TestEntry testId="599fe81e-d9fd-4a03-1b98-995aa15a695a" executionId="7246e5be-9fa6-4474-bc47-bd977abd4996" testListId="8c84fa94-04c1-424b-9868-57a2d4851a1d" />
    <TestEntry testId="5d1d4a0e-b558-fb5d-694b-5be2552a077c" executionId="8dd20964-f12c-44e4-a0c2-ad10ac132e2a" testListId="8c84fa94-04c1-424b-9868-57a2d4851a1d" />
    <TestEntry testId="7214272f-dca0-92d1-960a-8e60216047b2" executionId="1e7cbe36-423f-4c8d-be9b-d4e0c40944c6" testListId="8c84fa94-04c1-424b-9868-57a2d4851a1d" />
    <TestEntry testId="ee446543-05e9-4d30-c66d-6872d52cde90" executionId="18258f95-1ee7-477c-b818-efecc56b8a84" testListId="8c84fa94-04c1-424b-9868-57a2d4851a1d" />
    <TestEntry testId="10d06f02-31de-cebf-26cf-ebb2b980e672" executionId="5ed9e712-ddba-490c-a5b8-c22fcf952f15" testListId="8c84fa94-04c1-424b-9868-57a2d4851a1d" />
    <TestEntry testId="03130235-7215-fe03-455d-05e0f5a39ce9" executionId="38db3434-8f19-4cdb-b768-6c60eccaca5c" testListId="8c84fa94-04c1-424b-9868-57a2d4851a1d" />
    <TestEntry testId="b9d8693e-d6d4-1e44-af07-7d8888f57ae2" executionId="c65dd887-0a73-4452-ad38-94b185ad2201" testListId="8c84fa94-04c1-424b-9868-57a2d4851a1d" />
    <TestEntry testId="d3f2dffa-2334-8d87-edba-dd8e144827d0" executionId="59b0d257-1e18-4c45-adc5-ba20eb5e432c" testListId="8c84fa94-04c1-424b-9868-57a2d4851a1d" />
    <TestEntry testId="3295b3c9-a688-47d4-1db7-69da2a464331" executionId="7f204b78-a1d1-496f-8c89-6629cd41b0ee" testListId="8c84fa94-04c1-424b-9868-57a2d4851a1d" />
    <TestEntry testId="4ddd7984-bd16-151d-aac5-3bb0a9fed6c6" executionId="273d7ad7-d515-44a2-a20d-dafadfe60272" testListId="8c84fa94-04c1-424b-9868-57a2d4851a1d" />
    <TestEntry testId="7f8cda25-ed15-29ae-b82f-85ec5e4a1d81" executionId="07b6c277-2fc6-4588-a154-390ee6091037" testListId="8c84fa94-04c1-424b-9868-57a2d4851a1d" />
    <TestEntry testId="d3f086f3-390d-807d-5511-4f838de3e7af" executionId="64089789-f4fc-4d5d-b855-a1f59b23b7fd" testListId="8c84fa94-04c1-424b-9868-57a2d4851a1d" />
    <TestEntry testId="5bb3325f-db6f-a716-5661-0d08ce8c3919" executionId="fcec3aa3-1734-4a58-a8b7-2296e708535c" testListId="8c84fa94-04c1-424b-9868-57a2d4851a1d" />
    <TestEntry testId="960e77e7-65e6-3907-b3ad-340467cc8c0c" executionId="3839b8e9-7135-4250-a26d-cb4b8a5135e0" testListId="8c84fa94-04c1-424b-9868-57a2d4851a1d" />
    <TestEntry testId="abf4272e-e822-b3c2-f8f2-e21c1f8f7e54" executionId="825d2f0b-3fea-4534-ab7e-cb1df08308f2" testListId="8c84fa94-04c1-424b-9868-57a2d4851a1d" />
    <TestEntry testId="afb5dec9-bf93-0c57-3fe7-1b78dedb83ca" executionId="2f95515a-6575-4dfc-9f1a-b85b67e890d9" testListId="8c84fa94-04c1-424b-9868-57a2d4851a1d" />
    <TestEntry testId="a8a035d7-67a7-1804-45e3-802d4a3efefd" executionId="276421b1-3958-4704-849c-4f02558f9982" testListId="8c84fa94-04c1-424b-9868-57a2d4851a1d" />
    <TestEntry testId="419ac476-91c1-e72c-c9b1-13c43d26533d" executionId="e94188b3-9571-486c-87dd-086bb034c8c3" testListId="8c84fa94-04c1-424b-9868-57a2d4851a1d" />
  </TestEntries>
  <TestLists>
    <TestList name="列表中未列出的结果" id="8c84fa94-04c1-424b-9868-57a2d4851a1d" />
    <TestList name="所有已加载的结果" id="19431567-8539-422a-85d7-44ee4e166bda" />
  </TestLists>
  <ResultSummary outcome="Completed">
    <Counters total="51" executed="51" passed="51" failed="0" error="0" timeout="0" aborted="0" inconclusive="0" passedButRunAborted="0" notRunnable="0" notExecuted="0" disconnected="0" warning="0" completed="0" inProgress="0" pending="0" />
    <Output>
      <StdOut>NUnit Adapter 4.6.0.0: Test execution started&#xD;
Running selected tests in C:\001_AI\Ludots-presenter-attachment-benchmark-baseline\src\Tests\PresentationTests\bin\Release\net9.0\PresentationTests.dll&#xD;
   NUnit3TestExecutor discovered 51 of 51 NUnit test cases using Current Discovery mode, Explicit run&#xD;
1000,False,False,False,0.337600,0.375800,0,0,6000&#xD;
&#xD;
1000,False,False,True,2.291600,2.459100,0,1000,6000&#xD;
&#xD;
1000,False,True,False,0.327900,0.375000,0,0,6000&#xD;
&#xD;
1000,False,True,True,2.438800,2.596400,0,1000,6000&#xD;
&#xD;
1000,True,False,False,0.302600,0.323800,0,0,0&#xD;
&#xD;
1000,True,False,True,0.313900,0.341200,0,0,0&#xD;
&#xD;
1000,True,True,False,0.301000,0.347600,0,0,0&#xD;
&#xD;
1000,True,True,True,0.179400,0.373200,0,0,0&#xD;
&#xD;
5000,False,False,False,1.763000,1.872700,0,0,30000&#xD;
&#xD;
5000,False,False,True,14.961700,23.499900,0,5000,30000&#xD;
&#xD;
5000,False,True,False,1.751500,1.864200,0,0,30000&#xD;
&#xD;
5000,False,True,True,18.985000,28.055800,0,5000,30000&#xD;
&#xD;
5000,True,False,False,0.896300,1.418700,0,0,0&#xD;
&#xD;
5000,True,False,True,0.863400,1.569200,0,0,0&#xD;
&#xD;
5000,True,True,False,0.861100,1.469500,0,0,0&#xD;
&#xD;
5000,True,True,True,1.449700,1.606500,0,0,0&#xD;
&#xD;
10000,False,False,False,3.568500,3.918100,0,0,60000&#xD;
&#xD;
10000,False,False,True,44.149400,72.679000,0,10000,60000&#xD;
&#xD;
10000,False,True,False,3.612600,4.335500,0,0,60000&#xD;
&#xD;
10000,False,True,True,45.588700,57.187200,0,10000,60000&#xD;
&#xD;
10000,True,False,False,2.222100,3.528900,0,0,0&#xD;
&#xD;
10000,True,False,True,3.068600,3.241000,0,0,0&#xD;
&#xD;
10000,True,True,False,1.710300,2.867500,0,0,0&#xD;
&#xD;
10000,True,True,True,1.860300,3.103700,0,0,0&#xD;
&#xD;
1000,0,False,0,0.053100,0.058300,0.000300,0.000300,0&#xD;
&#xD;
1000,0,False,1,0.054600,0.081600,0.000300,0.000500,0&#xD;
&#xD;
1000,0,False,1000,0.278600,0.315800,0.000600,0.000900,0&#xD;
&#xD;
1000,3,False,0,0.061400,0.100700,0.000300,0.001100,0&#xD;
&#xD;
1000,3,False,1,0.094900,0.100700,0.000500,0.000600,0&#xD;
&#xD;
1000,3,False,1000,0.315400,0.341900,0.000800,0.002700,0&#xD;
&#xD;
1000,3,True,0,0.062700,0.069000,0.000300,0.000400,0&#xD;
&#xD;
1000,3,True,1,0.064300,0.077800,0.000300,0.000500,0&#xD;
&#xD;
1000,3,True,1000,1.659200,2.328600,0.002400,0.006400,0&#xD;
&#xD;
5000,0,False,0,0.457600,0.479100,0.000900,0.003800,0&#xD;
&#xD;
5000,0,False,1,0.286200,0.510400,0.000500,0.001300,0&#xD;
&#xD;
5000,0,False,5000,1.556300,1.584000,0.001300,0.004700,0&#xD;
&#xD;
5000,3,False,0,0.343800,0.521500,0.000600,0.001600,0&#xD;
&#xD;
5000,3,False,1,0.351300,0.581100,0.000600,0.001600,0&#xD;
&#xD;
5000,3,False,5000,1.501300,1.648900,0.001000,0.004200,0&#xD;
&#xD;
5000,3,True,0,0.617900,0.705100,0.001400,0.005800,0&#xD;
&#xD;
5000,3,True,1,0.343700,0.593200,0.000600,0.001200,0&#xD;
&#xD;
5000,3,True,5000,12.459200,16.995700,0.007700,0.015900,0&#xD;
&#xD;
10000,0,False,0,1.019300,1.041800,0.000900,0.004600,0&#xD;
&#xD;
10000,0,False,1,0.683000,1.763400,0.000800,0.006200,0&#xD;
&#xD;
10000,0,False,10000,3.053700,3.145900,0.001100,0.004200,0&#xD;
&#xD;
10000,3,False,0,1.157000,1.269500,0.001000,0.002800,0&#xD;
&#xD;
10000,3,False,1,0.896400,1.188400,0.001100,0.003500,0&#xD;
&#xD;
10000,3,False,10000,3.268500,3.424300,0.001400,0.005000,0&#xD;
&#xD;
10000,3,True,0,1.227300,1.409300,0.001100,0.002200,0&#xD;
&#xD;
10000,3,True,1,1.169900,1.331800,0.001400,0.002800,0&#xD;
&#xD;
10000,3,True,10000,29.090900,35.987100,0.012500,0.021600,0&#xD;
&#xD;
NUnit Adapter 4.6.0.0: Test execution complete&#xD;
</StdOut>
    </Output>
  </ResultSummary>
</TestRun>