<?xml version="1.0" encoding="utf-8"?>
<TestRun id="bf05ba52-5211-414c-b635-5b3dae6700e2" name="sietg@CODESEAL 2026-09-09 18:36:55" runUser="CODESEAL\sietg" xmlns="http://microsoft.com/schemas/VisualStudio/TeamTest/2010">
  <Times creation="2026-09-09T18:36:55.7218957+08:00" queuing="2026-09-09T18:36:55.7218962+08:00" start="2026-09-09T18:36:55.0552747+08:00" finish="2026-09-09T18:36:55.7261899+08:00" />
  <TestSettings name="default" id="0fca13d9-b5e8-4f2d-a3c2-8cd3d878f28a">
    <Deployment runDeploymentRoot="sietg_CODESEAL_2026-09-09_18_36_55" />
  </TestSettings>
  <Results>
    <UnitTestResult executionId="427c1556-7b6e-4675-8955-991fff3f9a6c" testId="a5869246-3463-4637-ced8-668ba6e2a7cb" testName="Attachment_TargetParent_WorldHudChildUpdatesRetainedPositionWhenParentMoves" computerName="CODESEAL" duration="00:00:00.1185670" startTime="2026-09-09T18:36:55.5148252+08:00" endTime="2026-09-09T18:36:55.6333623+08:00" testType="13cdc9d9-ddb5-4fa4-a97d-d965ccfc6d4b" outcome="Failed" testListId="8c84fa94-04c1-424b-9868-57a2d4851a1d" relativeResultsDirectory="427c1556-7b6e-4675-8955-991fff3f9a6c">
      <Output>
        <ErrorInfo>
          <Message>  Assert.That(moved.WorldPosition, Is.EqualTo(new Vector3(30f, 2f, 40f)))&#xD;
  Expected: &lt;30, 2, 40&gt;&#xD;
  But was:  &lt;10, 2, 20&gt;&#xD;
</Message>
          <StackTrace>   at Ludots.Tests.Presentation.PresenterBehaviorKindTests.Attachment_TargetParent_WorldHudChildUpdatesRetainedPositionWhenParentMoves() in C:\001_AI\Ludots-presenter-attachment-contract-perf\src\Tests\PresentationTests\Presenter\PresenterBehaviorKindTests.cs:line 1098&#xD;

1)    at Ludots.Tests.Presentation.PresenterBehaviorKindTests.Attachment_TargetParent_WorldHudChildUpdatesRetainedPositionWhenParentMoves() in C:\001_AI\Ludots-presenter-attachment-contract-perf\src\Tests\PresentationTests\Presenter\PresenterBehaviorKindTests.cs:line 1098&#xD;

</StackTrace>
        </ErrorInfo>
      </Output>
    </UnitTestResult>
  </Results>
  <TestDefinitions>
    <UnitTest name="Attachment_TargetParent_WorldHudChildUpdatesRetainedPositionWhenParentMoves" storage="c:\001_ai\ludots-presenter-attachment-contract-perf\src\tests\presentationtests\bin\release\net9.0\presentationtests.dll" id="a5869246-3463-4637-ced8-668ba6e2a7cb">
      <Execution id="427c1556-7b6e-4675-8955-991fff3f9a6c" />
      <TestMethod codeBase="C:\001_AI\Ludots-presenter-attachment-contract-perf\src\Tests\PresentationTests\bin\Release\net9.0\PresentationTests.dll" adapterTypeName="executor://nunit3testexecutor/" className="Ludots.Tests.Presentation.PresenterBehaviorKindTests" name="Attachment_TargetParent_WorldHudChildUpdatesRetainedPositionWhenParentMoves" />
    </UnitTest>
  </TestDefinitions>
  <TestEntries>
    <TestEntry testId="a5869246-3463-4637-ced8-668ba6e2a7cb" executionId="427c1556-7b6e-4675-8955-991fff3f9a6c" testListId="8c84fa94-04c1-424b-9868-57a2d4851a1d" />
  </TestEntries>
  <TestLists>
    <TestList name="列表中未列出的结果" id="8c84fa94-04c1-424b-9868-57a2d4851a1d" />
    <TestList name="所有已加载的结果" id="19431567-8539-422a-85d7-44ee4e166bda" />
  </TestLists>
  <ResultSummary outcome="Failed">
    <Counters total="1" executed="1" passed="0" failed="1" error="0" timeout="0" aborted="0" inconclusive="0" passedButRunAborted="0" notRunnable="0" notExecuted="0" disconnected="0" warning="0" completed="0" inProgress="0" pending="0" />
    <Output>
      <StdOut>NUnit Adapter 4.6.0.0: Test execution started&#xD;
Running selected tests in C:\001_AI\Ludots-presenter-attachment-contract-perf\src\Tests\PresentationTests\bin\Release\net9.0\PresentationTests.dll&#xD;
   NUnit3TestExecutor discovered 1 of 1 NUnit test cases using Current Discovery mode, Non-Explicit run&#xD;
NUnit Adapter 4.6.0.0: Test execution complete&#xD;
</StdOut>
    </Output>
  </ResultSummary>
</TestRun>