<?xml version="1.0" encoding="utf-8"?>
<TestRun id="1ff5a1a2-f7aa-4164-8284-f84586508eb9" name="sietg@CODESEAL 2026-09-07 21:19:26" runUser="CODESEAL\sietg" xmlns="http://microsoft.com/schemas/VisualStudio/TeamTest/2010">
  <Times creation="2026-09-07T21:19:26.8602879+08:00" queuing="2026-09-07T21:19:26.8602880+08:00" start="2026-09-07T21:19:25.0457543+08:00" finish="2026-09-07T21:19:43.8715787+08:00" />
  <TestSettings name="default" id="ac317d3b-d826-41d7-9c84-712b5b2fadb5">
    <Deployment runDeploymentRoot="sietg_CODESEAL_2026-09-07_21_19_26" />
  </TestSettings>
  <Results>
    <UnitTestResult executionId="95cb1dee-91f4-4dfa-93b0-8d2d85a618af" testId="b3225457-7461-7b7f-4a8c-e14636de74af" testName="GraphReturnWriter_MissingOwnerAndCaster_FailsClosedBeforeExecution" computerName="CODESEAL" duration="00:00:00.0034350" startTime="2026-09-07T21:19:39.9509920+08:00" endTime="2026-09-07T21:19:39.9544267+08:00" testType="13cdc9d9-ddb5-4fa4-a97d-d965ccfc6d4b" outcome="Passed" testListId="8c84fa94-04c1-424b-9868-57a2d4851a1d" relativeResultsDirectory="95cb1dee-91f4-4dfa-93b0-8d2d85a618af">
      <Output>
        <StdOut>[INF][Config] Merged fragment from: Core:GAS/graphs.json</StdOut>
      </Output>
    </UnitTestResult>
    <UnitTestResult executionId="66075d9d-7aed-43c5-8b48-9c4dec39775c" testId="6c4966a7-4e90-879f-e575-a4af813e7f9f" testName="WarmSingleEntityChanges_HaveConstantEvaluationCountAndNoAllocations(1000)" computerName="CODESEAL" duration="00:00:00.0093840" startTime="2026-09-07T21:19:39.4994088+08:00" endTime="2026-09-07T21:19:39.5087925+08:00" testType="13cdc9d9-ddb5-4fa4-a97d-d965ccfc6d4b" outcome="Passed" testListId="8c84fa94-04c1-424b-9868-57a2d4851a1d" relativeResultsDirectory="66075d9d-7aed-43c5-8b48-9c4dec39775c">
      <Output>
        <StdOut>population=1000, changes=10000, elapsed_ms=8.6491, bytes=0, evaluated=10000</StdOut>
      </Output>
    </UnitTestResult>
    <UnitTestResult executionId="a97a16a7-3706-4a52-a52c-154c934820cd" testId="92c7e0d9-f463-f5a8-d540-ffde9417e13d" testName="BoxSelect_SettlesSelectedSameTickAsDeactivateContext_NoRepeat" computerName="CODESEAL" duration="00:00:00.3351950" startTime="2026-09-07T21:19:41.7564312+08:00" endTime="2026-09-07T21:19:42.0916126+08:00" testType="13cdc9d9-ddb5-4fa4-a97d-d965ccfc6d4b" outcome="Passed" testListId="8c84fa94-04c1-424b-9868-57a2d4851a1d" relativeResultsDirectory="a97a16a7-3706-4a52-a52c-154c934820cd">
      <Output>
        <StdOut>[INF][Engine] Initializing with ConfigPipeline...&#xD;
[INF][Engine] Resolving mod dependencies from explicit mod paths: mods=2&#xD;
[INF][ModLoader] Mod Load Order:&#xD;
[INF][ModLoader] - LudotsCoreMod (P:-1000)&#xD;
[INF][ModLoader] - CaseESelectionMod (P:0)&#xD;
[INF][ModLoader] Resolved Mod Load Order (launcher graph):&#xD;
[INF][ModLoader] - LudotsCoreMod (P:-1000)&#xD;
[INF][ModLoader] - CaseESelectionMod (P:0)&#xD;
[INF][ModLoader] Loading DLL for LudotsCoreMod at C:\001_AI\wt-case-e-query-completeness\mods\LudotsCoreMod\bin\net9.0\LudotsCoreMod.dll&#xD;
[INF][ModLoader] Scanning 2 types in assembly...&#xD;
[INF][ModLoader] Instantiated entry for LudotsCoreMod. Calling OnLoad...&#xD;
[INF][Mod.LudotsCoreMod] [LudotsCoreMod] Loaded - Core game framework initialized&#xD;
[INF][ModLoader] LudotsCoreMod OnLoad completed.&#xD;
[INF][ModLoader] Loaded LudotsCoreMod&#xD;
[INF][ModLoader] Loading DLL for CaseESelectionMod at C:\001_AI\wt-case-e-query-completeness\mods\showcases\case_e_selection\CaseESelectionMod\bin\net9.0\CaseESelectionMod.dll&#xD;
[INF][ModLoader] Scanning 1 types in assembly...&#xD;
[INF][ModLoader] Instantiated entry for CaseESelectionMod. Calling OnLoad...&#xD;
[INF][ModLoader] CaseESelectionMod OnLoad completed.&#xD;
[INF][ModLoader] Loaded CaseESelectionMod&#xD;
[INF][Config] Merged fragment from: Core:game.json&#xD;
[INF][Config] Merged fragment from: LudotsCoreMod:assets/game.json&#xD;
[INF][Config] Merged fragment from: CaseESelectionMod:assets/game.json&#xD;
[INF][Config] Merged fragment from: Core:config_catalog.json&#xD;
[INF][Config] Merged fragment from: CaseESelectionMod:assets/config_catalog.json&#xD;
[INF][Config] Merged fragment from: Core:Navigation/agent_profiles.json&#xD;
[INF][Engine] Merged GameConfig: StartupMapId=case_e_selection_field, DefaultCoreMod=LudotsCoreMod&#xD;
[INF][Engine] Constants loaded: OrderTypeIds=4, ResponseChainOrderTypeIds=3&#xD;
[INF][Config] Loading DataRegistry&lt;EntityTemplate&gt; from Entities/templates.json...&#xD;
[INF][Config] Merged fragment from: LudotsCoreMod:assets/Entities/templates.json&#xD;
[INF][Config] Merged fragment from: CaseESelectionMod:assets/Entities/templates.json&#xD;
[INF][Config] Loaded 7 DataRegistry&lt;EntityTemplate&gt; items.&#xD;
[INF][Engine] Initializing Core GAS Systems...&#xD;
[INF][Config] Merged fragment from: Core:Engine/clock.json&#xD;
[INF][Config] Merged fragment from: Core:Relationships/catalog.json&#xD;
[INF][Config] Merged fragment from: LudotsCoreMod:assets/Relationships/catalog.json&#xD;
[INF][Config] Merged fragment from: Core:Relationships/control_profiles.json&#xD;
[INF][Config] Merged fragment from: Core:GAS/target_dispatch_presets.json&#xD;
[INF][Config] Merged fragment from: Core:GAS/clock.json&#xD;
[INF][Config] Merged fragment from: Core:Physics2D/clock.json&#xD;
[INF][Config] Merged fragment from: Core:Physics2D/solver.json&#xD;
[INF][Config] Merged fragment from: Core:Physics2D/kinematic.json&#xD;
[INF][Config] Merged fragment from: Core:GAS/attribute_constraints.json&#xD;
[INF][Config] Merged fragment from: CaseESelectionMod:assets/GAS/attribute_constraints.json&#xD;
[INF][Config] Merged fragment from: Core:Enums/enums.json&#xD;
[INF][Config] Merged fragment from: CaseESelectionMod:assets/Events/custom_events.json&#xD;
[INF][Config] Merged fragment from: Core:Vision/fog_layers.json&#xD;
[INF][Config] Merged fragment from: LudotsCoreMod:assets/Presentation/text_tokens.json&#xD;
[INF][Config] Merged fragment from: LudotsCoreMod:assets/Presentation/text_tokens.json&#xD;
[INF][Config] Merged fragment from: LudotsCoreMod:assets/Presentation/text_locales.json&#xD;
[INF][Config] Merged fragment from: Core:GraphTables/lookup_tables.json&#xD;
[INF][Config] Merged fragment from: Core:GAS/graphs.json&#xD;
[INF][Config] Merged fragment from: CaseESelectionMod:assets/GAS/graphs/graph.case_e.box_begin.json&#xD;
[INF][Config] Merged fragment from: CaseESelectionMod:assets/GAS/graphs/graph.case_e.box_commit.json&#xD;
[INF][Config] Merged fragment from: CaseESelectionMod:assets/GAS/graphs/graph.case_e.box_hit.json&#xD;
[INF][Config] Merged fragment from: CaseESelectionMod:assets/GAS/graphs/graph.case_e.box_hover_clear.json&#xD;
[INF][Config] Merged fragment from: CaseESelectionMod:assets/GAS/graphs/graph.case_e.box_hover_tick.json&#xD;
[INF][Config] Merged fragment from: CaseESelectionMod:assets/GAS/graphs/graph.case_e.candidates.json&#xD;
[INF][Config] Merged fragment from: CaseESelectionMod:assets/GAS/graphs/graph.case_e.roster_sync.json&#xD;
[INF][Config] Merged fragment from: CaseESelectionMod:assets/GAS/graphs/graph.case_e.selection_commit.json&#xD;
[INF][Config] Merged fragment from: Core:GAS/preset_types.json&#xD;
[INF][Config] Merged fragment from: Core:Exchange/operations.json&#xD;
[INF][Config] Merged fragment from: Core:Progression/scopes.json&#xD;
[INF][Config] Merged fragment from: Core:Progression/progressions.json&#xD;
[INF][Config] Merged fragment from: Core:Progression/requirements.json&#xD;
[INF][Config] Merged fragment from: LudotsCoreMod:assets/GAS/order_types.json&#xD;
[INF][Config] Merged fragment from: Core:GAS/effects.json&#xD;
[INF][Config] Merged fragment from: Core:GAS/func_lib.json&#xD;
[INF][Config] Merged fragment from: Core:GAS/action_lib.json&#xD;
[INF][Config] Merged fragment from: Core:Items/shapes.json&#xD;
[INF][Config] Merged fragment from: Core:Items/layouts.json&#xD;
[INF][Config] Merged fragment from: Core:Items/definitions.json&#xD;
[INF][Config] Merged fragment from: Core:Exchange/operations.json&#xD;
[INF][Config] Merged fragment from: Core:Panels/panel_templates.json&#xD;
[INF][Config] Merged fragment from: Core:Input/filter_profiles.json&#xD;
[INF][Config] Merged fragment from: Core:Presentation/lod_profiles.json&#xD;
[INF][Config] Merged fragment from: Core:Presentation/particle_vfx.json&#xD;
[INF][Config] Merged fragment from: LudotsCoreMod:assets/Presentation/mesh_assets.json&#xD;
[INF][Config] Merged fragment from: CaseESelectionMod:assets/Presentation/mesh_assets.json&#xD;
[INF][Config] Merged fragment from: LudotsCoreMod:assets/Presentation/material_assets.json&#xD;
[INF][Config] Merged fragment from: LudotsCoreMod:assets/Presentation/animator_controllers.json&#xD;
[INF][Config] Merged fragment from: LudotsCoreMod:assets/Presentation/animation_clips.json&#xD;
[INF][Config] Merged fragment from: LudotsCoreMod:assets/Presentation/animation_profiles.json&#xD;
[INF][Config] Merged fragment from: Core:Input/interaction_context_profiles.json&#xD;
[INF][Config] Merged fragment from: CaseESelectionMod:assets/Input/interaction_context_profiles.json&#xD;
[INF][Config] Merged fragment from: LudotsCoreMod:assets/Presentation/presenters.json&#xD;
[INF][Config] Merged fragment from: CaseESelectionMod:assets/Presentation/presenters.json&#xD;
[INF][Config] Merged fragment from: Core:GAS/attribute_bindings.json&#xD;
[INF][Config] Merged fragment from: Core:config_catalog.json&#xD;
[INF][Config] Merged fragment from: CaseESelectionMod:assets/config_catalog.json&#xD;
[INF][Config] Merged fragment from: Core:Input/default_input.json&#xD;
[INF][Config] Merged fragment from: CaseESelectionMod:assets/Input/default_input.json&#xD;
[INF][Config] Merged fragment from: Core:Input/action_attribute_bindings.json&#xD;
[INF][Config] Merged fragment from: CaseESelectionMod:assets/Input/action_attribute_bindings.json&#xD;
[INF][Config] Merged fragment from: Core:Input/command_intent_profiles.json&#xD;
[INF][Config] Merged fragment from: Core:Input/cast_commit_profiles.json&#xD;
[INF][Config] Merged fragment from: Core:Input/cast_commit_locks.json&#xD;
[INF][Config] Merged fragment from: Core:Input/cast_dispatch_profiles.json&#xD;
[INF][Config] Merged fragment from: Core:Input/control_schemes.json&#xD;
[INF][Config] Merged fragment from: CaseESelectionMod:assets/Input/control_schemes.json&#xD;
[INF][Config] Merged fragment from: Core:Input/interaction_prefs.json&#xD;
[INF][Config] Merged fragment from: Core:Input/interaction_modes.json&#xD;
[INF][Config] Merged fragment from: Core:UI/ability_aggregation_profiles.json&#xD;
[INF][Config] Merged fragment from: Core:UI/command_deck_profiles.json&#xD;
[INF][Config] Merged fragment from: Core:UI/production_overview_profiles.json&#xD;
[INF][Config] Merged fragment from: Core:AI/behavior_trees.json&#xD;
[INF][Config] Merged fragment from: Core:AI/hfsm.json&#xD;
[INF][Config] Merged fragment from: Core:Presentation/semantic_maps.json&#xD;
[INF][Config] Merged fragment from: Core:Presentation/image_assets.json&#xD;
[INF][Config] Merged fragment from: Core:Camera/virtual_cameras.json&#xD;
[INF][Config] Merged fragment from: Core:Story/lines.json&#xD;
[INF][Config] Merged fragment from: Core:Story/presentation_profiles.json&#xD;
[INF][Config] Merged fragment from: Core:Story/speakers.json&#xD;
[INF][Config] Merged fragment from: Core:Dialogue/dialogues.json&#xD;
[INF][Config] Merged fragment from: Core:Sequencer/sequences.json&#xD;
[INF][ModLoader] No registration conflicts detected.&#xD;
[INF][Config] Merged fragment from: Core:config_catalog.json&#xD;
[INF][Config] Merged fragment from: CaseESelectionMod:assets/config_catalog.json&#xD;
[INF][Config] Merged fragment from: Core:Input/default_input.json&#xD;
[INF][Config] Merged fragment from: CaseESelectionMod:assets/Input/default_input.json&#xD;
[INF][Engine] Firing GameStart event...&#xD;
[LudotsCoreMod] Core systems installed&#xD;
[INF][Engine] Loading Map: case_e_selection_field&#xD;
[INF][Map] Loading Map: case_e_selection_field&#xD;
[INF][Config] Merged fragment from: CaseESelectionMod:assets/Maps/case_e_selection_field.json&#xD;
[INF][Map] Map 'case_e_selection_field' loaded.&#xD;
[INF][Map] Map 'case_e_selection_field' pushed to focus (stack depth=1).&#xD;
[INF][Config] Merged fragment from: Core:Navigation/pathing.json&#xD;
[INF][Engine] Pathing bootstrap skipped for map 'case_e_selection_field': no node-graph board or navmesh query service is loaded.&#xD;
[INF][Engine] Creating Entities from MapConfig...&#xD;
[INF][Engine] Registered 2 triggers for map 'case_e_selection_field'.&#xD;
[INF][Engine] Applied DefaultCamera: yaw=0 pitch=52 dist=3400cm fov=45&#xD;
[INF][Engine] Firing MapLoaded event for case_e_selection_field...&#xD;
[WRN][Engine] Duplicate registration for trigger type TriggerGraphMountTrigger. Keeping original.&#xD;
[WRN][Engine] Duplicate registration for trigger type TriggerGraphResumeTrigger. Keeping original.&#xD;
[INF][Engine] Appended 2 triggers to map 'case_e_selection_field'.&#xD;
[WRN][Engine] Duplicate registration for trigger type TriggerGraphMountTrigger. Keeping original.&#xD;
[WRN][Engine] Duplicate registration for trigger type TriggerGraphResumeTrigger. Keeping original.&#xD;
[WRN][Engine] Duplicate registration for trigger type TriggerGraphMountTrigger. Keeping original.&#xD;
[WRN][Engine] Duplicate registration for trigger type TriggerGraphResumeTrigger. Keeping original.&#xD;
[INF][Engine] Appended 4 triggers to map 'case_e_selection_field'.&#xD;
[WRN][Engine] Duplicate registration for trigger type TriggerGraphMountTrigger. Keeping original.&#xD;
[WRN][Engine] Duplicate registration for trigger type TriggerGraphResumeTrigger. Keeping original.&#xD;
[INF][Engine] Appended 2 triggers to map 'case_e_selection_field'.&#xD;
[INF][Engine] Unloading ModLoader contexts...</StdOut>
      </Output>
    </UnitTestResult>
    <UnitTestResult executionId="72c928eb-bb1e-45bc-a039-081f0259cc5b" testId="22a17bb7-1eaa-d2b1-10ab-316cc84210bc" testName="GraphConfig_QueryFromCollectionUsesEntityCollectionKeyRegistryAsSingleSourceOfTruth" computerName="CODESEAL" duration="00:00:00.0113840" startTime="2026-09-07T21:19:39.9251180+08:00" endTime="2026-09-07T21:19:39.9365010+08:00" testType="13cdc9d9-ddb5-4fa4-a97d-d965ccfc6d4b" outcome="Passed" testListId="8c84fa94-04c1-424b-9868-57a2d4851a1d" relativeResultsDirectory="72c928eb-bb1e-45bc-a039-081f0259cc5b">
      <Output>
        <StdOut>[INF][Config] Merged fragment from: Core:GAS/graphs.json</StdOut>
      </Output>
    </UnitTestResult>
    <UnitTestResult executionId="f7bf53dd-23e2-4151-8b49-f774dd51cee8" testId="6864a5f0-187f-d762-e967-5fbef9b68426" testName="AddFloat_SubtractsSumFromTargetHealth" computerName="CODESEAL" duration="00:00:00.9236440" startTime="2026-09-07T21:19:25.5830445+08:00" endTime="2026-09-07T21:19:26.5066516+08:00" testType="13cdc9d9-ddb5-4fa4-a97d-d965ccfc6d4b" outcome="Passed" testListId="8c84fa94-04c1-424b-9868-57a2d4851a1d" relativeResultsDirectory="f7bf53dd-23e2-4151-8b49-f774dd51cee8">
      <Output>
        <StdOut>[INF][Engine] Initializing with ConfigPipeline...&#xD;
[INF][Engine] Resolving mod dependencies from explicit mod paths: mods=4&#xD;
[INF][ModLoader] Mod Load Order:&#xD;
[INF][ModLoader] - LudotsCoreMod (P:-1000)&#xD;
[INF][ModLoader] - CoreInputMod (P:0)&#xD;
[INF][ModLoader] - CameraProfilesMod (P:0)&#xD;
[INF][ModLoader] - CapabilityStandardGraphOpsNodeGalleryMod (P:-1890)&#xD;
[INF][ModLoader] Resolved Mod Load Order (launcher graph):&#xD;
[INF][ModLoader] - LudotsCoreMod (P:-1000)&#xD;
[INF][ModLoader] - CoreInputMod (P:0)&#xD;
[INF][ModLoader] - CameraProfilesMod (P:0)&#xD;
[INF][ModLoader] - CapabilityStandardGraphOpsNodeGalleryMod (P:-1890)&#xD;
[INF][ModLoader] Loading DLL for LudotsCoreMod at C:\001_AI\wt-case-e-query-completeness\mods\LudotsCoreMod\bin\net9.0\LudotsCoreMod.dll&#xD;
[INF][ModLoader] Scanning 2 types in assembly...&#xD;
[INF][ModLoader] Instantiated entry for LudotsCoreMod. Calling OnLoad...&#xD;
[INF][Mod.LudotsCoreMod] [LudotsCoreMod] Loaded - Core game framework initialized&#xD;
[INF][ModLoader] LudotsCoreMod OnLoad completed.&#xD;
[INF][ModLoader] Loaded LudotsCoreMod&#xD;
[INF][ModLoader] Loading DLL for CoreInputMod at C:\001_AI\wt-case-e-query-completeness\mods\CoreInputMod\bin\net9.0\CoreInputMod.dll&#xD;
[INF][ModLoader] Scanning 33 types in assembly...&#xD;
[INF][ModLoader] Instantiated entry for CoreInputMod. Calling OnLoad...&#xD;
[INF][Mod.CoreInputMod] [CoreInputMod] Loaded - generic command-source and GAS input&#xD;
[INF][ModLoader] CoreInputMod OnLoad completed.&#xD;
[INF][ModLoader] Loaded CoreInputMod&#xD;
[INF][ModLoader] Loading DLL for CameraProfilesMod at C:\001_AI\wt-case-e-query-completeness\mods\capabilities\camera\CameraProfilesMod\bin\net9.0\CameraProfilesMod.dll&#xD;
[INF][ModLoader] Scanning 2 types in assembly...&#xD;
[INF][ModLoader] Instantiated entry for CameraProfilesMod. Calling OnLoad...&#xD;
[INF][Mod.CameraProfilesMod] [CameraProfilesMod] Loaded&#xD;
[INF][ModLoader] CameraProfilesMod OnLoad completed.&#xD;
[INF][ModLoader] Loaded CameraProfilesMod&#xD;
[INF][ModLoader] Reusing preloaded assembly for CapabilityStandardGraphOpsNodeGalleryMod: C:\001_AI\wt-case-e-query-completeness\src\Tests\GasTests\bin\Release\net9.0\CapabilityStandardGraphOpsNodeGalleryMod.dll&#xD;
[INF][ModLoader] Scanning 63 types in assembly...&#xD;
[INF][ModLoader] Instantiated entry for CapabilityStandardGraphOpsNodeGalleryMod. Calling OnLoad...&#xD;
[INF][Mod.CapabilityStandardGraphOpsNodeGalleryMod] [CapabilityStandardGraphOpsNodeGalleryMod] Loaded (per-op GraphNodeOp gallery host)&#xD;
[INF][ModLoader] CapabilityStandardGraphOpsNodeGalleryMod OnLoad completed.&#xD;
[INF][ModLoader] Loaded CapabilityStandardGraphOpsNodeGalleryMod&#xD;
[INF][Config] Merged fragment from: Core:game.json&#xD;
[INF][Config] Merged fragment from: LudotsCoreMod:assets/game.json&#xD;
[INF][Config] Merged fragment from: Core:config_catalog.json&#xD;
[INF][Config] Merged fragment from: CapabilityStandardGraphOpsNodeGalleryMod:assets/config_catalog.json&#xD;
[INF][Config] Merged fragment from: Core:Navigation/agent_profiles.json&#xD;
[INF][Engine] Merged GameConfig: StartupMapId=entry, DefaultCoreMod=LudotsCoreMod&#xD;
[INF][Engine] Constants loaded: OrderTypeIds=4, ResponseChainOrderTypeIds=3&#xD;
[INF][Engine] Initializing JobScheduler...&#xD;
[INF][Config] Loading DataRegistry&lt;EntityTemplate&gt; from Entities/templates.json...&#xD;
[INF][Config] Merged fragment from: LudotsCoreMod:assets/Entities/templates.json&#xD;
[INF][Config] Merged fragment from: CapabilityStandardGraphOpsNodeGalleryMod:assets/Entities/templates.json&#xD;
[INF][Config] Loaded 9 DataRegistry&lt;EntityTemplate&gt; items.&#xD;
[INF][Engine] Initializing Core GAS Systems...&#xD;
[INF][Config] Merged fragment from: Core:Engine/clock.json&#xD;
[INF][Config] Merged fragment from: Core:Relationships/catalog.json&#xD;
[INF][Config] Merged fragment from: LudotsCoreMod:assets/Relationships/catalog.json&#xD;
[INF][Config] Merged fragment from: CapabilityStandardGraphOpsNodeGalleryMod:assets/Relationships/catalog.json&#xD;
[INF][Config] Merged fragment from: Core:Relationships/control_profiles.json&#xD;
[INF][Config] Merged fragment from: Core:GAS/target_dispatch_presets.json&#xD;
[INF][Config] Merged fragment from: Core:GAS/clock.json&#xD;
[INF][Config] Merged fragment from: Core:Physics2D/clock.json&#xD;
[INF][Config] Merged fragment from: Core:Physics2D/solver.json&#xD;
[INF][Config] Merged fragment from: Core:Physics2D/kinematic.json&#xD;
[INF][Config] Merged fragment from: Core:GAS/attribute_constraints.json&#xD;
[INF][Config] Merged fragment from: Core:Enums/enums.json&#xD;
[INF][Config] Merged fragment from: Core:Vision/fog_layers.json&#xD;
[INF][Config] Merged fragment from: LudotsCoreMod:assets/Presentation/text_tokens.json&#xD;
[INF][Config] Merged fragment from: CapabilityStandardGraphOpsNodeGalleryMod:assets/Presentation/text_tokens.json&#xD;
[INF][Config] Merged fragment from: LudotsCoreMod:assets/Presentation/text_tokens.json&#xD;
[INF][Config] Merged fragment from: CapabilityStandardGraphOpsNodeGalleryMod:assets/Presentation/text_tokens.json&#xD;
[INF][Config] Merged fragment from: LudotsCoreMod:assets/Presentation/text_locales.json&#xD;
[INF][Config] Merged fragment from: CapabilityStandardGraphOpsNodeGalleryMod:assets/Presentation/text_locales.json&#xD;
[INF][Config] Merged fragment from: CapabilityStandardGraphOpsNodeGalleryMod:assets/Rng/distributions.json&#xD;
[INF][Config] Merged fragment from: Core:GraphTables/lookup_tables.json&#xD;
[INF][Config] Merged fragment from: CapabilityStandardGraphOpsNodeGalleryMod:assets/GraphTables/lookup_tables.json&#xD;
[INF][Config] Merged fragment from: Core:GAS/graphs.json&#xD;
[INF][Config] Merged fragment from: CapabilityStandardGraphOpsNodeGalleryMod:assets/GAS/graphs/AbsFloat.json&#xD;
[INF][Config] Merged fragment from: CapabilityStandardGraphOpsNodeGalleryMod:assets/GAS/graphs/ActivateContext.json&#xD;
[INF][Config] Merged fragment from: CapabilityStandardGraphOpsNodeGalleryMod:assets/GAS/graphs/AddFloat.json&#xD;
[INF][Config] Merged fragment from: CapabilityStandardGraphOpsNodeGalleryMod:assets/GAS/graphs/AddInt.json&#xD;
[INF][Config] Merged fragment from: CapabilityStandardGraphOpsNodeGalleryMod:assets/GAS/graphs/AggAverageAttribute.json&#xD;
[INF][Config] Merged fragment from: CapabilityStandardGraphOpsNodeGalleryMod:assets/GAS/graphs/AggCount.json&#xD;
[INF][Config] Merged fragment from: CapabilityStandardGraphOpsNodeGalleryMod:assets/GAS/graphs/AggMaxAttribute.json&#xD;
[INF][Config] Merged fragment from: CapabilityStandardGraphOpsNodeGalleryMod:assets/GAS/graphs/AggMaxEntityByAttribute.json&#xD;
[INF][Config] Merged fragment from: CapabilityStandardGraphOpsNodeGalleryMod:assets/GAS/graphs/AggMinAttribute.json&#xD;
[INF][Config] Merged fragment from: CapabilityStandardGraphOpsNodeGalleryMod:assets/GAS/graphs/AggMinByDistance.json&#xD;
[INF][Config] Merged fragment from: CapabilityStandardGraphOpsNodeGalleryMod:assets/GAS/graphs/AggMinEntityByAttribute.json&#xD;
[INF][Config] Merged fragment from: CapabilityStandardGraphOpsNodeGalleryMod:assets/GAS/graphs/AggSumAttribute.json&#xD;
[INF][Config] Merged fragment from: CapabilityStandardGraphOpsNodeGalleryMod:assets/GAS/graphs/ApplyEffectDynamic.json&#xD;
[INF][Config] Merged fragment from: CapabilityStandardGraphOpsNodeGalleryMod:assets/GAS/graphs/ApplyEffectTemplate.json&#xD;
[INF][Config] Merged fragment from: CapabilityStandardGraphOpsNodeGalleryMod:assets/GAS/graphs/AwaitCallback.json&#xD;
[INF][Config] Merged fragment from: CapabilityStandardGraphOpsNodeGalleryMod:assets/GAS/graphs/BeginLifecycleTransaction.json&#xD;
[INF][Config] Merged fragment from: CapabilityStandardGraphOpsNodeGalleryMod:assets/GAS/graphs/BindQueryCollection.json&#xD;
[INF][Config] Merged fragment from: CapabilityStandardGraphOpsNodeGalleryMod:assets/GAS/graphs/Call.json&#xD;
[INF][Config] Merged fragment from: CapabilityStandardGraphOpsNodeGalleryMod:assets/GAS/graphs/ClampFloat.json&#xD;
[INF][Config] Merged fragment from: CapabilityStandardGraphOpsNodeGalleryMod:assets/GAS/graphs/ClampTargetToRange.json&#xD;
[INF][Config] Merged fragment from: CapabilityStandardGraphOpsNodeGalleryMod:assets/GAS/graphs/CompareEqEntity.json&#xD;
[INF][Config] Merged fragment from: CapabilityStandardGraphOpsNodeGalleryMod:assets/GAS/graphs/CompareEqInt.json&#xD;
[INF][Config] Merged fragment from: CapabilityStandardGraphOpsNodeGalleryMod:assets/GAS/graphs/CompareGtFloat.json&#xD;
[INF][Config] Merged fragment from: CapabilityStandardGraphOpsNodeGalleryMod:assets/GAS/graphs/CompareLtInt.json&#xD;
[INF][Config] Merged fragment from: CapabilityStandardGraphOpsNodeGalleryMod:assets/GAS/graphs/ConcatText.json&#xD;
[INF][Config] Merged fragment from: CapabilityStandardGraphOpsNodeGalleryMod:assets/GAS/graphs/ConstBool.json&#xD;
[INF][Config] Merged fragment from: CapabilityStandardGraphOpsNodeGalleryMod:assets/GAS/graphs/ConstFloat.json&#xD;
[INF][Config] Merged fragment from: CapabilityStandardGraphOpsNodeGalleryMod:assets/GAS/graphs/ConstInt.json&#xD;
[INF][Config] Merged fragment from: CapabilityStandardGraphOpsNodeGalleryMod:assets/GAS/graphs/ConstText.json&#xD;
[INF][Config] Merged fragment from: CapabilityStandardGraphOpsNodeGalleryMod:assets/GAS/graphs/ControlDomainControls.json&#xD;
[INF][Config] Merged fragment from: CapabilityStandardGraphOpsNodeGalleryMod:assets/GAS/graphs/ControlDomainResolve.json&#xD;
[INF][Config] Merged fragment from: CapabilityStandardGraphOpsNodeGalleryMod:assets/GAS/graphs/CreatePanel.json&#xD;
[INF][Config] Merged fragment from: CapabilityStandardGraphOpsNodeGalleryMod:assets/GAS/graphs/DeactivateContext.json&#xD;
[INF][Config] Merged fragment from: CapabilityStandardGraphOpsNodeGalleryMod:assets/GAS/graphs/DestroyPanel.json&#xD;
[INF][Config] Merged fragment from: CapabilityStandardGraphOpsNodeGalleryMod:assets/GAS/graphs/DispatchMapEvent.json&#xD;
[INF][Config] Merged fragment from: CapabilityStandardGraphOpsNodeGalleryMod:assets/GAS/graphs/DivFloat.json&#xD;
[INF][Config] Merged fragment from: CapabilityStandardGraphOpsNodeGalleryMod:assets/GAS/graphs/FanOutApplyEffect.json&#xD;
[INF][Config] Merged fragment from: CapabilityStandardGraphOpsNodeGalleryMod:assets/GAS/graphs/FanOutApplyEffectDynamic.json&#xD;
[INF][Config] Merged fragment from: CapabilityStandardGraphOpsNodeGalleryMod:assets/GAS/graphs/FanOutDispatchEffect.json&#xD;
[INF][Config] Merged fragment from: CapabilityStandardGraphOpsNodeGalleryMod:assets/GAS/graphs/FanOutDispatchEffectDynamic.json&#xD;
[INF][Config] Merged fragment from: CapabilityStandardGraphOpsNodeGalleryMod:assets/GAS/graphs/FloatToText.json&#xD;
[INF][Config] Merged fragment from: CapabilityStandardGraphOpsNodeGalleryMod:assets/GAS/graphs/HaltReturnInt.json&#xD;
[INF][Config] Merged fragment from: CapabilityStandardGraphOpsNodeGalleryMod:assets/GAS/graphs/HasTag.json&#xD;
[INF][Config] Merged fragment from: CapabilityStandardGraphOpsNodeGalleryMod:assets/GAS/graphs/HidePanel.json&#xD;
[INF][Config] Merged fragment from: CapabilityStandardGraphOpsNodeGalleryMod:assets/GAS/graphs/IntToText.json&#xD;
[INF][Config] Merged fragment from: CapabilityStandardGraphOpsNodeGalleryMod:assets/GAS/graphs/InvokeBuiltin.json&#xD;
[INF][Config] Merged fragment from: CapabilityStandardGraphOpsNodeGalleryMod:assets/GAS/graphs/InvokeGraph.json&#xD;
[INF][Config] Merged fragment from: CapabilityStandardGraphOpsNodeGalleryMod:assets/GAS/graphs/InvokeScript.json&#xD;
[INF][Config] Merged fragment from: CapabilityStandardGraphOpsNodeGalleryMod:assets/GAS/graphs/IsPointInCircle.json&#xD;
[INF][Config] Merged fragment from: CapabilityStandardGraphOpsNodeGalleryMod:assets/GAS/graphs/Jump.json&#xD;
[INF][Config] Merged fragment from: CapabilityStandardGraphOpsNodeGalleryMod:assets/GAS/graphs/JumpIfFalse.json&#xD;
[INF][Config] Merged fragment from: CapabilityStandardGraphOpsNodeGalleryMod:assets/GAS/graphs/KnowledgeHasProjection.json&#xD;
[INF][Config] Merged fragment from: CapabilityStandardGraphOpsNodeGalleryMod:assets/GAS/graphs/LoadAttribute.json&#xD;
[INF][Config] Merged fragment from: CapabilityStandardGraphOpsNodeGalleryMod:assets/GAS/graphs/LoadCaster.json&#xD;
[INF][Config] Merged fragment from: CapabilityStandardGraphOpsNodeGalleryMod:assets/GAS/graphs/LoadConfigEffectId.json&#xD;
[INF][Config] Merged fragment from: CapabilityStandardGraphOpsNodeGalleryMod:assets/GAS/graphs/LoadConfigFloat.json&#xD;
[INF][Config] Merged fragment from: CapabilityStandardGraphOpsNodeGalleryMod:assets/GAS/graphs/LoadConfigInt.json&#xD;
[INF][Config] Merged fragment from: CapabilityStandardGraphOpsNodeGalleryMod:assets/GAS/graphs/LoadContextSource.json&#xD;
[INF][Config] Merged fragment from: CapabilityStandardGraphOpsNodeGalleryMod:assets/GAS/graphs/LoadContextTarget.json&#xD;
[INF][Config] Merged fragment from: CapabilityStandardGraphOpsNodeGalleryMod:assets/GAS/graphs/LoadContextTargetContext.json&#xD;
[INF][Config] Merged fragment from: CapabilityStandardGraphOpsNodeGalleryMod:assets/GAS/graphs/LoadEffectStack.json&#xD;
[INF][Config] Merged fragment from: CapabilityStandardGraphOpsNodeGalleryMod:assets/GAS/graphs/LoadEffectTiming.json&#xD;
[INF][Config] Merged fragment from: CapabilityStandardGraphOpsNodeGalleryMod:assets/GAS/graphs/LoadEntryPayloadEntity.json&#xD;
[INF][Config] Merged fragment from: CapabilityStandardGraphOpsNodeGalleryMod:assets/GAS/graphs/LoadEntryPayloadFloat.json&#xD;
[INF][Config] Merged fragment from: CapabilityStandardGraphOpsNodeGalleryMod:assets/GAS/graphs/LoadEntryPayloadInt.json&#xD;
[INF][Config] Merged fragment from: CapabilityStandardGraphOpsNodeGalleryMod:assets/GAS/graphs/LoadEventPayloadFloat.json&#xD;
[INF][Config] Merged fragment from: CapabilityStandardGraphOpsNodeGalleryMod:assets/GAS/graphs/LoadEventPayloadFloat.producer.json&#xD;
[INF][Config] Merged fragment from: CapabilityStandardGraphOpsNodeGalleryMod:assets/GAS/graphs/LoadEventPayloadInt.json&#xD;
[INF][Config] Merged fragment from: CapabilityStandardGraphOpsNodeGalleryMod:assets/GAS/graphs/LoadExplicitTarget.json&#xD;
[INF][Config] Merged fragment from: CapabilityStandardGraphOpsNodeGalleryMod:assets/GAS/graphs/LoadPlacedAnchor.json&#xD;
[INF][Config] Merged fragment from: CapabilityStandardGraphOpsNodeGalleryMod:assets/GAS/graphs/LoadPlacedEntity.json&#xD;
[INF][Config] Merged fragment from: CapabilityStandardGraphOpsNodeGalleryMod:assets/GAS/graphs/LoadPlacedRegion.json&#xD;
[INF][Config] Merged fragment from: CapabilityStandardGraphOpsNodeGalleryMod:assets/GAS/graphs/LoadPointerScreenX.json&#xD;
[INF][Config] Merged fragment from: CapabilityStandardGraphOpsNodeGalleryMod:assets/GAS/graphs/LoadPointerScreenY.json&#xD;
[INF][Config] Merged fragment from: CapabilityStandardGraphOpsNodeGalleryMod:assets/GAS/graphs/LoadSelfAttribute.json&#xD;
[INF][Config] Merged fragment from: CapabilityStandardGraphOpsNodeGalleryMod:assets/GAS/graphs/LoadTargetPosX.json&#xD;
[INF][Config] Merged fragment from: CapabilityStandardGraphOpsNodeGalleryMod:assets/GAS/graphs/LoadTargetPosY.json&#xD;
[INF][Config] Merged fragment from: CapabilityStandardGraphOpsNodeGalleryMod:assets/GAS/graphs/LoadTextKey.json&#xD;
[INF][Config] Merged fragment from: CapabilityStandardGraphOpsNodeGalleryMod:assets/GAS/graphs/LoadViewer.json&#xD;
[INF][Config] Merged fragment from: CapabilityStandardGraphOpsNodeGalleryMod:assets/GAS/graphs/MaxFloat.json&#xD;
[INF][Config] Merged fragment from: CapabilityStandardGraphOpsNodeGalleryMod:assets/GAS/graphs/MinFloat.json&#xD;
[INF][Config] Merged fragment from: CapabilityStandardGraphOpsNodeGalleryMod:assets/GAS/graphs/ModifyAttributeAdd.json&#xD;
[INF][Config] Merged fragment from: CapabilityStandardGraphOpsNodeGalleryMod:assets/GAS/graphs/ModifyAttributeSet.json&#xD;
[INF][Config] Merged fragment from: CapabilityStandardGraphOpsNodeGalleryMod:assets/GAS/graphs/MoveInt.json&#xD;
[INF][Config] Merged fragment from: CapabilityStandardGraphOpsNodeGalleryMod:assets/GAS/graphs/MulFloat.json&#xD;
[INF][Config] Merged fragment from: CapabilityStandardGraphOpsNodeGalleryMod:assets/GAS/graphs/NegFloat.json&#xD;
[INF][Config] Merged fragment from: CapabilityStandardGraphOpsNodeGalleryMod:assets/GAS/graphs/OfferActivity.json&#xD;
[INF][Config] Merged fragment from: CapabilityStandardGraphOpsNodeGalleryMod:assets/GAS/graphs/OfferTask.json&#xD;
[INF][Config] Merged fragment from: CapabilityStandardGraphOpsNodeGalleryMod:assets/GAS/graphs/PanelValues.json&#xD;
[INF][Config] Merged fragment from: CapabilityStandardGraphOpsNodeGalleryMod:assets/GAS/graphs/PointToDirection.json&#xD;
[INF][Config] Merged fragment from: CapabilityStandardGraphOpsNodeGalleryMod:assets/GAS/graphs/QueryAllMapEntities.json&#xD;
[INF][Config] Merged fragment from: CapabilityStandardGraphOpsNodeGalleryMod:assets/GAS/graphs/QueryCollectAbilityHolders.json&#xD;
[INF][Config] Merged fragment from: CapabilityStandardGraphOpsNodeGalleryMod:assets/GAS/graphs/QueryCollectAbilitySlots.json&#xD;
[INF][Config] Merged fragment from: CapabilityStandardGraphOpsNodeGalleryMod:assets/GAS/graphs/QueryCollectActiveActivities.json&#xD;
[INF][Config] Merged fragment from: CapabilityStandardGraphOpsNodeGalleryMod:assets/GAS/graphs/QueryCollectActiveDialogueChoices.json&#xD;
[INF][Config] Merged fragment from: CapabilityStandardGraphOpsNodeGalleryMod:assets/GAS/graphs/QueryCollectActiveEffects.json&#xD;
[INF][Config] Merged fragment from: CapabilityStandardGraphOpsNodeGalleryMod:assets/GAS/graphs/QueryCollectActiveTasks.json&#xD;
[INF][Config] Merged fragment from: CapabilityStandardGraphOpsNodeGalleryMod:assets/GAS/graphs/QueryCollectEffectTemplates.json&#xD;
[INF][Config] Merged fragment from: CapabilityStandardGraphOpsNodeGalleryMod:assets/GAS/graphs/QueryCollectInventoryItems.json&#xD;
[INF][Config] Merged fragment from: CapabilityStandardGraphOpsNodeGalleryMod:assets/GAS/graphs/QueryCollectItemDefinitions.json&#xD;
[INF][Config] Merged fragment from: CapabilityStandardGraphOpsNodeGalleryMod:assets/GAS/graphs/QueryCollectPresentTags.json&#xD;
[INF][Config] Merged fragment from: CapabilityStandardGraphOpsNodeGalleryMod:assets/GAS/graphs/QueryCollectProgressionNodes.json&#xD;
[INF][Config] Merged fragment from: CapabilityStandardGraphOpsNodeGalleryMod:assets/GAS/graphs/QueryCone.json&#xD;
[INF][Config] Merged fragment from: CapabilityStandardGraphOpsNodeGalleryMod:assets/GAS/graphs/QueryFilterAttributeRange.json&#xD;
[INF][Config] Merged fragment from: CapabilityStandardGraphOpsNodeGalleryMod:assets/GAS/graphs/QueryFilterLayer.json&#xD;
[INF][Config] Merged fragment from: CapabilityStandardGraphOpsNodeGalleryMod:assets/GAS/graphs/QueryFilterNotEntity.json&#xD;
[INF][Config] Merged fragment from: CapabilityStandardGraphOpsNodeGalleryMod:assets/GAS/graphs/QueryFilterRelationship.json&#xD;
[INF][Config] Merged fragment from: CapabilityStandardGraphOpsNodeGalleryMod:assets/GAS/graphs/QueryFilterTagAny.json&#xD;
[INF][Config] Merged fragment from: CapabilityStandardGraphOpsNodeGalleryMod:assets/GAS/graphs/QueryFilterTagNone.json&#xD;
[INF][Config] Merged fragment from: CapabilityStandardGraphOpsNodeGalleryMod:assets/GAS/graphs/QueryFilterTeam.json&#xD;
[INF][Config] Merged fragment from: CapabilityStandardGraphOpsNodeGalleryMod:assets/GAS/graphs/QueryFilterTemplate.json&#xD;
[INF][Config] Merged fragment from: CapabilityStandardGraphOpsNodeGalleryMod:assets/GAS/graphs/QueryFromCollection.json&#xD;
[INF][Config] Merged fragment from: CapabilityStandardGraphOpsNodeGalleryMod:assets/GAS/graphs/QueryHexNeighbors.json&#xD;
[INF][Config] Merged fragment from: CapabilityStandardGraphOpsNodeGalleryMod:assets/GAS/graphs/QueryHexRange.json&#xD;
[INF][Config] Merged fragment from: CapabilityStandardGraphOpsNodeGalleryMod:assets/GAS/graphs/QueryHexRing.json&#xD;
[INF][Config] Merged fragment from: CapabilityStandardGraphOpsNodeGalleryMod:assets/GAS/graphs/QueryLimit.json&#xD;
[INF][Config] Merged fragment from: CapabilityStandardGraphOpsNodeGalleryMod:assets/GAS/graphs/QueryLine.json&#xD;
[INF][Config] Merged fragment from: CapabilityStandardGraphOpsNodeGalleryMod:assets/GAS/graphs/QueryRadius.json&#xD;
[INF][Config] Merged fragment from: CapabilityStandardGraphOpsNodeGalleryMod:assets/GAS/graphs/QueryRectangle.json&#xD;
[INF][Config] Merged fragment from: CapabilityStandardGraphOpsNodeGalleryMod:assets/GAS/graphs/QueryScreenRegionCollection.json&#xD;
[INF][Config] Merged fragment from: CapabilityStandardGraphOpsNodeGalleryMod:assets/GAS/graphs/QuerySortByAttribute.json&#xD;
[INF][Config] Merged fragment from: CapabilityStandardGraphOpsNodeGalleryMod:assets/GAS/graphs/QuerySortStable.json&#xD;
[INF][Config] Merged fragment from: CapabilityStandardGraphOpsNodeGalleryMod:assets/GAS/graphs/RandomFloat01.json&#xD;
[INF][Config] Merged fragment from: CapabilityStandardGraphOpsNodeGalleryMod:assets/GAS/graphs/ReadBlackboardEntity.json&#xD;
[INF][Config] Merged fragment from: CapabilityStandardGraphOpsNodeGalleryMod:assets/GAS/graphs/ReadBlackboardFloat.json&#xD;
[INF][Config] Merged fragment from: CapabilityStandardGraphOpsNodeGalleryMod:assets/GAS/graphs/ReadBlackboardInt.json&#xD;
[INF][Config] Merged fragment from: CapabilityStandardGraphOpsNodeGalleryMod:assets/GAS/graphs/ReadMapVarFloat.json&#xD;
[INF][Config] Merged fragment from: CapabilityStandardGraphOpsNodeGalleryMod:assets/GAS/graphs/ReadMapVarInt.json&#xD;
[INF][Config] Merged fragment from: CapabilityStandardGraphOpsNodeGalleryMod:assets/GAS/graphs/RelationshipAddMetric.json&#xD;
[INF][Config] Merged fragment from: CapabilityStandardGraphOpsNodeGalleryMod:assets/GAS/graphs/RelationshipAggAverageMetric.json&#xD;
[INF][Config] Merged fragment from: CapabilityStandardGraphOpsNodeGalleryMod:assets/GAS/graphs/RelationshipAggMaxEntityByMetric.json&#xD;
[INF][Config] Merged fragment from: CapabilityStandardGraphOpsNodeGalleryMod:assets/GAS/graphs/RelationshipAggMaxMetric.json&#xD;
[INF][Config] Merged fragment from: CapabilityStandardGraphOpsNodeGalleryMod:assets/GAS/graphs/RelationshipAggMinEntityByMetric.json&#xD;
[INF][Config] Merged fragment from: CapabilityStandardGraphOpsNodeGalleryMod:assets/GAS/graphs/RelationshipAggMinMetric.json&#xD;
[INF][Config] Merged fragment from: CapabilityStandardGraphOpsNodeGalleryMod:assets/GAS/graphs/RelationshipAggSumMetric.json&#xD;
[INF][Config] Merged fragment from: CapabilityStandardGraphOpsNodeGalleryMod:assets/GAS/graphs/RelationshipEnsureLink.json&#xD;
[INF][Config] Merged fragment from: CapabilityStandardGraphOpsNodeGalleryMod:assets/GAS/graphs/RelationshipFilterFlag.json&#xD;
[INF][Config] Merged fragment from: CapabilityStandardGraphOpsNodeGalleryMod:assets/GAS/graphs/RelationshipFilterMetricRange.json&#xD;
[INF][Config] Merged fragment from: CapabilityStandardGraphOpsNodeGalleryMod:assets/GAS/graphs/RelationshipGetMetric.json&#xD;
[INF][Config] Merged fragment from: CapabilityStandardGraphOpsNodeGalleryMod:assets/GAS/graphs/RelationshipHasFlag.json&#xD;
[INF][Config] Merged fragment from: CapabilityStandardGraphOpsNodeGalleryMod:assets/GAS/graphs/RelationshipHasLink.json&#xD;
[INF][Config] Merged fragment from: CapabilityStandardGraphOpsNodeGalleryMod:assets/GAS/graphs/RelationshipQueryBetweenPair.json&#xD;
[INF][Config] Merged fragment from: CapabilityStandardGraphOpsNodeGalleryMod:assets/GAS/graphs/RelationshipQueryIncoming.json&#xD;
[INF][Config] Merged fragment from: CapabilityStandardGraphOpsNodeGalleryMod:assets/GAS/graphs/RelationshipQueryMutual.json&#xD;
[INF][Config] Merged fragment from: CapabilityStandardGraphOpsNodeGalleryMod:assets/GAS/graphs/RelationshipQueryOutgoing.json&#xD;
[INF][Config] Merged fragment from: CapabilityStandardGraphOpsNodeGalleryMod:assets/GAS/graphs/RelationshipRemoveLink.json&#xD;
[INF][Config] Merged fragment from: CapabilityStandardGraphOpsNodeGalleryMod:assets/GAS/graphs/RelationshipSetFlag.json&#xD;
[INF][Config] Merged fragment from: CapabilityStandardGraphOpsNodeGalleryMod:assets/GAS/graphs/RelationshipSetMetric.json&#xD;
[INF][Config] Merged fragment from: CapabilityStandardGraphOpsNodeGalleryMod:assets/GAS/graphs/RelationshipSortByMetric.json&#xD;
[INF][Config] Merged fragment from: CapabilityStandardGraphOpsNodeGalleryMod:assets/GAS/graphs/RemoveEffectTemplate.json&#xD;
[INF][Config] Merged fragment from: CapabilityStandardGraphOpsNodeGalleryMod:assets/GAS/graphs/ResolveTableRow.json&#xD;
[INF][Config] Merged fragment from: CapabilityStandardGraphOpsNodeGalleryMod:assets/GAS/graphs/Return.json&#xD;
[INF][Config] Merged fragment from: CapabilityStandardGraphOpsNodeGalleryMod:assets/GAS/graphs/ScreenPointToEntity.json&#xD;
[INF][Config] Merged fragment from: CapabilityStandardGraphOpsNodeGalleryMod:assets/GAS/graphs/ScreenPointToGround.json&#xD;
[INF][Config] Merged fragment from: CapabilityStandardGraphOpsNodeGalleryMod:assets/GAS/graphs/ScreenRegionToEntities.json&#xD;
[INF][Config] Merged fragment from: CapabilityStandardGraphOpsNodeGalleryMod:assets/GAS/graphs/SelectEntity.json&#xD;
[INF][Config] Merged fragment from: CapabilityStandardGraphOpsNodeGalleryMod:assets/GAS/graphs/SendEvent.json&#xD;
[INF][Config] Merged fragment from: CapabilityStandardGraphOpsNodeGalleryMod:assets/GAS/graphs/SendEvent.listener.json&#xD;
[INF][Config] Merged fragment from: CapabilityStandardGraphOpsNodeGalleryMod:assets/GAS/graphs/SetInteractionMode.json&#xD;
[INF][Config] Merged fragment from: CapabilityStandardGraphOpsNodeGalleryMod:assets/GAS/graphs/SetPanelAudience.json&#xD;
[INF][Config] Merged fragment from: CapabilityStandardGraphOpsNodeGalleryMod:assets/GAS/graphs/SetWorldPosition.json&#xD;
[INF][Config] Merged fragment from: CapabilityStandardGraphOpsNodeGalleryMod:assets/GAS/graphs/ShowPanel.json&#xD;
[INF][Config] Merged fragment from: CapabilityStandardGraphOpsNodeGalleryMod:assets/GAS/graphs/SinkPresentationText.json&#xD;
[INF][Config] Merged fragment from: CapabilityStandardGraphOpsNodeGalleryMod:assets/GAS/graphs/SnapToNearestGraphEdge.json&#xD;
[INF][Config] Merged fragment from: CapabilityStandardGraphOpsNodeGalleryMod:assets/GAS/graphs/SnapToNearestInCollection.json&#xD;
[INF][Config] Merged fragment from: CapabilityStandardGraphOpsNodeGalleryMod:assets/GAS/graphs/SpawnTemplate.json&#xD;
[INF][Config] Merged fragment from: CapabilityStandardGraphOpsNodeGalleryMod:assets/GAS/graphs/StartDialogue.json&#xD;
[INF][Config] Merged fragment from: CapabilityStandardGraphOpsNodeGalleryMod:assets/GAS/graphs/StickToDirection.json&#xD;
[INF][Config] Merged fragment from: CapabilityStandardGraphOpsNodeGalleryMod:assets/GAS/graphs/StoreArgEntity.json&#xD;
[INF][Config] Merged fragment from: CapabilityStandardGraphOpsNodeGalleryMod:assets/GAS/graphs/StoreArgFloat.json&#xD;
[INF][Config] Merged fragment from: CapabilityStandardGraphOpsNodeGalleryMod:assets/GAS/graphs/StoreArgInt.json&#xD;
[INF][Config] Merged fragment from: CapabilityStandardGraphOpsNodeGalleryMod:assets/GAS/graphs/SubFloat.json&#xD;
[INF][Config] Merged fragment from: CapabilityStandardGraphOpsNodeGalleryMod:assets/GAS/graphs/TableReadFloat.json&#xD;
[INF][Config] Merged fragment from: CapabilityStandardGraphOpsNodeGalleryMod:assets/GAS/graphs/TableReadInt.json&#xD;
[INF][Config] Merged fragment from: CapabilityStandardGraphOpsNodeGalleryMod:assets/GAS/graphs/TargetListGet.json&#xD;
[INF][Config] Merged fragment from: CapabilityStandardGraphOpsNodeGalleryMod:assets/GAS/graphs/WeightedPick.json&#xD;
[INF][Config] Merged fragment from: CapabilityStandardGraphOpsNodeGalleryMod:assets/GAS/graphs/WriteBlackboardEntity.json&#xD;
[INF][Config] Merged fragment from: CapabilityStandardGraphOpsNodeGalleryMod:assets/GAS/graphs/WriteBlackboardFloat.json&#xD;
[INF][Config] Merged fragment from: CapabilityStandardGraphOpsNodeGalleryMod:assets/GAS/graphs/WriteBlackboardInt.json&#xD;
[INF][Config] Merged fragment from: CapabilityStandardGraphOpsNodeGalleryMod:assets/GAS/graphs/WriteCollection.json&#xD;
[INF][Config] Merged fragment from: CapabilityStandardGraphOpsNodeGalleryMod:assets/GAS/graphs/WriteMapVarFloat.json&#xD;
[INF][Config] Merged fragment from: CapabilityStandardGraphOpsNodeGalleryMod:assets/GAS/graphs/WriteMapVarInt.json&#xD;
[INF][Config] Merged fragment from: CapabilityStandardGraphOpsNodeGalleryMod:assets/GAS/graphs/WriteSelfAttribute.json&#xD;
[INF][Config] Merged fragment from: CapabilityStandardGraphOpsNodeGalleryMod:assets/GAS/graphs/Yield.json&#xD;
[INF][Config] Merged fragment from: CapabilityStandardGraphOpsNodeGalleryMod:assets/GAS/graphs/_constSevenCallee.json&#xD;
[INF][Config] Merged fragment from: CapabilityStandardGraphOpsNodeGalleryMod:assets/GAS/graphs/_invokeArgCallee.json&#xD;
[INF][Config] Merged fragment from: Core:GAS/preset_types.json&#xD;
[INF][Config] Merged fragment from: Core:Exchange/operations.json&#xD;
[INF][Config] Merged fragment from: Core:Progression/scopes.json&#xD;
[INF][Config] Merged fragment from: Core:Progression/progressions.json&#xD;
[INF][Config] Merged fragment from: Core:Progression/requirements.json&#xD;
[INF][Config] Merged fragment from: LudotsCoreMod:assets/GAS/order_types.json&#xD;
[INF][Config] Merged fragment from: Core:GAS/effects.json&#xD;
[INF][Config] Merged fragment from: CapabilityStandardGraphOpsNodeGalleryMod:assets/GAS/effects.json&#xD;
[INF][Config] Merged fragment from: CapabilityStandardGraphOpsNodeGalleryMod:assets/GAS/abilities.json&#xD;
[INF][Config] Merged fragment from: CapabilityStandardGraphOpsNodeGalleryMod:assets/GAS/tag_rules.json&#xD;
[INF][Config] Merged fragment from: Core:GAS/func_lib.json&#xD;
[INF][Config] Merged fragment from: Core:GAS/action_lib.json&#xD;
[INF][Config] Merged fragment from: Core:Items/shapes.json&#xD;
[INF][Config] Merged fragment from: Core:Items/layouts.json&#xD;
[INF][Config] Merged fragment from: Core:Items/definitions.json&#xD;
[INF][Config] Merged fragment from: Core:Exchange/operations.json&#xD;
[INF][Config] Merged fragment from: Core:Panels/panel_templates.json&#xD;
[INF][Config] Merged fragment from: CapabilityStandardGraphOpsNodeGalleryMod:assets/Panels/panel_templates.json&#xD;
[INF][Config] Merged fragment from: Core:Input/filter_profiles.json&#xD;
[INF][Config] Merged fragment from: Core:Presentation/lod_profiles.json&#xD;
[INF][Config] Merged fragment from: Core:Presentation/particle_vfx.json&#xD;
[INF][Config] Merged fragment from: LudotsCoreMod:assets/Presentation/mesh_assets.json&#xD;
[INF][Config] Merged fragment from: LudotsCoreMod:assets/Presentation/material_assets.json&#xD;
[INF][Config] Merged fragment from: LudotsCoreMod:assets/Presentation/animator_controllers.json&#xD;
[INF][Config] Merged fragment from: LudotsCoreMod:assets/Presentation/animation_clips.json&#xD;
[INF][Config] Merged fragment from: LudotsCoreMod:assets/Presentation/animation_profiles.json&#xD;
[INF][Config] Merged fragment from: Core:Input/interaction_context_profiles.json&#xD;
[INF][Config] Merged fragment from: CapabilityStandardGraphOpsNodeGalleryMod:assets/Input/interaction_context_profiles.json&#xD;
[INF][Config] Merged fragment from: LudotsCoreMod:assets/Presentation/presenters.json&#xD;
[INF][Config] Merged fragment from: CoreInputMod:assets/Presentation/presenters.json&#xD;
[INF][Config] Merged fragment from: CapabilityStandardGraphOpsNodeGalleryMod:assets/Presentation/presenters.json&#xD;
[INF][Config] Merged fragment from: Core:GAS/attribute_bindings.json&#xD;
[INF][Config] Merged fragment from: Core:config_catalog.json&#xD;
[INF][Config] Merged fragment from: CapabilityStandardGraphOpsNodeGalleryMod:assets/config_catalog.json&#xD;
[INF][Config] Merged fragment from: Core:Input/default_input.json&#xD;
[INF][Config] Merged fragment from: CoreInputMod:assets/Input/default_input.json&#xD;
[INF][Config] Merged fragment from: CameraProfilesMod:assets/Input/default_input.json&#xD;
[INF][Config] Merged fragment from: Core:Input/action_attribute_bindings.json&#xD;
[INF][Config] Merged fragment from: Core:Input/command_intent_profiles.json&#xD;
[INF][Config] Merged fragment from: Core:Input/cast_commit_profiles.json&#xD;
[INF][Config] Merged fragment from: Core:Input/cast_commit_locks.json&#xD;
[INF][Config] Merged fragment from: Core:Input/cast_dispatch_profiles.json&#xD;
[INF][Config] Merged fragment from: Core:Input/control_schemes.json&#xD;
[INF][Config] Merged fragment from: Core:Input/interaction_prefs.json&#xD;
[INF][Config] Merged fragment from: Core:Input/interaction_modes.json&#xD;
[INF][Config] Merged fragment from: Core:UI/ability_aggregation_profiles.json&#xD;
[INF][Config] Merged fragment from: Core:UI/command_deck_profiles.json&#xD;
[INF][Config] Merged fragment from: Core:UI/production_overview_profiles.json&#xD;
[INF][Config] Merged fragment from: Core:AI/behavior_trees.json&#xD;
[INF][Config] Merged fragment from: Core:AI/hfsm.json&#xD;
[INF][Config] Merged fragment from: Core:Presentation/semantic_maps.json&#xD;
[INF][Config] Merged fragment from: Core:Presentation/image_assets.json&#xD;
[INF][Config] Merged fragment from: Core:Camera/virtual_cameras.json&#xD;
[INF][Config] Merged fragment from: CameraProfilesMod:assets/Camera/virtual_cameras.json&#xD;
[INF][Config] Merged fragment from: CapabilityStandardGraphOpsNodeGalleryMod:assets/Camera/virtual_cameras.json&#xD;
[INF][Config] Merged fragment from: CapabilityStandardGraphOpsNodeGalleryMod:assets/Tasks/tasks.json&#xD;
[INF][Config] Merged fragment from: CapabilityStandardGraphOpsNodeGalleryMod:assets/Activities/activities.json&#xD;
[INF][Config] Merged fragment from: Core:Story/lines.json&#xD;
[INF][Config] Merged fragment from: CapabilityStandardGraphOpsNodeGalleryMod:assets/Story/lines.json&#xD;
[INF][Config] Merged fragment from: Core:Story/presentation_profiles.json&#xD;
[INF][Config] Merged fragment from: CapabilityStandardGraphOpsNodeGalleryMod:assets/Story/presentation_profiles.json&#xD;
[INF][Config] Merged fragment from: Core:Story/speakers.json&#xD;
[INF][Config] Merged fragment from: CapabilityStandardGraphOpsNodeGalleryMod:assets/Story/speakers.json&#xD;
[INF][Config] Merged fragment from: Core:Dialogue/dialogues.json&#xD;
[INF][Config] Merged fragment from: CapabilityStandardGraphOpsNodeGalleryMod:assets/Dialogue/dialogues.json&#xD;
[INF][Config] Merged fragment from: Core:Sequencer/sequences.json&#xD;
[INF][ModLoader] No registration conflicts detected.&#xD;
[INF][Config] Merged fragment from: Core:config_catalog.json&#xD;
[INF][Config] Merged fragment from: CapabilityStandardGraphOpsNodeGalleryMod:assets/config_catalog.json&#xD;
[INF][Config] Merged fragment from: Core:Input/default_input.json&#xD;
[INF][Config] Merged fragment from: CoreInputMod:assets/Input/default_input.json&#xD;
[INF][Config] Merged fragment from: CameraProfilesMod:assets/Input/default_input.json&#xD;
[INF][Engine] Firing GameStart event...&#xD;
[LudotsCoreMod] Core systems installed&#xD;
[INF][Mod.CoreInputMod] [CoreInputMod] No viewmodes.json found, skipping.&#xD;
[INF][Mod.CoreInputMod] [CoreInputMod] No viewmodes.json found, skipping.&#xD;
[INF][Mod.CoreInputMod] [CoreInputMod] Registered 3 view modes from CameraProfilesMod.&#xD;
[INF][Mod.CoreInputMod] [CoreInputMod] No viewmodes.json found, skipping.&#xD;
[INF][Mod.CoreInputMod] [CoreInputMod] CommandSourceAcquisition, GasInputResponse, SkillBar, CommandSourceDragOverlay, AbilityAimPresentation, CommandActorMovePathPresentation, TabTarget, ViewMode registered&#xD;
[INF][Engine] Loading Map: capability_standard_graph_op_AddFloat&#xD;
[INF][Map] Loading Map: capability_standard_graph_op_AddFloat&#xD;
[INF][Config] Merged fragment from: CapabilityStandardGraphOpsNodeGalleryMod:assets/Maps/capability_standard_graph_op_AddFloat.json&#xD;
[INF][Map] Map 'capability_standard_graph_op_AddFloat' loaded.&#xD;
[INF][Map] Map 'capability_standard_graph_op_AddFloat' pushed to focus (stack depth=1).&#xD;
[INF][Config] Merged fragment from: Core:Navigation/pathing.json&#xD;
[INF][Engine] Pathing bootstrap skipped for map 'capability_standard_graph_op_AddFloat': no node-graph board or navmesh query service is loaded.&#xD;
[INF][Engine] Creating Entities from MapConfig...&#xD;
[INF][Engine] Applied DefaultCamera: yaw=180 pitch=75 dist=2600cm fov=50&#xD;
[INF][Engine] Firing MapLoaded event for capability_standard_graph_op_AddFloat...&#xD;
[WRN][Presentation] Terrain height sync requested ContinuousHeightmap, but none is registered; undeclared static pending may resolve flat while declared heightmap pending stays unresolved.&#xD;
[INF][Config] Merged fragment from: Core:GraphTables/lookup_tables.json</StdOut>
      </Output>
    </UnitTestResult>
    <UnitTestResult executionId="21589ab8-ffa1-4d61-a6ea-4d20a94d4b1e" testId="39cdb6a5-b6f8-c88b-5838-2a241a4be6aa" testName="GraphReturnWriter_MissingOutputSchemaFailsExplicitly" computerName="CODESEAL" duration="00:00:00.0006200" startTime="2026-09-07T21:19:39.9503516+08:00" endTime="2026-09-07T21:19:39.9509712+08:00" testType="13cdc9d9-ddb5-4fa4-a97d-d965ccfc6d4b" outcome="Passed" testListId="8c84fa94-04c1-424b-9868-57a2d4851a1d" relativeResultsDirectory="21589ab8-ffa1-4d61-a6ea-4d20a94d4b1e" />
    <UnitTestResult executionId="1483d9c4-1195-4ddb-b0ff-a2db5dd66e39" testId="4e91f75b-ddd9-b4c0-7d38-5b5a8afd8a18" testName="CodeApi_FiltersSortsAndAggregatesRelationshipMetricsAndFlags" computerName="CODESEAL" duration="00:00:00.0010550" startTime="2026-09-07T21:19:39.9018858+08:00" endTime="2026-09-07T21:19:39.9029409+08:00" testType="13cdc9d9-ddb5-4fa4-a97d-d965ccfc6d4b" outcome="Passed" testListId="8c84fa94-04c1-424b-9868-57a2d4851a1d" relativeResultsDirectory="1483d9c4-1195-4ddb-b0ff-a2db5dd66e39" />
    <UnitTestResult executionId="a23e7913-a2a4-49f2-8f5f-4eb4ac964c03" testId="95b41032-03b4-5bdd-2dd6-50d39084a85a" testName="ConstFloat_SettlesAuthoredConstantThroughGraphTail" computerName="CODESEAL" duration="00:00:00.0491120" startTime="2026-09-07T21:19:26.5067063+08:00" endTime="2026-09-07T21:19:26.5558158+08:00" testType="13cdc9d9-ddb5-4fa4-a97d-d965ccfc6d4b" outcome="Passed" testListId="8c84fa94-04c1-424b-9868-57a2d4851a1d" relativeResultsDirectory="a23e7913-a2a4-49f2-8f5f-4eb4ac964c03">
      <Output>
        <StdOut>[INF][Map] Cleaning up map 'capability_standard_graph_op_AddFloat'...&#xD;
[INF][Map] Destroyed 2 map entities (MapId=capability_standard_graph_op_AddFloat).&#xD;
[INF][Map] Map 'capability_standard_graph_op_AddFloat' unloaded.&#xD;
[INF][Engine] Loading Map: capability_standard_graph_op_ConstFloat&#xD;
[INF][Map] Loading Map: capability_standard_graph_op_ConstFloat&#xD;
[INF][Config] Merged fragment from: CapabilityStandardGraphOpsNodeGalleryMod:assets/Maps/capability_standard_graph_op_ConstFloat.json&#xD;
[INF][Map] Map 'capability_standard_graph_op_ConstFloat' loaded.&#xD;
[INF][Map] Map 'capability_standard_graph_op_ConstFloat' pushed to focus (stack depth=1).&#xD;
[INF][Config] Merged fragment from: Core:Navigation/pathing.json&#xD;
[INF][Engine] Pathing bootstrap skipped for map 'capability_standard_graph_op_ConstFloat': no node-graph board or navmesh query service is loaded.&#xD;
[INF][Engine] Creating Entities from MapConfig...&#xD;
[INF][Engine] Applied DefaultCamera: yaw=180 pitch=75 dist=2600cm fov=50&#xD;
[INF][Engine] Firing MapLoaded event for capability_standard_graph_op_ConstFloat...&#xD;
[INF][Config] Merged fragment from: Core:GraphTables/lookup_tables.json</StdOut>
      </Output>
    </UnitTestResult>
    <UnitTestResult executionId="bfcfc080-41bd-4358-8675-be201ae30485" testId="3b56780d-7fc3-5705-84f7-280310ca10fd" testName="CommanderDeath_MidGesture_PerformsDeactivatedSlotCleanup" computerName="CODESEAL" duration="00:00:00.2444240" startTime="2026-09-07T21:19:42.7935392+08:00" endTime="2026-09-07T21:19:43.0379527+08:00" testType="13cdc9d9-ddb5-4fa4-a97d-d965ccfc6d4b" outcome="Passed" testListId="8c84fa94-04c1-424b-9868-57a2d4851a1d" relativeResultsDirectory="bfcfc080-41bd-4358-8675-be201ae30485">
      <Output>
        <StdOut>[INF][Engine] Initializing with ConfigPipeline...&#xD;
[INF][Engine] Resolving mod dependencies from explicit mod paths: mods=2&#xD;
[INF][ModLoader] Mod Load Order:&#xD;
[INF][ModLoader] - LudotsCoreMod (P:-1000)&#xD;
[INF][ModLoader] - CaseESelectionMod (P:0)&#xD;
[INF][ModLoader] Resolved Mod Load Order (launcher graph):&#xD;
[INF][ModLoader] - LudotsCoreMod (P:-1000)&#xD;
[INF][ModLoader] - CaseESelectionMod (P:0)&#xD;
[INF][ModLoader] Loading DLL for LudotsCoreMod at C:\001_AI\wt-case-e-query-completeness\mods\LudotsCoreMod\bin\net9.0\LudotsCoreMod.dll&#xD;
[INF][ModLoader] Scanning 2 types in assembly...&#xD;
[INF][ModLoader] Instantiated entry for LudotsCoreMod. Calling OnLoad...&#xD;
[INF][Mod.LudotsCoreMod] [LudotsCoreMod] Loaded - Core game framework initialized&#xD;
[INF][ModLoader] LudotsCoreMod OnLoad completed.&#xD;
[INF][ModLoader] Loaded LudotsCoreMod&#xD;
[INF][ModLoader] Loading DLL for CaseESelectionMod at C:\001_AI\wt-case-e-query-completeness\mods\showcases\case_e_selection\CaseESelectionMod\bin\net9.0\CaseESelectionMod.dll&#xD;
[INF][ModLoader] Scanning 1 types in assembly...&#xD;
[INF][ModLoader] Instantiated entry for CaseESelectionMod. Calling OnLoad...&#xD;
[INF][ModLoader] CaseESelectionMod OnLoad completed.&#xD;
[INF][ModLoader] Loaded CaseESelectionMod&#xD;
[INF][Config] Merged fragment from: Core:game.json&#xD;
[INF][Config] Merged fragment from: LudotsCoreMod:assets/game.json&#xD;
[INF][Config] Merged fragment from: CaseESelectionMod:assets/game.json&#xD;
[INF][Config] Merged fragment from: Core:config_catalog.json&#xD;
[INF][Config] Merged fragment from: CaseESelectionMod:assets/config_catalog.json&#xD;
[INF][Config] Merged fragment from: Core:Navigation/agent_profiles.json&#xD;
[INF][Engine] Merged GameConfig: StartupMapId=case_e_selection_field, DefaultCoreMod=LudotsCoreMod&#xD;
[INF][Engine] Constants loaded: OrderTypeIds=4, ResponseChainOrderTypeIds=3&#xD;
[INF][Config] Loading DataRegistry&lt;EntityTemplate&gt; from Entities/templates.json...&#xD;
[INF][Config] Merged fragment from: LudotsCoreMod:assets/Entities/templates.json&#xD;
[INF][Config] Merged fragment from: CaseESelectionMod:assets/Entities/templates.json&#xD;
[INF][Config] Loaded 7 DataRegistry&lt;EntityTemplate&gt; items.&#xD;
[INF][Engine] Initializing Core GAS Systems...&#xD;
[INF][Config] Merged fragment from: Core:Engine/clock.json&#xD;
[INF][Config] Merged fragment from: Core:Relationships/catalog.json&#xD;
[INF][Config] Merged fragment from: LudotsCoreMod:assets/Relationships/catalog.json&#xD;
[INF][Config] Merged fragment from: Core:Relationships/control_profiles.json&#xD;
[INF][Config] Merged fragment from: Core:GAS/target_dispatch_presets.json&#xD;
[INF][Config] Merged fragment from: Core:GAS/clock.json&#xD;
[INF][Config] Merged fragment from: Core:Physics2D/clock.json&#xD;
[INF][Config] Merged fragment from: Core:Physics2D/solver.json&#xD;
[INF][Config] Merged fragment from: Core:Physics2D/kinematic.json&#xD;
[INF][Config] Merged fragment from: Core:GAS/attribute_constraints.json&#xD;
[INF][Config] Merged fragment from: CaseESelectionMod:assets/GAS/attribute_constraints.json&#xD;
[INF][Config] Merged fragment from: Core:Enums/enums.json&#xD;
[INF][Config] Merged fragment from: CaseESelectionMod:assets/Events/custom_events.json&#xD;
[INF][Config] Merged fragment from: Core:Vision/fog_layers.json&#xD;
[INF][Config] Merged fragment from: LudotsCoreMod:assets/Presentation/text_tokens.json&#xD;
[INF][Config] Merged fragment from: LudotsCoreMod:assets/Presentation/text_tokens.json&#xD;
[INF][Config] Merged fragment from: LudotsCoreMod:assets/Presentation/text_locales.json&#xD;
[INF][Config] Merged fragment from: Core:GraphTables/lookup_tables.json&#xD;
[INF][Config] Merged fragment from: Core:GAS/graphs.json&#xD;
[INF][Config] Merged fragment from: CaseESelectionMod:assets/GAS/graphs/graph.case_e.box_begin.json&#xD;
[INF][Config] Merged fragment from: CaseESelectionMod:assets/GAS/graphs/graph.case_e.box_commit.json&#xD;
[INF][Config] Merged fragment from: CaseESelectionMod:assets/GAS/graphs/graph.case_e.box_hit.json&#xD;
[INF][Config] Merged fragment from: CaseESelectionMod:assets/GAS/graphs/graph.case_e.box_hover_clear.json&#xD;
[INF][Config] Merged fragment from: CaseESelectionMod:assets/GAS/graphs/graph.case_e.box_hover_tick.json&#xD;
[INF][Config] Merged fragment from: CaseESelectionMod:assets/GAS/graphs/graph.case_e.candidates.json&#xD;
[INF][Config] Merged fragment from: CaseESelectionMod:assets/GAS/graphs/graph.case_e.roster_sync.json&#xD;
[INF][Config] Merged fragment from: CaseESelectionMod:assets/GAS/graphs/graph.case_e.selection_commit.json&#xD;
[INF][Config] Merged fragment from: Core:GAS/preset_types.json&#xD;
[INF][Config] Merged fragment from: Core:Exchange/operations.json&#xD;
[INF][Config] Merged fragment from: Core:Progression/scopes.json&#xD;
[INF][Config] Merged fragment from: Core:Progression/progressions.json&#xD;
[INF][Config] Merged fragment from: Core:Progression/requirements.json&#xD;
[INF][Config] Merged fragment from: LudotsCoreMod:assets/GAS/order_types.json&#xD;
[INF][Config] Merged fragment from: Core:GAS/effects.json&#xD;
[INF][Config] Merged fragment from: Core:GAS/func_lib.json&#xD;
[INF][Config] Merged fragment from: Core:GAS/action_lib.json&#xD;
[INF][Config] Merged fragment from: Core:Items/shapes.json&#xD;
[INF][Config] Merged fragment from: Core:Items/layouts.json&#xD;
[INF][Config] Merged fragment from: Core:Items/definitions.json&#xD;
[INF][Config] Merged fragment from: Core:Exchange/operations.json&#xD;
[INF][Config] Merged fragment from: Core:Panels/panel_templates.json&#xD;
[INF][Config] Merged fragment from: Core:Input/filter_profiles.json&#xD;
[INF][Config] Merged fragment from: Core:Presentation/lod_profiles.json&#xD;
[INF][Config] Merged fragment from: Core:Presentation/particle_vfx.json&#xD;
[INF][Config] Merged fragment from: LudotsCoreMod:assets/Presentation/mesh_assets.json&#xD;
[INF][Config] Merged fragment from: CaseESelectionMod:assets/Presentation/mesh_assets.json&#xD;
[INF][Config] Merged fragment from: LudotsCoreMod:assets/Presentation/material_assets.json&#xD;
[INF][Config] Merged fragment from: LudotsCoreMod:assets/Presentation/animator_controllers.json&#xD;
[INF][Config] Merged fragment from: LudotsCoreMod:assets/Presentation/animation_clips.json&#xD;
[INF][Config] Merged fragment from: LudotsCoreMod:assets/Presentation/animation_profiles.json&#xD;
[INF][Config] Merged fragment from: Core:Input/interaction_context_profiles.json&#xD;
[INF][Config] Merged fragment from: CaseESelectionMod:assets/Input/interaction_context_profiles.json&#xD;
[INF][Config] Merged fragment from: LudotsCoreMod:assets/Presentation/presenters.json&#xD;
[INF][Config] Merged fragment from: CaseESelectionMod:assets/Presentation/presenters.json&#xD;
[INF][Config] Merged fragment from: Core:GAS/attribute_bindings.json&#xD;
[INF][Config] Merged fragment from: Core:config_catalog.json&#xD;
[INF][Config] Merged fragment from: CaseESelectionMod:assets/config_catalog.json&#xD;
[INF][Config] Merged fragment from: Core:Input/default_input.json&#xD;
[INF][Config] Merged fragment from: CaseESelectionMod:assets/Input/default_input.json&#xD;
[INF][Config] Merged fragment from: Core:Input/action_attribute_bindings.json&#xD;
[INF][Config] Merged fragment from: CaseESelectionMod:assets/Input/action_attribute_bindings.json&#xD;
[INF][Config] Merged fragment from: Core:Input/command_intent_profiles.json&#xD;
[INF][Config] Merged fragment from: Core:Input/cast_commit_profiles.json&#xD;
[INF][Config] Merged fragment from: Core:Input/cast_commit_locks.json&#xD;
[INF][Config] Merged fragment from: Core:Input/cast_dispatch_profiles.json&#xD;
[INF][Config] Merged fragment from: Core:Input/control_schemes.json&#xD;
[INF][Config] Merged fragment from: CaseESelectionMod:assets/Input/control_schemes.json&#xD;
[INF][Config] Merged fragment from: Core:Input/interaction_prefs.json&#xD;
[INF][Config] Merged fragment from: Core:Input/interaction_modes.json&#xD;
[INF][Config] Merged fragment from: Core:UI/ability_aggregation_profiles.json&#xD;
[INF][Config] Merged fragment from: Core:UI/command_deck_profiles.json&#xD;
[INF][Config] Merged fragment from: Core:UI/production_overview_profiles.json&#xD;
[INF][Config] Merged fragment from: Core:AI/behavior_trees.json&#xD;
[INF][Config] Merged fragment from: Core:AI/hfsm.json&#xD;
[INF][Config] Merged fragment from: Core:Presentation/semantic_maps.json&#xD;
[INF][Config] Merged fragment from: Core:Presentation/image_assets.json&#xD;
[INF][Config] Merged fragment from: Core:Camera/virtual_cameras.json&#xD;
[INF][Config] Merged fragment from: Core:Story/lines.json&#xD;
[INF][Config] Merged fragment from: Core:Story/presentation_profiles.json&#xD;
[INF][Config] Merged fragment from: Core:Story/speakers.json&#xD;
[INF][Config] Merged fragment from: Core:Dialogue/dialogues.json&#xD;
[INF][Config] Merged fragment from: Core:Sequencer/sequences.json&#xD;
[INF][ModLoader] No registration conflicts detected.&#xD;
[INF][Config] Merged fragment from: Core:config_catalog.json&#xD;
[INF][Config] Merged fragment from: CaseESelectionMod:assets/config_catalog.json&#xD;
[INF][Config] Merged fragment from: Core:Input/default_input.json&#xD;
[INF][Config] Merged fragment from: CaseESelectionMod:assets/Input/default_input.json&#xD;
[INF][Engine] Firing GameStart event...&#xD;
[LudotsCoreMod] Core systems installed&#xD;
[INF][Engine] Loading Map: case_e_selection_field&#xD;
[INF][Map] Loading Map: case_e_selection_field&#xD;
[INF][Config] Merged fragment from: CaseESelectionMod:assets/Maps/case_e_selection_field.json&#xD;
[INF][Map] Map 'case_e_selection_field' loaded.&#xD;
[INF][Map] Map 'case_e_selection_field' pushed to focus (stack depth=1).&#xD;
[INF][Config] Merged fragment from: Core:Navigation/pathing.json&#xD;
[INF][Engine] Pathing bootstrap skipped for map 'case_e_selection_field': no node-graph board or navmesh query service is loaded.&#xD;
[INF][Engine] Creating Entities from MapConfig...&#xD;
[INF][Engine] Registered 2 triggers for map 'case_e_selection_field'.&#xD;
[INF][Engine] Applied DefaultCamera: yaw=0 pitch=52 dist=3400cm fov=45&#xD;
[INF][Engine] Firing MapLoaded event for case_e_selection_field...&#xD;
[WRN][Engine] Duplicate registration for trigger type TriggerGraphMountTrigger. Keeping original.&#xD;
[WRN][Engine] Duplicate registration for trigger type TriggerGraphResumeTrigger. Keeping original.&#xD;
[INF][Engine] Appended 2 triggers to map 'case_e_selection_field'.&#xD;
[WRN][Engine] Duplicate registration for trigger type TriggerGraphMountTrigger. Keeping original.&#xD;
[WRN][Engine] Duplicate registration for trigger type TriggerGraphResumeTrigger. Keeping original.&#xD;
[WRN][Engine] Duplicate registration for trigger type TriggerGraphMountTrigger. Keeping original.&#xD;
[WRN][Engine] Duplicate registration for trigger type TriggerGraphResumeTrigger. Keeping original.&#xD;
[INF][Engine] Appended 4 triggers to map 'case_e_selection_field'.&#xD;
[INF][Engine] Unloading ModLoader contexts...</StdOut>
      </Output>
    </UnitTestResult>
    <UnitTestResult executionId="c9a8dc76-e022-4eec-b53e-7f659803d718" testId="554c78a4-4648-579b-3b89-1ba9a4f33b7a" testName="CandidateDies_MidDrag_ExcludedFromHoverAndCommit" computerName="CODESEAL" duration="00:00:00.2208560" startTime="2026-09-07T21:19:42.3321763+08:00" endTime="2026-09-07T21:19:42.5530234+08:00" testType="13cdc9d9-ddb5-4fa4-a97d-d965ccfc6d4b" outcome="Passed" testListId="8c84fa94-04c1-424b-9868-57a2d4851a1d" relativeResultsDirectory="c9a8dc76-e022-4eec-b53e-7f659803d718">
      <Output>
        <StdOut>[INF][Engine] Initializing with ConfigPipeline...&#xD;
[INF][Engine] Resolving mod dependencies from explicit mod paths: mods=2&#xD;
[INF][ModLoader] Mod Load Order:&#xD;
[INF][ModLoader] - LudotsCoreMod (P:-1000)&#xD;
[INF][ModLoader] - CaseESelectionMod (P:0)&#xD;
[INF][ModLoader] Resolved Mod Load Order (launcher graph):&#xD;
[INF][ModLoader] - LudotsCoreMod (P:-1000)&#xD;
[INF][ModLoader] - CaseESelectionMod (P:0)&#xD;
[INF][ModLoader] Loading DLL for LudotsCoreMod at C:\001_AI\wt-case-e-query-completeness\mods\LudotsCoreMod\bin\net9.0\LudotsCoreMod.dll&#xD;
[INF][ModLoader] Scanning 2 types in assembly...&#xD;
[INF][ModLoader] Instantiated entry for LudotsCoreMod. Calling OnLoad...&#xD;
[INF][Mod.LudotsCoreMod] [LudotsCoreMod] Loaded - Core game framework initialized&#xD;
[INF][ModLoader] LudotsCoreMod OnLoad completed.&#xD;
[INF][ModLoader] Loaded LudotsCoreMod&#xD;
[INF][ModLoader] Loading DLL for CaseESelectionMod at C:\001_AI\wt-case-e-query-completeness\mods\showcases\case_e_selection\CaseESelectionMod\bin\net9.0\CaseESelectionMod.dll&#xD;
[INF][ModLoader] Scanning 1 types in assembly...&#xD;
[INF][ModLoader] Instantiated entry for CaseESelectionMod. Calling OnLoad...&#xD;
[INF][ModLoader] CaseESelectionMod OnLoad completed.&#xD;
[INF][ModLoader] Loaded CaseESelectionMod&#xD;
[INF][Config] Merged fragment from: Core:game.json&#xD;
[INF][Config] Merged fragment from: LudotsCoreMod:assets/game.json&#xD;
[INF][Config] Merged fragment from: CaseESelectionMod:assets/game.json&#xD;
[INF][Config] Merged fragment from: Core:config_catalog.json&#xD;
[INF][Config] Merged fragment from: CaseESelectionMod:assets/config_catalog.json&#xD;
[INF][Config] Merged fragment from: Core:Navigation/agent_profiles.json&#xD;
[INF][Engine] Merged GameConfig: StartupMapId=case_e_selection_field, DefaultCoreMod=LudotsCoreMod&#xD;
[INF][Engine] Constants loaded: OrderTypeIds=4, ResponseChainOrderTypeIds=3&#xD;
[INF][Config] Loading DataRegistry&lt;EntityTemplate&gt; from Entities/templates.json...&#xD;
[INF][Config] Merged fragment from: LudotsCoreMod:assets/Entities/templates.json&#xD;
[INF][Config] Merged fragment from: CaseESelectionMod:assets/Entities/templates.json&#xD;
[INF][Config] Loaded 7 DataRegistry&lt;EntityTemplate&gt; items.&#xD;
[INF][Engine] Initializing Core GAS Systems...&#xD;
[INF][Config] Merged fragment from: Core:Engine/clock.json&#xD;
[INF][Config] Merged fragment from: Core:Relationships/catalog.json&#xD;
[INF][Config] Merged fragment from: LudotsCoreMod:assets/Relationships/catalog.json&#xD;
[INF][Config] Merged fragment from: Core:Relationships/control_profiles.json&#xD;
[INF][Config] Merged fragment from: Core:GAS/target_dispatch_presets.json&#xD;
[INF][Config] Merged fragment from: Core:GAS/clock.json&#xD;
[INF][Config] Merged fragment from: Core:Physics2D/clock.json&#xD;
[INF][Config] Merged fragment from: Core:Physics2D/solver.json&#xD;
[INF][Config] Merged fragment from: Core:Physics2D/kinematic.json&#xD;
[INF][Config] Merged fragment from: Core:GAS/attribute_constraints.json&#xD;
[INF][Config] Merged fragment from: CaseESelectionMod:assets/GAS/attribute_constraints.json&#xD;
[INF][Config] Merged fragment from: Core:Enums/enums.json&#xD;
[INF][Config] Merged fragment from: CaseESelectionMod:assets/Events/custom_events.json&#xD;
[INF][Config] Merged fragment from: Core:Vision/fog_layers.json&#xD;
[INF][Config] Merged fragment from: LudotsCoreMod:assets/Presentation/text_tokens.json&#xD;
[INF][Config] Merged fragment from: LudotsCoreMod:assets/Presentation/text_tokens.json&#xD;
[INF][Config] Merged fragment from: LudotsCoreMod:assets/Presentation/text_locales.json&#xD;
[INF][Config] Merged fragment from: Core:GraphTables/lookup_tables.json&#xD;
[INF][Config] Merged fragment from: Core:GAS/graphs.json&#xD;
[INF][Config] Merged fragment from: CaseESelectionMod:assets/GAS/graphs/graph.case_e.box_begin.json&#xD;
[INF][Config] Merged fragment from: CaseESelectionMod:assets/GAS/graphs/graph.case_e.box_commit.json&#xD;
[INF][Config] Merged fragment from: CaseESelectionMod:assets/GAS/graphs/graph.case_e.box_hit.json&#xD;
[INF][Config] Merged fragment from: CaseESelectionMod:assets/GAS/graphs/graph.case_e.box_hover_clear.json&#xD;
[INF][Config] Merged fragment from: CaseESelectionMod:assets/GAS/graphs/graph.case_e.box_hover_tick.json&#xD;
[INF][Config] Merged fragment from: CaseESelectionMod:assets/GAS/graphs/graph.case_e.candidates.json&#xD;
[INF][Config] Merged fragment from: CaseESelectionMod:assets/GAS/graphs/graph.case_e.roster_sync.json&#xD;
[INF][Config] Merged fragment from: CaseESelectionMod:assets/GAS/graphs/graph.case_e.selection_commit.json&#xD;
[INF][Config] Merged fragment from: Core:GAS/preset_types.json&#xD;
[INF][Config] Merged fragment from: Core:Exchange/operations.json&#xD;
[INF][Config] Merged fragment from: Core:Progression/scopes.json&#xD;
[INF][Config] Merged fragment from: Core:Progression/progressions.json&#xD;
[INF][Config] Merged fragment from: Core:Progression/requirements.json&#xD;
[INF][Config] Merged fragment from: LudotsCoreMod:assets/GAS/order_types.json&#xD;
[INF][Config] Merged fragment from: Core:GAS/effects.json&#xD;
[INF][Config] Merged fragment from: Core:GAS/func_lib.json&#xD;
[INF][Config] Merged fragment from: Core:GAS/action_lib.json&#xD;
[INF][Config] Merged fragment from: Core:Items/shapes.json&#xD;
[INF][Config] Merged fragment from: Core:Items/layouts.json&#xD;
[INF][Config] Merged fragment from: Core:Items/definitions.json&#xD;
[INF][Config] Merged fragment from: Core:Exchange/operations.json&#xD;
[INF][Config] Merged fragment from: Core:Panels/panel_templates.json&#xD;
[INF][Config] Merged fragment from: Core:Input/filter_profiles.json&#xD;
[INF][Config] Merged fragment from: Core:Presentation/lod_profiles.json&#xD;
[INF][Config] Merged fragment from: Core:Presentation/particle_vfx.json&#xD;
[INF][Config] Merged fragment from: LudotsCoreMod:assets/Presentation/mesh_assets.json&#xD;
[INF][Config] Merged fragment from: CaseESelectionMod:assets/Presentation/mesh_assets.json&#xD;
[INF][Config] Merged fragment from: LudotsCoreMod:assets/Presentation/material_assets.json&#xD;
[INF][Config] Merged fragment from: LudotsCoreMod:assets/Presentation/animator_controllers.json&#xD;
[INF][Config] Merged fragment from: LudotsCoreMod:assets/Presentation/animation_clips.json&#xD;
[INF][Config] Merged fragment from: LudotsCoreMod:assets/Presentation/animation_profiles.json&#xD;
[INF][Config] Merged fragment from: Core:Input/interaction_context_profiles.json&#xD;
[INF][Config] Merged fragment from: CaseESelectionMod:assets/Input/interaction_context_profiles.json&#xD;
[INF][Config] Merged fragment from: LudotsCoreMod:assets/Presentation/presenters.json&#xD;
[INF][Config] Merged fragment from: CaseESelectionMod:assets/Presentation/presenters.json&#xD;
[INF][Config] Merged fragment from: Core:GAS/attribute_bindings.json&#xD;
[INF][Config] Merged fragment from: Core:config_catalog.json&#xD;
[INF][Config] Merged fragment from: CaseESelectionMod:assets/config_catalog.json&#xD;
[INF][Config] Merged fragment from: Core:Input/default_input.json&#xD;
[INF][Config] Merged fragment from: CaseESelectionMod:assets/Input/default_input.json&#xD;
[INF][Config] Merged fragment from: Core:Input/action_attribute_bindings.json&#xD;
[INF][Config] Merged fragment from: CaseESelectionMod:assets/Input/action_attribute_bindings.json&#xD;
[INF][Config] Merged fragment from: Core:Input/command_intent_profiles.json&#xD;
[INF][Config] Merged fragment from: Core:Input/cast_commit_profiles.json&#xD;
[INF][Config] Merged fragment from: Core:Input/cast_commit_locks.json&#xD;
[INF][Config] Merged fragment from: Core:Input/cast_dispatch_profiles.json&#xD;
[INF][Config] Merged fragment from: Core:Input/control_schemes.json&#xD;
[INF][Config] Merged fragment from: CaseESelectionMod:assets/Input/control_schemes.json&#xD;
[INF][Config] Merged fragment from: Core:Input/interaction_prefs.json&#xD;
[INF][Config] Merged fragment from: Core:Input/interaction_modes.json&#xD;
[INF][Config] Merged fragment from: Core:UI/ability_aggregation_profiles.json&#xD;
[INF][Config] Merged fragment from: Core:UI/command_deck_profiles.json&#xD;
[INF][Config] Merged fragment from: Core:UI/production_overview_profiles.json&#xD;
[INF][Config] Merged fragment from: Core:AI/behavior_trees.json&#xD;
[INF][Config] Merged fragment from: Core:AI/hfsm.json&#xD;
[INF][Config] Merged fragment from: Core:Presentation/semantic_maps.json&#xD;
[INF][Config] Merged fragment from: Core:Presentation/image_assets.json&#xD;
[INF][Config] Merged fragment from: Core:Camera/virtual_cameras.json&#xD;
[INF][Config] Merged fragment from: Core:Story/lines.json&#xD;
[INF][Config] Merged fragment from: Core:Story/presentation_profiles.json&#xD;
[INF][Config] Merged fragment from: Core:Story/speakers.json&#xD;
[INF][Config] Merged fragment from: Core:Dialogue/dialogues.json&#xD;
[INF][Config] Merged fragment from: Core:Sequencer/sequences.json&#xD;
[INF][ModLoader] No registration conflicts detected.&#xD;
[INF][Config] Merged fragment from: Core:config_catalog.json&#xD;
[INF][Config] Merged fragment from: CaseESelectionMod:assets/config_catalog.json&#xD;
[INF][Config] Merged fragment from: Core:Input/default_input.json&#xD;
[INF][Config] Merged fragment from: CaseESelectionMod:assets/Input/default_input.json&#xD;
[INF][Engine] Firing GameStart event...&#xD;
[LudotsCoreMod] Core systems installed&#xD;
[INF][Engine] Loading Map: case_e_selection_field&#xD;
[INF][Map] Loading Map: case_e_selection_field&#xD;
[INF][Config] Merged fragment from: CaseESelectionMod:assets/Maps/case_e_selection_field.json&#xD;
[INF][Map] Map 'case_e_selection_field' loaded.&#xD;
[INF][Map] Map 'case_e_selection_field' pushed to focus (stack depth=1).&#xD;
[INF][Config] Merged fragment from: Core:Navigation/pathing.json&#xD;
[INF][Engine] Pathing bootstrap skipped for map 'case_e_selection_field': no node-graph board or navmesh query service is loaded.&#xD;
[INF][Engine] Creating Entities from MapConfig...&#xD;
[INF][Engine] Registered 2 triggers for map 'case_e_selection_field'.&#xD;
[INF][Engine] Applied DefaultCamera: yaw=0 pitch=52 dist=3400cm fov=45&#xD;
[INF][Engine] Firing MapLoaded event for case_e_selection_field...&#xD;
[WRN][Engine] Duplicate registration for trigger type TriggerGraphMountTrigger. Keeping original.&#xD;
[WRN][Engine] Duplicate registration for trigger type TriggerGraphResumeTrigger. Keeping original.&#xD;
[INF][Engine] Appended 2 triggers to map 'case_e_selection_field'.&#xD;
[WRN][Engine] Duplicate registration for trigger type TriggerGraphMountTrigger. Keeping original.&#xD;
[WRN][Engine] Duplicate registration for trigger type TriggerGraphResumeTrigger. Keeping original.&#xD;
[WRN][Engine] Duplicate registration for trigger type TriggerGraphMountTrigger. Keeping original.&#xD;
[WRN][Engine] Duplicate registration for trigger type TriggerGraphResumeTrigger. Keeping original.&#xD;
[INF][Engine] Appended 4 triggers to map 'case_e_selection_field'.&#xD;
[WRN][Engine] Duplicate registration for trigger type TriggerGraphMountTrigger. Keeping original.&#xD;
[WRN][Engine] Duplicate registration for trigger type TriggerGraphResumeTrigger. Keeping original.&#xD;
[INF][Engine] Appended 2 triggers to map 'case_e_selection_field'.&#xD;
[INF][Engine] Unloading ModLoader contexts...</StdOut>
      </Output>
    </UnitTestResult>
    <UnitTestResult executionId="a7d9a813-5ba1-4285-bdbd-2f3c8af5cd7b" testId="28626b08-796e-6990-bbe9-83ecf937e5aa" testName="DenseRegion_IsCompleteAndDistantCandidatesDoNotIncreaseWarmWork(10000)" computerName="CODESEAL" duration="00:00:00.0467539" startTime="2026-09-07T21:19:39.9919077+08:00" endTime="2026-09-07T21:19:40.0386592+08:00" testType="13cdc9d9-ddb5-4fa4-a97d-d965ccfc6d4b" outcome="Passed" testListId="8c84fa94-04c1-424b-9868-57a2d4851a1d" relativeResultsDirectory="a7d9a813-5ba1-4285-bdbd-2f3c8af5cd7b">
      <Output>
        <StdOut>distant=10000, queries=100, exact_tests=50100, elapsed_ms=24.062500, bytes=0</StdOut>
      </Output>
    </UnitTestResult>
    <UnitTestResult executionId="28f1017e-da21-48f3-a449-7fd93477fc28" testId="f49ef240-8290-876e-de97-e98818f0bd77" testName="FourXShowcaseGraphs_CompileThroughLoaderWithSharedQueryAndRelationshipSymbols" computerName="CODESEAL" duration="00:00:00.0207159" startTime="2026-09-07T21:19:39.9043547+08:00" endTime="2026-09-07T21:19:39.9250687+08:00" testType="13cdc9d9-ddb5-4fa4-a97d-d965ccfc6d4b" outcome="Passed" testListId="8c84fa94-04c1-424b-9868-57a2d4851a1d" relativeResultsDirectory="28f1017e-da21-48f3-a449-7fd93477fc28">
      <Output>
        <StdOut>[INF][Config] Merged fragment from: Core:GAS/graphs.json</StdOut>
      </Output>
    </UnitTestResult>
    <UnitTestResult executionId="8cf65b90-1eb2-41a0-8a29-1345b4504ff3" testId="366dd3ef-ea94-b316-0029-d005e49e60d8" testName="LargeQuery_SurvivesYieldAndAnotherExecution_AndFreshQuerySeesRefWrites" computerName="CODESEAL" duration="00:00:00.0009250" startTime="2026-09-07T21:19:39.9550017+08:00" endTime="2026-09-07T21:19:39.9559266+08:00" testType="13cdc9d9-ddb5-4fa4-a97d-d965ccfc6d4b" outcome="Passed" testListId="8c84fa94-04c1-424b-9868-57a2d4851a1d" relativeResultsDirectory="8cf65b90-1eb2-41a0-8a29-1345b4504ff3" />
[...]
[INF][Config] Merged fragment from: Core:config_catalog.json&#xD;
[INF][Config] Merged fragment from: CaseESelectionMod:assets/config_catalog.json&#xD;
[INF][Config] Merged fragment from: Core:Navigation/agent_profiles.json&#xD;
[INF][Engine] Merged GameConfig: StartupMapId=case_e_selection_field, DefaultCoreMod=LudotsCoreMod&#xD;
[INF][Engine] Constants loaded: OrderTypeIds=4, ResponseChainOrderTypeIds=3&#xD;
[INF][Config] Loading DataRegistry&lt;EntityTemplate&gt; from Entities/templates.json...&#xD;
[INF][Config] Merged fragment from: LudotsCoreMod:assets/Entities/templates.json&#xD;
[INF][Config] Merged fragment from: CaseESelectionMod:assets/Entities/templates.json&#xD;
[INF][Config] Loaded 7 DataRegistry&lt;EntityTemplate&gt; items.&#xD;
[INF][Engine] Initializing Core GAS Systems...&#xD;
[INF][Config] Merged fragment from: Core:Engine/clock.json&#xD;
[INF][Config] Merged fragment from: Core:Relationships/catalog.json&#xD;
[INF][Config] Merged fragment from: LudotsCoreMod:assets/Relationships/catalog.json&#xD;
[INF][Config] Merged fragment from: Core:Relationships/control_profiles.json&#xD;
[INF][Config] Merged fragment from: Core:GAS/target_dispatch_presets.json&#xD;
[INF][Config] Merged fragment from: Core:GAS/clock.json&#xD;
[INF][Config] Merged fragment from: Core:Physics2D/clock.json&#xD;
[INF][Config] Merged fragment from: Core:Physics2D/solver.json&#xD;
[INF][Config] Merged fragment from: Core:Physics2D/kinematic.json&#xD;
[INF][Config] Merged fragment from: Core:GAS/attribute_constraints.json&#xD;
[INF][Config] Merged fragment from: CaseESelectionMod:assets/GAS/attribute_constraints.json&#xD;
[INF][Config] Merged fragment from: Core:Enums/enums.json&#xD;
[INF][Config] Merged fragment from: CaseESelectionMod:assets/Events/custom_events.json&#xD;
[INF][Config] Merged fragment from: Core:Vision/fog_layers.json&#xD;
[INF][Config] Merged fragment from: LudotsCoreMod:assets/Presentation/text_tokens.json&#xD;
[INF][Config] Merged fragment from: LudotsCoreMod:assets/Presentation/text_tokens.json&#xD;
[INF][Config] Merged fragment from: LudotsCoreMod:assets/Presentation/text_locales.json&#xD;
[INF][Config] Merged fragment from: Core:GraphTables/lookup_tables.json&#xD;
[INF][Config] Merged fragment from: Core:GAS/graphs.json&#xD;
[INF][Config] Merged fragment from: CaseESelectionMod:assets/GAS/graphs/graph.case_e.box_begin.json&#xD;
[INF][Config] Merged fragment from: CaseESelectionMod:assets/GAS/graphs/graph.case_e.box_commit.json&#xD;
[INF][Config] Merged fragment from: CaseESelectionMod:assets/GAS/graphs/graph.case_e.box_hit.json&#xD;
[INF][Config] Merged fragment from: CaseESelectionMod:assets/GAS/graphs/graph.case_e.box_hover_clear.json&#xD;
[INF][Config] Merged fragment from: CaseESelectionMod:assets/GAS/graphs/graph.case_e.box_hover_tick.json&#xD;
[INF][Config] Merged fragment from: CaseESelectionMod:assets/GAS/graphs/graph.case_e.candidates.json&#xD;
[INF][Config] Merged fragment from: CaseESelectionMod:assets/GAS/graphs/graph.case_e.roster_sync.json&#xD;
[INF][Config] Merged fragment from: CaseESelectionMod:assets/GAS/graphs/graph.case_e.selection_commit.json&#xD;
[INF][Config] Merged fragment from: Core:GAS/preset_types.json&#xD;
[INF][Config] Merged fragment from: Core:Exchange/operations.json&#xD;
[INF][Config] Merged fragment from: Core:Progression/scopes.json&#xD;
[INF][Config] Merged fragment from: Core:Progression/progressions.json&#xD;
[INF][Config] Merged fragment from: Core:Progression/requirements.json&#xD;
[INF][Config] Merged fragment from: LudotsCoreMod:assets/GAS/order_types.json&#xD;
[INF][Config] Merged fragment from: Core:GAS/effects.json&#xD;
[INF][Config] Merged fragment from: Core:GAS/func_lib.json&#xD;
[INF][Config] Merged fragment from: Core:GAS/action_lib.json&#xD;
[INF][Config] Merged fragment from: Core:Items/shapes.json&#xD;
[INF][Config] Merged fragment from: Core:Items/layouts.json&#xD;
[INF][Config] Merged fragment from: Core:Items/definitions.json&#xD;
[INF][Config] Merged fragment from: Core:Exchange/operations.json&#xD;
[INF][Config] Merged fragment from: Core:Panels/panel_templates.json&#xD;
[INF][Config] Merged fragment from: Core:Input/filter_profiles.json&#xD;
[INF][Config] Merged fragment from: Core:Presentation/lod_profiles.json&#xD;
[INF][Config] Merged fragment from: Core:Presentation/particle_vfx.json&#xD;
[INF][Config] Merged fragment from: LudotsCoreMod:assets/Presentation/mesh_assets.json&#xD;
[INF][Config] Merged fragment from: CaseESelectionMod:assets/Presentation/mesh_assets.json&#xD;
[INF][Config] Merged fragment from: LudotsCoreMod:assets/Presentation/material_assets.json&#xD;
[INF][Config] Merged fragment from: LudotsCoreMod:assets/Presentation/animator_controllers.json&#xD;
[INF][Config] Merged fragment from: LudotsCoreMod:assets/Presentation/animation_clips.json&#xD;
[INF][Config] Merged fragment from: LudotsCoreMod:assets/Presentation/animation_profiles.json&#xD;
[INF][Config] Merged fragment from: Core:Input/interaction_context_profiles.json&#xD;
[INF][Config] Merged fragment from: CaseESelectionMod:assets/Input/interaction_context_profiles.json&#xD;
[INF][Config] Merged fragment from: LudotsCoreMod:assets/Presentation/presenters.json&#xD;
[INF][Config] Merged fragment from: CaseESelectionMod:assets/Presentation/presenters.json&#xD;
[INF][Config] Merged fragment from: Core:GAS/attribute_bindings.json&#xD;
[INF][Config] Merged fragment from: Core:config_catalog.json&#xD;
[INF][Config] Merged fragment from: CaseESelectionMod:assets/config_catalog.json&#xD;
[INF][Config] Merged fragment from: Core:Input/default_input.json&#xD;
[INF][Config] Merged fragment from: CaseESelectionMod:assets/Input/default_input.json&#xD;
[INF][Config] Merged fragment from: Core:Input/action_attribute_bindings.json&#xD;
[INF][Config] Merged fragment from: CaseESelectionMod:assets/Input/action_attribute_bindings.json&#xD;
[INF][Config] Merged fragment from: Core:Input/command_intent_profiles.json&#xD;
[INF][Config] Merged fragment from: Core:Input/cast_commit_profiles.json&#xD;
[INF][Config] Merged fragment from: Core:Input/cast_commit_locks.json&#xD;
[INF][Config] Merged fragment from: Core:Input/cast_dispatch_profiles.json&#xD;
[INF][Config] Merged fragment from: Core:Input/control_schemes.json&#xD;
[INF][Config] Merged fragment from: CaseESelectionMod:assets/Input/control_schemes.json&#xD;
[INF][Config] Merged fragment from: Core:Input/interaction_prefs.json&#xD;
[INF][Config] Merged fragment from: Core:Input/interaction_modes.json&#xD;
[INF][Config] Merged fragment from: Core:UI/ability_aggregation_profiles.json&#xD;
[INF][Config] Merged fragment from: Core:UI/command_deck_profiles.json&#xD;
[INF][Config] Merged fragment from: Core:UI/production_overview_profiles.json&#xD;
[INF][Config] Merged fragment from: Core:AI/behavior_trees.json&#xD;
[INF][Config] Merged fragment from: Core:AI/hfsm.json&#xD;
[INF][Config] Merged fragment from: Core:Presentation/semantic_maps.json&#xD;
[INF][Config] Merged fragment from: Core:Presentation/image_assets.json&#xD;
[INF][Config] Merged fragment from: Core:Camera/virtual_cameras.json&#xD;
[INF][Config] Merged fragment from: Core:Story/lines.json&#xD;
[INF][Config] Merged fragment from: Core:Story/presentation_profiles.json&#xD;
[INF][Config] Merged fragment from: Core:Story/speakers.json&#xD;
[INF][Config] Merged fragment from: Core:Dialogue/dialogues.json&#xD;
[INF][Config] Merged fragment from: Core:Sequencer/sequences.json&#xD;
[INF][ModLoader] No registration conflicts detected.&#xD;
[INF][Config] Merged fragment from: Core:config_catalog.json&#xD;
[INF][Config] Merged fragment from: CaseESelectionMod:assets/config_catalog.json&#xD;
[INF][Config] Merged fragment from: Core:Input/default_input.json&#xD;
[INF][Config] Merged fragment from: CaseESelectionMod:assets/Input/default_input.json&#xD;
[INF][Engine] Firing GameStart event...&#xD;
[LudotsCoreMod] Core systems installed&#xD;
[INF][Engine] Loading Map: case_e_selection_field&#xD;
[INF][Map] Loading Map: case_e_selection_field&#xD;
[INF][Config] Merged fragment from: CaseESelectionMod:assets/Maps/case_e_selection_field.json&#xD;
[INF][Map] Map 'case_e_selection_field' loaded.&#xD;
[INF][Map] Map 'case_e_selection_field' pushed to focus (stack depth=1).&#xD;
[INF][Config] Merged fragment from: Core:Navigation/pathing.json&#xD;
[INF][Engine] Pathing bootstrap skipped for map 'case_e_selection_field': no node-graph board or navmesh query service is loaded.&#xD;
[INF][Engine] Creating Entities from MapConfig...&#xD;
[INF][Engine] Registered 2 triggers for map 'case_e_selection_field'.&#xD;
[INF][Engine] Applied DefaultCamera: yaw=0 pitch=52 dist=3400cm fov=45&#xD;
[INF][Engine] Firing MapLoaded event for case_e_selection_field...&#xD;
[WRN][Engine] Duplicate registration for trigger type TriggerGraphMountTrigger. Keeping original.&#xD;
[WRN][Engine] Duplicate registration for trigger type TriggerGraphResumeTrigger. Keeping original.&#xD;
[INF][Engine] Appended 2 triggers to map 'case_e_selection_field'.&#xD;
[WRN][Engine] Duplicate registration for trigger type TriggerGraphMountTrigger. Keeping original.&#xD;
[WRN][Engine] Duplicate registration for trigger type TriggerGraphResumeTrigger. Keeping original.&#xD;
[WRN][Engine] Duplicate registration for trigger type TriggerGraphMountTrigger. Keeping original.&#xD;
[WRN][Engine] Duplicate registration for trigger type TriggerGraphResumeTrigger. Keeping original.&#xD;
[INF][Engine] Appended 4 triggers to map 'case_e_selection_field'.&#xD;
[INF][Engine] Unloading ModLoader contexts...&#xD;
&#xD;
[INF][Engine] Initializing with ConfigPipeline...&#xD;
[INF][Engine] Resolving mod dependencies from explicit mod paths: mods=2&#xD;
[INF][ModLoader] Mod Load Order:&#xD;
[INF][ModLoader] - LudotsCoreMod (P:-1000)&#xD;
[INF][ModLoader] - CaseESelectionMod (P:0)&#xD;
[INF][ModLoader] Resolved Mod Load Order (launcher graph):&#xD;
[INF][ModLoader] - LudotsCoreMod (P:-1000)&#xD;
[INF][ModLoader] - CaseESelectionMod (P:0)&#xD;
[INF][ModLoader] Loading DLL for LudotsCoreMod at C:\001_AI\wt-case-e-query-completeness\mods\LudotsCoreMod\bin\net9.0\LudotsCoreMod.dll&#xD;
[INF][ModLoader] Scanning 2 types in assembly...&#xD;
[INF][ModLoader] Instantiated entry for LudotsCoreMod. Calling OnLoad...&#xD;
[INF][Mod.LudotsCoreMod] [LudotsCoreMod] Loaded - Core game framework initialized&#xD;
[INF][ModLoader] LudotsCoreMod OnLoad completed.&#xD;
[INF][ModLoader] Loaded LudotsCoreMod&#xD;
[INF][ModLoader] Loading DLL for CaseESelectionMod at C:\001_AI\wt-case-e-query-completeness\mods\showcases\case_e_selection\CaseESelectionMod\bin\net9.0\CaseESelectionMod.dll&#xD;
[INF][ModLoader] Scanning 1 types in assembly...&#xD;
[INF][ModLoader] Instantiated entry for CaseESelectionMod. Calling OnLoad...&#xD;
[INF][ModLoader] CaseESelectionMod OnLoad completed.&#xD;
[INF][ModLoader] Loaded CaseESelectionMod&#xD;
[INF][Config] Merged fragment from: Core:game.json&#xD;
[INF][Config] Merged fragment from: LudotsCoreMod:assets/game.json&#xD;
[INF][Config] Merged fragment from: CaseESelectionMod:assets/game.json&#xD;
[INF][Config] Merged fragment from: Core:config_catalog.json&#xD;
[INF][Config] Merged fragment from: CaseESelectionMod:assets/config_catalog.json&#xD;
[INF][Config] Merged fragment from: Core:Navigation/agent_profiles.json&#xD;
[INF][Engine] Merged GameConfig: StartupMapId=case_e_selection_field, DefaultCoreMod=LudotsCoreMod&#xD;
[INF][Engine] Constants loaded: OrderTypeIds=4, ResponseChainOrderTypeIds=3&#xD;
[INF][Config] Loading DataRegistry&lt;EntityTemplate&gt; from Entities/templates.json...&#xD;
[INF][Config] Merged fragment from: LudotsCoreMod:assets/Entities/templates.json&#xD;
[INF][Config] Merged fragment from: CaseESelectionMod:assets/Entities/templates.json&#xD;
[INF][Config] Loaded 7 DataRegistry&lt;EntityTemplate&gt; items.&#xD;
[INF][Engine] Initializing Core GAS Systems...&#xD;
[INF][Config] Merged fragment from: Core:Engine/clock.json&#xD;
[INF][Config] Merged fragment from: Core:Relationships/catalog.json&#xD;
[INF][Config] Merged fragment from: LudotsCoreMod:assets/Relationships/catalog.json&#xD;
[INF][Config] Merged fragment from: Core:Relationships/control_profiles.json&#xD;
[INF][Config] Merged fragment from: Core:GAS/target_dispatch_presets.json&#xD;
[INF][Config] Merged fragment from: Core:GAS/clock.json&#xD;
[INF][Config] Merged fragment from: Core:Physics2D/clock.json&#xD;
[INF][Config] Merged fragment from: Core:Physics2D/solver.json&#xD;
[INF][Config] Merged fragment from: Core:Physics2D/kinematic.json&#xD;
[INF][Config] Merged fragment from: Core:GAS/attribute_constraints.json&#xD;
[INF][Config] Merged fragment from: CaseESelectionMod:assets/GAS/attribute_constraints.json&#xD;
[INF][Config] Merged fragment from: Core:Enums/enums.json&#xD;
[INF][Config] Merged fragment from: CaseESelectionMod:assets/Events/custom_events.json&#xD;
[INF][Config] Merged fragment from: Core:Vision/fog_layers.json&#xD;
[INF][Config] Merged fragment from: LudotsCoreMod:assets/Presentation/text_tokens.json&#xD;
[INF][Config] Merged fragment from: LudotsCoreMod:assets/Presentation/text_tokens.json&#xD;
[INF][Config] Merged fragment from: LudotsCoreMod:assets/Presentation/text_locales.json&#xD;
[INF][Config] Merged fragment from: Core:GraphTables/lookup_tables.json&#xD;
[INF][Config] Merged fragment from: Core:GAS/graphs.json&#xD;
[INF][Config] Merged fragment from: CaseESelectionMod:assets/GAS/graphs/graph.case_e.box_begin.json&#xD;
[INF][Config] Merged fragment from: CaseESelectionMod:assets/GAS/graphs/graph.case_e.box_commit.json&#xD;
[INF][Config] Merged fragment from: CaseESelectionMod:assets/GAS/graphs/graph.case_e.box_hit.json&#xD;
[INF][Config] Merged fragment from: CaseESelectionMod:assets/GAS/graphs/graph.case_e.box_hover_clear.json&#xD;
[INF][Config] Merged fragment from: CaseESelectionMod:assets/GAS/graphs/graph.case_e.box_hover_tick.json&#xD;
[INF][Config] Merged fragment from: CaseESelectionMod:assets/GAS/graphs/graph.case_e.candidates.json&#xD;
[INF][Config] Merged fragment from: CaseESelectionMod:assets/GAS/graphs/graph.case_e.roster_sync.json&#xD;
[INF][Config] Merged fragment from: CaseESelectionMod:assets/GAS/graphs/graph.case_e.selection_commit.json&#xD;
[INF][Config] Merged fragment from: Core:GAS/preset_types.json&#xD;
[INF][Config] Merged fragment from: Core:Exchange/operations.json&#xD;
[INF][Config] Merged fragment from: Core:Progression/scopes.json&#xD;
[INF][Config] Merged fragment from: Core:Progression/progressions.json&#xD;
[INF][Config] Merged fragment from: Core:Progression/requirements.json&#xD;
[INF][Config] Merged fragment from: LudotsCoreMod:assets/GAS/order_types.json&#xD;
[INF][Config] Merged fragment from: Core:GAS/effects.json&#xD;
[INF][Config] Merged fragment from: Core:GAS/func_lib.json&#xD;
[INF][Config] Merged fragment from: Core:GAS/action_lib.json&#xD;
[INF][Config] Merged fragment from: Core:Items/shapes.json&#xD;
[INF][Config] Merged fragment from: Core:Items/layouts.json&#xD;
[INF][Config] Merged fragment from: Core:Items/definitions.json&#xD;
[INF][Config] Merged fragment from: Core:Exchange/operations.json&#xD;
[INF][Config] Merged fragment from: Core:Panels/panel_templates.json&#xD;
[INF][Config] Merged fragment from: Core:Input/filter_profiles.json&#xD;
[INF][Config] Merged fragment from: Core:Presentation/lod_profiles.json&#xD;
[INF][Config] Merged fragment from: Core:Presentation/particle_vfx.json&#xD;
[INF][Config] Merged fragment from: LudotsCoreMod:assets/Presentation/mesh_assets.json&#xD;
[INF][Config] Merged fragment from: CaseESelectionMod:assets/Presentation/mesh_assets.json&#xD;
[INF][Config] Merged fragment from: LudotsCoreMod:assets/Presentation/material_assets.json&#xD;
[INF][Config] Merged fragment from: LudotsCoreMod:assets/Presentation/animator_controllers.json&#xD;
[INF][Config] Merged fragment from: LudotsCoreMod:assets/Presentation/animation_clips.json&#xD;
[INF][Config] Merged fragment from: LudotsCoreMod:assets/Presentation/animation_profiles.json&#xD;
[INF][Config] Merged fragment from: Core:Input/interaction_context_profiles.json&#xD;
[INF][Config] Merged fragment from: CaseESelectionMod:assets/Input/interaction_context_profiles.json&#xD;
[INF][Config] Merged fragment from: LudotsCoreMod:assets/Presentation/presenters.json&#xD;
[INF][Config] Merged fragment from: CaseESelectionMod:assets/Presentation/presenters.json&#xD;
[INF][Config] Merged fragment from: Core:GAS/attribute_bindings.json&#xD;
[INF][Config] Merged fragment from: Core:config_catalog.json&#xD;
[INF][Config] Merged fragment from: CaseESelectionMod:assets/config_catalog.json&#xD;
[INF][Config] Merged fragment from: Core:Input/default_input.json&#xD;
[INF][Config] Merged fragment from: CaseESelectionMod:assets/Input/default_input.json&#xD;
[INF][Config] Merged fragment from: Core:Input/action_attribute_bindings.json&#xD;
[INF][Config] Merged fragment from: CaseESelectionMod:assets/Input/action_attribute_bindings.json&#xD;
[INF][Config] Merged fragment from: Core:Input/command_intent_profiles.json&#xD;
[INF][Config] Merged fragment from: Core:Input/cast_commit_profiles.json&#xD;
[INF][Config] Merged fragment from: Core:Input/cast_commit_locks.json&#xD;
[INF][Config] Merged fragment from: Core:Input/cast_dispatch_profiles.json&#xD;
[INF][Config] Merged fragment from: Core:Input/control_schemes.json&#xD;
[INF][Config] Merged fragment from: CaseESelectionMod:assets/Input/control_schemes.json&#xD;
[INF][Config] Merged fragment from: Core:Input/interaction_prefs.json&#xD;
[INF][Config] Merged fragment from: Core:Input/interaction_modes.json&#xD;
[INF][Config] Merged fragment from: Core:UI/ability_aggregation_profiles.json&#xD;
[INF][Config] Merged fragment from: Core:UI/command_deck_profiles.json&#xD;
[INF][Config] Merged fragment from: Core:UI/production_overview_profiles.json&#xD;
[INF][Config] Merged fragment from: Core:AI/behavior_trees.json&#xD;
[INF][Config] Merged fragment from: Core:AI/hfsm.json&#xD;
[INF][Config] Merged fragment from: Core:Presentation/semantic_maps.json&#xD;
[INF][Config] Merged fragment from: Core:Presentation/image_assets.json&#xD;
[INF][Config] Merged fragment from: Core:Camera/virtual_cameras.json&#xD;
[INF][Config] Merged fragment from: Core:Story/lines.json&#xD;
[INF][Config] Merged fragment from: Core:Story/presentation_profiles.json&#xD;
[INF][Config] Merged fragment from: Core:Story/speakers.json&#xD;
[INF][Config] Merged fragment from: Core:Dialogue/dialogues.json&#xD;
[INF][Config] Merged fragment from: Core:Sequencer/sequences.json&#xD;
[INF][ModLoader] No registration conflicts detected.&#xD;
[INF][Config] Merged fragment from: Core:config_catalog.json&#xD;
[INF][Config] Merged fragment from: CaseESelectionMod:assets/config_catalog.json&#xD;
[INF][Config] Merged fragment from: Core:Input/default_input.json&#xD;
[INF][Config] Merged fragment from: CaseESelectionMod:assets/Input/default_input.json&#xD;
[INF][Engine] Firing GameStart event...&#xD;
[LudotsCoreMod] Core systems installed&#xD;
[INF][Engine] Loading Map: case_e_selection_field&#xD;
[INF][Map] Loading Map: case_e_selection_field&#xD;
[INF][Config] Merged fragment from: CaseESelectionMod:assets/Maps/case_e_selection_field.json&#xD;
[INF][Map] Map 'case_e_selection_field' loaded.&#xD;
[INF][Map] Map 'case_e_selection_field' pushed to focus (stack depth=1).&#xD;
[INF][Config] Merged fragment from: Core:Navigation/pathing.json&#xD;
[INF][Engine] Pathing bootstrap skipped for map 'case_e_selection_field': no node-graph board or navmesh query service is loaded.&#xD;
[INF][Engine] Creating Entities from MapConfig...&#xD;
[INF][Engine] Registered 2 triggers for map 'case_e_selection_field'.&#xD;
[INF][Engine] Applied DefaultCamera: yaw=0 pitch=52 dist=3400cm fov=45&#xD;
[INF][Engine] Firing MapLoaded event for case_e_selection_field...&#xD;
[INF][Engine] Unloading ModLoader contexts...&#xD;
&#xD;
NUnit Adapter 4.6.0.0: Test execution complete&#xD;
</StdOut>
    </Output>
  </ResultSummary>
</TestRun>