<?xml version="1.0" encoding="utf-8"?>
<TestRun id="31d374b2-732d-40cc-bad6-c5daccdebfba" name="sietg@CODESEAL 2026-09-09 03:14:58" runUser="CODESEAL\sietg" xmlns="http://microsoft.com/schemas/VisualStudio/TeamTest/2010">
  <Times creation="2026-09-09T03:14:58.2359901+08:00" queuing="2026-09-09T03:14:58.2359909+08:00" start="2026-09-09T03:14:57.0102026+08:00" finish="2026-09-09T03:15:00.5029398+08:00" />
  <TestSettings name="default" id="a3d1a31e-f2c3-4c42-9e3b-01f1775e40ab">
    <Deployment runDeploymentRoot="sietg_CODESEAL_2026-09-09_03_14_58" />
  </TestSettings>
  <Results>
    <UnitTestResult executionId="f13d0501-a7ee-404a-83d5-757f508b5749" testId="6b63f6be-b4ad-670e-e8f9-720810ac4782" testName="BehaviorSystem_BootstrapAttachmentThenOnceGrounding_ComposesBeforeSamplingHeight" computerName="CODESEAL" duration="00:00:00.0129970" startTime="2026-09-09T03:15:00.2920719+08:00" endTime="2026-09-09T03:15:00.3050671+08:00" testType="13cdc9d9-ddb5-4fa4-a97d-d965ccfc6d4b" outcome="Passed" testListId="8c84fa94-04c1-424b-9868-57a2d4851a1d" relativeResultsDirectory="f13d0501-a7ee-404a-83d5-757f508b5749" />
    <UnitTestResult executionId="5dd3ac56-059f-4dbe-9358-4e01b277fa78" testId="adfa6e87-f638-fb11-83e7-49f3a42ff8b5" testName="SkiaOverlayRenderer_RetainsLanePictures_AndTextLayoutsUntilContentChanges" computerName="CODESEAL" duration="00:00:00.0059829" startTime="2026-09-09T03:14:58.8563668+08:00" endTime="2026-09-09T03:14:58.8623484+08:00" testType="13cdc9d9-ddb5-4fa4-a97d-d965ccfc6d4b" outcome="Passed" testListId="8c84fa94-04c1-424b-9868-57a2d4851a1d" relativeResultsDirectory="5dd3ac56-059f-4dbe-9358-4e01b277fa78" />
    <UnitTestResult executionId="4265370d-ed0b-42b1-a517-3e2c0721baec" testId="bfe8ed9e-a0f9-3154-7151-1d75754308af" testName="FullBuffer_ExistingKeyCanChange_NewKeyThrowsWithoutMutation(Vector,True)" computerName="CODESEAL" duration="00:00:00.0001380" startTime="2026-09-09T03:15:00.3897593+08:00" endTime="2026-09-09T03:15:00.3898976+08:00" testType="13cdc9d9-ddb5-4fa4-a97d-d965ccfc6d4b" outcome="Passed" testListId="8c84fa94-04c1-424b-9868-57a2d4851a1d" relativeResultsDirectory="4265370d-ed0b-42b1-a517-3e2c0721baec" />
    <UnitTestResult executionId="d869312c-ed64-4337-9408-2eca032722f2" testId="3f4066ea-93b4-8488-7f39-6f0ad33eb8d5" testName="TickBehaviorMarkers_TrackActiveBehaviorMask" computerName="CODESEAL" duration="00:00:00.0049000" startTime="2026-09-09T03:15:00.2868472+08:00" endTime="2026-09-09T03:15:00.2917466+08:00" testType="13cdc9d9-ddb5-4fa4-a97d-d965ccfc6d4b" outcome="Passed" testListId="8c84fa94-04c1-424b-9868-57a2d4851a1d" relativeResultsDirectory="d869312c-ed64-4337-9408-2eca032722f2" />
    <UnitTestResult executionId="8676f725-d22e-42b5-a77b-59cb04f8d84b" testId="f4313c03-8af0-e004-405f-9790cb6e4377" testName="Attachment_RejectsMissingRequiredField(&quot;inherit&quot;)" computerName="CODESEAL" duration="00:00:00.0091080" startTime="2026-09-09T03:14:59.3562843+08:00" endTime="2026-09-09T03:14:59.3653895+08:00" testType="13cdc9d9-ddb5-4fa4-a97d-d965ccfc6d4b" outcome="Passed" testListId="8c84fa94-04c1-424b-9868-57a2d4851a1d" relativeResultsDirectory="8676f725-d22e-42b5-a77b-59cb04f8d84b" />
    <UnitTestResult executionId="c3e39001-8a11-45cd-b952-ed5d10af37b2" testId="1d7f47bd-e27c-1315-9d79-acce101a181a" testName="ParentAttachment_ExplicitPolicyAndInheritanceControlTransform(5,True,True)" computerName="CODESEAL" duration="00:00:00.0035580" startTime="2026-09-09T03:14:59.8379016+08:00" endTime="2026-09-09T03:14:59.8414588+08:00" testType="13cdc9d9-ddb5-4fa4-a97d-d965ccfc6d4b" outcome="Passed" testListId="8c84fa94-04c1-424b-9868-57a2d4851a1d" relativeResultsDirectory="c3e39001-8a11-45cd-b952-ed5d10af37b2" />
    <UnitTestResult executionId="d9f65f60-d5ee-4e6f-8b75-966d202755b3" testId="6b724edf-f8e6-875b-c84b-98f0318c6c5b" testName="SpawnEffectQueueCapacity_CoversAuthoredScenarioSpawnEffects" computerName="CODESEAL" duration="00:00:00.0023500" startTime="2026-09-09T03:14:58.2131796+08:00" endTime="2026-09-09T03:14:58.2155292+08:00" testType="13cdc9d9-ddb5-4fa4-a97d-d965ccfc6d4b" outcome="Passed" testListId="8c84fa94-04c1-424b-9868-57a2d4851a1d" relativeResultsDirectory="d9f65f60-d5ee-4e6f-8b75-966d202755b3" />
    <UnitTestResult executionId="908c780e-f79c-4c0b-8d2b-a597dd2d4088" testId="0d95ff54-a515-4c50-6e6d-9ce665ef84b3" testName="Material_ThrowsWhenSwapParamHasNoMatchingTableEntry" computerName="CODESEAL" duration="00:00:00.0015680" startTime="2026-09-09T03:15:00.2584300+08:00" endTime="2026-09-09T03:15:00.2599980+08:00" testType="13cdc9d9-ddb5-4fa4-a97d-d965ccfc6d4b" outcome="Passed" testListId="8c84fa94-04c1-424b-9868-57a2d4851a1d" relativeResultsDirectory="908c780e-f79c-4c0b-8d2b-a597dd2d4088" />
    <UnitTestResult executionId="bf90b6f6-25dc-4e19-a40e-8ccf260349a1" testId="47606eef-0020-edcd-d4ef-023355f60992" testName="WorldBounds_AreAuthoredOnlyByBoardNotMassNavigationConfig" computerName="CODESEAL" duration="00:00:00.0008940" startTime="2026-09-09T03:14:58.2155511+08:00" endTime="2026-09-09T03:14:58.2164447+08:00" testType="13cdc9d9-ddb5-4fa4-a97d-d965ccfc6d4b" outcome="Passed" testListId="8c84fa94-04c1-424b-9868-57a2d4851a1d" relativeResultsDirectory="bf90b6f6-25dc-4e19-a40e-8ccf260349a1" />
    <UnitTestResult executionId="f755b9db-18cf-4c30-80f4-08ce89eeb9a1" testId="e8770f8f-8218-2680-9291-9e1297e09354" testName="OverlaySceneBuilder_MapsHudAndOverlayBuffersIntoNativeLanes" computerName="CODESEAL" duration="00:00:00.0156940" startTime="2026-09-09T03:14:58.2247515+08:00" endTime="2026-09-09T03:14:58.2404440+08:00" testType="13cdc9d9-ddb5-4fa4-a97d-d965ccfc6d4b" outcome="Passed" testListId="8c84fa94-04c1-424b-9868-57a2d4851a1d" relativeResultsDirectory="f755b9db-18cf-4c30-80f4-08ce89eeb9a1" />
    <UnitTestResult executionId="a668402c-ee2e-476e-86c4-e381b13cc6cc" testId="3eee414f-4da0-6d1e-2152-5ae21f826c2c" testName="AgentHealthHud_UsesPresenterWorldHudAttributeRatio" computerName="CODESEAL" duration="00:00:00.0062010" startTime="2026-09-09T03:14:58.0105695+08:00" endTime="2026-09-09T03:14:58.0167705+08:00" testType="13cdc9d9-ddb5-4fa4-a97d-d965ccfc6d4b" outcome="Passed" testListId="8c84fa94-04c1-424b-9868-57a2d4851a1d" relativeResultsDirectory="a668402c-ee2e-476e-86c4-e381b13cc6cc" />
    <UnitTestResult executionId="e1629c4e-33d4-4b52-9383-24bcfe2cf767" testId="8bce8e3d-5188-296f-471e-b0752cfbf706" testName="OverlaySceneBuilder_RebuildsPerFrameScreenOverlay_WhenHudRevisionIsUnchanged" computerName="CODESEAL" duration="00:00:00.0021270" startTime="2026-09-09T03:14:58.2405018+08:00" endTime="2026-09-09T03:14:58.2426285+08:00" testType="13cdc9d9-ddb5-4fa4-a97d-d965ccfc6d4b" outcome="Passed" testListId="8c84fa94-04c1-424b-9868-57a2d4851a1d" relativeResultsDirectory="e1629c4e-33d4-4b52-9383-24bcfe2cf767" />
    <UnitTestResult executionId="7d92775b-4a03-4ebf-a8bc-8af44fb71c6e" testId="02adc9ec-5a0f-b4c0-8c41-8df030ff7c8c" testName="SkiaOverlayRenderer_ReusesLargeLanePicture_ForUniformPanWithoutPacer" computerName="CODESEAL" duration="00:00:00.0232220" startTime="2026-09-09T03:14:58.8624467+08:00" endTime="2026-09-09T03:14:58.8856669+08:00" testType="13cdc9d9-ddb5-4fa4-a97d-d965ccfc6d4b" outcome="Passed" testListId="8c84fa94-04c1-424b-9868-57a2d4851a1d" relativeResultsDirectory="7d92775b-4a03-4ebf-a8bc-8af44fb71c6e" />
    <UnitTestResult executionId="1a166b40-1632-4050-bbd1-85ecdb91d754" testId="66db2811-daf9-cd6f-5cb3-5e20fa9f45b3" testName="BehaviorSystem_DoesNotSkipOwnerBackedSnapToGround_WhenOwnerSampleStateUnresolved" computerName="CODESEAL" duration="00:00:00.0059320" startTime="2026-09-09T03:15:00.3051368+08:00" endTime="2026-09-09T03:15:00.3110677+08:00" testType="13cdc9d9-ddb5-4fa4-a97d-d965ccfc6d4b" outcome="Passed" testListId="8c84fa94-04c1-424b-9868-57a2d4851a1d" relativeResultsDirectory="1a166b40-1632-4050-bbd1-85ecdb91d754" />
    <UnitTestResult executionId="c0548614-8c16-441d-831b-d951d1d7269e" testId="08a93c53-2508-d865-a1ab-91e0f7131470" testName="ParentAttachment_ExplicitPolicyAndInheritanceControlTransform(0,True,False)" computerName="CODESEAL" duration="00:00:00.0086470" startTime="2026-09-09T03:14:59.6005054+08:00" endTime="2026-09-09T03:14:59.6091506+08:00" testType="13cdc9d9-ddb5-4fa4-a97d-d965ccfc6d4b" outcome="Passed" testListId="8c84fa94-04c1-424b-9868-57a2d4851a1d" relativeResultsDirectory="c0548614-8c16-441d-831b-d951d1d7269e" />
    <UnitTestResult executionId="25b2c9cf-674f-4234-9007-e56867fb044b" testId="930284db-4331-9547-fc86-b63cefac5dc7" testName="BehaviorSystem_EveryFrameGroundingWithoutHeightmap_FallsBackToOffset" computerName="CODESEAL" duration="00:00:00.0018150" startTime="2026-09-09T03:15:00.3175700+08:00" endTime="2026-09-09T03:15:00.3193852+08:00" testType="13cdc9d9-ddb5-4fa4-a97d-d965ccfc6d4b" outcome="Passed" testListId="8c84fa94-04c1-424b-9868-57a2d4851a1d" relativeResultsDirectory="25b2c9cf-674f-4234-9007-e56867fb044b" />
    <UnitTestResult executionId="ead47c85-ae73-40dc-8c0d-0d1d63f1881f" testId="a70e9d31-fe74-7a6b-888d-d34984c08f45" testName="ScenarioContracts_AuthorLocalPlayerAndObstacles" computerName="CODESEAL" duration="00:00:00.0025050" startTime="2026-09-09T03:14:58.2098445+08:00" endTime="2026-09-09T03:14:58.2123490+08:00" testType="13cdc9d9-ddb5-4fa4-a97d-d965ccfc6d4b" outcome="Passed" testListId="8c84fa94-04c1-424b-9868-57a2d4851a1d" relativeResultsDirectory="ead47c85-ae73-40dc-8c0d-0d1d63f1881f" />
    <UnitTestResult executionId="d1d9b017-445f-4af1-aa9c-bb952b2d6074" testId="0631a2d6-998b-6f16-0cb3-f2fffcd3d8b9" testName="Defaults_RepeatedExistingKeyDoesNotConsumeAnotherSlot(Float)" computerName="CODESEAL" duration="00:00:00.0004110" startTime="2026-09-09T03:15:00.3846284+08:00" endTime="2026-09-09T03:15:00.3850394+08:00" testType="13cdc9d9-ddb5-4fa4-a97d-d965ccfc6d4b" outcome="Passed" testListId="8c84fa94-04c1-424b-9868-57a2d4851a1d" relativeResultsDirectory="d1d9b017-445f-4af1-aa9c-bb952b2d6074" />
    <UnitTestResult executionId="90c8b5df-be80-4b6d-9d10-b595aeb8e5fc" testId="5617e713-7f1a-92d6-f0df-df20c1160228" testName="ParentAttachment_ExplicitPolicyAndInheritanceControlTransform(0,True,True)" computerName="CODESEAL" duration="00:00:00.0086080" startTime="2026-09-09T03:14:59.6092401+08:00" endTime="2026-09-09T03:14:59.6178461+08:00" testType="13cdc9d9-ddb5-4fa4-a97d-d965ccfc6d4b" outcome="Passed" testListId="8c84fa94-04c1-424b-9868-57a2d4851a1d" relativeResultsDirectory="90c8b5df-be80-4b6d-9d10-b595aeb8e5fc" />
    <UnitTestResult executionId="60a4c2c0-0488-49c7-a2d6-8498c488a618" testId="3703f2ae-0e0e-6cd5-d0a7-536ef6829827" testName="VertexMapHeightSource_SamplesNearestVertexHeightInCm_UsingNavHeightScale" computerName="CODESEAL" duration="00:00:00.0002690" startTime="2026-09-09T03:15:00.3764305+08:00" endTime="2026-09-09T03:15:00.3766994+08:00" testType="13cdc9d9-ddb5-4fa4-a97d-d965ccfc6d4b" outcome="Passed" testListId="8c84fa94-04c1-424b-9868-57a2d4851a1d" relativeResultsDirectory="60a4c2c0-0488-49c7-a2d6-8498c488a618" />
    <UnitTestResult executionId="f2df48df-2393-4bb5-8c41-6cc1cdb866e1" testId="dc03be98-73e6-ede6-33a4-f09875444c63" testName="VertexMapHeightSource_RejectsOutOfLatticeAndNonZeroLayer" computerName="CODESEAL" duration="00:00:00.0002550" startTime="2026-09-09T03:15:00.3761622+08:00" endTime="2026-09-09T03:15:00.3764171+08:00" testType="13cdc9d9-ddb5-4fa4-a97d-d965ccfc6d4b" outcome="Passed" testListId="8c84fa94-04c1-424b-9868-57a2d4851a1d" relativeResultsDirectory="f2df48df-2393-4bb5-8c41-6cc1cdb866e1" />
    <UnitTestResult executionId="513a9c81-f22b-4e0e-a391-d7316c5a053a" testId="7893ecc6-604c-0d49-648a-0a198fbe0d42" testName="SkiaOverlayRenderer_DrawsLargeTopMostTextLane_WhenTextHasNoStableId" computerName="CODESEAL" duration="00:00:00.0369970" startTime="2026-09-09T03:14:58.4204839+08:00" endTime="2026-09-09T03:14:58.4574783+08:00" testType="13cdc9d9-ddb5-4fa4-a97d-d965ccfc6d4b" outcome="Passed" testListId="8c84fa94-04c1-424b-9868-57a2d4851a1d" relativeResultsDirectory="513a9c81-f22b-4e0e-a391-d7316c5a053a" />
    <UnitTestResult executionId="d9546ed1-e184-4a52-bf4a-821070d5a0e4" testId="5feca818-79e8-3166-0e52-41758f9ea1eb" testName="ExtensionCommand_ProgrammaticDefinitionRejectsModIdWithoutExtensionKind" computerName="CODESEAL" duration="00:00:00.0016990" startTime="2026-09-09T03:15:00.2391353+08:00" endTime="2026-09-09T03:15:00.2408339+08:00" testType="13cdc9d9-ddb5-4fa4-a97d-d965ccfc6d4b" outcome="Passed" testListId="8c84fa94-04c1-424b-9868-57a2d4851a1d" relativeResultsDirectory="d9546ed1-e184-4a52-bf4a-821070d5a0e4" />
    <UnitTestResult executionId="951033e5-b36b-4559-997b-92294908cc96" testId="8953b0a7-9841-16bf-d37b-50cfdbfc31de" testName="OwnerTagChangeBuffer_OnlyUpdatesMatchingTagBinding" computerName="CODESEAL" duration="00:00:00.0057149" startTime="2026-09-09T03:15:00.2686480+08:00" endTime="2026-09-09T03:15:00.2743618+08:00" testType="13cdc9d9-ddb5-4fa4-a97d-d965ccfc6d4b" outcome="Passed" testListId="8c84fa94-04c1-424b-9868-57a2d4851a1d" relativeResultsDirectory="951033e5-b36b-4559-997b-92294908cc96" />
    <UnitTestResult executionId="03413f37-d67b-4084-baee-0811c7238eb1" testId="6bd9e3d5-bf99-5eac-267f-647241298ccc" testName="EntityTransform_InheritsOwnerScaleAndKeepsAssetLocalScaleOutOfRoot" computerName="CODESEAL" duration="00:00:00.0011290" startTime="2026-09-09T03:15:00.2030853+08:00" endTime="2026-09-09T03:15:00.2042140+08:00" testType="13cdc9d9-ddb5-4fa4-a97d-d965ccfc6d4b" outcome="Passed" testListId="8c84fa94-04c1-424b-9868-57a2d4851a1d" relativeResultsDirectory="03413f37-d67b-4084-baee-0811c7238eb1" />
    <UnitTestResult executionId="eb6b4103-1d2d-4c62-ba5f-38d6905c9c03" testId="dad1a9c1-104a-f80e-6872-728cb3e8762b" testName="RuntimeSet_OverflowPreservesVersionAndValues(Vector)" computerName="CODESEAL" duration="00:00:00.0001730" startTime="2026-09-09T03:15:00.3943606+08:00" endTime="2026-09-09T03:15:00.3945339+08:00" testType="13cdc9d9-ddb5-4fa4-a97d-d965ccfc6d4b" outcome="Passed" testListId="8c84fa94-04c1-424b-9868-57a2d4851a1d" relativeResultsDirectory="eb6b4103-1d2d-4c62-ba5f-38d6905c9c03" />
    <UnitTestResult executionId="dfdcd030-7fca-4603-ba26-68ddcce43858" testId="9bd4a75c-6f0d-b3c1-3b35-0cdd25b488a0" testName="ResolveTransform_InheritParent_ComposesChildInstanceOverride" computerName="CODESEAL" duration="00:00:00.0003540" startTime="2026-09-09T03:15:00.3500689+08:00" endTime="2026-09-09T03:15:00.3504230+08:00" testType="13cdc9d9-ddb5-4fa4-a97d-d965ccfc6d4b" outcome="Passed" testListId="8c84fa94-04c1-424b-9868-57a2d4851a1d" relativeResultsDirectory="dfdcd030-7fca-4603-ba26-68ddcce43858" />
    <UnitTestResult executionId="cb1c19bb-7df4-48b4-a3f0-324d21cdf184" testId="2cc05866-a7d6-edab-a830-ef0214ddeb03" testName="Attachment_RejectsMissingRequiredField(&quot;localRotationParamKey&quot;)" computerName="CODESEAL" duration="00:00:00.0225440" startTime="2026-09-09T03:14:59.3820609+08:00" endTime="2026-09-09T03:14:59.4046011+08:00" testType="13cdc9d9-ddb5-4fa4-a97d-d965ccfc6d4b" outcome="Passed" testListId="8c84fa94-04c1-424b-9868-57a2d4851a1d" relativeResultsDirectory="cb1c19bb-7df4-48b4-a3f0-324d21cdf184" />
    <UnitTestResult executionId="e5093a8f-ab2e-47e3-b361-09830bacceca" testId="ab146332-ee81-491d-37a1-f8aeec4788d1" testName="ResolveTransform_BoneAttached_RejectsSecondLocalTransformSource" computerName="CODESEAL" duration="00:00:00.0005400" startTime="2026-09-09T03:15:00.3485453+08:00" endTime="2026-09-09T03:15:00.3490855+08:00" testType="13cdc9d9-ddb5-4fa4-a97d-d965ccfc6d4b" outcome="Passed" testListId="8c84fa94-04c1-424b-9868-57a2d4851a1d" relativeResultsDirectory="e5093a8f-ab2e-47e3-b361-09830bacceca" />
    <UnitTestResult executionId="94087507-6bbb-4a02-9991-283d756ed7ba" testId="88d1137a-8865-2fdf-e03a-9977f2d7b240" testName="RaylibHostLoop_KeepsNativeDiagnosticHudOptIn" computerName="CODESEAL" duration="00:00:00.0054000" startTime="2026-09-09T03:14:58.2791138+08:00" endTime="2026-09-09T03:14:58.2845131+08:00" testType="13cdc9d9-ddb5-4fa4-a97d-d965ccfc6d4b" outcome="Passed" testListId="8c84fa94-04c1-424b-9868-57a2d4851a1d" relativeResultsDirectory="94087507-6bbb-4a02-9991-283d756ed7ba" />
    <UnitTestResult executionId="f0229921-5a40-4dd9-bbde-7436400ca749" testId="3aa7d703-344f-8a70-382e-52591279fe24" testName="FullBuffer_ExistingKeyCanChange_NewKeyThrowsWithoutMutation(Int,True)" computerName="CODESEAL" duration="00:00:00.0004220" startTime="2026-09-09T03:15:00.3893171+08:00" endTime="2026-09-09T03:15:00.3897390+08:00" testType="13cdc9d9-ddb5-4fa4-a97d-d965ccfc6d4b" outcome="Passed" testListId="8c84fa94-04c1-424b-9868-57a2d4851a1d" relativeResultsDirectory="f0229921-5a40-4dd9-bbde-7436400ca749" />
    <UnitTestResult executionId="2fc1fb9f-f71b-445c-a903-ff41621544ad" testId="05894686-6d36-ef2c-3928-d560ca9e3977" testName="BehaviorSystem_SkipsDuplicateEntityBackedSnapToGround_WhenOwnerVisualHeightAlreadySampled" computerName="CODESEAL" duration="00:00:00.0012260" startTime="2026-09-09T03:15:00.3391203+08:00" endTime="2026-09-09T03:15:00.3403456+08:00" testType="13cdc9d9-ddb5-4fa4-a97d-d965ccfc6d4b" outcome="Passed" testListId="8c84fa94-04c1-424b-9868-57a2d4851a1d" relativeResultsDirectory="2fc1fb9f-f71b-445c-a903-ff41621544ad" />
    <UnitTestResult executionId="5dd0c204-c4b8-4180-adbd-8f2e01ef012d" testId="f4521480-0ba8-b461-8f95-d087346b2bc9" testName="ParentAttachment_ExplicitPolicyAndInheritanceControlTransform(1,False,True)" computerName="CODESEAL" duration="00:00:00.0087530" startTime="2026-09-09T03:14:59.6269737+08:00" endTime="2026-09-09T03:14:59.6357250+08:00" testType="13cdc9d9-ddb5-4fa4-a97d-d965ccfc6d4b" outcome="Passed" testListId="8c84fa94-04c1-424b-9868-57a2d4851a1d" relativeResultsDirectory="5dd0c204-c4b8-4180-adbd-8f2e01ef012d" />
    <UnitTestResult executionId="8c68bef3-b24b-449f-8376-4890568606d5" testId="df649f4f-7691-b9c0-dcde-3a17b4b86e41" testName="OwnerSyncPathSelection_HandsOverBetweenSingleRootFastPathAndPerPresenterSync" computerName="CODESEAL" duration="00:00:00.0038050" startTime="2026-09-09T03:15:00.2648025+08:00" endTime="2026-09-09T03:15:00.2686074+08:00" testType="13cdc9d9-ddb5-4fa4-a97d-d965ccfc6d4b" outcome="Passed" testListId="8c84fa94-04c1-424b-9868-57a2d4851a1d" relativeResultsDirectory="8c68bef3-b24b-449f-8376-4890568606d5" />
    <UnitTestResult executionId="408a4a28-8dc5-4576-8117-be1e3f7238e8" testId="bf628939-1815-59bc-a8ff-e8e08148e45a" testName="LargeWorldMap_UsesContinuousHeightmapCameraProfile" computerName="CODESEAL" duration="00:00:00.0555150" startTime="2026-09-09T03:14:58.1005497+08:00" endTime="2026-09-09T03:14:58.1560610+08:00" testType="13cdc9d9-ddb5-4fa4-a97d-d965ccfc6d4b" outcome="Passed" testListId="8c84fa94-04c1-424b-9868-57a2d4851a1d" relativeResultsDirectory="408a4a28-8dc5-4576-8117-be1e3f7238e8" />
    <UnitTestResult executionId="8d434f8a-56e8-44a6-8f98-f1f6e9d73d9b" testId="7b055d7d-5693-30eb-d912-e8cdffa493c9" testName="ExtensionBehavior_DispatchesRegisteredHandler" computerName="CODESEAL" duration="00:00:00.0034420" startTime="2026-09-09T03:15:00.2263946+08:00" endTime="2026-09-09T03:15:00.2298359+08:00" testType="13cdc9d9-ddb5-4fa4-a97d-d965ccfc6d4b" outcome="Passed" testListId="8c84fa94-04c1-424b-9868-57a2d4851a1d" relativeResultsDirectory="8d434f8a-56e8-44a6-8f98-f1f6e9d73d9b" />
    <UnitTestResult executionId="8cc28add-df61-44c2-85fb-000358c90004" testId="d96be98f-105d-0c53-73ed-4fa70410fa15" testName="ResolveTransform_EntityTransform_AppliesAnchorOffsetOnceAndKeepsAssetLocalOutOfRoot" computerName="CODESEAL" duration="00:00:00.0004760" startTime="2026-09-09T03:15:00.3491081+08:00" endTime="2026-09-09T03:15:00.3495838+08:00" testType="13cdc9d9-ddb5-4fa4-a97d-d965ccfc6d4b" outcome="Passed" testListId="8c84fa94-04c1-424b-9868-57a2d4851a1d" relativeResultsDirectory="8cc28add-df61-44c2-85fb-000358c90004" />
    <UnitTestResult executionId="daa3bf85-5952-4c58-9c11-e14ad7390526" testId="c07d04c8-6926-69bb-1d0e-19816a272547" testName="Attachment_DeactivateActivateStartsNewCycleAndRepeatedActivateIsIdempotent(False)" computerName="CODESEAL" duration="00:00:00.0782569" startTime="2026-09-09T03:14:59.2149188+08:00" endTime="2026-09-09T03:14:59.2931697+08:00" testType="13cdc9d9-ddb5-4fa4-a97d-d965ccfc6d4b" outcome="Passed" testListId="8c84fa94-04c1-424b-9868-57a2d4851a1d" relativeResultsDirectory="daa3bf85-5952-4c58-9c11-e14ad7390526" />
    <UnitTestResult executionId="a0730336-f06b-478c-8f33-3d283a0e5fd9" testId="6004e36b-21d6-8b1f-952f-76d552d050c4" testName="AgentSelectionMarkers_AreSeparateScopedPresenters" computerName="CODESEAL" duration="00:00:00.0068000" startTime="2026-09-09T03:14:58.0200727+08:00" endTime="2026-09-09T03:14:58.0268717+08:00" testType="13cdc9d9-ddb5-4fa4-a97d-d965ccfc6d4b" outcome="Passed" testListId="8c84fa94-04c1-424b-9868-57a2d4851a1d" relativeResultsDirectory="a0730336-f06b-478c-8f33-3d283a0e5fd9" />
    <UnitTestResult executionId="b3fc414c-cafd-4331-a5c8-e6f9b179d0ec" testId="d2f1a135-8182-e914-a39f-49b53270eeb6" testName="Attachment_LocalParameterUpdatesRespectOncePolicy(True)" computerName="CODESEAL" duration="00:00:00.0099860" startTime="2026-09-09T03:14:59.3360789+08:00" endTime="2026-09-09T03:14:59.3460629+08:00" testType="13cdc9d9-ddb5-4fa4-a97d-d965ccfc6d4b" outcome="Passed" testListId="8c84fa94-04c1-424b-9868-57a2d4851a1d" relativeResultsDirectory="b3fc414c-cafd-4331-a5c8-e6f9b179d0ec" />
    <UnitTestResult executionId="1c6eb8ab-a873-432b-a6fd-5f87a0a85439" testId="90dfaaa7-c22a-4096-4430-239a0171838d" testName="Attachment_LocalParameterUpdatesRespectOncePolicy(False)" computerName="CODESEAL" duration="00:00:00.0307000" startTime="2026-09-09T03:14:59.3052453+08:00" endTime="2026-09-09T03:14:59.3359416+08:00" testType="13cdc9d9-ddb5-4fa4-a97d-d965ccfc6d4b" outcome="Passed" testListId="8c84fa94-04c1-424b-9868-57a2d4851a1d" relativeResultsDirectory="1c6eb8ab-a873-432b-a6fd-5f87a0a85439" />
    <UnitTestResult executionId="e4299bf9-6072-494e-92ce-059f8b52a129" testId="1375d5c6-e9f0-40ff-8805-f68dc5a9bfa3" testName="ParentAttachment_ExplicitPolicyAndInheritanceControlTransform(0,False,False)" computerName="CODESEAL" duration="00:00:00.0135720" startTime="2026-09-09T03:14:59.5767570+08:00" endTime="2026-09-09T03:14:59.5903261+08:00" testType="13cdc9d9-ddb5-4fa4-a97d-d965ccfc6d4b" outcome="Passed" testListId="8c84fa94-04c1-424b-9868-57a2d4851a1d" relativeResultsDirectory="e4299bf9-6072-494e-92ce-059f8b52a129" />
    <UnitTestResult executionId="f4390c5c-0dca-49ae-89e2-bf68bc51a0c7" testId="a53a098a-fc01-0cc4-2afe-271bd855d06d" testName="ParentAttachment_ExplicitPolicyAndInheritanceControlTransform(0,False,True)" computerName="CODESEAL" duration="00:00:00.0099530" startTime="2026-09-09T03:14:59.5904509+08:00" endTime="2026-09-09T03:14:59.6004016+08:00" testType="13cdc9d9-ddb5-4fa4-a97d-d965ccfc6d4b" outcome="Passed" testListId="8c84fa94-04c1-424b-9868-57a2d4851a1d" relativeResultsDirectory="f4390c5c-0dca-49ae-89e2-bf68bc51a0c7" />
    <UnitTestResult executionId="63a47f2e-6a75-4cb6-8146-ab84973d3a82" testId="83ab28c6-7608-3a89-c452-5e17050fdce9" testName="Attachment_RejectsRemovedConstantFields(&quot;offset&quot;)" computerName="CODESEAL" duration="00:00:00.0087730" startTime="2026-09-09T03:14:59.4262441+08:00" endTime="2026-09-09T03:14:59.4350148+08:00" testType="13cdc9d9-ddb5-4fa4-a97d-d965ccfc6d4b" outcome="Passed" testListId="8c84fa94-04c1-424b-9868-57a2d4851a1d" relativeResultsDirectory="63a47f2e-6a75-4cb6-8146-ab84973d3a82" />
    <UnitTestResult executionId="6e47539b-90c4-4467-b0ba-9a0bb82d1664" testId="5405083d-99ce-1a89-b1fc-21180db525e8" testName="Attachment_TargetParent_UsesParentTransformWithoutBoneProvider" computerName="CODESEAL" duration="00:00:00.0033840" startTime="2026-09-09T03:15:00.0964480+08:00" endTime="2026-09-09T03:15:00.0998303+08:00" testType="13cdc9d9-ddb5-4fa4-a97d-d965ccfc6d4b" outcome="Passed" testListId="8c84fa94-04c1-424b-9868-57a2d4851a1d" relativeResultsDirectory="6e47539b-90c4-4467-b0ba-9a0bb82d1664" />
    <UnitTestResult executionId="b797da75-dd36-476c-911a-98b4d0591c4b" testId="c5ef915d-59f5-0445-9dad-f6e4ba852d2b" testName="Defaults_RepeatedExistingKeyDoesNotConsumeAnotherSlot(Vector)" computerName="CODESEAL" duration="00:00:00.0000310" startTime="2026-09-09T03:15:00.3853699+08:00" endTime="2026-09-09T03:15:00.3854010+08:00" testType="13cdc9d9-ddb5-4fa4-a97d-d965ccfc6d4b" outcome="Passed" testListId="8c84fa94-04c1-424b-9868-57a2d4851a1d" relativeResultsDirectory="b797da75-dd36-476c-911a-98b4d0591c4b" />
    <UnitTestResult executionId="e3305d2b-56aa-4621-9e7e-3e332284b35b" testId="69728895-4ebc-e163-875b-06b4d7c76d05" testName="SkiaOverlayRenderer_ReusesSkippedLargeBarLanePicture_WhenPacerDefersTextRefresh" computerName="CODESEAL" duration="00:00:00.0089170" startTime="2026-09-09T03:14:58.8857909+08:00" endTime="2026-09-09T03:14:58.8947064+08:00" testType="13cdc9d9-ddb5-4fa4-a97d-d965ccfc6d4b" outcome="Passed" testListId="8c84fa94-04c1-424b-9868-57a2d4851a1d" relativeResultsDirectory="e3305d2b-56aa-4621-9e7e-3e332284b35b" />
    <UnitTestResult executionId="177dd7c2-9050-41ae-a748-0171793dc744" testId="c97a571a-6412-06b2-6360-36a241b3e18a" testName="TerrainHeightSync_StaticWithoutHeightmap_ProjectsOnceToZeroAndClearsPending" computerName="CODESEAL" duration="00:00:00.0038560" startTime="2026-09-09T03:15:00.3695928+08:00" endTime="2026-09-09T03:15:00.3734482+08:00" testType="13cdc9d9-ddb5-4fa4-a97d-d965ccfc6d4b" outcome="Passed" testListId="8c84fa94-04c1-424b-9868-57a2d4851a1d" relativeResultsDirectory="177dd7c2-9050-41ae-a748-0171793dc744" />
    <UnitTestResult executionId="b259c04f-13a8-4094-8742-7fc15aeb11e9" testId="6e619960-b0d9-2cf3-2ab1-4f2bbc7da57b" testName="WrongLaneChildOverride_CannotReadParentVectorInstead" computerName="CODESEAL" duration="00:00:00.0112720" startTime="2026-09-09T03:14:59.9946089+08:00" endTime="2026-09-09T03:15:00.0058790+08:00" testType="13cdc9d9-ddb5-4fa4-a97d-d965ccfc6d4b" outcome="Passed" testListId="8c84fa94-04c1-424b-9868-57a2d4851a1d" relativeResultsDirectory="b259c04f-13a8-4094-8742-7fc15aeb11e9" />
    <UnitTestResult executionId="12df696c-e557-4cae-bd0b-967c8f8368c5" testId="a5869246-3463-4637-ced8-668ba6e2a7cb" testName="Attachment_TargetParent_WorldHudChildUpdatesRetainedPositionWhenParentMoves" computerName="CODESEAL" duration="00:00:00.0500410" startTime="2026-09-09T03:15:00.0998789+08:00" endTime="2026-09-09T03:15:00.1499166+08:00" testType="13cdc9d9-ddb5-4fa4-a97d-d965ccfc6d4b" outcome="Passed" testListId="8c84fa94-04c1-424b-9868-57a2d4851a1d" relativeResultsDirectory="12df696c-e557-4cae-bd0b-967c8f8368c5" />
    <UnitTestResult executionId="254bd3af-83b9-4e6f-a6c1-cb883c9635b6" testId="8cb4899a-b0f6-29f0-4cb1-a7e51255f3d8" testName="Attachment_RejectsMissingRequiredField(&quot;localPositionParamKey&quot;)" computerName="CODESEAL" duration="00:00:00.0079670" startTime="2026-09-09T03:14:59.3740196+08:00" endTime="2026-09-09T03:14:59.3819853+08:00" testType="13cdc9d9-ddb5-4fa4-a97d-d965ccfc6d4b" outcome="Passed" testListId="8c84fa94-04c1-424b-9868-57a2d4851a1d" relativeResultsDirectory="254bd3af-83b9-4e6f-a6c1-cb883c9635b6" />
    <UnitTestResult executionId="fbd89be2-ba61-4e46-b11d-18dd07e8d2ba" testId="5077b655-7cee-6300-b037-af7a0dfb31ec" testName="CreatePlan_RejectsOversizedChildOverridesBeforeCreatingRoot(Float)" computerName="CODESEAL" duration="00:00:00.0010399" startTime="2026-09-09T03:15:00.3829246+08:00" endTime="2026-09-09T03:15:00.3839641+08:00" testType="13cdc9d9-ddb5-4fa4-a97d-d965ccfc6d4b" outcome="Passed" testListId="8c84fa94-04c1-424b-9868-57a2d4851a1d" relativeResultsDirectory="fbd89be2-ba61-4e46-b11d-18dd07e8d2ba" />
    <UnitTestResult executionId="cb368c7e-85a9-46e3-9dbe-7ba41cfe8c6f" testId="1c5f3242-f097-59ae-64e6-9aa3afb5c0cb" testName="VertexMapHeightSource_VerticalRaycastHitsVertexPlateauHeight" computerName="CODESEAL" duration="00:00:00.0010010" startTime="2026-09-09T03:15:00.3767057+08:00" endTime="2026-09-09T03:15:00.3777065+08:00" testType="13cdc9d9-ddb5-4fa4-a97d-d965ccfc6d4b" outcome="Passed" testListId="8c84fa94-04c1-424b-9868-57a2d4851a1d" relativeResultsDirectory="cb368c7e-85a9-46e3-9dbe-7ba41cfe8c6f" />
    <UnitTestResult executionId="8e0cec3a-2cf7-4ef3-93d3-be5f9bd9ea8a" testId="023ce2d5-a1d5-bf07-629c-322ba176e80c" testName="ExtensionBehavior_ProgrammaticDefinitionRejectsModIdWithoutExtensionKind" computerName="CODESEAL" duration="00:00:00.0012170" startTime="2026-09-09T03:15:00.2298815+08:00" endTime="2026-09-09T03:15:00.2310979+08:00" testType="13cdc9d9-ddb5-4fa4-a97d-d965ccfc6d4b" outcome="Passed" testListId="8c84fa94-04c1-424b-9868-57a2d4851a1d" relativeResultsDirectory="8e0cec3a-2cf7-4ef3-93d3-be5f9bd9ea8a" />
    <UnitTestResult executionId="167ba60a-e94d-498b-80f7-1bdcfa57d2e9" testId="c923ff75-2570-2005-f875-78593bc82cda" testName="ParentAttachment_ExplicitPolicyAndInheritanceControlTransform(6,False,False)" computerName="CODESEAL" duration="00:00:00.0104190" startTime="2026-09-09T03:14:59.8415103+08:00" endTime="2026-09-09T03:14:59.8519270+08:00" testType="13cdc9d9-ddb5-4fa4-a97d-d965ccfc6d4b" outcome="Passed" testListId="8c84fa94-04c1-424b-9868-57a2d4851a1d" relativeResultsDirectory="167ba60a-e94d-498b-80f7-1bdcfa57d2e9" />
    <UnitTestResult executionId="3a24b779-a3c7-415b-aafc-19586b5013cf" testId="cbc442e0-09f8-3de6-d124-eaca6ebbb9e7" testName="OrderBlackboardKeys_BuiltinKeysCannotBeRedeclaredInConfig" computerName="CODESEAL" duration="00:00:00.0168440" startTime="2026-09-09T03:14:58.1793693+08:00" endTime="2026-09-09T03:14:58.1962120+08:00" testType="13cdc9d9-ddb5-4fa4-a97d-d965ccfc6d4b" outcome="Passed" testListId="8c84fa94-04c1-424b-9868-57a2d4851a1d" relativeResultsDirectory="3a24b779-a3c7-415b-aafc-19586b5013cf" />
    <UnitTestResult executionId="55244481-36e4-48c1-be92-df3618425680" testId="bccff1e7-1251-8a8c-ac46-f6079dd30db0" testName="ParentAttachment_ExplicitPolicyAndInheritanceControlTransform(1,False,False)" computerName="CODESEAL" duration="00:00:00.0089400" startTime="2026-09-09T03:14:59.6179404+08:00" endTime="2026-09-09T03:14:59.6268780+08:00" testType="13cdc9d9-ddb5-4fa4-a97d-d965ccfc6d4b" outcome="Passed" testListId="8c84fa94-04c1-424b-9868-57a2d4851a1d" relativeResultsDirectory="55244481-36e4-48c1-be92-df3618425680" />
    <UnitTestResult executionId="7c9a7014-3035-4c07-a97d-e6b9bb56fc55" testId="8cb73ebb-9d49-91d3-ac40-612d01a6804e" testName="FullBuffer_ExistingKeyCanChange_NewKeyThrowsWithoutMutation(Int,False)" computerName="CODESEAL" duration="00:00:00.0005370" startTime="2026-09-09T03:15:00.3884628+08:00" endTime="2026-09-09T03:15:00.3889998+08:00" testType="13cdc9d9-ddb5-4fa4-a97d-d965ccfc6d4b" outcome="Passed" testListId="8c84fa94-04c1-424b-9868-57a2d4851a1d" relativeResultsDirectory="7c9a7014-3035-4c07-a97d-e6b9bb56fc55" />
    <UnitTestResult executionId="4b0a282b-b6e1-4aba-9025-209646927857" testId="70699d74-00ca-05c6-a80a-4579c49aff3b" testName="Spline_Patrol_AdvancesProgressAndSetsSplineDrivenTransform" computerName="CODESEAL" duration="00:00:00.0020580" startTime="2026-09-09T03:15:00.2829140+08:00" endTime="2026-09-09T03:15:00.2849716+08:00" testType="13cdc9d9-ddb5-4fa4-a97d-d965ccfc6d4b" outcome="Passed" testListId="8c84fa94-04c1-424b-9868-57a2d4851a1d" relativeResultsDirectory="4b0a282b-b6e1-4aba-9025-209646927857" />
    <UnitTestResult executionId="297d68bc-70ed-4e1a-94b1-73b41b2ef273" testId="a077ebcc-92f3-34b4-db76-5d5287155dc8" testName="InvalidParameterWrite_PreservesOverridesAndAttachedOutput(True)" computerName="CODESEAL" duration="00:00:00.0231670" startTime="2026-09-09T03:14:59.5148684+08:00" endTime="2026-09-09T03:14:59.5380329+08:00" testType="13cdc9d9-ddb5-4fa4-a97d-d965ccfc6d4b" outcome="Passed" testListId="8c84fa94-04c1-424b-9868-57a2d4851a1d" relativeResultsDirectory="297d68bc-70ed-4e1a-94b1-73b41b2ef273" />
    <UnitTestResult executionId="701a8ec4-1c73-4c60-81cd-d1ad23425439" testId="84a9294c-5a92-3522-5e71-3a6ef50f8610" testName="ParentAttachment_ExplicitPolicyAndInheritanceControlTransform(6,False,True)" computerName="CODESEAL" duration="00:00:00.0135530" startTime="2026-09-09T03:14:59.8519876+08:00" endTime="2026-09-09T03:14:59.8655385+08:00" testType="13cdc9d9-ddb5-4fa4-a97d-d965ccfc6d4b" outcome="Passed" testListId="8c84fa94-04c1-424b-9868-57a2d4851a1d" relativeResultsDirectory="701a8ec4-1c73-4c60-81cd-d1ad23425439" />
    <UnitTestResult executionId="951b7d93-867c-405d-a3ff-63ccfb1e733f" testId="f16a9c60-6df5-77fb-550d-10db81d2d944" testName="ActiveSplineAndAttachment_AreRejectedBeforeCreation(False)" computerName="CODESEAL" duration="00:00:00.0283350" startTime="2026-09-09T03:14:59.1724066+08:00" endTime="2026-09-09T03:14:59.2007393+08:00" testType="13cdc9d9-ddb5-4fa4-a97d-d965ccfc6d4b" outcome="Passed" testListId="8c84fa94-04c1-424b-9868-57a2d4851a1d" relativeResultsDirectory="951b7d93-867c-405d-a3ff-63ccfb1e733f" />
    <UnitTestResult executionId="e7f823c1-fd1b-495e-86a4-7faf22c611f5" testId="2f130a38-90f0-9ac7-943a-191bf2ef8e69" testName="ParentAttachment_ExplicitPolicyAndInheritanceControlTransform(2,False,False)" computerName="CODESEAL" duration="00:00:00.0129529" startTime="2026-09-09T03:14:59.6663415+08:00" endTime="2026-09-09T03:14:59.6792921+08:00" testType="13cdc9d9-ddb5-4fa4-a97d-d965ccfc6d4b" outcome="Passed" testListId="8c84fa94-04c1-424b-9868-57a2d4851a1d" relativeResultsDirectory="e7f823c1-fd1b-495e-86a4-7faf22c611f5" />
    <UnitTestResult executionId="92b1b37e-2a45-4cd2-bf65-b6e152b608e9" testId="056c73c1-aef6-e258-7a74-7c3678b1e95e" testName="BehaviorSystem_OnceSnapToGroundUnresolved_StillProcessesNonGroundingFirstFrameBehaviors" computerName="CODESEAL" duration="00:00:00.0015470" startTime="2026-09-09T03:15:00.3364322+08:00" endTime="2026-09-09T03:15:00.3379787+08:00" testType="13cdc9d9-ddb5-4fa4-a97d-d965ccfc6d4b" outcome="Passed" testListId="8c84fa94-04c1-424b-9868-57a2d4851a1d" relativeResultsDirectory="92b1b37e-2a45-4cd2-bf65-b6e152b608e9" />
    <UnitTestResult executionId="af516e8f-9946-46a8-97f7-fb1721676f31" testId="fde7e71e-b802-1c21-82c4-57c46d217506" testName="PresentationTeams_AreRequiredOnlyForAutoSpawnScenarios" computerName="CODESEAL" duration="00:00:00.0044630" startTime="2026-09-09T03:14:58.2053492+08:00" endTime="2026-09-09T03:14:58.2098118+08:00" testType="13cdc9d9-ddb5-4fa4-a97d-d965ccfc6d4b" outcome="Passed" testListId="8c84fa94-04c1-424b-9868-57a2d4851a1d" relativeResultsDirectory="af516e8f-9946-46a8-97f7-fb1721676f31" />
    <UnitTestResult executionId="efc656db-ffd9-4ccd-a977-b87001ef4dfd" testId="ad2805a8-256e-25d0-9812-95871694d1ad" testName="CreatePlan_RejectsOversizedChildOverridesBeforeCreatingRoot(Int)" computerName="CODESEAL" duration="00:00:00.0004280" startTime="2026-09-09T03:15:00.3839964+08:00" endTime="2026-09-09T03:15:00.3844241+08:00" testType="13cdc9d9-ddb5-4fa4-a97d-d965ccfc6d4b" outcome="Passed" testListId="8c84fa94-04c1-424b-9868-57a2d4851a1d" relativeResultsDirectory="efc656db-ffd9-4ccd-a977-b87001ef4dfd" />
    <UnitTestResult executionId="0ba0d9c3-b6fe-45b9-bc22-7b04d03e9621" testId="63d739d5-7d87-0d1f-98a2-bb022ccbe034" testName="DefinitionMetadata_SplitsBootstrapAndEveryFrameGroundingLanes" computerName="CODESEAL" duration="00:00:00.0008510" startTime="2026-09-09T03:15:00.3403725+08:00" endTime="2026-09-09T03:15:00.3412229+08:00" testType="13cdc9d9-ddb5-4fa4-a97d-d965ccfc6d4b" outcome="Passed" testListId="8c84fa94-04c1-424b-9868-57a2d4851a1d" relativeResultsDirectory="0ba0d9c3-b6fe-45b9-bc22-7b04d03e9621" />
    <UnitTestResult executionId="2af49c5a-28b6-4f06-a916-9979039935fb" testId="7df08ee7-0c21-1527-3639-c59d0b05d422" testName="EntityAnchoredOwnerPayload_OneToManyToOneRootsKeepTransformSyncMarkersConsistent" computerName="CODESEAL" duration="00:00:00.0095060" startTime="2026-09-09T03:15:00.1905489+08:00" endTime="2026-09-09T03:15:00.2000538+08:00" testType="13cdc9d9-ddb5-4fa4-a97d-d965ccfc6d4b" outcome="Passed" testListId="8c84fa94-04c1-424b-9868-57a2d4851a1d" relativeResultsDirectory="2af49c5a-28b6-4f06-a916-9979039935fb" />
    <UnitTestResult executionId="12beae34-85a4-4163-8b63-8f69b677fa61" testId="b8f50e4c-9dc3-d04c-eb45-84b75de6f762" testName="ParentAttachment_ExplicitPolicyAndInheritanceControlTransform(6,True,True)" computerName="CODESEAL" duration="00:00:00.0138560" startTime="2026-09-09T03:14:59.8796925+08:00" endTime="2026-09-09T03:14:59.8935467+08:00" testType="13cdc9d9-ddb5-4fa4-a97d-d965ccfc6d4b" outcome="Passed" testListId="8c84fa94-04c1-424b-9868-57a2d4851a1d" relativeResultsDirectory="12beae34-85a4-4163-8b63-8f69b677fa61" />
    <UnitTestResult executionId="006a6fb0-f2fa-4d90-9f9c-d9a384941f99" testId="a35dec6d-5ce3-ac94-d253-af81b08d8629" testName="Attachment_RejectsRemovedConstantFields(&quot;rotationOffset&quot;)" computerName="CODESEAL" duration="00:00:00.0079200" startTime="2026-09-09T03:14:59.4351083+08:00" endTime="2026-09-09T03:14:59.4430116+08:00" testType="13cdc9d9-ddb5-4fa4-a97d-d965ccfc6d4b" outcome="Passed" testListId="8c84fa94-04c1-424b-9868-57a2d4851a1d" relativeResultsDirectory="006a6fb0-f2fa-4d90-9f9c-d9a384941f99" />
    <UnitTestResult executionId="06f6472a-de1a-4ab3-9164-d1abedba3386" testId="63e83f74-1596-015f-2f8c-e087b569a1e0" testName="FullBuffer_ExistingKeyCanChange_NewKeyThrowsWithoutMutation(Float,False)" computerName="CODESEAL" duration="00:00:00.0029860" startTime="2026-09-09T03:15:00.3854449+08:00" endTime="2026-09-09T03:15:00.3884297+08:00" testType="13cdc9d9-ddb5-4fa4-a97d-d965ccfc6d4b" outcome="Passed" testListId="8c84fa94-04c1-424b-9868-57a2d4851a1d" relativeResultsDirectory="06f6472a-de1a-4ab3-9164-d1abedba3386" />
    <UnitTestResult executionId="0f21a313-55f7-42ab-8a24-ada4b05b09ce" testId="a1676511-d26f-55e5-3f6e-15994ca40508" testName="ParentAttachment_ExplicitPolicyAndInheritanceControlTransform(2,True,True)" computerName="CODESEAL" duration="00:00:00.0157710" startTime="2026-09-09T03:14:59.7098168+08:00" endTime="2026-09-09T03:14:59.7255867+08:00" testType="13cdc9d9-ddb5-4fa4-a97d-d965ccfc6d4b" outcome="Passed" testListId="8c84fa94-04c1-424b-9868-57a2d4851a1d" relativeResultsDirectory="0f21a313-55f7-42ab-8a24-ada4b05b09ce" />
    <UnitTestResult executionId="8bdd3ca9-9cb0-4ade-9886-ee3b573e8d91" testId="4a1c05cd-bd9e-4f62-963b-c04f4dedd0f2" testName="ParentAttachment_ExplicitPolicyAndInheritanceControlTransform(2,True,False)" computerName="CODESEAL" duration="00:00:00.0207620" startTime="2026-09-09T03:14:59.6889160+08:00" endTime="2026-09-09T03:14:59.7096754+08:00" testType="13cdc9d9-ddb5-4fa4-a97d-d965ccfc6d4b" outcome="Passed" testListId="8c84fa94-04c1-424b-9868-57a2d4851a1d" relativeResultsDirectory="8bdd3ca9-9cb0-4ade-9886-ee3b573e8d91" />
    <UnitTestResult executionId="b71f8f71-61ce-476c-8368-8d6c2ab27e3e" testId="89817c81-5845-6c6a-1ad3-b7dddab725d3" testName="Attachment_TargetParent_ChildFollowsEntityAnchoredParentTransformSyncAndFreezesWhenDisabled" computerName="CODESEAL" duration="00:00:00.0044280" startTime="2026-09-09T03:15:00.0428596+08:00" endTime="2026-09-09T03:15:00.0472868+08:00" testType="13cdc9d9-ddb5-4fa4-a97d-d965ccfc6d4b" outcome="Passed" testListId="8c84fa94-04c1-424b-9868-57a2d4851a1d" relativeResultsDirectory="b71f8f71-61ce-476c-8368-8d6c2ab27e3e" />
    <UnitTestResult executionId="94fb2296-f094-47f6-9501-ba56792cdaea" testId="4c32250d-398c-330a-ef0c-a790c3e3f29c" testName="RuntimeCreate_GroundedStaticMesh_KeepsBootstrapAndEventDrivenStaticEmit" computerName="CODESEAL" duration="00:00:00.0045030" startTime="2026-09-09T03:15:00.3509904+08:00" endTime="2026-09-09T03:15:00.3554928+08:00" testType="13cdc9d9-ddb5-4fa4-a97d-d965ccfc6d4b" outcome="Passed" testListId="8c84fa94-04c1-424b-9868-57a2d4851a1d" relativeResultsDirectory="94fb2296-f094-47f6-9501-ba56792cdaea" />
    <UnitTestResult executionId="9e87439d-9814-4153-9810-50559371b883" testId="f0d14652-dac4-f4cd-51bc-8b27425f1454" testName="TerrainHeightSync_DynamicNonFiniteSample_DoesNotMarkOwnerSampled" computerName="CODESEAL" duration="00:00:00.0080830" startTime="2026-09-09T03:15:00.3614627+08:00" endTime="2026-09-09T03:15:00.3695445+08:00" testType="13cdc9d9-ddb5-4fa4-a97d-d965ccfc6d4b" outcome="Passed" testListId="8c84fa94-04c1-424b-9868-57a2d4851a1d" relativeResultsDirectory="9e87439d-9814-4153-9810-50559371b883" />
    <UnitTestResult executionId="07fb771f-9b23-4a36-ac96-b60d3103053e" testId="a4568633-6d95-6121-ea14-81a3dd5ed8a6" testName="AttributeBinding_MapsAttributeRatioAndThreshold" computerName="CODESEAL" duration="00:00:00.0094330" startTime="2026-09-09T03:15:00.1719430+08:00" endTime="2026-09-09T03:15:00.1813743+08:00" testType="13cdc9d9-ddb5-4fa4-a97d-d965ccfc6d4b" outcome="Passed" testListId="8c84fa94-04c1-424b-9868-57a2d4851a1d" relativeResultsDirectory="07fb771f-9b23-4a36-ac96-b60d3103053e" />
    <UnitTestResult executionId="bf697c1e-9775-461d-b6fe-e3869030d868" testId="8c63e98f-f41c-ca06-596c-7031bb7c376d" testName="SkiaOverlayRenderer_DrawsLargeUnderUiHudLanesImmediately_WhenDirty" computerName="CODESEAL" duration="00:00:00.0076940" startTime="2026-09-09T03:14:58.4575709+08:00" endTime="2026-09-09T03:14:58.4652639+08:00" testType="13cdc9d9-ddb5-4fa4-a97d-d965ccfc6d4b" outcome="Passed" testListId="8c84fa94-04c1-424b-9868-57a2d4851a1d" relativeResultsDirectory="bf697c1e-9775-461d-b6fe-e3869030d868" />
    <UnitTestResult executionId="27fce2a1-ac63-4298-8b79-61662819ca47" testId="bf94de40-afc8-f8e3-5854-578132e83b64" testName="EntityAnchoredOwnerPayload_BehaviorEligibilityKeepsPayloadAndFastPathMarkerConsistent" computerName="CODESEAL" duration="00:00:00.0032370" startTime="2026-09-09T03:15:00.1872857+08:00" endTime="2026-09-09T03:15:00.1905224+08:00" testType="13cdc9d9-ddb5-4fa4-a97d-d965ccfc6d4b" outcome="Passed" testListId="8c84fa94-04c1-424b-9868-57a2d4851a1d" relativeResultsDirectory="27fce2a1-ac63-4298-8b79-61662819ca47" />
    <UnitTestResult executionId="a7dfea35-7b52-4b6e-80f7-a560278ff7ab" testId="fb487b25-f8b6-c62b-9748-3cdda33dfd39" testName="ResolveBatch_AlignToSurface_RotatesUpAxisToGroundNormal" computerName="CODESEAL" duration="00:00:00.0019860" startTime="2026-09-09T03:15:00.3449454+08:00" endTime="2026-09-09T03:15:00.3469311+08:00" testType="13cdc9d9-ddb5-4fa4-a97d-d965ccfc6d4b" outcome="Passed" testListId="8c84fa94-04c1-424b-9868-57a2d4851a1d" relativeResultsDirectory="a7dfea35-7b52-4b6e-80f7-a560278ff7ab" />
    <UnitTestResult executionId="bedc5d16-560b-4c4e-85a8-ea4ca50091de" testId="a9eb443b-7845-cb30-a300-d4d687d1a257" testName="MassNavigationFlowRuntime_IsConfigDrivenForCadenceAndAgentProfiles" computerName="CODESEAL" duration="00:00:00.0204730" startTime="2026-09-09T03:14:58.1588583+08:00" endTime="2026-09-09T03:14:58.1793297+08:00" testType="13cdc9d9-ddb5-4fa4-a97d-d965ccfc6d4b" outcome="Passed" testListId="8c84fa94-04c1-424b-9868-57a2d4851a1d" relativeResultsDirectory="bedc5d16-560b-4c4e-85a8-ea4ca50091de" />
    <UnitTestResult executionId="a8fb6414-816d-4ab5-a5f4-b4e28ca426be" testId="eb931eea-de44-4666-2cd2-88265c4be12d" testName="Registration_RejectsDefaultsOverCapacity(Int)" computerName="CODESEAL" duration="00:00:00.0017230" startTime="2026-09-09T03:15:00.3904946+08:00" endTime="2026-09-09T03:15:00.3922172+08:00" testType="13cdc9d9-ddb5-4fa4-a97d-d965ccfc6d4b" outcome="Passed" testListId="8c84fa94-04c1-424b-9868-57a2d4851a1d" relativeResultsDirectory="a8fb6414-816d-4ab5-a5f4-b4e28ca426be" />
    <UnitTestResult executionId="ae747bb8-10e2-48f0-9bd7-fa597131b3f9" testId="6bcf840b-fa6d-266e-5fc5-41a522244e9e" testName="BehaviorKindContract_ArchitectureExposesCoreKinds" computerName="CODESEAL" duration="00:00:00.0008780" startTime="2026-09-09T03:15:00.1859482+08:00" endTime="2026-09-09T03:15:00.1868258+08:00" testType="13cdc9d9-ddb5-4fa4-a97d-d965ccfc6d4b" outcome="Passed" testListId="8c84fa94-04c1-424b-9868-57a2d4851a1d" relativeResultsDirectory="ae747bb8-10e2-48f0-9bd7-fa597131b3f9" />
    <UnitTestResult executionId="a05a72c3-ad1d-4cfb-898e-23cd459d1f9f" testId="c625d4d0-cdbf-c64e-b36a-b381e177cf18" testName="AgentPresenters_UseMassNavigationOwnedGpuSkinnedAsset" computerName="CODESEAL" duration="00:00:00.0032529" startTime="2026-09-09T03:14:58.0168019+08:00" endTime="2026-09-09T03:14:58.0200543+08:00" testType="13cdc9d9-ddb5-4fa4-a97d-d965ccfc6d4b" outcome="Passed" testListId="8c84fa94-04c1-424b-9868-57a2d4851a1d" relativeResultsDirectory="a05a72c3-ad1d-4cfb-898e-23cd459d1f9f" />
    <UnitTestResult executionId="f05e744e-6117-496f-b5a0-1bc82e86fcb6" testId="9edc6634-8ade-8821-9455-fdf772a3fbe5" testName="RaylibOverlayCompositor_DoesNotDirectDrawTopMostWhenUnderUiHudExists" computerName="CODESEAL" duration="00:00:00.0042690" startTime="2026-09-09T03:14:58.2845743+08:00" endTime="2026-09-09T03:14:58.2888428+08:00" testType="13cdc9d9-ddb5-4fa4-a97d-d965ccfc6d4b" outcome="Passed" testListId="8c84fa94-04c1-424b-9868-57a2d4851a1d" relativeResultsDirectory="f05e744e-6117-496f-b5a0-1bc82e86fcb6" />
    <UnitTestResult executionId="013d9cde-986b-4aed-9f8e-42e4c90e3fb4" testId="f072f130-5beb-a456-4604-02cccae4272c" testName="EntityAnchoredRootBatch_AppliesPerRootParamOverrides_BeforeChildrenResolveParentParams" computerName="CODESEAL" duration="00:00:00.0029380" startTime="2026-09-09T03:15:00.2001131+08:00" endTime="2026-09-09T03:15:00.2030505+08:00" testType="13cdc9d9-ddb5-4fa4-a97d-d965ccfc6d4b" outcome="Passed" testListId="8c84fa94-04c1-424b-9868-57a2d4851a1d" relativeResultsDirectory="013d9cde-986b-4aed-9f8e-42e4c90e3fb4" />
    <UnitTestResult executionId="0c77df66-a44b-4958-a189-5e98441a3ee7" testId="7f50d287-e9a0-3895-a681-eb444dc93afd" testName="ActiveSplineAndAttachment_AreRejectedBeforeCreation(True)" computerName="CODESEAL" duration="00:00:00.0138070" startTime="2026-09-09T03:14:59.2008416+08:00" endTime="2026-09-09T03:14:59.2146461+08:00" testType="13cdc9d9-ddb5-4fa4-a97d-d965ccfc6d4b" outcome="Passed" testListId="8c84fa94-04c1-424b-9868-57a2d4851a1d" relativeResultsDirectory="0c77df66-a44b-4958-a189-5e98441a3ee7" />
    <UnitTestResult executionId="f4234c4b-db58-4254-be84-cd68c1072c53" testId="df00fd0a-b258-fb5f-2512-8876cf6027b7" testName="ParentAttachment_ExplicitPolicyAndInheritanceControlTransform(3,False,True)" computerName="CODESEAL" duration="00:00:00.0065210" startTime="2026-09-09T03:14:59.7436973+08:00" endTime="2026-09-09T03:14:59.7502176+08:00" testType="13cdc9d9-ddb5-4fa4-a97d-d965ccfc6d4b" outcome="Passed" testListId="8c84fa94-04c1-424b-9868-57a2d4851a1d" relativeResultsDirectory="f4234c4b-db58-4254-be84-cd68c1072c53" />
    <UnitTestResult executionId="95b2f6b3-10b6-42bc-a230-fd8c49ef6f42" testId="4deb59ff-7a19-862f-f48d-13ece72cd10b" testName="Attachment_TargetParent_WorldHudChildUsesOwnerPayloadTransformSync" computerName="CODESEAL" duration="00:00:00.0188570" startTime="2026-09-09T03:15:00.1499868+08:00" endTime="2026-09-09T03:15:00.1688423+08:00" testType="13cdc9d9-ddb5-4fa4-a97d-d965ccfc6d4b" outcome="Passed" testListId="8c84fa94-04c1-424b-9868-57a2d4851a1d" relativeResultsDirectory="95b2f6b3-10b6-42bc-a230-fd8c49ef6f42" />
    <UnitTestResult executionId="1fdb2821-973c-49d5-aebe-6e02245cbaeb" testId="7e119e92-42e0-58d5-9d2d-b2e8f30df28d" testName="ChildrenWithoutAttachment_MovingOwnerDoesNotChangeChildTransform" computerName="CODESEAL" duration="00:00:00.0159190" startTime="2026-09-09T03:14:59.4513406+08:00" endTime="2026-09-09T03:14:59.4672568+08:00" testType="13cdc9d9-ddb5-4fa4-a97d-d965ccfc6d4b" outcome="Passed" testListId="8c84fa94-04c1-424b-9868-57a2d4851a1d" relativeResultsDirectory="1fdb2821-973c-49d5-aebe-6e02245cbaeb" />
    <UnitTestResult executionId="2d2f6d65-e899-431e-a20e-ba7d7429e3b5" testId="a23d262e-2c83-977a-2a44-8c26a64e44d3" testName="AgentTemplates_AuthorHealthAndOnSpawnGasEffect" computerName="CODESEAL" duration="00:00:00.0017920" startTime="2026-09-09T03:14:58.0269008+08:00" endTime="2026-09-09T03:14:58.0286924+08:00" testType="13cdc9d9-ddb5-4fa4-a97d-d965ccfc6d4b" outcome="Passed" testListId="8c84fa94-04c1-424b-9868-57a2d4851a1d" relativeResultsDirectory="2d2f6d65-e899-431e-a20e-ba7d7429e3b5" />
    <UnitTestResult executionId="6e66d7fb-5c09-4287-8a46-6e65ad2a48af" testId="277995ee-7c3e-532b-ce14-fa510c1fd43f" testName="BatchCreate_ParameterCapacityFailureLeavesNoPresenters(True)" computerName="CODESEAL" duration="00:00:00.0005620" startTime="2026-09-09T03:15:00.3822904+08:00" endTime="2026-09-09T03:15:00.3828523+08:00" testType="13cdc9d9-ddb5-4fa4-a97d-d965ccfc6d4b" outcome="Passed" testListId="8c84fa94-04c1-424b-9868-57a2d4851a1d" relativeResultsDirectory="6e66d7fb-5c09-4287-8a46-6e65ad2a48af" />
    <UnitTestResult executionId="c13fbcee-4748-47ac-a036-de30f2c5c693" testId="0dfd766b-792c-a70b-9625-e78ae18c28ba" testName="Defaults_RepeatedExistingKeyDoesNotConsumeAnotherSlot(Int)" computerName="CODESEAL" duration="00:00:00.0002930" startTime="2026-09-09T03:15:00.3850530+08:00" endTime="2026-09-09T03:15:00.3853460+08:00" testType="13cdc9d9-ddb5-4fa4-a97d-d965ccfc6d4b" outcome="Passed" testListId="8c84fa94-04c1-424b-9868-57a2d4851a1d" relativeResultsDirectory="c13fbcee-4748-47ac-a036-de30f2c5c693" />
    <UnitTestResult executionId="39fd035c-fd5c-4f6c-b53f-3c35454c4a52" testId="80f9c6f7-5344-8677-75be-8ac5cb4021b0" testName="ParentAttachment_ExplicitPolicyAndInheritanceControlTransform(4,True,False)" computerName="CODESEAL" duration="00:00:00.0068500" startTime="2026-09-09T03:14:59.7884657+08:00" endTime="2026-09-09T03:14:59.7953146+08:00" testType="13cdc9d9-ddb5-4fa4-a97d-d965ccfc6d4b" outcome="Passed" testListId="8c84fa94-04c1-424b-9868-57a2d4851a1d" relativeResultsDirectory="39fd035c-fd5c-4f6c-b53f-3c35454c4a52" />
    <UnitTestResult executionId="c241eb7d-4881-478b-a062-7f9233436caf" testId="a7550739-f7fe-b982-47c2-f8b4d9bd1004" testName="ExplicitAttachment_OwnerPayloadDescendantsFollowMovedRootAndRetainStableIdentity" computerName="CODESEAL" duration="00:00:00.0221030" startTime="2026-09-09T03:15:00.2042308+08:00" endTime="2026-09-09T03:15:00.2263327+08:00" testType="13cdc9d9-ddb5-4fa4-a97d-d965ccfc6d4b" outcome="Passed" testListId="8c84fa94-04c1-424b-9868-57a2d4851a1d" relativeResultsDirectory="c241eb7d-4881-478b-a062-7f9233436caf" />
    <UnitTestResult executionId="68e7c1bf-3eda-4856-9bb1-9720efadf5ac" testId="197eceb2-6f97-70eb-1abc-c3af57520a08" testName="ParentParameterChange_PreservesChildDefaultsAndOverrides(False)" computerName="CODESEAL" duration="00:00:00.0129450" startTime="2026-09-09T03:14:59.9603868+08:00" endTime="2026-09-09T03:14:59.9733301+08:00" testType="13cdc9d9-ddb5-4fa4-a97d-d965ccfc6d4b" outcome="Passed" testListId="8c84fa94-04c1-424b-9868-57a2d4851a1d" relativeResultsDirectory="68e7c1bf-3eda-4856-9bb1-9720efadf5ac" />
    <UnitTestResult executionId="f29911b3-06ad-447a-9127-dbbcfda28b04" testId="4bc8adf7-8184-fb0d-2784-2caa72ef9d5b" testName="Attachment_TargetParent_ChildFollowsEntityAnchoredParentTransformSync" computerName="CODESEAL" duration="00:00:00.0090820" startTime="2026-09-09T03:15:00.0336825+08:00" endTime="2026-09-09T03:15:00.0427634+08:00" testType="13cdc9d9-ddb5-4fa4-a97d-d965ccfc6d4b" outcome="Passed" testListId="8c84fa94-04c1-424b-9868-57a2d4851a1d" relativeResultsDirectory="f29911b3-06ad-447a-9127-dbbcfda28b04" />
    <UnitTestResult executionId="6a538c56-76e0-4d8a-855c-28ec3f4d8416" testId="e3c5cbb5-d135-389a-7d45-ea8f549e6821" testName="ParentDrivenTransformPropagation_IsZeroAllocationAfterWarmup" computerName="CODESEAL" duration="00:00:00.0037060" startTime="2026-09-09T03:15:00.2766222+08:00" endTime="2026-09-09T03:15:00.2803282+08:00" testType="13cdc9d9-ddb5-4fa4-a97d-d965ccfc6d4b" outcome="Passed" testListId="8c84fa94-04c1-424b-9868-57a2d4851a1d" relativeResultsDirectory="6a538c56-76e0-4d8a-855c-28ec3f4d8416" />
    <UnitTestResult executionId="1cb02d3f-d5c3-4c2a-8a89-49cf68209a09" testId="d2fa57aa-bef4-c35a-3e63-707a3ccad9e1" testName="ParentAttachment_ExplicitPolicyAndInheritanceControlTransform(3,True,False)" computerName="CODESEAL" duration="00:00:00.0129510" startTime="2026-09-09T03:14:59.7502874+08:00" endTime="2026-09-09T03:14:59.7632369+08:00" testType="13cdc9d9-ddb5-4fa4-a97d-d965ccfc6d4b" outcome="Passed" testListId="8c84fa94-04c1-424b-9868-57a2d4851a1d" relativeResultsDirectory="1cb02d3f-d5c3-4c2a-8a89-49cf68209a09" />
    <UnitTestResult executionId="86089b85-67c2-42ec-a2ad-aa12c39e593e" testId="e55fb9a5-b7e0-dccf-9678-574930e949f4" testName="ParentDrivenTransformPropagation_DoesNotOverwriteIndependentTransformSources" computerName="CODESEAL" duration="00:00:00.0021880" startTime="2026-09-09T03:15:00.2744062+08:00" endTime="2026-09-09T03:15:00.2765937+08:00" testType="13cdc9d9-ddb5-4fa4-a97d-d965ccfc6d4b" outcome="Passed" testListId="8c84fa94-04c1-424b-9868-57a2d4851a1d" relativeResultsDirectory="86089b85-67c2-42ec-a2ad-aa12c39e593e" />
    <UnitTestResult executionId="840adf79-48ff-4c2a-b48c-e22e741e49b7" testId="0e6a66d7-f84d-2011-31b9-e279ba44649c" testName="ParentAttachment_ExplicitPolicyAndInheritanceControlTransform(1,True,True)" computerName="CODESEAL" duration="00:00:00.0216560" startTime="2026-09-09T03:14:59.6445755+08:00" endTime="2026-09-09T03:14:59.6662288+08:00" testType="13cdc9d9-ddb5-4fa4-a97d-d965ccfc6d4b" outcome="Passed" testListId="8c84fa94-04c1-424b-9868-57a2d4851a1d" relativeResultsDirectory="840adf79-48ff-4c2a-b48c-e22e741e49b7" />
    <UnitTestResult executionId="6cd13a7c-c811-4b93-ac3a-9a2b54c581f9" testId="c895fcb6-ed60-8f32-7ef6-4420ca79e7a2" testName="Attachment_RejectsMissingRequiredField(&quot;localScaleParamKey&quot;)" computerName="CODESEAL" duration="00:00:00.0212430" startTime="2026-09-09T03:14:59.4047417+08:00" endTime="2026-09-09T03:14:59.4259813+08:00" testType="13cdc9d9-ddb5-4fa4-a97d-d965ccfc6d4b" outcome="Passed" testListId="8c84fa94-04c1-424b-9868-57a2d4851a1d" relativeResultsDirectory="6cd13a7c-c811-4b93-ac3a-9a2b54c581f9" />
    <UnitTestResult executionId="8f7ba4d3-adc9-4e47-9ced-32c6d3689174" testId="493f52a0-667a-adf7-8f60-f4c90f6b93d1" testName="SkiaOverlayRenderer_TopMostOpaquePanelOccludesUnderUiHud" computerName="CODESEAL" duration="00:00:00.0026059" startTime="2026-09-09T03:14:58.8948058+08:00" endTime="2026-09-09T03:14:58.8974107+08:00" testType="13cdc9d9-ddb5-4fa4-a97d-d965ccfc6d4b" outcome="Passed" testListId="8c84fa94-04c1-424b-9868-57a2d4851a1d" relativeResultsDirectory="8f7ba4d3-adc9-4e47-9ced-32c6d3689174" />
    <UnitTestResult executionId="f0950206-6353-4e18-a9d1-2c4c8f232241" testId="d89c8d03-6e7b-87a3-4add-e0377f4aaf33" testName="Attachment_TargetParent_DynamicScopedMarkerReemitsMovedMesh" computerName="CODESEAL" duration="00:00:00.0490150" startTime="2026-09-09T03:15:00.0473558+08:00" endTime="2026-09-09T03:15:00.0963677+08:00" testType="13cdc9d9-ddb5-4fa4-a97d-d965ccfc6d4b" outcome="Passed" testListId="8c84fa94-04c1-424b-9868-57a2d4851a1d" relativeResultsDirectory="f0950206-6353-4e18-a9d1-2c4c8f232241" />
    <UnitTestResult executionId="29855107-15c2-4ff6-8af3-4637edaed51b" testId="7cfa4069-7826-3d01-c1a7-24f331857896" testName="VertexMapHeightSource_GroundsSnapToGroundOntoVertexPlateau" computerName="CODESEAL" duration="00:00:00.0026490" startTime="2026-09-09T03:15:00.3734849+08:00" endTime="2026-09-09T03:15:00.3761332+08:00" testType="13cdc9d9-ddb5-4fa4-a97d-d965ccfc6d4b" outcome="Passed" testListId="8c84fa94-04c1-424b-9868-57a2d4851a1d" relativeResultsDirectory="29855107-15c2-4ff6-8af3-4637edaed51b" />
    <UnitTestResult executionId="ecc7dc04-5d13-4d47-ba77-0c6c37519a06" testId="f31c5cfe-4c9a-7d43-b725-2bff90bc50bd" testName="Attachment_RejectsRemovedConstantFields(&quot;inheritScale&quot;)" computerName="CODESEAL" duration="00:00:00.0081020" startTime="2026-09-09T03:14:59.4431131+08:00" endTime="2026-09-09T03:14:59.4512132+08:00" testType="13cdc9d9-ddb5-4fa4-a97d-d965ccfc6d4b" outcome="Passed" testListId="8c84fa94-04c1-424b-9868-57a2d4851a1d" relativeResultsDirectory="ecc7dc04-5d13-4d47-ba77-0c6c37519a06" />
    <UnitTestResult executionId="5a90881c-1040-4f25-91b8-d80e7a220141" testId="16111a3c-2a04-7e7e-b4bc-290aed38b4e5" testName="ParameterNotifications_VisitOnlySubscribedBranchAndReleaseWithTree" computerName="CODESEAL" duration="00:00:00.0382940" startTime="2026-09-09T03:14:59.5382132+08:00" endTime="2026-09-09T03:14:59.5765030+08:00" testType="13cdc9d9-ddb5-4fa4-a97d-d965ccfc6d4b" outcome="Passed" testListId="8c84fa94-04c1-424b-9868-57a2d4851a1d" relativeResultsDirectory="5a90881c-1040-4f25-91b8-d80e7a220141" />
    <UnitTestResult executionId="9f080039-1420-464b-a476-3b43510695b3" testId="c24529f8-e83d-d205-af3a-5608c5e7a37c" testName="ParentAttachment_ExplicitPolicyAndInheritanceControlTransform(5,False,True)" computerName="CODESEAL" duration="00:00:00.0108230" startTime="2026-09-09T03:14:59.8135451+08:00" endTime="2026-09-09T03:14:59.8243666+08:00" testType="13cdc9d9-ddb5-4fa4-a97d-d965ccfc6d4b" outcome="Passed" testListId="8c84fa94-04c1-424b-9868-57a2d4851a1d" relativeResultsDirectory="9f080039-1420-464b-a476-3b43510695b3" />
    <UnitTestResult executionId="e540fd06-8f5d-4a31-b9e3-8da3d6003977" testId="3ce51344-9920-c07f-a2ae-8529368a4902" testName="Attachment_RejectsMissingRequiredField(&quot;target&quot;)" computerName="CODESEAL" duration="00:00:00.0083120" startTime="2026-09-09T03:14:59.3656179+08:00" endTime="2026-09-09T03:14:59.3739286+08:00" testType="13cdc9d9-ddb5-4fa4-a97d-d965ccfc6d4b" outcome="Passed" testListId="8c84fa94-04c1-424b-9868-57a2d4851a1d" relativeResultsDirectory="e540fd06-8f5d-4a31-b9e3-8da3d6003977" />
    <UnitTestResult executionId="ef151ee0-4446-458a-9cde-de8cb871c298" testId="53719aa9-094d-203e-e3cf-0cb32196e014" testName="BehaviorSystem_OwnerAttributeChangeBuffer_UpdatesOwnerScopedPresenterOnly" computerName="CODESEAL" duration="00:00:00.0010880" startTime="2026-09-09T03:15:00.3380058+08:00" endTime="2026-09-09T03:15:00.3390938+08:00" testType="13cdc9d9-ddb5-4fa4-a97d-d965ccfc6d4b" outcome="Passed" testListId="8c84fa94-04c1-424b-9868-57a2d4851a1d" relativeResultsDirectory="ef151ee0-4446-458a-9cde-de8cb871c298" />
    <UnitTestResult executionId="085bf17d-6daf-4cf8-ad65-0756003aa8b2" testId="60203d9a-459e-a7f5-2184-bb5344819ceb" testName="Material_ThrowsWhenSwapParamDoesNotResolve" computerName="CODESEAL" duration="00:00:00.0016340" startTime="2026-09-09T03:15:00.2567619+08:00" endTime="2026-09-09T03:15:00.2583953+08:00" testType="13cdc9d9-ddb5-4fa4-a97d-d965ccfc6d4b" outcome="Passed" testListId="8c84fa94-04c1-424b-9868-57a2d4851a1d" relativeResultsDirectory="085bf17d-6daf-4cf8-ad65-0756003aa8b2" />
    <UnitTestResult executionId="9392ec9c-a779-4049-8fe7-8db60b09ea37" testId="3dbf7f80-057a-5a16-25a4-495bdf0714a2" testName="Registration_RejectsDefaultsOverCapacity(Float)" computerName="CODESEAL" duration="00:00:00.0005260" startTime="2026-09-09T03:15:00.3899446+08:00" endTime="2026-09-09T03:15:00.3904699+08:00" testType="13cdc9d9-ddb5-4fa4-a97d-d965ccfc6d4b" outcome="Passed" testListId="8c84fa94-04c1-424b-9868-57a2d4851a1d" relativeResultsDirectory="9392ec9c-a779-4049-8fe7-8db60b09ea37" />
    <UnitTestResult executionId="6c0f22dd-3760-46c7-b823-1c9ae94bcead" testId="339f81bb-6570-12a9-9e73-ddc148e5adee" testName="SkiaOverlayRenderer_UsesLargeLaneHotpath_WhenPacerDefersRefresh" computerName="CODESEAL" duration="00:00:00.0060500" startTime="2026-09-09T03:14:58.8974915+08:00" endTime="2026-09-09T03:14:58.9035403+08:00" testType="13cdc9d9-ddb5-4fa4-a97d-d965ccfc6d4b" outcome="Passed" testListId="8c84fa94-04c1-424b-9868-57a2d4851a1d" relativeResultsDirectory="6c0f22dd-3760-46c7-b823-1c9ae94bcead" />
    <UnitTestResult executionId="4291a600-56fa-450b-b759-6c060be11c85" testId="c777a354-b038-d0ed-c5e6-b92e1573aecd" testName="ParentAttachment_ExplicitPolicyAndInheritanceControlTransform(3,False,False)" computerName="CODESEAL" duration="00:00:00.0178900" startTime="2026-09-09T03:14:59.7257163+08:00" endTime="2026-09-09T03:14:59.7436052+08:00" testType="13cdc9d9-ddb5-4fa4-a97d-d965ccfc6d4b" outcome="Passed" testListId="8c84fa94-04c1-424b-9868-57a2d4851a1d" relativeResultsDirectory="4291a600-56fa-450b-b759-6c060be11c85" />
    <UnitTestResult executionId="0a78442d-a371-48ce-bab6-e6fd1caa5032" testId="8b7bcbdf-9658-c276-4c5d-1fdcdfbb4388" testName="Registration_RejectsDefaultsOverCapacity(Vector)" computerName="CODESEAL" duration="00:00:00.0000640" startTime="2026-09-09T03:15:00.3922362+08:00" endTime="2026-09-09T03:15:00.3923007+08:00" testType="13cdc9d9-ddb5-4fa4-a97d-d965ccfc6d4b" outcome="Passed" testListId="8c84fa94-04c1-424b-9868-57a2d4851a1d" relativeResultsDirectory="0a78442d-a371-48ce-bab6-e6fd1caa5032" />
    <UnitTestResult executionId="4b5a522e-d3ff-40a3-9479-5b47779a4fe5" testId="6044deec-d921-69f6-bb56-3dd5c8e546f3" testName="ParentAttachment_ExplicitPolicyAndInheritanceControlTransform(1,True,False)" computerName="CODESEAL" duration="00:00:00.0086660" startTime="2026-09-09T03:14:59.6358165+08:00" endTime="2026-09-09T03:14:59.6444801+08:00" testType="13cdc9d9-ddb5-4fa4-a97d-d965ccfc6d4b" outcome="Passed" testListId="8c84fa94-04c1-424b-9868-57a2d4851a1d" relativeResultsDirectory="4b5a522e-d3ff-40a3-9479-5b47779a4fe5" />
    <UnitTestResult executionId="19956fbd-9bc3-4283-961a-14298bf4eaef" testId="82abb120-6aab-a789-d0db-8a60b0c47b41" testName="ResolveBatch_AppliesGroundingPerMode_AndSkipsGroundingNone" computerName="CODESEAL" duration="00:00:00.0007900" startTime="2026-09-09T03:15:00.3469672+08:00" endTime="2026-09-09T03:15:00.3477572+08:00" testType="13cdc9d9-ddb5-4fa4-a97d-d965ccfc6d4b" outcome="Passed" testListId="8c84fa94-04c1-424b-9868-57a2d4851a1d" relativeResultsDirectory="19956fbd-9bc3-4283-961a-14298bf4eaef" />
    <UnitTestResult executionId="7ed030f7-aee8-44c3-9212-709ff303bdcb" testId="99f0f47a-b7c9-8cf8-c7dc-a0665048b415" testName="Material_MapsSwapTableToMaterialParam" computerName="CODESEAL" duration="00:00:00.0032070" startTime="2026-09-09T03:15:00.2535200+08:00" endTime="2026-09-09T03:15:00.2567270+08:00" testType="13cdc9d9-ddb5-4fa4-a97d-d965ccfc6d4b" outcome="Passed" testListId="8c84fa94-04c1-424b-9868-57a2d4851a1d" relativeResultsDirectory="7ed030f7-aee8-44c3-9212-709ff303bdcb" />
    <UnitTestResult executionId="d9874c39-0350-462d-aae3-4ebf6167e5fe" testId="8f9f6b24-c413-27c5-42a3-6700efe551ef" testName="ParentAttachment_ExplicitPolicyAndInheritanceControlTransform(7,False,False)" computerName="CODESEAL" duration="00:00:00.0136280" startTime="2026-09-09T03:14:59.8939153+08:00" endTime="2026-09-09T03:14:59.9075431+08:00" testType="13cdc9d9-ddb5-4fa4-a97d-d965ccfc6d4b" outcome="Passed" testListId="8c84fa94-04c1-424b-9868-57a2d4851a1d" relativeResultsDirectory="d9874c39-0350-462d-aae3-4ebf6167e5fe" />
    <UnitTestResult executionId="3f792904-fad7-41c9-a833-e4e987825665" testId="91e6a345-dfbb-1b0a-f1b2-15b6784bc698" testName="Sound_EmitsPlayAndStopRequests" computerName="CODESEAL" duration="00:00:00.0024240" startTime="2026-09-09T03:15:00.2803649+08:00" endTime="2026-09-09T03:15:00.2827884+08:00" testType="13cdc9d9-ddb5-4fa4-a97d-d965ccfc6d4b" outcome="Passed" testListId="8c84fa94-04c1-424b-9868-57a2d4851a1d" relativeResultsDirectory="3f792904-fad7-41c9-a833-e4e987825665" />
    <UnitTestResult executionId="02472527-7863-44f2-aa2f-05f65bfb450d" testId="899c59f2-127b-d3df-e942-cf5212c6ff31" testName="ResolveTransform_InheritParent_ResolvesRootWithoutAssetLocalOffset" computerName="CODESEAL" duration="00:00:00.0002150" startTime="2026-09-09T03:15:00.3504382+08:00" endTime="2026-09-09T03:15:00.3506532+08:00" testType="13cdc9d9-ddb5-4fa4-a97d-d965ccfc6d4b" outcome="Passed" testListId="8c84fa94-04c1-424b-9868-57a2d4851a1d" relativeResultsDirectory="02472527-7863-44f2-aa2f-05f65bfb450d" />
    <UnitTestResult executionId="612753e0-0f82-4de4-86fe-e7ffef3a01b8" testId="4efb3505-feb4-fdd2-0741-1f8aa6814c5c" testName="Attachment_RejectsMissingRequiredField(&quot;updatePolicy&quot;)" computerName="CODESEAL" duration="00:00:00.0098600" startTime="2026-09-09T03:14:59.3463279+08:00" endTime="2026-09-09T03:14:59.3561853+08:00" testType="13cdc9d9-ddb5-4fa4-a97d-d965ccfc6d4b" outcome="Passed" testListId="8c84fa94-04c1-424b-9868-57a2d4851a1d" relativeResultsDirectory="612753e0-0f82-4de4-86fe-e7ffef3a01b8" />
    <UnitTestResult executionId="e9e3aff3-2877-402d-a087-d15792dff134" testId="9d389763-588d-1c18-b323-13000c3b41d8" testName="TagBinding_HandlesTagOffAndInvertLogic" computerName="CODESEAL" duration="00:00:00.0018130" startTime="2026-09-09T03:15:00.2850055+08:00" endTime="2026-09-09T03:15:00.2868183+08:00" testType="13cdc9d9-ddb5-4fa4-a97d-d965ccfc6d4b" outcome="Passed" testListId="8c84fa94-04c1-424b-9868-57a2d4851a1d" relativeResultsDirectory="e9e3aff3-2877-402d-a087-d15792dff134" />
    <UnitTestResult executionId="03fa7d89-fbe3-4b48-9dcf-d6c583f54ef2" testId="275551bb-2fdd-2397-0f95-e391b0d6eebb" testName="InstanceBehaviors_SoundExecutesOnlyOnDeclaringInstance" computerName="CODESEAL" duration="00:00:00.0047370" startTime="2026-09-09T03:15:00.2437463+08:00" endTime="2026-09-09T03:15:00.2484825+08:00" testType="13cdc9d9-ddb5-4fa4-a97d-d965ccfc6d4b" outcome="Passed" testListId="8c84fa94-04c1-424b-9868-57a2d4851a1d" relativeResultsDirectory="03fa7d89-fbe3-4b48-9dcf-d6c583f54ef2" />
    <UnitTestResult executionId="877ae8ca-6739-43e7-87cf-5bbc51417e4a" testId="062f16ee-4e10-3571-cb53-d1180cbefad2" testName="ExtensionCommand_DispatchesRegisteredHandler" computerName="CODESEAL" duration="00:00:00.0079640" startTime="2026-09-09T03:15:00.2311279+08:00" endTime="2026-09-09T03:15:00.2390912+08:00" testType="13cdc9d9-ddb5-4fa4-a97d-d965ccfc6d4b" outcome="Passed" testListId="8c84fa94-04c1-424b-9868-57a2d4851a1d" relativeResultsDirectory="877ae8ca-6739-43e7-87cf-5bbc51417e4a" />
    <UnitTestResult executionId="5cbe7197-18d5-4b83-8e34-ef3280de94df" testId="20ba235d-43ca-42d9-c1ae-b14a84c03bad" testName="MinimapRuntime_Render_SubmitsOpaquePanelAndFieldMasks" computerName="CODESEAL" duration="00:00:00.0062800" startTime="2026-09-09T03:14:58.2184355+08:00" endTime="2026-09-09T03:14:58.2247152+08:00" testType="13cdc9d9-ddb5-4fa4-a97d-d965ccfc6d4b" outcome="Passed" testListId="8c84fa94-04c1-424b-9868-57a2d4851a1d" relativeResultsDirectory="5cbe7197-18d5-4b83-8e34-ef3280de94df" />
    <UnitTestResult executionId="31c972e0-69be-45e3-96b0-73734ef29f88" testId="c5c7b03d-23f3-5fac-ccb7-b76a4f10de81" testName="BehaviorSystem_OnceSnapToGround_MissingHeightmap_KeepsOriginalYAndBootstrapPending" computerName="CODESEAL" duration="00:00:00.0006620" startTime="2026-09-09T03:15:00.3349812+08:00" endTime="2026-09-09T03:15:00.3356428+08:00" testType="13cdc9d9-ddb5-4fa4-a97d-d965ccfc6d4b" outcome="Passed" testListId="8c84fa94-04c1-424b-9868-57a2d4851a1d" relativeResultsDirectory="31c972e0-69be-45e3-96b0-73734ef29f88" />
    <UnitTestResult executionId="c856b66b-d112-4bd2-a25b-1b9d548c6386" testId="9da360ad-7fe2-4c45-fafd-07686a3d7979" testName="ParentAttachment_ExplicitPolicyAndInheritanceControlTransform(2,False,True)" computerName="CODESEAL" duration="00:00:00.0094270" startTime="2026-09-09T03:14:59.6793970+08:00" endTime="2026-09-09T03:14:59.6888220+08:00" testType="13cdc9d9-ddb5-4fa4-a97d-d965ccfc6d4b" outcome="Passed" testListId="8c84fa94-04c1-424b-9868-57a2d4851a1d" relativeResultsDirectory="c856b66b-d112-4bd2-a25b-1b9d548c6386" />
    <UnitTestResult executionId="260edb39-84d1-4cd0-a2cf-d2c9739e5d8d" testId="2b037b15-4d71-31c3-b606-2be8bbf65265" testName="BehaviorSystem_OnceSnapToGround_BatchSampleFailure_KeepsOriginalYAndBootstrapPending" computerName="CODESEAL" duration="00:00:00.0140980" startTime="2026-09-09T03:15:00.3194170+08:00" endTime="2026-09-09T03:15:00.3335130+08:00" testType="13cdc9d9-ddb5-4fa4-a97d-d965ccfc6d4b" outcome="Passed" testListId="8c84fa94-04c1-424b-9868-57a2d4851a1d" relativeResultsDirectory="260edb39-84d1-4cd0-a2cf-d2c9739e5d8d" />
    <UnitTestResult executionId="e566de90-d942-49df-aeef-ad8926b7a766" testId="fadfc564-2a75-9fd1-a97d-6a7385f33986" testName="ActivatingAttachmentWithMissingParameter_PreservesInactiveState" computerName="CODESEAL" duration="00:00:00.2678600" startTime="2026-09-09T03:14:58.9042215+08:00" endTime="2026-09-09T03:14:59.1720670+08:00" testType="13cdc9d9-ddb5-4fa4-a97d-d965ccfc6d4b" outcome="Passed" testListId="8c84fa94-04c1-424b-9868-57a2d4851a1d" relativeResultsDirectory="e566de90-d942-49df-aeef-ad8926b7a766" />
    <UnitTestResult executionId="a7a4bcdc-c12b-48d6-94aa-193fbd1316bd" testId="257c8f93-a5b1-f5bb-8d83-a2529b9f166c" testName="SkiaOverlayRenderer_DrawsPrebucketedMinimapMarkerOrientationWithExpectedColor" computerName="CODESEAL" duration="00:00:00.0025460" startTime="2026-09-09T03:14:58.4683622+08:00" endTime="2026-09-09T03:14:58.4709083+08:00" testType="13cdc9d9-ddb5-4fa4-a97d-d965ccfc6d4b" outcome="Passed" testListId="8c84fa94-04c1-424b-9868-57a2d4851a1d" relativeResultsDirectory="a7a4bcdc-c12b-48d6-94aa-193fbd1316bd" />
    <UnitTestResult executionId="1473eeb5-e40d-45e6-a3be-b068775ac844" testId="4939134e-ade6-ca92-e61a-6d510888b89d" testName="Attachment_DeactivateActivateStartsNewCycleAndRepeatedActivateIsIdempotent(True)" computerName="CODESEAL" duration="00:00:00.0116890" startTime="2026-09-09T03:14:59.2932930+08:00" endTime="2026-09-09T03:14:59.3049788+08:00" testType="13cdc9d9-ddb5-4fa4-a97d-d965ccfc6d4b" outcome="Passed" testListId="8c84fa94-04c1-424b-9868-57a2d4851a1d" relativeResultsDirectory="1473eeb5-e40d-45e6-a3be-b068775ac844" />
    <UnitTestResult executionId="df225a7b-6fe6-414c-9686-54583837477b" testId="f780d17f-a782-8b24-d49d-71d7bd8025de" testName="BehaviorSystem_DoesNotSkipSnapToGround_WhenOffsetRequiresPresenterGrounding" computerName="CODESEAL" duration="00:00:00.0064130" startTime="2026-09-09T03:15:00.3111072+08:00" endTime="2026-09-09T03:15:00.3175187+08:00" testType="13cdc9d9-ddb5-4fa4-a97d-d965ccfc6d4b" outcome="Passed" testListId="8c84fa94-04c1-424b-9868-57a2d4851a1d" relativeResultsDirectory="df225a7b-6fe6-414c-9686-54583837477b" />
    <UnitTestResult executionId="4d887178-f862-4c0d-b549-c81312775393" testId="75ee327d-657b-f8d8-64c9-b6462694db94" testName="Animator_ReadsBlackboardAndWritesRuntimeState" computerName="CODESEAL" duration="00:00:00.0271710" startTime="2026-09-09T03:15:00.0064101+08:00" endTime="2026-09-09T03:15:00.0335783+08:00" testType="13cdc9d9-ddb5-4fa4-a97d-d965ccfc6d4b" outcome="Passed" testListId="8c84fa94-04c1-424b-9868-57a2d4851a1d" relativeResultsDirectory="4d887178-f862-4c0d-b549-c81312775393" />
    <UnitTestResult executionId="3001aa09-4451-4659-aed1-5aca130bd62f" testId="55776cd0-cdef-082f-311e-617c5c0d5265" testName="ParentAttachment_ExplicitPolicyAndInheritanceControlTransform(4,False,True)" computerName="CODESEAL" duration="00:00:00.0161070" startTime="2026-09-09T03:14:59.7722910+08:00" endTime="2026-09-09T03:14:59.7883964+08:00" testType="13cdc9d9-ddb5-4fa4-a97d-d965ccfc6d4b" outcome="Passed" testListId="8c84fa94-04c1-424b-9868-57a2d4851a1d" relativeResultsDirectory="3001aa09-4451-4659-aed1-5aca130bd62f" />
    <UnitTestResult executionId="2a8fa1f4-a0c7-40c0-8408-97749f378282" testId="15424f5d-6f6c-24a9-f962-1d18b72bcfca" testName="CreatePlan_RejectsOversizedChildOverridesBeforeCreatingRoot(Vector)" computerName="CODESEAL" duration="00:00:00.0001340" startTime="2026-09-09T03:15:00.3844475+08:00" endTime="2026-09-09T03:15:00.3845816+08:00" testType="13cdc9d9-ddb5-4fa4-a97d-d965ccfc6d4b" outcome="Passed" testListId="8c84fa94-04c1-424b-9868-57a2d4851a1d" relativeResultsDirectory="2a8fa1f4-a0c7-40c0-8408-97749f378282" />
    <UnitTestResult executionId="d4649850-56c5-4613-96fc-e275a7fddd3a" testId="e2ab8edd-ab18-8226-633f-b9002ec26fb7" testName="PresentationOverlayLanePacer_DoesNotDeferLargeLane_WhenContentChanges" computerName="CODESEAL" duration="00:00:00.0016200" startTime="2026-09-09T03:14:58.2760147+08:00" endTime="2026-09-09T03:14:58.2776343+08:00" testType="13cdc9d9-ddb5-4fa4-a97d-d965ccfc6d4b" outcome="Passed" testListId="8c84fa94-04c1-424b-9868-57a2d4851a1d" relativeResultsDirectory="d4649850-56c5-4613-96fc-e275a7fddd3a" />
    <UnitTestResult executionId="67c4c023-0c3b-4334-883f-382c0e054ef2" testId="f75f8f7c-17fb-f168-22ac-37c3f5b316f3" testName="InstanceBehaviors_OnlyTheDeclaringChildInstanceExecutesThem" computerName="CODESEAL" duration="00:00:00.0028420" startTime="2026-09-09T03:15:00.2408673+08:00" endTime="2026-09-09T03:15:00.2437089+08:00" testType="13cdc9d9-ddb5-4fa4-a97d-d965ccfc6d4b" outcome="Passed" testListId="8c84fa94-04c1-424b-9868-57a2d4851a1d" relativeResultsDirectory="67c4c023-0c3b-4334-883f-382c0e054ef2" />
    <UnitTestResult executionId="9f43e46b-1921-4dfd-a90d-7a9c5f99b726" testId="9b10bf44-eb1c-3614-f993-7cd73715a5ad" testName="SkiaOverlayRenderer_ConsumesPrebucketedScreenMarkers" computerName="CODESEAL" duration="00:00:00.1012250" startTime="2026-09-09T03:14:58.2913485+08:00" endTime="2026-09-09T03:14:58.3925676+08:00" testType="13cdc9d9-ddb5-4fa4-a97d-d965ccfc6d4b" outcome="Passed" testListId="8c84fa94-04c1-424b-9868-57a2d4851a1d" relativeResultsDirectory="9f43e46b-1921-4dfd-a90d-7a9c5f99b726" />
    <UnitTestResult executionId="27c079c9-3c56-406b-b1f8-e9704c382c0a" testId="e1735aa2-1657-1fdc-52ad-0c953a3e6258" testName="ConfigLoader_UsesConfigPipelineDeepObjectMerge" computerName="CODESEAL" duration="00:00:00.0703850" startTime="2026-09-09T03:14:58.0287174+08:00" endTime="2026-09-09T03:14:58.0990987+08:00" testType="13cdc9d9-ddb5-4fa4-a97d-d965ccfc6d4b" outcome="Passed" testListId="8c84fa94-04c1-424b-9868-57a2d4851a1d" relativeResultsDirectory="27c079c9-3c56-406b-b1f8-e9704c382c0a" />
    <UnitTestResult executionId="8c793b7a-b1b9-43b7-aed9-17d1545231c6" testId="bd75f8cc-329d-f3c9-ba68-23348d8614c7" testName="ParentAttachment_ExplicitPolicyAndInheritanceControlTransform(7,False,True)" computerName="CODESEAL" duration="00:00:00.0154730" startTime="2026-09-09T03:14:59.9083928+08:00" endTime="2026-09-09T03:14:59.9238656+08:00" testType="13cdc9d9-ddb5-4fa4-a97d-d965ccfc6d4b" outcome="Passed" testListId="8c84fa94-04c1-424b-9868-57a2d4851a1d" relativeResultsDirectory="8c793b7a-b1b9-43b7-aed9-17d1545231c6" />
    <UnitTestResult executionId="f077bdf8-b1fe-49fc-969a-2e0cea3caa57" testId="aa869594-1752-627b-3adf-b37f35b1ad34" testName="ClearingLastParameterSource_FailsWithoutChangingActiveAttachment" computerName="CODESEAL" duration="00:00:00.0225789" startTime="2026-09-09T03:14:59.4673796+08:00" endTime="2026-09-09T03:14:59.4899535+08:00" testType="13cdc9d9-ddb5-4fa4-a97d-d965ccfc6d4b" outcome="Passed" testListId="8c84fa94-04c1-424b-9868-57a2d4851a1d" relativeResultsDirectory="f077bdf8-b1fe-49fc-969a-2e0cea3caa57" />
    <UnitTestResult executionId="1270595c-4978-48b2-a644-14d7997c0bf1" testId="09d81ad0-cd8c-c40b-490f-ca32a248f822" testName="InteractionContextBinding_SnapshotResolvesFromOwnerMountedInstances_AndTracksPerfMarker" computerName="CODESEAL" duration="00:00:00.0049610" startTime="2026-09-09T03:15:00.2485164+08:00" endTime="2026-09-09T03:15:00.2534770+08:00" testType="13cdc9d9-ddb5-4fa4-a97d-d965ccfc6d4b" outcome="Passed" testListId="8c84fa94-04c1-424b-9868-57a2d4851a1d" relativeResultsDirectory="1270595c-4978-48b2-a644-14d7997c0bf1" />
    <UnitTestResult executionId="daf32c04-0b61-4ad0-bb4b-b12ecd18cff3" testId="0fafa82d-af29-3a23-61b2-5377f70247df" testName="OrderBlackboardKeys_MassNavigationMoveDoesNotRegisterFormationPayload" computerName="CODESEAL" duration="00:00:00.0090470" startTime="2026-09-09T03:14:58.1962566+08:00" endTime="2026-09-09T03:14:58.2053031+08:00" testType="13cdc9d9-ddb5-4fa4-a97d-d965ccfc6d4b" outcome="Passed" testListId="8c84fa94-04c1-424b-9868-57a2d4851a1d" relativeResultsDirectory="daf32c04-0b61-4ad0-bb4b-b12ecd18cff3" />
    <UnitTestResult executionId="02b66bd8-e3d5-4c19-ac57-3de88774d763" testId="1aa9aa53-9c78-2335-fdc4-1863b2bfd72e" testName="AttributeBindingAndParamBindings_ResolveAttributeEntityColorAndFacingIntoBlackboard" computerName="CODESEAL" duration="00:00:00.0044530" startTime="2026-09-09T03:15:00.1814491+08:00" endTime="2026-09-09T03:15:00.1859015+08:00" testType="13cdc9d9-ddb5-4fa4-a97d-d965ccfc6d4b" outcome="Passed" testListId="8c84fa94-04c1-424b-9868-57a2d4851a1d" relativeResultsDirectory="02b66bd8-e3d5-4c19-ac57-3de88774d763" />
    <UnitTestResult executionId="c01dec00-1bfe-4623-b702-b12dc0bebef8" testId="92cfe74d-d076-7151-6b67-622178b921e2" testName="MassNavigationAssets_UseConfigMergeAndFormalOrderContracts" computerName="CODESEAL" duration="00:00:00.0026940" startTime="2026-09-09T03:14:58.1561239+08:00" endTime="2026-09-09T03:14:58.1588175+08:00" testType="13cdc9d9-ddb5-4fa4-a97d-d965ccfc6d4b" outcome="Passed" testListId="8c84fa94-04c1-424b-9868-57a2d4851a1d" relativeResultsDirectory="c01dec00-1bfe-4623-b702-b12dc0bebef8" />
    <UnitTestResult executionId="d2ac674f-b72b-4568-807b-edbe2e0723fb" testId="00e7998b-9649-2b02-1a80-40401ef1db02" testName="RaylibSkiaOverlay_UsesNativeGlInterfaceInsteadOfWindowsWgl" computerName="CODESEAL" duration="00:00:00.0024090" startTime="2026-09-09T03:14:58.2888969+08:00" endTime="2026-09-09T03:14:58.2913051+08:00" testType="13cdc9d9-ddb5-4fa4-a97d-d965ccfc6d4b" outcome="Passed" testListId="8c84fa94-04c1-424b-9868-57a2d4851a1d" relativeResultsDirectory="d2ac674f-b72b-4568-807b-edbe2e0723fb" />
    <UnitTestResult executionId="d6005365-0598-4d38-baeb-3c0315f0640b" testId="4d7efa94-3fe2-1520-6e27-78b705bc7578" testName="ParentParameterChange_PreservesChildDefaultsAndOverrides(True)" computerName="CODESEAL" duration="00:00:00.0210840" startTime="2026-09-09T03:14:59.9734033+08:00" endTime="2026-09-09T03:14:59.9944848+08:00" testType="13cdc9d9-ddb5-4fa4-a97d-d965ccfc6d4b" outcome="Passed" testListId="8c84fa94-04c1-424b-9868-57a2d4851a1d" relativeResultsDirectory="d6005365-0598-4d38-baeb-3c0315f0640b" />
    <UnitTestResult executionId="91fc2cdb-343a-417f-89b9-248f4f9bbce0" testId="b46b61f7-bd06-dd26-a8d9-c47ea8a0f9cc" testName="SkiaOverlayRenderer_PreheatedPrebucketedMinimapMarkers_DoNotAllocatePerMarkerManagedMemory" computerName="CODESEAL" duration="00:00:00.3852689" startTime="2026-09-09T03:14:58.4709603+08:00" endTime="2026-09-09T03:14:58.8562104+08:00" testType="13cdc9d9-ddb5-4fa4-a97d-d965ccfc6d4b" outcome="Passed" testListId="8c84fa94-04c1-424b-9868-57a2d4851a1d" relativeResultsDirectory="91fc2cdb-343a-417f-89b9-248f4f9bbce0" />
    <UnitTestResult executionId="a544a6de-df87-4064-a5db-2de2dd96a921" testId="5eb875b8-37af-baf6-a3ca-89d6b07ba551" testName="SkiaOverlayRenderer_DrawsLineLaneWithExpectedColor" computerName="CODESEAL" duration="00:00:00.0029460" startTime="2026-09-09T03:14:58.4653566+08:00" endTime="2026-09-09T03:14:58.4683018+08:00" testType="13cdc9d9-ddb5-4fa4-a97d-d965ccfc6d4b" outcome="Passed" testListId="8c84fa94-04c1-424b-9868-57a2d4851a1d" relativeResultsDirectory="a544a6de-df87-4064-a5db-2de2dd96a921" />
    <UnitTestResult executionId="66944290-08ae-4e1e-b8c6-ae4c2f079cb6" testId="a503126d-7b0f-3329-6b62-db48a0326215" testName="RuntimeSet_OverflowPreservesVersionAndValues(Int)" computerName="CODESEAL" duration="00:00:00.0005800" startTime="2026-09-09T03:15:00.3937537+08:00" endTime="2026-09-09T03:15:00.3943336+08:00" testType="13cdc9d9-ddb5-4fa4-a97d-d965ccfc6d4b" outcome="Passed" testListId="8c84fa94-04c1-424b-9868-57a2d4851a1d" relativeResultsDirectory="66944290-08ae-4e1e-b8c6-ae4c2f079cb6" />
    <UnitTestResult executionId="b02880bc-5ce9-48bf-a325-c06b630ae79e" testId="6fa7dd71-ef29-5972-e46c-c1a5f4a83ec3" testName="ResolveTransform_WorldFixed_DoesNotApplyGrounding" computerName="CODESEAL" duration="00:00:00.0001450" startTime="2026-09-09T03:15:00.3508385+08:00" endTime="2026-09-09T03:15:00.3509832+08:00" testType="13cdc9d9-ddb5-4fa4-a97d-d965ccfc6d4b" outcome="Passed" testListId="8c84fa94-04c1-424b-9868-57a2d4851a1d" relativeResultsDirectory="b02880bc-5ce9-48bf-a325-c06b630ae79e" />
    <UnitTestResult executionId="87311e00-1d29-471e-9288-f97b84eafbbd" testId="bdabc940-c061-f9e5-b0c5-3684415f9fce" testName="GlobalPresentationEventProjectionSystem_ProjectsQueuedEventsIntoPresentationStream" computerName="CODESEAL" duration="00:00:00.0036570" startTime="2026-09-09T03:15:00.3412506+08:00" endTime="2026-09-09T03:15:00.3449065+08:00" testType="13cdc9d9-ddb5-4fa4-a97d-d965ccfc6d4b" outcome="Passed" testListId="8c84fa94-04c1-424b-9868-57a2d4851a1d" relativeResultsDirectory="87311e00-1d29-471e-9288-f97b84eafbbd" />
[...]
    <TestEntry testId="63e83f74-1596-015f-2f8c-e087b569a1e0" executionId="06f6472a-de1a-4ab3-9164-d1abedba3386" testListId="8c84fa94-04c1-424b-9868-57a2d4851a1d" />
    <TestEntry testId="a1676511-d26f-55e5-3f6e-15994ca40508" executionId="0f21a313-55f7-42ab-8a24-ada4b05b09ce" testListId="8c84fa94-04c1-424b-9868-57a2d4851a1d" />
    <TestEntry testId="4a1c05cd-bd9e-4f62-963b-c04f4dedd0f2" executionId="8bdd3ca9-9cb0-4ade-9886-ee3b573e8d91" testListId="8c84fa94-04c1-424b-9868-57a2d4851a1d" />
    <TestEntry testId="89817c81-5845-6c6a-1ad3-b7dddab725d3" executionId="b71f8f71-61ce-476c-8368-8d6c2ab27e3e" testListId="8c84fa94-04c1-424b-9868-57a2d4851a1d" />
    <TestEntry testId="4c32250d-398c-330a-ef0c-a790c3e3f29c" executionId="94fb2296-f094-47f6-9501-ba56792cdaea" testListId="8c84fa94-04c1-424b-9868-57a2d4851a1d" />
    <TestEntry testId="f0d14652-dac4-f4cd-51bc-8b27425f1454" executionId="9e87439d-9814-4153-9810-50559371b883" testListId="8c84fa94-04c1-424b-9868-57a2d4851a1d" />
    <TestEntry testId="a4568633-6d95-6121-ea14-81a3dd5ed8a6" executionId="07fb771f-9b23-4a36-ac96-b60d3103053e" testListId="8c84fa94-04c1-424b-9868-57a2d4851a1d" />
    <TestEntry testId="8c63e98f-f41c-ca06-596c-7031bb7c376d" executionId="bf697c1e-9775-461d-b6fe-e3869030d868" testListId="8c84fa94-04c1-424b-9868-57a2d4851a1d" />
    <TestEntry testId="bf94de40-afc8-f8e3-5854-578132e83b64" executionId="27fce2a1-ac63-4298-8b79-61662819ca47" testListId="8c84fa94-04c1-424b-9868-57a2d4851a1d" />
    <TestEntry testId="fb487b25-f8b6-c62b-9748-3cdda33dfd39" executionId="a7dfea35-7b52-4b6e-80f7-a560278ff7ab" testListId="8c84fa94-04c1-424b-9868-57a2d4851a1d" />
    <TestEntry testId="a9eb443b-7845-cb30-a300-d4d687d1a257" executionId="bedc5d16-560b-4c4e-85a8-ea4ca50091de" testListId="8c84fa94-04c1-424b-9868-57a2d4851a1d" />
    <TestEntry testId="eb931eea-de44-4666-2cd2-88265c4be12d" executionId="a8fb6414-816d-4ab5-a5f4-b4e28ca426be" testListId="8c84fa94-04c1-424b-9868-57a2d4851a1d" />
    <TestEntry testId="6bcf840b-fa6d-266e-5fc5-41a522244e9e" executionId="ae747bb8-10e2-48f0-9bd7-fa597131b3f9" testListId="8c84fa94-04c1-424b-9868-57a2d4851a1d" />
    <TestEntry testId="c625d4d0-cdbf-c64e-b36a-b381e177cf18" executionId="a05a72c3-ad1d-4cfb-898e-23cd459d1f9f" testListId="8c84fa94-04c1-424b-9868-57a2d4851a1d" />
    <TestEntry testId="9edc6634-8ade-8821-9455-fdf772a3fbe5" executionId="f05e744e-6117-496f-b5a0-1bc82e86fcb6" testListId="8c84fa94-04c1-424b-9868-57a2d4851a1d" />
    <TestEntry testId="f072f130-5beb-a456-4604-02cccae4272c" executionId="013d9cde-986b-4aed-9f8e-42e4c90e3fb4" testListId="8c84fa94-04c1-424b-9868-57a2d4851a1d" />
    <TestEntry testId="7f50d287-e9a0-3895-a681-eb444dc93afd" executionId="0c77df66-a44b-4958-a189-5e98441a3ee7" testListId="8c84fa94-04c1-424b-9868-57a2d4851a1d" />
    <TestEntry testId="df00fd0a-b258-fb5f-2512-8876cf6027b7" executionId="f4234c4b-db58-4254-be84-cd68c1072c53" testListId="8c84fa94-04c1-424b-9868-57a2d4851a1d" />
    <TestEntry testId="4deb59ff-7a19-862f-f48d-13ece72cd10b" executionId="95b2f6b3-10b6-42bc-a230-fd8c49ef6f42" testListId="8c84fa94-04c1-424b-9868-57a2d4851a1d" />
    <TestEntry testId="7e119e92-42e0-58d5-9d2d-b2e8f30df28d" executionId="1fdb2821-973c-49d5-aebe-6e02245cbaeb" testListId="8c84fa94-04c1-424b-9868-57a2d4851a1d" />
    <TestEntry testId="a23d262e-2c83-977a-2a44-8c26a64e44d3" executionId="2d2f6d65-e899-431e-a20e-ba7d7429e3b5" testListId="8c84fa94-04c1-424b-9868-57a2d4851a1d" />
    <TestEntry testId="277995ee-7c3e-532b-ce14-fa510c1fd43f" executionId="6e66d7fb-5c09-4287-8a46-6e65ad2a48af" testListId="8c84fa94-04c1-424b-9868-57a2d4851a1d" />
    <TestEntry testId="0dfd766b-792c-a70b-9625-e78ae18c28ba" executionId="c13fbcee-4748-47ac-a036-de30f2c5c693" testListId="8c84fa94-04c1-424b-9868-57a2d4851a1d" />
    <TestEntry testId="80f9c6f7-5344-8677-75be-8ac5cb4021b0" executionId="39fd035c-fd5c-4f6c-b53f-3c35454c4a52" testListId="8c84fa94-04c1-424b-9868-57a2d4851a1d" />
    <TestEntry testId="a7550739-f7fe-b982-47c2-f8b4d9bd1004" executionId="c241eb7d-4881-478b-a062-7f9233436caf" testListId="8c84fa94-04c1-424b-9868-57a2d4851a1d" />
    <TestEntry testId="197eceb2-6f97-70eb-1abc-c3af57520a08" executionId="68e7c1bf-3eda-4856-9bb1-9720efadf5ac" testListId="8c84fa94-04c1-424b-9868-57a2d4851a1d" />
    <TestEntry testId="4bc8adf7-8184-fb0d-2784-2caa72ef9d5b" executionId="f29911b3-06ad-447a-9127-dbbcfda28b04" testListId="8c84fa94-04c1-424b-9868-57a2d4851a1d" />
    <TestEntry testId="e3c5cbb5-d135-389a-7d45-ea8f549e6821" executionId="6a538c56-76e0-4d8a-855c-28ec3f4d8416" testListId="8c84fa94-04c1-424b-9868-57a2d4851a1d" />
    <TestEntry testId="d2fa57aa-bef4-c35a-3e63-707a3ccad9e1" executionId="1cb02d3f-d5c3-4c2a-8a89-49cf68209a09" testListId="8c84fa94-04c1-424b-9868-57a2d4851a1d" />
    <TestEntry testId="e55fb9a5-b7e0-dccf-9678-574930e949f4" executionId="86089b85-67c2-42ec-a2ad-aa12c39e593e" testListId="8c84fa94-04c1-424b-9868-57a2d4851a1d" />
    <TestEntry testId="0e6a66d7-f84d-2011-31b9-e279ba44649c" executionId="840adf79-48ff-4c2a-b48c-e22e741e49b7" testListId="8c84fa94-04c1-424b-9868-57a2d4851a1d" />
    <TestEntry testId="c895fcb6-ed60-8f32-7ef6-4420ca79e7a2" executionId="6cd13a7c-c811-4b93-ac3a-9a2b54c581f9" testListId="8c84fa94-04c1-424b-9868-57a2d4851a1d" />
    <TestEntry testId="493f52a0-667a-adf7-8f60-f4c90f6b93d1" executionId="8f7ba4d3-adc9-4e47-9ced-32c6d3689174" testListId="8c84fa94-04c1-424b-9868-57a2d4851a1d" />
    <TestEntry testId="d89c8d03-6e7b-87a3-4add-e0377f4aaf33" executionId="f0950206-6353-4e18-a9d1-2c4c8f232241" testListId="8c84fa94-04c1-424b-9868-57a2d4851a1d" />
    <TestEntry testId="7cfa4069-7826-3d01-c1a7-24f331857896" executionId="29855107-15c2-4ff6-8af3-4637edaed51b" testListId="8c84fa94-04c1-424b-9868-57a2d4851a1d" />
    <TestEntry testId="f31c5cfe-4c9a-7d43-b725-2bff90bc50bd" executionId="ecc7dc04-5d13-4d47-ba77-0c6c37519a06" testListId="8c84fa94-04c1-424b-9868-57a2d4851a1d" />
    <TestEntry testId="16111a3c-2a04-7e7e-b4bc-290aed38b4e5" executionId="5a90881c-1040-4f25-91b8-d80e7a220141" testListId="8c84fa94-04c1-424b-9868-57a2d4851a1d" />
    <TestEntry testId="c24529f8-e83d-d205-af3a-5608c5e7a37c" executionId="9f080039-1420-464b-a476-3b43510695b3" testListId="8c84fa94-04c1-424b-9868-57a2d4851a1d" />
    <TestEntry testId="3ce51344-9920-c07f-a2ae-8529368a4902" executionId="e540fd06-8f5d-4a31-b9e3-8da3d6003977" testListId="8c84fa94-04c1-424b-9868-57a2d4851a1d" />
    <TestEntry testId="53719aa9-094d-203e-e3cf-0cb32196e014" executionId="ef151ee0-4446-458a-9cde-de8cb871c298" testListId="8c84fa94-04c1-424b-9868-57a2d4851a1d" />
    <TestEntry testId="60203d9a-459e-a7f5-2184-bb5344819ceb" executionId="085bf17d-6daf-4cf8-ad65-0756003aa8b2" testListId="8c84fa94-04c1-424b-9868-57a2d4851a1d" />
    <TestEntry testId="3dbf7f80-057a-5a16-25a4-495bdf0714a2" executionId="9392ec9c-a779-4049-8fe7-8db60b09ea37" testListId="8c84fa94-04c1-424b-9868-57a2d4851a1d" />
    <TestEntry testId="339f81bb-6570-12a9-9e73-ddc148e5adee" executionId="6c0f22dd-3760-46c7-b823-1c9ae94bcead" testListId="8c84fa94-04c1-424b-9868-57a2d4851a1d" />
    <TestEntry testId="c777a354-b038-d0ed-c5e6-b92e1573aecd" executionId="4291a600-56fa-450b-b759-6c060be11c85" testListId="8c84fa94-04c1-424b-9868-57a2d4851a1d" />
    <TestEntry testId="8b7bcbdf-9658-c276-4c5d-1fdcdfbb4388" executionId="0a78442d-a371-48ce-bab6-e6fd1caa5032" testListId="8c84fa94-04c1-424b-9868-57a2d4851a1d" />
    <TestEntry testId="6044deec-d921-69f6-bb56-3dd5c8e546f3" executionId="4b5a522e-d3ff-40a3-9479-5b47779a4fe5" testListId="8c84fa94-04c1-424b-9868-57a2d4851a1d" />
    <TestEntry testId="82abb120-6aab-a789-d0db-8a60b0c47b41" executionId="19956fbd-9bc3-4283-961a-14298bf4eaef" testListId="8c84fa94-04c1-424b-9868-57a2d4851a1d" />
    <TestEntry testId="99f0f47a-b7c9-8cf8-c7dc-a0665048b415" executionId="7ed030f7-aee8-44c3-9212-709ff303bdcb" testListId="8c84fa94-04c1-424b-9868-57a2d4851a1d" />
    <TestEntry testId="8f9f6b24-c413-27c5-42a3-6700efe551ef" executionId="d9874c39-0350-462d-aae3-4ebf6167e5fe" testListId="8c84fa94-04c1-424b-9868-57a2d4851a1d" />
    <TestEntry testId="91e6a345-dfbb-1b0a-f1b2-15b6784bc698" executionId="3f792904-fad7-41c9-a833-e4e987825665" testListId="8c84fa94-04c1-424b-9868-57a2d4851a1d" />
    <TestEntry testId="899c59f2-127b-d3df-e942-cf5212c6ff31" executionId="02472527-7863-44f2-aa2f-05f65bfb450d" testListId="8c84fa94-04c1-424b-9868-57a2d4851a1d" />
    <TestEntry testId="4efb3505-feb4-fdd2-0741-1f8aa6814c5c" executionId="612753e0-0f82-4de4-86fe-e7ffef3a01b8" testListId="8c84fa94-04c1-424b-9868-57a2d4851a1d" />
    <TestEntry testId="9d389763-588d-1c18-b323-13000c3b41d8" executionId="e9e3aff3-2877-402d-a087-d15792dff134" testListId="8c84fa94-04c1-424b-9868-57a2d4851a1d" />
    <TestEntry testId="275551bb-2fdd-2397-0f95-e391b0d6eebb" executionId="03fa7d89-fbe3-4b48-9dcf-d6c583f54ef2" testListId="8c84fa94-04c1-424b-9868-57a2d4851a1d" />
    <TestEntry testId="062f16ee-4e10-3571-cb53-d1180cbefad2" executionId="877ae8ca-6739-43e7-87cf-5bbc51417e4a" testListId="8c84fa94-04c1-424b-9868-57a2d4851a1d" />
    <TestEntry testId="20ba235d-43ca-42d9-c1ae-b14a84c03bad" executionId="5cbe7197-18d5-4b83-8e34-ef3280de94df" testListId="8c84fa94-04c1-424b-9868-57a2d4851a1d" />
    <TestEntry testId="c5c7b03d-23f3-5fac-ccb7-b76a4f10de81" executionId="31c972e0-69be-45e3-96b0-73734ef29f88" testListId="8c84fa94-04c1-424b-9868-57a2d4851a1d" />
    <TestEntry testId="9da360ad-7fe2-4c45-fafd-07686a3d7979" executionId="c856b66b-d112-4bd2-a25b-1b9d548c6386" testListId="8c84fa94-04c1-424b-9868-57a2d4851a1d" />
    <TestEntry testId="2b037b15-4d71-31c3-b606-2be8bbf65265" executionId="260edb39-84d1-4cd0-a2cf-d2c9739e5d8d" testListId="8c84fa94-04c1-424b-9868-57a2d4851a1d" />
    <TestEntry testId="fadfc564-2a75-9fd1-a97d-6a7385f33986" executionId="e566de90-d942-49df-aeef-ad8926b7a766" testListId="8c84fa94-04c1-424b-9868-57a2d4851a1d" />
    <TestEntry testId="257c8f93-a5b1-f5bb-8d83-a2529b9f166c" executionId="a7a4bcdc-c12b-48d6-94aa-193fbd1316bd" testListId="8c84fa94-04c1-424b-9868-57a2d4851a1d" />
    <TestEntry testId="4939134e-ade6-ca92-e61a-6d510888b89d" executionId="1473eeb5-e40d-45e6-a3be-b068775ac844" testListId="8c84fa94-04c1-424b-9868-57a2d4851a1d" />
    <TestEntry testId="f780d17f-a782-8b24-d49d-71d7bd8025de" executionId="df225a7b-6fe6-414c-9686-54583837477b" testListId="8c84fa94-04c1-424b-9868-57a2d4851a1d" />
    <TestEntry testId="75ee327d-657b-f8d8-64c9-b6462694db94" executionId="4d887178-f862-4c0d-b549-c81312775393" testListId="8c84fa94-04c1-424b-9868-57a2d4851a1d" />
    <TestEntry testId="55776cd0-cdef-082f-311e-617c5c0d5265" executionId="3001aa09-4451-4659-aed1-5aca130bd62f" testListId="8c84fa94-04c1-424b-9868-57a2d4851a1d" />
    <TestEntry testId="15424f5d-6f6c-24a9-f962-1d18b72bcfca" executionId="2a8fa1f4-a0c7-40c0-8408-97749f378282" testListId="8c84fa94-04c1-424b-9868-57a2d4851a1d" />
    <TestEntry testId="e2ab8edd-ab18-8226-633f-b9002ec26fb7" executionId="d4649850-56c5-4613-96fc-e275a7fddd3a" testListId="8c84fa94-04c1-424b-9868-57a2d4851a1d" />
    <TestEntry testId="f75f8f7c-17fb-f168-22ac-37c3f5b316f3" executionId="67c4c023-0c3b-4334-883f-382c0e054ef2" testListId="8c84fa94-04c1-424b-9868-57a2d4851a1d" />
    <TestEntry testId="9b10bf44-eb1c-3614-f993-7cd73715a5ad" executionId="9f43e46b-1921-4dfd-a90d-7a9c5f99b726" testListId="8c84fa94-04c1-424b-9868-57a2d4851a1d" />
    <TestEntry testId="e1735aa2-1657-1fdc-52ad-0c953a3e6258" executionId="27c079c9-3c56-406b-b1f8-e9704c382c0a" testListId="8c84fa94-04c1-424b-9868-57a2d4851a1d" />
    <TestEntry testId="bd75f8cc-329d-f3c9-ba68-23348d8614c7" executionId="8c793b7a-b1b9-43b7-aed9-17d1545231c6" testListId="8c84fa94-04c1-424b-9868-57a2d4851a1d" />
    <TestEntry testId="aa869594-1752-627b-3adf-b37f35b1ad34" executionId="f077bdf8-b1fe-49fc-969a-2e0cea3caa57" testListId="8c84fa94-04c1-424b-9868-57a2d4851a1d" />
    <TestEntry testId="09d81ad0-cd8c-c40b-490f-ca32a248f822" executionId="1270595c-4978-48b2-a644-14d7997c0bf1" testListId="8c84fa94-04c1-424b-9868-57a2d4851a1d" />
    <TestEntry testId="0fafa82d-af29-3a23-61b2-5377f70247df" executionId="daf32c04-0b61-4ad0-bb4b-b12ecd18cff3" testListId="8c84fa94-04c1-424b-9868-57a2d4851a1d" />
    <TestEntry testId="1aa9aa53-9c78-2335-fdc4-1863b2bfd72e" executionId="02b66bd8-e3d5-4c19-ac57-3de88774d763" testListId="8c84fa94-04c1-424b-9868-57a2d4851a1d" />
    <TestEntry testId="92cfe74d-d076-7151-6b67-622178b921e2" executionId="c01dec00-1bfe-4623-b702-b12dc0bebef8" testListId="8c84fa94-04c1-424b-9868-57a2d4851a1d" />
    <TestEntry testId="00e7998b-9649-2b02-1a80-40401ef1db02" executionId="d2ac674f-b72b-4568-807b-edbe2e0723fb" testListId="8c84fa94-04c1-424b-9868-57a2d4851a1d" />
    <TestEntry testId="4d7efa94-3fe2-1520-6e27-78b705bc7578" executionId="d6005365-0598-4d38-baeb-3c0315f0640b" testListId="8c84fa94-04c1-424b-9868-57a2d4851a1d" />
    <TestEntry testId="b46b61f7-bd06-dd26-a8d9-c47ea8a0f9cc" executionId="91fc2cdb-343a-417f-89b9-248f4f9bbce0" testListId="8c84fa94-04c1-424b-9868-57a2d4851a1d" />
    <TestEntry testId="5eb875b8-37af-baf6-a3ca-89d6b07ba551" executionId="a544a6de-df87-4064-a5db-2de2dd96a921" testListId="8c84fa94-04c1-424b-9868-57a2d4851a1d" />
    <TestEntry testId="a503126d-7b0f-3329-6b62-db48a0326215" executionId="66944290-08ae-4e1e-b8c6-ae4c2f079cb6" testListId="8c84fa94-04c1-424b-9868-57a2d4851a1d" />
    <TestEntry testId="6fa7dd71-ef29-5972-e46c-c1a5f4a83ec3" executionId="b02880bc-5ce9-48bf-a325-c06b630ae79e" testListId="8c84fa94-04c1-424b-9868-57a2d4851a1d" />
    <TestEntry testId="bdabc940-c061-f9e5-b0c5-3684415f9fce" executionId="87311e00-1d29-471e-9288-f97b84eafbbd" testListId="8c84fa94-04c1-424b-9868-57a2d4851a1d" />
    <TestEntry testId="fdec89f3-eff1-5c70-609e-e3c06ebc8285" executionId="d024f257-39b2-44af-b41f-c2a22510ef4f" testListId="8c84fa94-04c1-424b-9868-57a2d4851a1d" />
    <TestEntry testId="a6f4979a-c0cd-e4fe-fdd5-b621adfe8861" executionId="9490150e-09af-4052-997d-55abbf1ec8e7" testListId="8c84fa94-04c1-424b-9868-57a2d4851a1d" />
    <TestEntry testId="603e3b31-33b4-1e4d-c081-4961f79e30de" executionId="5b44117f-31a1-46d5-81a7-e695691a3873" testListId="8c84fa94-04c1-424b-9868-57a2d4851a1d" />
    <TestEntry testId="97146b90-70c5-8822-05d8-e64615107bc8" executionId="fad7440e-c3bc-48f8-be04-6319b5928acc" testListId="8c84fa94-04c1-424b-9868-57a2d4851a1d" />
    <TestEntry testId="26bc4195-3159-c78f-70aa-c82e8f30aa99" executionId="3c753617-ae2c-4123-8815-f77a0fa756b0" testListId="8c84fa94-04c1-424b-9868-57a2d4851a1d" />
    <TestEntry testId="2be0f02c-c0e1-1cee-4cb0-265b4046a6d3" executionId="623b1f39-3066-4f17-bc87-a7792705f8b8" testListId="8c84fa94-04c1-424b-9868-57a2d4851a1d" />
    <TestEntry testId="08277762-75f2-b242-92d1-6e7c2e7e258f" executionId="b97a2baa-bfd1-424a-a4ff-1969a2c938e9" testListId="8c84fa94-04c1-424b-9868-57a2d4851a1d" />
    <TestEntry testId="9e6c594f-0cae-4404-48a3-d1c93ba02fd9" executionId="57ca7c25-3935-4846-943f-ed431887fd5a" testListId="8c84fa94-04c1-424b-9868-57a2d4851a1d" />
    <TestEntry testId="fbb17f00-7d60-e1d8-a1a8-5321e9e8afcf" executionId="e1c8b910-ac27-4e1c-bcf0-4100341e5f90" testListId="8c84fa94-04c1-424b-9868-57a2d4851a1d" />
    <TestEntry testId="28b6fa72-bd13-dcc9-fb1d-0608789dbb5b" executionId="209aa399-821e-44b4-8f60-7ba3d8ce52ad" testListId="8c84fa94-04c1-424b-9868-57a2d4851a1d" />
    <TestEntry testId="f814e561-a4db-eb1e-8379-70ce15cc6caf" executionId="db6733f5-539d-45df-867e-f8279cf2a1a6" testListId="8c84fa94-04c1-424b-9868-57a2d4851a1d" />
    <TestEntry testId="b3e287a8-453c-a575-8cb3-22deb4f71ed9" executionId="038721f5-2bd9-4d7f-bb7d-4b04245e4edf" testListId="8c84fa94-04c1-424b-9868-57a2d4851a1d" />
    <TestEntry testId="7dde6ffa-493e-3d56-4c08-2032569cc9bd" executionId="5fca57f4-17a9-4956-b956-e895aa1fa089" testListId="8c84fa94-04c1-424b-9868-57a2d4851a1d" />
    <TestEntry testId="a4781927-5f2a-af2a-a940-bd1fb2fac55b" executionId="963ca082-7fce-4e09-9bf9-fce15fc5576f" testListId="8c84fa94-04c1-424b-9868-57a2d4851a1d" />
    <TestEntry testId="8a90ce09-f680-1e41-66e8-0e34b1ce3a61" executionId="dda2948a-7078-467e-8b5e-2fced67d4a7a" testListId="8c84fa94-04c1-424b-9868-57a2d4851a1d" />
    <TestEntry testId="b1f544af-d254-8bb1-5aa5-5e9d5259a937" executionId="6b578b2c-5004-4e1f-be26-f0eb3b672b8c" testListId="8c84fa94-04c1-424b-9868-57a2d4851a1d" />
    <TestEntry testId="48df7202-6956-041d-9064-4ab6457fd800" executionId="c95ee3b7-4b96-4c1a-bb16-c6b5746f6525" testListId="8c84fa94-04c1-424b-9868-57a2d4851a1d" />
    <TestEntry testId="08185a18-c23b-2b8e-6f98-2b98306b555e" executionId="ec521665-de11-4f43-bf8b-1d057937a033" testListId="8c84fa94-04c1-424b-9868-57a2d4851a1d" />
    <TestEntry testId="29f28335-09f1-bd31-8cbb-65d4ceb2ce98" executionId="3b8f1f6e-21ca-41cb-972e-57c775866b30" testListId="8c84fa94-04c1-424b-9868-57a2d4851a1d" />
    <TestEntry testId="eed527a8-3048-d623-b447-1ac743951b09" executionId="2a4ea6c0-5b64-4913-865c-f27d7494bbb7" testListId="8c84fa94-04c1-424b-9868-57a2d4851a1d" />
    <TestEntry testId="23eb5488-c20b-818b-c3fc-917260b460b2" executionId="8dadf37d-bc3b-47bf-9a9b-340b760c8838" testListId="8c84fa94-04c1-424b-9868-57a2d4851a1d" />
    <TestEntry testId="9ecf8575-1ef2-d18d-6511-44ad29b13dcf" executionId="bc8ff071-62f6-4024-abff-f925e8f2100c" testListId="8c84fa94-04c1-424b-9868-57a2d4851a1d" />
    <TestEntry testId="6105936e-4552-572e-8746-0f6622b00921" executionId="9fbcb460-44b2-4b44-8910-7e87cf6e16dd" testListId="8c84fa94-04c1-424b-9868-57a2d4851a1d" />
    <TestEntry testId="9366aa19-877d-fd0d-51e2-779f10a39c6c" executionId="08326afd-c11d-4ea6-a71d-cb1ad9efee1a" testListId="8c84fa94-04c1-424b-9868-57a2d4851a1d" />
    <TestEntry testId="dde9bd0d-73d3-4df4-c8c9-db527e8c34f7" executionId="e0002b58-7a5a-4cb7-8f78-b11439ffe54e" testListId="8c84fa94-04c1-424b-9868-57a2d4851a1d" />
    <TestEntry testId="494cb4ca-4f00-81bd-1c63-556c41f90157" executionId="35d94a10-c1e8-4c0e-adc9-e44c4f13738c" testListId="8c84fa94-04c1-424b-9868-57a2d4851a1d" />
    <TestEntry testId="7948ce12-f35e-15f3-9ec0-1161045f5677" executionId="8973fa73-96a8-4d0e-bedd-02ac999d4b1b" testListId="8c84fa94-04c1-424b-9868-57a2d4851a1d" />
    <TestEntry testId="1c064dd3-2da1-1c2f-aa47-e1c0e0775118" executionId="cabd5d24-f889-46a7-9c14-74368352649a" testListId="8c84fa94-04c1-424b-9868-57a2d4851a1d" />
    <TestEntry testId="1c3bc77a-2aaf-fd0e-a443-1ee3855a6c2b" executionId="39e84b8e-711b-4c44-8972-8b744ae2d0c9" testListId="8c84fa94-04c1-424b-9868-57a2d4851a1d" />
    <TestEntry testId="7d00610f-3d0e-dcf2-dad0-64362c3a0b22" executionId="26350590-7927-4f7a-b2b0-c99f396ce8d4" testListId="8c84fa94-04c1-424b-9868-57a2d4851a1d" />
    <TestEntry testId="cbe44d95-e2a8-205c-4300-b30b81b19124" executionId="2eb73341-e6ed-450e-92a3-3014e4027026" testListId="8c84fa94-04c1-424b-9868-57a2d4851a1d" />
    <TestEntry testId="019295f6-28e4-4147-36dd-655f09535828" executionId="0f999585-3259-4223-89de-d011149cb8f5" testListId="8c84fa94-04c1-424b-9868-57a2d4851a1d" />
  </TestEntries>
  <TestLists>
    <TestList name="列表中未列出的结果" id="8c84fa94-04c1-424b-9868-57a2d4851a1d" />
    <TestList name="所有已加载的结果" id="19431567-8539-422a-85d7-44ee4e166bda" />
  </TestLists>
  <ResultSummary outcome="Completed">
    <Counters total="185" executed="185" passed="185" failed="0" error="0" timeout="0" aborted="0" inconclusive="0" passedButRunAborted="0" notRunnable="0" notExecuted="0" disconnected="0" warning="0" completed="0" inProgress="0" pending="0" />
    <Output>
      <StdOut>NUnit Adapter 4.6.0.0: Test execution started&#xD;
Running selected tests in C:\001_AI\Ludots-presenter-attachment-contract-perf\src\Tests\PresentationTests\bin\Release\net9.0\PresentationTests.dll&#xD;
   NUnit3TestExecutor discovered 185 of 185 NUnit test cases using Current Discovery mode, Non-Explicit run&#xD;
NUnit Adapter 4.6.0.0: Test execution complete&#xD;
</StdOut>
    </Output>
  </ResultSummary>
</TestRun>